TpTrace Verbose: 0 : 11744, 1, 2024/01/15, 14:31:17.122, 77270413106, vstest.console.dll, Version: 17.8.0-release-23578-02 Current process architecture: X64
TpTrace Verbose: 0 : 11744, 1, 2024/01/15, 14:31:17.127, 77270463263, vstest.console.dll, Runtime location: C:\Program Files\dotnet\shared\Microsoft.NETCore.App\8.0.1
TpTrace Verbose: 0 : 11744, 1, 2024/01/15, 14:31:17.130, 77270491290, vstest.console.dll, ArtifactProcessingPostProcessModeProcessorExecutor.Initialize: ArtifactProcessingMode.Collect
TpTrace Verbose: 0 : 11744, 1, 2024/01/15, 14:31:17.130, 77270493387, vstest.console.dll, TestSessionCorrelationIdProcessorModeProcessorExecutor.Initialize: TestSessionCorrelationId '8600_b6cd5e75-7a13-4ad5-814f-319d90b4e2de'
TpTrace Information: 0 : 11744, 1, 2024/01/15, 14:31:17.143, 77270621207, vstest.console.dll, FilePatternParser: The given file C:\pryazha\labs\course_2\semester_1\oop\lab_6\Program.Tests\bin\Debug\net7.0\fine-code-coverage\build-output\Program.Tests.dll is a full path.
TpTrace Verbose: 0 : 11744, 1, 2024/01/15, 14:31:17.150, 77270686038, vstest.console.dll, TestPluginCache.DiscoverTestExtensions: finding test extensions in assemblies ends with: RuntimeProvider.dll TPluginInfo: Microsoft.VisualStudio.TestPlatform.Common.ExtensionFramework.Utilities.TestRuntimePluginInformation TExtension: Microsoft.VisualStudio.TestPlatform.ObjectModel.Host.ITestRuntimeProvider
TpTrace Verbose: 0 : 11744, 1, 2024/01/15, 14:31:17.150, 77270691259, vstest.console.dll, TestPluginCache.GetExtensionPaths: Filtered extension paths: 
TpTrace Verbose: 0 : 11744, 1, 2024/01/15, 14:31:17.150, 77270692477, vstest.console.dll, TestPluginCache.GetExtensionPaths: Added default extension paths: C:\Program Files\dotnet\sdk\8.0.101\Extensions\Microsoft.Diagnostics.NETCore.Client.dll
C:\Program Files\dotnet\sdk\8.0.101\Extensions\Microsoft.TestPlatform.Extensions.BlameDataCollector.dll
C:\Program Files\dotnet\sdk\8.0.101\Extensions\Microsoft.TestPlatform.Extensions.EventLogCollector.dll
C:\Program Files\dotnet\sdk\8.0.101\Extensions\Microsoft.TestPlatform.TestHostRuntimeProvider.dll
C:\Program Files\dotnet\sdk\8.0.101\Extensions\Microsoft.VisualStudio.TestPlatform.Extensions.Html.TestLogger.dll
C:\Program Files\dotnet\sdk\8.0.101\Extensions\Microsoft.VisualStudio.TestPlatform.Extensions.Trx.TestLogger.dll
TpTrace Verbose: 0 : 11744, 1, 2024/01/15, 14:31:17.150, 77270693050, vstest.console.dll, TestPluginCache.GetExtensionPaths: Added unfilterableExtensionPaths: 
TpTrace Information: 0 : 11744, 1, 2024/01/15, 14:31:17.151, 77270701779, vstest.console.dll, AssemblyResolver.ctor: Creating AssemblyResolver with searchDirectories C:\Program Files\dotnet\sdk\8.0.101\Extensions,C:\Program Files\dotnet\sdk\8.0.101
TpTrace Verbose: 0 : 11744, 1, 2024/01/15, 14:31:17.153, 77270720547, vstest.console.dll, TestPluginCache.DiscoverTestExtensions: Discovering the extensions using extension path.
TpTrace Verbose: 0 : 11744, 1, 2024/01/15, 14:31:17.153, 77270722732, vstest.console.dll, TestPluginCache.GetExtensionPaths: Filtered extension paths: 
TpTrace Verbose: 0 : 11744, 1, 2024/01/15, 14:31:17.153, 77270723269, vstest.console.dll, TestPluginCache.GetExtensionPaths: Added default extension paths: C:\Program Files\dotnet\sdk\8.0.101\Extensions\Microsoft.Diagnostics.NETCore.Client.dll
C:\Program Files\dotnet\sdk\8.0.101\Extensions\Microsoft.TestPlatform.Extensions.BlameDataCollector.dll
C:\Program Files\dotnet\sdk\8.0.101\Extensions\Microsoft.TestPlatform.Extensions.EventLogCollector.dll
C:\Program Files\dotnet\sdk\8.0.101\Extensions\Microsoft.TestPlatform.TestHostRuntimeProvider.dll
C:\Program Files\dotnet\sdk\8.0.101\Extensions\Microsoft.VisualStudio.TestPlatform.Extensions.Html.TestLogger.dll
C:\Program Files\dotnet\sdk\8.0.101\Extensions\Microsoft.VisualStudio.TestPlatform.Extensions.Trx.TestLogger.dll
TpTrace Verbose: 0 : 11744, 1, 2024/01/15, 14:31:17.154, 77270723781, vstest.console.dll, TestPluginCache.GetExtensionPaths: Added unfilterableExtensionPaths: 
TpTrace Verbose: 0 : 11744, 1, 2024/01/15, 14:31:17.154, 77270724794, vstest.console.dll, TestPluginCache.DiscoverTestExtensions: Discovering the extensions using allExtensionPaths: C:\Program Files\dotnet\sdk\8.0.101\Extensions\Microsoft.Diagnostics.NETCore.Client.dll
C:\Program Files\dotnet\sdk\8.0.101\Extensions\Microsoft.TestPlatform.Extensions.BlameDataCollector.dll
C:\Program Files\dotnet\sdk\8.0.101\Extensions\Microsoft.TestPlatform.Extensions.EventLogCollector.dll
C:\Program Files\dotnet\sdk\8.0.101\Extensions\Microsoft.TestPlatform.TestHostRuntimeProvider.dll
C:\Program Files\dotnet\sdk\8.0.101\Extensions\Microsoft.VisualStudio.TestPlatform.Extensions.Html.TestLogger.dll
C:\Program Files\dotnet\sdk\8.0.101\Extensions\Microsoft.VisualStudio.TestPlatform.Extensions.Trx.TestLogger.dll
TpTrace Information: 0 : 11744, 1, 2024/01/15, 14:31:17.154, 77270727072, vstest.console.dll, AssemblyResolver.AddSearchDirectories: Adding more searchDirectories C:\Program Files\dotnet\sdk\8.0.101\Extensions,C:\Program Files\dotnet\sdk\8.0.101
TpTrace Information: 0 : 11744, 1, 2024/01/15, 14:31:17.154, 77270727913, vstest.console.dll, AssemblyResolver.AddSearchDirectories: Adding more searchDirectories C:\Program Files\dotnet\sdk\8.0.101\Extensions,C:\Program Files\dotnet\sdk\8.0.101
TpTrace Information: 0 : 11744, 1, 2024/01/15, 14:31:17.154, 77270728404, vstest.console.dll, AssemblyResolver.AddSearchDirectories: Adding more searchDirectories C:\Program Files\dotnet\sdk\8.0.101\Extensions,C:\Program Files\dotnet\sdk\8.0.101
TpTrace Information: 0 : 11744, 1, 2024/01/15, 14:31:17.154, 77270728896, vstest.console.dll, AssemblyResolver.AddSearchDirectories: Adding more searchDirectories C:\Program Files\dotnet\sdk\8.0.101\Extensions,C:\Program Files\dotnet\sdk\8.0.101
TpTrace Information: 0 : 11744, 1, 2024/01/15, 14:31:17.154, 77270729315, vstest.console.dll, AssemblyResolver.AddSearchDirectories: Adding more searchDirectories C:\Program Files\dotnet\sdk\8.0.101\Extensions,C:\Program Files\dotnet\sdk\8.0.101
TpTrace Information: 0 : 11744, 1, 2024/01/15, 14:31:17.154, 77270729720, vstest.console.dll, AssemblyResolver.AddSearchDirectories: Adding more searchDirectories C:\Program Files\dotnet\sdk\8.0.101\Extensions,C:\Program Files\dotnet\sdk\8.0.101
TpTrace Information: 0 : 11744, 1, 2024/01/15, 14:31:17.155, 77270737145, vstest.console.dll, AssemblyResolver.OnResolve: Microsoft.Diagnostics.NETCore.Client: Resolving assembly.
TpTrace Information: 0 : 11744, 1, 2024/01/15, 14:31:17.155, 77270738399, vstest.console.dll, AssemblyResolver.OnResolve: Microsoft.Diagnostics.NETCore.Client: Searching in: 'C:\Program Files\dotnet\sdk\8.0.101\Extensions'.
TpTrace Information: 0 : 11744, 1, 2024/01/15, 14:31:17.165, 77270839192, vstest.console.dll, AssemblyResolver.OnResolve: Microsoft.Diagnostics.NETCore.Client: Loading assembly 'C:\Program Files\dotnet\sdk\8.0.101\Extensions\Microsoft.Diagnostics.NETCore.Client.dll'.
TpTrace Information: 0 : 11744, 1, 2024/01/15, 14:31:17.166, 77270846827, vstest.console.dll, AssemblyResolver.OnResolve: Resolved assembly: Microsoft.Diagnostics.NETCore.Client, from path: C:\Program Files\dotnet\sdk\8.0.101\Extensions\Microsoft.Diagnostics.NETCore.Client.dll
TpTrace Verbose: 0 : 11744, 1, 2024/01/15, 14:31:17.173, 77270918792, vstest.console.dll, MetadataReaderExtensionsHelper: Discovering extensions inside assembly 'Microsoft.Diagnostics.NETCore.Client, Version=0.2.8.21101, Culture=neutral, PublicKeyToken=31bf3856ad364e35' file path 'C:\Program Files\dotnet\sdk\8.0.101\Extensions\Microsoft.Diagnostics.NETCore.Client.dll'
TpTrace Information: 0 : 11744, 1, 2024/01/15, 14:31:17.179, 77270978716, vstest.console.dll, AssemblyResolver.OnResolve: Microsoft.Bcl.AsyncInterfaces: Resolving assembly.
TpTrace Information: 0 : 11744, 1, 2024/01/15, 14:31:17.179, 77270980077, vstest.console.dll, AssemblyResolver.OnResolve: Microsoft.Bcl.AsyncInterfaces: Searching in: 'C:\Program Files\dotnet\sdk\8.0.101\Extensions'.
TpTrace Information: 0 : 11744, 1, 2024/01/15, 14:31:17.179, 77270981551, vstest.console.dll, AssemblyResolver.OnResolve: Microsoft.Bcl.AsyncInterfaces: Assembly path does not exist: 'C:\Program Files\dotnet\sdk\8.0.101\Extensions\Microsoft.Bcl.AsyncInterfaces.dll', returning.
TpTrace Information: 0 : 11744, 1, 2024/01/15, 14:31:17.179, 77270983210, vstest.console.dll, AssemblyResolver.OnResolve: Microsoft.Bcl.AsyncInterfaces: Assembly path does not exist: 'C:\Program Files\dotnet\sdk\8.0.101\Extensions\Microsoft.Bcl.AsyncInterfaces.exe', returning.
TpTrace Information: 0 : 11744, 1, 2024/01/15, 14:31:17.179, 77270983714, vstest.console.dll, AssemblyResolver.OnResolve: Microsoft.Bcl.AsyncInterfaces: Searching in: 'C:\Program Files\dotnet\sdk\8.0.101'.
TpTrace Information: 0 : 11744, 1, 2024/01/15, 14:31:17.180, 77270984788, vstest.console.dll, AssemblyResolver.OnResolve: Microsoft.Bcl.AsyncInterfaces: Assembly path does not exist: 'C:\Program Files\dotnet\sdk\8.0.101\Microsoft.Bcl.AsyncInterfaces.dll', returning.
TpTrace Information: 0 : 11744, 1, 2024/01/15, 14:31:17.180, 77270985986, vstest.console.dll, AssemblyResolver.OnResolve: Microsoft.Bcl.AsyncInterfaces: Assembly path does not exist: 'C:\Program Files\dotnet\sdk\8.0.101\Microsoft.Bcl.AsyncInterfaces.exe', returning.
TpTrace Information: 0 : 11744, 1, 2024/01/15, 14:31:17.180, 77270986538, vstest.console.dll, AssemblyResolver.OnResolve: Microsoft.Bcl.AsyncInterfaces: Failed to load assembly.
TpTrace Verbose: 0 : 11744, 1, 2024/01/15, 14:31:17.180, 77270987198, vstest.console.dll, CurrentDomainAssemblyResolve: Resolving assembly 'Microsoft.Bcl.AsyncInterfaces'.
TpTrace Information: 0 : 11744, 1, 2024/01/15, 14:31:17.180, 77270988317, vstest.console.dll, AssemblyResolver.OnResolve: Microsoft.Bcl.AsyncInterfaces: Resolving assembly.
TpTrace Information: 0 : 11744, 1, 2024/01/15, 14:31:17.180, 77270989071, vstest.console.dll, AssemblyResolver.OnResolve: Microsoft.Bcl.AsyncInterfaces: Resolved from cache.
TpTrace Verbose: 0 : 11744, 1, 2024/01/15, 14:31:17.180, 77270989590, vstest.console.dll, CurrentDomainAssemblyResolve: Resolving assembly 'Microsoft.Bcl.AsyncInterfaces'.
TpTrace Verbose: 0 : 11744, 1, 2024/01/15, 14:31:17.180, 77270990413, vstest.console.dll, CurrentDomainAssemblyResolve: Failed to resolve assembly 'Microsoft.Bcl.AsyncInterfaces'.
TpTrace Verbose: 0 : 11744, 1, 2024/01/15, 14:31:17.181, 77271002017, vstest.console.dll, CurrentDomainAssemblyResolve: Failed to resolve assembly 'Microsoft.Bcl.AsyncInterfaces'.
TpTrace Warning: 0 : 11744, 1, 2024/01/15, 14:31:17.195, 77271142440, vstest.console.dll, TestPluginDiscoverer: Failed to get types from assembly 'Microsoft.Diagnostics.NETCore.Client, Version=0.2.8.21101, Culture=neutral, PublicKeyToken=31bf3856ad364e35'. Error: System.Reflection.ReflectionTypeLoadException: Unable to load one or more of the requested types.
Could not load file or assembly 'Microsoft.Bcl.AsyncInterfaces, Version=1.0.0.0, Culture=neutral, PublicKeyToken=cc7b13ffcd2ddd51'. The system cannot find the file specified.
   at System.Reflection.RuntimeModule.GetTypes(RuntimeModule module)
   at System.Reflection.RuntimeModule.GetTypes()
   at Microsoft.VisualStudio.TestPlatform.Common.ExtensionFramework.TestPluginDiscoverer.GetTestExtensionsFromAssembly[TPluginInfo,TExtension](Assembly assembly, Dictionary`2 pluginInfos, String filePath) in /_/src/Microsoft.TestPlatform.Common/ExtensionFramework/TestPluginDiscoverer.cs:line 158
System.IO.FileNotFoundException: Could not load file or assembly 'Microsoft.Bcl.AsyncInterfaces, Version=1.0.0.0, Culture=neutral, PublicKeyToken=cc7b13ffcd2ddd51'. The system cannot find the file specified.
File name: 'Microsoft.Bcl.AsyncInterfaces, Version=1.0.0.0, Culture=neutral, PublicKeyToken=cc7b13ffcd2ddd51'
 ---> System.IO.FileNotFoundException: Could not load file or assembly 'Microsoft.Bcl.AsyncInterfaces, Culture=neutral, PublicKeyToken=null'. The system cannot find the file specified.
File name: 'Microsoft.Bcl.AsyncInterfaces, Culture=neutral, PublicKeyToken=null'
   at System.Reflection.RuntimeAssembly.InternalLoad(AssemblyName assemblyName, StackCrawlMark& stackMark, AssemblyLoadContext assemblyLoadContext, RuntimeAssembly requestingAssembly, Boolean throwOnFileNotFound)
   at System.Reflection.Assembly.Load(AssemblyName assemblyRef)
   at Microsoft.VisualStudio.TestPlatform.Common.ExtensionFramework.TestPluginCache.CurrentDomainAssemblyResolve(Object sender, AssemblyResolveEventArgs args) in /_/src/Microsoft.TestPlatform.Common/ExtensionFramework/TestPluginCache.cs:line 513
   at System.Runtime.Loader.AssemblyLoadContext.GetFirstResolvedAssemblyFromResolvingEvent(AssemblyName assemblyName)
   at System.Runtime.Loader.AssemblyLoadContext.ResolveUsingEvent(AssemblyName assemblyName)
   at System.Runtime.Loader.AssemblyLoadContext.ResolveUsingResolvingEvent(IntPtr gchManagedAssemblyLoadContext, AssemblyName assemblyName)
TpTrace Warning: 0 : 11744, 1, 2024/01/15, 14:31:17.196, 77271147638, vstest.console.dll, LoaderExceptions: System.IO.FileNotFoundException: Could not load file or assembly 'Microsoft.Bcl.AsyncInterfaces, Version=1.0.0.0, Culture=neutral, PublicKeyToken=cc7b13ffcd2ddd51'. The system cannot find the file specified.
File name: 'Microsoft.Bcl.AsyncInterfaces, Version=1.0.0.0, Culture=neutral, PublicKeyToken=cc7b13ffcd2ddd51'
 ---> System.IO.FileNotFoundException: Could not load file or assembly 'Microsoft.Bcl.AsyncInterfaces, Culture=neutral, PublicKeyToken=null'. The system cannot find the file specified.
File name: 'Microsoft.Bcl.AsyncInterfaces, Culture=neutral, PublicKeyToken=null'
   at System.Reflection.RuntimeAssembly.InternalLoad(AssemblyName assemblyName, StackCrawlMark& stackMark, AssemblyLoadContext assemblyLoadContext, RuntimeAssembly requestingAssembly, Boolean throwOnFileNotFound)
   at System.Reflection.Assembly.Load(AssemblyName assemblyRef)
   at Microsoft.VisualStudio.TestPlatform.Common.ExtensionFramework.TestPluginCache.CurrentDomainAssemblyResolve(Object sender, AssemblyResolveEventArgs args) in /_/src/Microsoft.TestPlatform.Common/ExtensionFramework/TestPluginCache.cs:line 513
   at System.Runtime.Loader.AssemblyLoadContext.GetFirstResolvedAssemblyFromResolvingEvent(AssemblyName assemblyName)
   at System.Runtime.Loader.AssemblyLoadContext.ResolveUsingEvent(AssemblyName assemblyName)
   at System.Runtime.Loader.AssemblyLoadContext.ResolveUsingResolvingEvent(IntPtr gchManagedAssemblyLoadContext, AssemblyName assemblyName)
TpTrace Information: 0 : 11744, 1, 2024/01/15, 14:31:17.196, 77271149748, vstest.console.dll, AssemblyResolver.OnResolve: Microsoft.TestPlatform.Extensions.BlameDataCollector: Resolving assembly.
TpTrace Information: 0 : 11744, 1, 2024/01/15, 14:31:17.196, 77271150331, vstest.console.dll, AssemblyResolver.OnResolve: Microsoft.TestPlatform.Extensions.BlameDataCollector: Searching in: 'C:\Program Files\dotnet\sdk\8.0.101\Extensions'.
TpTrace Information: 0 : 11744, 1, 2024/01/15, 14:31:17.197, 77271154789, vstest.console.dll, AssemblyResolver.OnResolve: Microsoft.TestPlatform.Extensions.BlameDataCollector: Loading assembly 'C:\Program Files\dotnet\sdk\8.0.101\Extensions\Microsoft.TestPlatform.Extensions.BlameDataCollector.dll'.
TpTrace Information: 0 : 11744, 1, 2024/01/15, 14:31:17.197, 77271160580, vstest.console.dll, AssemblyResolver.OnResolve: Resolved assembly: Microsoft.TestPlatform.Extensions.BlameDataCollector, from path: C:\Program Files\dotnet\sdk\8.0.101\Extensions\Microsoft.TestPlatform.Extensions.BlameDataCollector.dll
TpTrace Verbose: 0 : 11744, 1, 2024/01/15, 14:31:17.197, 77271161749, vstest.console.dll, MetadataReaderExtensionsHelper: Discovering extensions inside assembly 'Microsoft.TestPlatform.Extensions.BlameDataCollector, Version=15.0.0.0, Culture=neutral, PublicKeyToken=b03f5f7f11d50a3a' file path 'C:\Program Files\dotnet\sdk\8.0.101\Extensions\Microsoft.TestPlatform.Extensions.BlameDataCollector.dll'
TpTrace Information: 0 : 11744, 1, 2024/01/15, 14:31:17.199, 77271180202, vstest.console.dll, AssemblyResolver.OnResolve: Microsoft.TestPlatform.Extensions.EventLogCollector: Resolving assembly.
TpTrace Information: 0 : 11744, 1, 2024/01/15, 14:31:17.199, 77271181459, vstest.console.dll, AssemblyResolver.OnResolve: Microsoft.TestPlatform.Extensions.EventLogCollector: Searching in: 'C:\Program Files\dotnet\sdk\8.0.101\Extensions'.
TpTrace Information: 0 : 11744, 1, 2024/01/15, 14:31:17.200, 77271186010, vstest.console.dll, AssemblyResolver.OnResolve: Microsoft.TestPlatform.Extensions.EventLogCollector: Loading assembly 'C:\Program Files\dotnet\sdk\8.0.101\Extensions\Microsoft.TestPlatform.Extensions.EventLogCollector.dll'.
TpTrace Information: 0 : 11744, 1, 2024/01/15, 14:31:17.200, 77271190397, vstest.console.dll, AssemblyResolver.OnResolve: Resolved assembly: Microsoft.TestPlatform.Extensions.EventLogCollector, from path: C:\Program Files\dotnet\sdk\8.0.101\Extensions\Microsoft.TestPlatform.Extensions.EventLogCollector.dll
TpTrace Verbose: 0 : 11744, 1, 2024/01/15, 14:31:17.200, 77271191355, vstest.console.dll, MetadataReaderExtensionsHelper: Discovering extensions inside assembly 'Microsoft.TestPlatform.Extensions.EventLogCollector, Version=15.0.0.0, Culture=neutral, PublicKeyToken=b03f5f7f11d50a3a' file path 'C:\Program Files\dotnet\sdk\8.0.101\Extensions\Microsoft.TestPlatform.Extensions.EventLogCollector.dll'
TpTrace Information: 0 : 11744, 1, 2024/01/15, 14:31:17.203, 77271216575, vstest.console.dll, AssemblyResolver.OnResolve: Microsoft.TestPlatform.TestHostRuntimeProvider: Resolving assembly.
TpTrace Information: 0 : 11744, 1, 2024/01/15, 14:31:17.203, 77271217752, vstest.console.dll, AssemblyResolver.OnResolve: Microsoft.TestPlatform.TestHostRuntimeProvider: Searching in: 'C:\Program Files\dotnet\sdk\8.0.101\Extensions'.
TpTrace Information: 0 : 11744, 1, 2024/01/15, 14:31:17.203, 77271221644, vstest.console.dll, AssemblyResolver.OnResolve: Microsoft.TestPlatform.TestHostRuntimeProvider: Loading assembly 'C:\Program Files\dotnet\sdk\8.0.101\Extensions\Microsoft.TestPlatform.TestHostRuntimeProvider.dll'.
TpTrace Information: 0 : 11744, 1, 2024/01/15, 14:31:17.204, 77271226804, vstest.console.dll, AssemblyResolver.OnResolve: Resolved assembly: Microsoft.TestPlatform.TestHostRuntimeProvider, from path: C:\Program Files\dotnet\sdk\8.0.101\Extensions\Microsoft.TestPlatform.TestHostRuntimeProvider.dll
TpTrace Verbose: 0 : 11744, 1, 2024/01/15, 14:31:17.204, 77271227794, vstest.console.dll, MetadataReaderExtensionsHelper: Discovering extensions inside assembly 'Microsoft.TestPlatform.TestHostRuntimeProvider, Version=15.0.0.0, Culture=neutral, PublicKeyToken=b03f5f7f11d50a3a' file path 'C:\Program Files\dotnet\sdk\8.0.101\Extensions\Microsoft.TestPlatform.TestHostRuntimeProvider.dll'
TpTrace Information: 0 : 11744, 1, 2024/01/15, 14:31:17.206, 77271249502, vstest.console.dll, GetTestExtensionFromType: Register extension with identifier data 'HostProvider://DefaultTestHost' and type 'Microsoft.VisualStudio.TestPlatform.CrossPlatEngine.Hosting.DefaultTestHostManager, Microsoft.TestPlatform.TestHostRuntimeProvider, Version=15.0.0.0, Culture=neutral, PublicKeyToken=b03f5f7f11d50a3a' inside file 'C:\Program Files\dotnet\sdk\8.0.101\Extensions\Microsoft.TestPlatform.TestHostRuntimeProvider.dll'
TpTrace Information: 0 : 11744, 1, 2024/01/15, 14:31:17.207, 77271254823, vstest.console.dll, GetTestExtensionFromType: Register extension with identifier data 'HostProvider://DotnetTestHost' and type 'Microsoft.VisualStudio.TestPlatform.CrossPlatEngine.Hosting.DotnetTestHostManager, Microsoft.TestPlatform.TestHostRuntimeProvider, Version=15.0.0.0, Culture=neutral, PublicKeyToken=b03f5f7f11d50a3a' inside file 'C:\Program Files\dotnet\sdk\8.0.101\Extensions\Microsoft.TestPlatform.TestHostRuntimeProvider.dll'
TpTrace Information: 0 : 11744, 1, 2024/01/15, 14:31:17.207, 77271256294, vstest.console.dll, AssemblyResolver.OnResolve: Microsoft.VisualStudio.TestPlatform.Extensions.Html.TestLogger: Resolving assembly.
TpTrace Information: 0 : 11744, 1, 2024/01/15, 14:31:17.207, 77271256793, vstest.console.dll, AssemblyResolver.OnResolve: Microsoft.VisualStudio.TestPlatform.Extensions.Html.TestLogger: Searching in: 'C:\Program Files\dotnet\sdk\8.0.101\Extensions'.
TpTrace Information: 0 : 11744, 1, 2024/01/15, 14:31:17.207, 77271261091, vstest.console.dll, AssemblyResolver.OnResolve: Microsoft.VisualStudio.TestPlatform.Extensions.Html.TestLogger: Loading assembly 'C:\Program Files\dotnet\sdk\8.0.101\Extensions\Microsoft.VisualStudio.TestPlatform.Extensions.Html.TestLogger.dll'.
TpTrace Information: 0 : 11744, 1, 2024/01/15, 14:31:17.208, 77271267459, vstest.console.dll, AssemblyResolver.OnResolve: Resolved assembly: Microsoft.VisualStudio.TestPlatform.Extensions.Html.TestLogger, from path: C:\Program Files\dotnet\sdk\8.0.101\Extensions\Microsoft.VisualStudio.TestPlatform.Extensions.Html.TestLogger.dll
TpTrace Verbose: 0 : 11744, 1, 2024/01/15, 14:31:17.208, 77271268534, vstest.console.dll, MetadataReaderExtensionsHelper: Discovering extensions inside assembly 'Microsoft.VisualStudio.TestPlatform.Extensions.Html.TestLogger, Version=15.0.0.0, Culture=neutral, PublicKeyToken=b03f5f7f11d50a3a' file path 'C:\Program Files\dotnet\sdk\8.0.101\Extensions\Microsoft.VisualStudio.TestPlatform.Extensions.Html.TestLogger.dll'
TpTrace Information: 0 : 11744, 1, 2024/01/15, 14:31:17.209, 77271279218, vstest.console.dll, AssemblyResolver.OnResolve: Microsoft.VisualStudio.TestPlatform.Extensions.Trx.TestLogger: Resolving assembly.
TpTrace Information: 0 : 11744, 1, 2024/01/15, 14:31:17.209, 77271280215, vstest.console.dll, AssemblyResolver.OnResolve: Microsoft.VisualStudio.TestPlatform.Extensions.Trx.TestLogger: Searching in: 'C:\Program Files\dotnet\sdk\8.0.101\Extensions'.
TpTrace Information: 0 : 11744, 1, 2024/01/15, 14:31:17.210, 77271283940, vstest.console.dll, AssemblyResolver.OnResolve: Microsoft.VisualStudio.TestPlatform.Extensions.Trx.TestLogger: Loading assembly 'C:\Program Files\dotnet\sdk\8.0.101\Extensions\Microsoft.VisualStudio.TestPlatform.Extensions.Trx.TestLogger.dll'.
TpTrace Information: 0 : 11744, 1, 2024/01/15, 14:31:17.210, 77271290047, vstest.console.dll, AssemblyResolver.OnResolve: Resolved assembly: Microsoft.VisualStudio.TestPlatform.Extensions.Trx.TestLogger, from path: C:\Program Files\dotnet\sdk\8.0.101\Extensions\Microsoft.VisualStudio.TestPlatform.Extensions.Trx.TestLogger.dll
TpTrace Verbose: 0 : 11744, 1, 2024/01/15, 14:31:17.210, 77271291138, vstest.console.dll, MetadataReaderExtensionsHelper: Discovering extensions inside assembly 'Microsoft.VisualStudio.TestPlatform.Extensions.Trx.TestLogger, Version=15.0.0.0, Culture=neutral, PublicKeyToken=b03f5f7f11d50a3a' file path 'C:\Program Files\dotnet\sdk\8.0.101\Extensions\Microsoft.VisualStudio.TestPlatform.Extensions.Trx.TestLogger.dll'
TpTrace Verbose: 0 : 11744, 1, 2024/01/15, 14:31:17.212, 77271305660, vstest.console.dll, TestPluginCache: Discovered the extensions using extension path ''.
TpTrace Verbose: 0 : 11744, 1, 2024/01/15, 14:31:17.212, 77271306982, vstest.console.dll, TestPluginCache: Discoverers are ''.
TpTrace Verbose: 0 : 11744, 1, 2024/01/15, 14:31:17.212, 77271307390, vstest.console.dll, TestPluginCache: Executors are ''.
TpTrace Verbose: 0 : 11744, 1, 2024/01/15, 14:31:17.212, 77271307743, vstest.console.dll, TestPluginCache: Executors2 are ''.
TpTrace Verbose: 0 : 11744, 1, 2024/01/15, 14:31:17.212, 77271308080, vstest.console.dll, TestPluginCache: Setting providers are ''.
TpTrace Verbose: 0 : 11744, 1, 2024/01/15, 14:31:17.212, 77271308420, vstest.console.dll, TestPluginCache: Loggers are ''.
TpTrace Verbose: 0 : 11744, 1, 2024/01/15, 14:31:17.212, 77271311042, vstest.console.dll, TestPluginCache: TestHosts are 'HostProvider://DefaultTestHost,HostProvider://DotnetTestHost'.
TpTrace Verbose: 0 : 11744, 1, 2024/01/15, 14:31:17.212, 77271311609, vstest.console.dll, TestPluginCache: DataCollectors are ''.
TpTrace Information: 0 : 11744, 1, 2024/01/15, 14:31:17.230, 77271490288, vstest.console.dll, RunTestsArgumentProcessor:Execute: Test run is starting.
TpTrace Verbose: 0 : 11744, 1, 2024/01/15, 14:31:17.230, 77271491507, vstest.console.dll, RunTestsArgumentProcessor:Execute: Queuing Test run.
TpTrace Information: 0 : 11744, 1, 2024/01/15, 14:31:17.231, 77271494349, vstest.console.dll, TestRequestManager.RunTests: run tests started.
TpTrace Information: 0 : 11744, 1, 2024/01/15, 14:31:17.232, 77271510469, vstest.console.dll, AssemblyMetadataProvider.GetFrameworkName: Determined framework:'.NETCoreApp,Version=v7.0' for source: 'C:\pryazha\labs\course_2\semester_1\oop\lab_6\Program.Tests\bin\Debug\net7.0\fine-code-coverage\build-output\Program.Tests.dll'
TpTrace Information: 0 : 11744, 1, 2024/01/15, 14:31:17.232, 77271513199, vstest.console.dll, Determined framework for all sources: .NETCoreApp,Version=v7.0
TpTrace Verbose: 0 : 11744, 1, 2024/01/15, 14:31:17.233, 77271518100, vstest.console.dll, TestRequestManager.UpdateRunSettingsIfRequired: Default architecture: X64 IsDefaultTargetArchitecture: True, Current process architecture: X64 OperatingSystem: Windows.
TpTrace Information: 0 : 11744, 1, 2024/01/15, 14:31:17.235, 77271541732, vstest.console.dll, AssemblyMetadataProvider.GetArchitecture: Determined architecture:AnyCPU info for assembly: C:\pryazha\labs\course_2\semester_1\oop\lab_6\Program.Tests\bin\Debug\net7.0\fine-code-coverage\build-output\Program.Tests.dll
TpTrace Information: 0 : 11744, 1, 2024/01/15, 14:31:17.235, 77271542702, vstest.console.dll, Determined platform for source 'C:\pryazha\labs\course_2\semester_1\oop\lab_6\Program.Tests\bin\Debug\net7.0\fine-code-coverage\build-output\Program.Tests.dll' was AnyCPU and it will use the default plaform X64.
TpTrace Information: 0 : 11744, 1, 2024/01/15, 14:31:17.235, 77271543101, vstest.console.dll, None of the sources provided any runnable platform, using the default platform: X64
TpTrace Information: 0 : 11744, 1, 2024/01/15, 14:31:17.236, 77271544524, vstest.console.dll, Platform was updated to 'X64'.
TpTrace Information: 0 : 11744, 1, 2024/01/15, 14:31:17.240, 77271593419, vstest.console.dll, InferRunSettingsHelper.IsTestSettingsEnabled: Unable to navigate to RunSettings/MSTest. Current node: RunSettings
TpTrace Information: 0 : 11744, 1, 2024/01/15, 14:31:17.241, 77271603251, vstest.console.dll, AssemblyResolver.OnResolve: Microsoft.VisualStudio.TestPlatform.Fakes: Resolving assembly.
TpTrace Information: 0 : 11744, 1, 2024/01/15, 14:31:17.242, 77271604395, vstest.console.dll, AssemblyResolver.OnResolve: Microsoft.VisualStudio.TestPlatform.Fakes: Searching in: 'C:\Program Files\dotnet\sdk\8.0.101\Extensions'.
TpTrace Information: 0 : 11744, 1, 2024/01/15, 14:31:17.242, 77271605988, vstest.console.dll, AssemblyResolver.OnResolve: Microsoft.VisualStudio.TestPlatform.Fakes: Assembly path does not exist: 'C:\Program Files\dotnet\sdk\8.0.101\Extensions\Microsoft.VisualStudio.TestPlatform.Fakes.dll', returning.
TpTrace Information: 0 : 11744, 1, 2024/01/15, 14:31:17.242, 77271606926, vstest.console.dll, AssemblyResolver.OnResolve: Microsoft.VisualStudio.TestPlatform.Fakes: Assembly path does not exist: 'C:\Program Files\dotnet\sdk\8.0.101\Extensions\Microsoft.VisualStudio.TestPlatform.Fakes.exe', returning.
TpTrace Information: 0 : 11744, 1, 2024/01/15, 14:31:17.242, 77271607350, vstest.console.dll, AssemblyResolver.OnResolve: Microsoft.VisualStudio.TestPlatform.Fakes: Searching in: 'C:\Program Files\dotnet\sdk\8.0.101'.
TpTrace Information: 0 : 11744, 1, 2024/01/15, 14:31:17.242, 77271608362, vstest.console.dll, AssemblyResolver.OnResolve: Microsoft.VisualStudio.TestPlatform.Fakes: Assembly path does not exist: 'C:\Program Files\dotnet\sdk\8.0.101\Microsoft.VisualStudio.TestPlatform.Fakes.dll', returning.
TpTrace Information: 0 : 11744, 1, 2024/01/15, 14:31:17.242, 77271609248, vstest.console.dll, AssemblyResolver.OnResolve: Microsoft.VisualStudio.TestPlatform.Fakes: Assembly path does not exist: 'C:\Program Files\dotnet\sdk\8.0.101\Microsoft.VisualStudio.TestPlatform.Fakes.exe', returning.
TpTrace Information: 0 : 11744, 1, 2024/01/15, 14:31:17.242, 77271609659, vstest.console.dll, AssemblyResolver.OnResolve: Microsoft.VisualStudio.TestPlatform.Fakes: Failed to load assembly.
TpTrace Information: 0 : 11744, 1, 2024/01/15, 14:31:17.243, 77271613966, vstest.console.dll, Failed to load assembly Microsoft.VisualStudio.TestPlatform.Fakes, Version=17.0.0.0, Culture=neutral. Reason:System.IO.FileNotFoundException: Could not load file or assembly 'Microsoft.VisualStudio.TestPlatform.Fakes, Version=17.0.0.0, Culture=neutral, PublicKeyToken=null'. The system cannot find the file specified.
File name: 'Microsoft.VisualStudio.TestPlatform.Fakes, Version=17.0.0.0, Culture=neutral, PublicKeyToken=null'
   at System.Reflection.RuntimeAssembly.InternalLoad(AssemblyName assemblyName, StackCrawlMark& stackMark, AssemblyLoadContext assemblyLoadContext, RuntimeAssembly requestingAssembly, Boolean throwOnFileNotFound)
   at System.Reflection.Assembly.Load(AssemblyName assemblyRef)
   at Microsoft.VisualStudio.TestPlatform.Common.Utilities.FakesUtilities.LoadTestPlatformAssembly() in /_/src/Microsoft.TestPlatform.Common/Utilities/FakesUtilities.cs:line 272
TpTrace Verbose: 0 : 11744, 1, 2024/01/15, 14:31:17.247, 77271662858, vstest.console.dll, TestPluginCache.DiscoverTestExtensions: finding test extensions in assemblies ends with: TestLogger.dll TPluginInfo: Microsoft.VisualStudio.TestPlatform.Common.ExtensionFramework.Utilities.TestLoggerPluginInformation TExtension: Microsoft.VisualStudio.TestPlatform.ObjectModel.Client.ITestLogger
TpTrace Verbose: 0 : 11744, 1, 2024/01/15, 14:31:17.248, 77271664845, vstest.console.dll, TestPluginCache.GetExtensionPaths: Filtered extension paths: 
TpTrace Verbose: 0 : 11744, 1, 2024/01/15, 14:31:17.248, 77271665581, vstest.console.dll, TestPluginCache.GetExtensionPaths: Added default extension paths: C:\Program Files\dotnet\sdk\8.0.101\Extensions\Microsoft.Diagnostics.NETCore.Client.dll
C:\Program Files\dotnet\sdk\8.0.101\Extensions\Microsoft.TestPlatform.Extensions.BlameDataCollector.dll
C:\Program Files\dotnet\sdk\8.0.101\Extensions\Microsoft.TestPlatform.Extensions.EventLogCollector.dll
C:\Program Files\dotnet\sdk\8.0.101\Extensions\Microsoft.TestPlatform.TestHostRuntimeProvider.dll
C:\Program Files\dotnet\sdk\8.0.101\Extensions\Microsoft.VisualStudio.TestPlatform.Extensions.Html.TestLogger.dll
C:\Program Files\dotnet\sdk\8.0.101\Extensions\Microsoft.VisualStudio.TestPlatform.Extensions.Trx.TestLogger.dll
TpTrace Verbose: 0 : 11744, 1, 2024/01/15, 14:31:17.248, 77271666146, vstest.console.dll, TestPluginCache.GetExtensionPaths: Added unfilterableExtensionPaths: 
TpTrace Information: 0 : 11744, 1, 2024/01/15, 14:31:17.248, 77271668883, vstest.console.dll, AssemblyResolver.AddSearchDirectories: Adding more searchDirectories C:\Program Files\dotnet\sdk\8.0.101\Extensions,C:\Program Files\dotnet\sdk\8.0.101
TpTrace Verbose: 0 : 11744, 1, 2024/01/15, 14:31:17.248, 77271669714, vstest.console.dll, TestPluginCache.DiscoverTestExtensions: Discovering the extensions using extension path.
TpTrace Verbose: 0 : 11744, 1, 2024/01/15, 14:31:17.248, 77271670334, vstest.console.dll, TestPluginCache.GetExtensionPaths: Filtered extension paths: 
TpTrace Verbose: 0 : 11744, 1, 2024/01/15, 14:31:17.248, 77271671012, vstest.console.dll, TestPluginCache.GetExtensionPaths: Added default extension paths: C:\Program Files\dotnet\sdk\8.0.101\Extensions\Microsoft.Diagnostics.NETCore.Client.dll
C:\Program Files\dotnet\sdk\8.0.101\Extensions\Microsoft.TestPlatform.Extensions.BlameDataCollector.dll
C:\Program Files\dotnet\sdk\8.0.101\Extensions\Microsoft.TestPlatform.Extensions.EventLogCollector.dll
C:\Program Files\dotnet\sdk\8.0.101\Extensions\Microsoft.TestPlatform.TestHostRuntimeProvider.dll
C:\Program Files\dotnet\sdk\8.0.101\Extensions\Microsoft.VisualStudio.TestPlatform.Extensions.Html.TestLogger.dll
C:\Program Files\dotnet\sdk\8.0.101\Extensions\Microsoft.VisualStudio.TestPlatform.Extensions.Trx.TestLogger.dll
TpTrace Verbose: 0 : 11744, 1, 2024/01/15, 14:31:17.248, 77271671564, vstest.console.dll, TestPluginCache.GetExtensionPaths: Added unfilterableExtensionPaths: 
TpTrace Verbose: 0 : 11744, 1, 2024/01/15, 14:31:17.248, 77271672182, vstest.console.dll, TestPluginCache.DiscoverTestExtensions: Discovering the extensions using allExtensionPaths: C:\Program Files\dotnet\sdk\8.0.101\Extensions\Microsoft.Diagnostics.NETCore.Client.dll
C:\Program Files\dotnet\sdk\8.0.101\Extensions\Microsoft.TestPlatform.Extensions.BlameDataCollector.dll
C:\Program Files\dotnet\sdk\8.0.101\Extensions\Microsoft.TestPlatform.Extensions.EventLogCollector.dll
C:\Program Files\dotnet\sdk\8.0.101\Extensions\Microsoft.TestPlatform.TestHostRuntimeProvider.dll
C:\Program Files\dotnet\sdk\8.0.101\Extensions\Microsoft.VisualStudio.TestPlatform.Extensions.Html.TestLogger.dll
C:\Program Files\dotnet\sdk\8.0.101\Extensions\Microsoft.VisualStudio.TestPlatform.Extensions.Trx.TestLogger.dll
TpTrace Information: 0 : 11744, 1, 2024/01/15, 14:31:17.248, 77271673083, vstest.console.dll, AssemblyResolver.AddSearchDirectories: Adding more searchDirectories C:\Program Files\dotnet\sdk\8.0.101\Extensions,C:\Program Files\dotnet\sdk\8.0.101
TpTrace Information: 0 : 11744, 1, 2024/01/15, 14:31:17.248, 77271673735, vstest.console.dll, AssemblyResolver.AddSearchDirectories: Adding more searchDirectories C:\Program Files\dotnet\sdk\8.0.101\Extensions,C:\Program Files\dotnet\sdk\8.0.101
TpTrace Information: 0 : 11744, 1, 2024/01/15, 14:31:17.249, 77271674367, vstest.console.dll, AssemblyResolver.AddSearchDirectories: Adding more searchDirectories C:\Program Files\dotnet\sdk\8.0.101\Extensions,C:\Program Files\dotnet\sdk\8.0.101
TpTrace Information: 0 : 11744, 1, 2024/01/15, 14:31:17.249, 77271674924, vstest.console.dll, AssemblyResolver.AddSearchDirectories: Adding more searchDirectories C:\Program Files\dotnet\sdk\8.0.101\Extensions,C:\Program Files\dotnet\sdk\8.0.101
TpTrace Information: 0 : 11744, 1, 2024/01/15, 14:31:17.249, 77271675468, vstest.console.dll, AssemblyResolver.AddSearchDirectories: Adding more searchDirectories C:\Program Files\dotnet\sdk\8.0.101\Extensions,C:\Program Files\dotnet\sdk\8.0.101
TpTrace Information: 0 : 11744, 1, 2024/01/15, 14:31:17.249, 77271676044, vstest.console.dll, AssemblyResolver.AddSearchDirectories: Adding more searchDirectories C:\Program Files\dotnet\sdk\8.0.101\Extensions,C:\Program Files\dotnet\sdk\8.0.101
TpTrace Verbose: 0 : 11744, 1, 2024/01/15, 14:31:17.249, 77271677626, vstest.console.dll, MetadataReaderExtensionsHelper: Discovering extensions inside assembly 'Microsoft.Diagnostics.NETCore.Client, Version=0.2.8.21101, Culture=neutral, PublicKeyToken=31bf3856ad364e35' file path 'C:\Program Files\dotnet\sdk\8.0.101\Extensions\Microsoft.Diagnostics.NETCore.Client.dll'
TpTrace Information: 0 : 11744, 1, 2024/01/15, 14:31:17.250, 77271687639, vstest.console.dll, AssemblyResolver.OnResolve: Microsoft.Bcl.AsyncInterfaces: Resolving assembly.
TpTrace Information: 0 : 11744, 1, 2024/01/15, 14:31:17.250, 77271688545, vstest.console.dll, AssemblyResolver.OnResolve: Microsoft.Bcl.AsyncInterfaces: Resolved from cache.
TpTrace Verbose: 0 : 11744, 1, 2024/01/15, 14:31:17.250, 77271688967, vstest.console.dll, CurrentDomainAssemblyResolve: Resolving assembly 'Microsoft.Bcl.AsyncInterfaces'.
TpTrace Information: 0 : 11744, 1, 2024/01/15, 14:31:17.250, 77271689611, vstest.console.dll, AssemblyResolver.OnResolve: Microsoft.Bcl.AsyncInterfaces: Resolving assembly.
TpTrace Information: 0 : 11744, 1, 2024/01/15, 14:31:17.250, 77271690023, vstest.console.dll, AssemblyResolver.OnResolve: Microsoft.Bcl.AsyncInterfaces: Resolved from cache.
TpTrace Verbose: 0 : 11744, 1, 2024/01/15, 14:31:17.250, 77271690470, vstest.console.dll, CurrentDomainAssemblyResolve: Resolving assembly 'Microsoft.Bcl.AsyncInterfaces'.
TpTrace Verbose: 0 : 11744, 1, 2024/01/15, 14:31:17.250, 77271690850, vstest.console.dll, CurrentDomainAssemblyResolve: Failed to resolve assembly 'Microsoft.Bcl.AsyncInterfaces'.
TpTrace Verbose: 0 : 11744, 1, 2024/01/15, 14:31:17.250, 77271693000, vstest.console.dll, CurrentDomainAssemblyResolve: Failed to resolve assembly 'Microsoft.Bcl.AsyncInterfaces'.
TpTrace Warning: 0 : 11744, 1, 2024/01/15, 14:31:17.251, 77271698056, vstest.console.dll, TestPluginDiscoverer: Failed to get types from assembly 'Microsoft.Diagnostics.NETCore.Client, Version=0.2.8.21101, Culture=neutral, PublicKeyToken=31bf3856ad364e35'. Error: System.Reflection.ReflectionTypeLoadException: Unable to load one or more of the requested types.
Could not load file or assembly 'Microsoft.Bcl.AsyncInterfaces, Version=1.0.0.0, Culture=neutral, PublicKeyToken=cc7b13ffcd2ddd51'. The system cannot find the file specified.
   at System.Reflection.RuntimeModule.GetTypes(RuntimeModule module)
   at System.Reflection.RuntimeModule.GetTypes()
   at Microsoft.VisualStudio.TestPlatform.Common.ExtensionFramework.TestPluginDiscoverer.GetTestExtensionsFromAssembly[TPluginInfo,TExtension](Assembly assembly, Dictionary`2 pluginInfos, String filePath) in /_/src/Microsoft.TestPlatform.Common/ExtensionFramework/TestPluginDiscoverer.cs:line 158
System.IO.FileNotFoundException: Could not load file or assembly 'Microsoft.Bcl.AsyncInterfaces, Version=1.0.0.0, Culture=neutral, PublicKeyToken=cc7b13ffcd2ddd51'. The system cannot find the file specified.
File name: 'Microsoft.Bcl.AsyncInterfaces, Version=1.0.0.0, Culture=neutral, PublicKeyToken=cc7b13ffcd2ddd51'
 ---> System.IO.FileNotFoundException: Could not load file or assembly 'Microsoft.Bcl.AsyncInterfaces, Culture=neutral, PublicKeyToken=null'. The system cannot find the file specified.
File name: 'Microsoft.Bcl.AsyncInterfaces, Culture=neutral, PublicKeyToken=null'
   at System.Reflection.RuntimeAssembly.InternalLoad(AssemblyName assemblyName, StackCrawlMark& stackMark, AssemblyLoadContext assemblyLoadContext, RuntimeAssembly requestingAssembly, Boolean throwOnFileNotFound)
   at System.Reflection.Assembly.Load(AssemblyName assemblyRef)
   at Microsoft.VisualStudio.TestPlatform.Common.ExtensionFramework.TestPluginCache.CurrentDomainAssemblyResolve(Object sender, AssemblyResolveEventArgs args) in /_/src/Microsoft.TestPlatform.Common/ExtensionFramework/TestPluginCache.cs:line 513
   at System.Runtime.Loader.AssemblyLoadContext.GetFirstResolvedAssemblyFromResolvingEvent(AssemblyName assemblyName)
   at System.Runtime.Loader.AssemblyLoadContext.ResolveUsingEvent(AssemblyName assemblyName)
   at System.Runtime.Loader.AssemblyLoadContext.ResolveUsingResolvingEvent(IntPtr gchManagedAssemblyLoadContext, AssemblyName assemblyName)
TpTrace Warning: 0 : 11744, 1, 2024/01/15, 14:31:17.251, 77271700522, vstest.console.dll, LoaderExceptions: System.IO.FileNotFoundException: Could not load file or assembly 'Microsoft.Bcl.AsyncInterfaces, Version=1.0.0.0, Culture=neutral, PublicKeyToken=cc7b13ffcd2ddd51'. The system cannot find the file specified.
File name: 'Microsoft.Bcl.AsyncInterfaces, Version=1.0.0.0, Culture=neutral, PublicKeyToken=cc7b13ffcd2ddd51'
 ---> System.IO.FileNotFoundException: Could not load file or assembly 'Microsoft.Bcl.AsyncInterfaces, Culture=neutral, PublicKeyToken=null'. The system cannot find the file specified.
File name: 'Microsoft.Bcl.AsyncInterfaces, Culture=neutral, PublicKeyToken=null'
   at System.Reflection.RuntimeAssembly.InternalLoad(AssemblyName assemblyName, StackCrawlMark& stackMark, AssemblyLoadContext assemblyLoadContext, RuntimeAssembly requestingAssembly, Boolean throwOnFileNotFound)
   at System.Reflection.Assembly.Load(AssemblyName assemblyRef)
   at Microsoft.VisualStudio.TestPlatform.Common.ExtensionFramework.TestPluginCache.CurrentDomainAssemblyResolve(Object sender, AssemblyResolveEventArgs args) in /_/src/Microsoft.TestPlatform.Common/ExtensionFramework/TestPluginCache.cs:line 513
   at System.Runtime.Loader.AssemblyLoadContext.GetFirstResolvedAssemblyFromResolvingEvent(AssemblyName assemblyName)
   at System.Runtime.Loader.AssemblyLoadContext.ResolveUsingEvent(AssemblyName assemblyName)
   at System.Runtime.Loader.AssemblyLoadContext.ResolveUsingResolvingEvent(IntPtr gchManagedAssemblyLoadContext, AssemblyName assemblyName)
TpTrace Verbose: 0 : 11744, 1, 2024/01/15, 14:31:17.251, 77271701755, vstest.console.dll, MetadataReaderExtensionsHelper: Discovering extensions inside assembly 'Microsoft.TestPlatform.Extensions.BlameDataCollector, Version=15.0.0.0, Culture=neutral, PublicKeyToken=b03f5f7f11d50a3a' file path 'C:\Program Files\dotnet\sdk\8.0.101\Extensions\Microsoft.TestPlatform.Extensions.BlameDataCollector.dll'
TpTrace Information: 0 : 11744, 1, 2024/01/15, 14:31:17.252, 77271708159, vstest.console.dll, GetTestExtensionFromType: Register extension with identifier data 'logger://Microsoft/TestPlatform/Extensions/Blame/v1' and type 'Microsoft.TestPlatform.Extensions.BlameDataCollector.BlameLogger, Microsoft.TestPlatform.Extensions.BlameDataCollector, Version=15.0.0.0, Culture=neutral, PublicKeyToken=b03f5f7f11d50a3a' inside file 'C:\Program Files\dotnet\sdk\8.0.101\Extensions\Microsoft.TestPlatform.Extensions.BlameDataCollector.dll'
TpTrace Verbose: 0 : 11744, 1, 2024/01/15, 14:31:17.252, 77271709253, vstest.console.dll, MetadataReaderExtensionsHelper: Discovering extensions inside assembly 'Microsoft.TestPlatform.Extensions.EventLogCollector, Version=15.0.0.0, Culture=neutral, PublicKeyToken=b03f5f7f11d50a3a' file path 'C:\Program Files\dotnet\sdk\8.0.101\Extensions\Microsoft.TestPlatform.Extensions.EventLogCollector.dll'
TpTrace Verbose: 0 : 11744, 1, 2024/01/15, 14:31:17.252, 77271713239, vstest.console.dll, MetadataReaderExtensionsHelper: Discovering extensions inside assembly 'Microsoft.TestPlatform.TestHostRuntimeProvider, Version=15.0.0.0, Culture=neutral, PublicKeyToken=b03f5f7f11d50a3a' file path 'C:\Program Files\dotnet\sdk\8.0.101\Extensions\Microsoft.TestPlatform.TestHostRuntimeProvider.dll'
TpTrace Verbose: 0 : 11744, 1, 2024/01/15, 14:31:17.253, 77271717268, vstest.console.dll, MetadataReaderExtensionsHelper: Discovering extensions inside assembly 'Microsoft.VisualStudio.TestPlatform.Extensions.Html.TestLogger, Version=15.0.0.0, Culture=neutral, PublicKeyToken=b03f5f7f11d50a3a' file path 'C:\Program Files\dotnet\sdk\8.0.101\Extensions\Microsoft.VisualStudio.TestPlatform.Extensions.Html.TestLogger.dll'
TpTrace Information: 0 : 11744, 1, 2024/01/15, 14:31:17.254, 77271725265, vstest.console.dll, GetTestExtensionFromType: Register extension with identifier data 'logger://Microsoft/TestPlatform/HtmlLogger/v1' and type 'Microsoft.VisualStudio.TestPlatform.Extensions.HtmlLogger.HtmlLogger, Microsoft.VisualStudio.TestPlatform.Extensions.Html.TestLogger, Version=15.0.0.0, Culture=neutral, PublicKeyToken=b03f5f7f11d50a3a' inside file 'C:\Program Files\dotnet\sdk\8.0.101\Extensions\Microsoft.VisualStudio.TestPlatform.Extensions.Html.TestLogger.dll'
TpTrace Verbose: 0 : 11744, 1, 2024/01/15, 14:31:17.254, 77271726587, vstest.console.dll, MetadataReaderExtensionsHelper: Discovering extensions inside assembly 'Microsoft.VisualStudio.TestPlatform.Extensions.Trx.TestLogger, Version=15.0.0.0, Culture=neutral, PublicKeyToken=b03f5f7f11d50a3a' file path 'C:\Program Files\dotnet\sdk\8.0.101\Extensions\Microsoft.VisualStudio.TestPlatform.Extensions.Trx.TestLogger.dll'
TpTrace Information: 0 : 11744, 1, 2024/01/15, 14:31:17.254, 77271731842, vstest.console.dll, GetTestExtensionFromType: Register extension with identifier data 'logger://Microsoft/TestPlatform/TrxLogger/v1' and type 'Microsoft.VisualStudio.TestPlatform.Extensions.TrxLogger.TrxLogger, Microsoft.VisualStudio.TestPlatform.Extensions.Trx.TestLogger, Version=15.0.0.0, Culture=neutral, PublicKeyToken=b03f5f7f11d50a3a' inside file 'C:\Program Files\dotnet\sdk\8.0.101\Extensions\Microsoft.VisualStudio.TestPlatform.Extensions.Trx.TestLogger.dll'
TpTrace Verbose: 0 : 11744, 1, 2024/01/15, 14:31:17.254, 77271733632, vstest.console.dll, TestPluginCache: Discovered the extensions using extension path ''.
TpTrace Verbose: 0 : 11744, 1, 2024/01/15, 14:31:17.255, 77271734209, vstest.console.dll, TestPluginCache: Discoverers are ''.
TpTrace Verbose: 0 : 11744, 1, 2024/01/15, 14:31:17.255, 77271734574, vstest.console.dll, TestPluginCache: Executors are ''.
TpTrace Verbose: 0 : 11744, 1, 2024/01/15, 14:31:17.255, 77271734912, vstest.console.dll, TestPluginCache: Executors2 are ''.
TpTrace Verbose: 0 : 11744, 1, 2024/01/15, 14:31:17.255, 77271735248, vstest.console.dll, TestPluginCache: Setting providers are ''.
TpTrace Verbose: 0 : 11744, 1, 2024/01/15, 14:31:17.255, 77271736260, vstest.console.dll, TestPluginCache: Loggers are 'logger://Microsoft/TestPlatform/Extensions/Blame/v1,logger://Microsoft/TestPlatform/HtmlLogger/v1,logger://Microsoft/TestPlatform/TrxLogger/v1'.
TpTrace Verbose: 0 : 11744, 1, 2024/01/15, 14:31:17.255, 77271736977, vstest.console.dll, TestPluginCache: TestHosts are 'HostProvider://DefaultTestHost,HostProvider://DotnetTestHost'.
TpTrace Verbose: 0 : 11744, 1, 2024/01/15, 14:31:17.255, 77271737474, vstest.console.dll, TestPluginCache: DataCollectors are ''.
TpTrace Information: 0 : 11744, 1, 2024/01/15, 14:31:17.256, 77271751813, vstest.console.dll, TestPluginManager.CreateTestExtension: Attempting to load test extension: Microsoft.TestPlatform.Extensions.BlameDataCollector.BlameLogger
TpTrace Verbose: 0 : 11744, 1, 2024/01/15, 14:31:17.267, 77271861775, vstest.console.dll, TestEngine: Initializing Parallel Execution as MaxCpuCount is set to: 1
TpTrace Information: 0 : 11744, 1, 2024/01/15, 14:31:17.269, 77271883301, vstest.console.dll, TestPluginManager.CreateTestExtension: Attempting to load test extension: Microsoft.VisualStudio.TestPlatform.CrossPlatEngine.Hosting.DefaultTestHostManager
TpTrace Information: 0 : 11744, 1, 2024/01/15, 14:31:17.270, 77271893035, vstest.console.dll, TestPluginManager.CreateTestExtension: Attempting to load test extension: Microsoft.VisualStudio.TestPlatform.CrossPlatEngine.Hosting.DotnetTestHostManager
TpTrace Information: 0 : 11744, 1, 2024/01/15, 14:31:17.271, 77271901447, vstest.console.dll, InferRunSettingsHelper.IsTestSettingsEnabled: Unable to navigate to RunSettings/MSTest. Current node: RunSettings
TpTrace Verbose: 0 : 11744, 1, 2024/01/15, 14:31:17.272, 77271909401, vstest.console.dll, ParallelOperationManager.ClearSlots: Clearing all slots. Slots should accept more work: True
TpTrace Verbose: 0 : 11744, 1, 2024/01/15, 14:31:17.273, 77271920338, vstest.console.dll, ParallelOperationManager.SetOccupiedSlotCount: Setting slot counts AvailableSlotCount = 1, OccupiedSlotCount = 0.
TpTrace Verbose: 0 : 11744, 1, 2024/01/15, 14:31:17.274, 77271926435, vstest.console.dll, Occupied slots:

TpTrace Verbose: 0 : 11744, 1, 2024/01/15, 14:31:17.279, 77271977975, vstest.console.dll, TestEngine.GetExecutionManager: Chosen execution manager 'Microsoft.VisualStudio.TestPlatform.CrossPlatEngine.Client.Parallel.ParallelProxyExecutionManager, Microsoft.TestPlatform.CrossPlatEngine, Version=15.0.0.0, Culture=neutral, PublicKeyToken=b03f5f7f11d50a3a' ParallelLevel '1'.
TpTrace Verbose: 0 : 11744, 1, 2024/01/15, 14:31:17.279, 77271979971, vstest.console.dll, TestRunRequest.ExecuteAsync: Creating test run request.
TpTrace Verbose: 0 : 11744, 1, 2024/01/15, 14:31:17.279, 77271983082, vstest.console.dll, TestRunRequest.ExecuteAsync: Starting.
TpTrace Information: 0 : 11744, 1, 2024/01/15, 14:31:17.281, 77272002918, vstest.console.dll, TestRunRequest.ExecuteAsync: Starting run with settings:TestRunCriteria:
   KeepAlive=False,FrequencyOfRunStatsChangeEvent=10,RunStatsChangeEventTimeout=00:00:01.5000000,TestCaseFilter=,TestExecutorLauncher=
   Settingsxml=<RunSettings>
  <RunConfiguration>
    <ResultsDirectory>C:\pryazha\labs\course_2\semester_1\oop\lab_6\Program.Tests\bin\Debug\net7.0\fine-code-coverage\coverage-tool-output</ResultsDirectory>
    <TargetPlatform>X64</TargetPlatform>
    <TargetFrameworkVersion>.NETCoreApp,Version=v7.0</TargetFrameworkVersion>
    <DesignMode>False</DesignMode>
    <CollectSourceInformation>False</CollectSourceInformation>
  </RunConfiguration>
  <LoggerRunSettings>
    <Loggers>
      <Logger friendlyName="blame" enabled="True" />
      <Logger friendlyName="Console" uri="logger://microsoft/TestPlatform/ConsoleLogger/v1" assemblyQualifiedName="Microsoft.VisualStudio.TestPlatform.CommandLine.Internal.ConsoleLogger, vstest.console, Version=15.0.0.0, Culture=neutral, PublicKeyToken=b03f5f7f11d50a3a" codeBase="C:\Program Files\dotnet\sdk\8.0.101\vstest.console.dll" enabled="True" />
    </Loggers>
  </LoggerRunSettings>
  <DataCollectionRunSettings>
    <DataCollectors>
      <DataCollector friendlyName="blame" enabled="True">
        <Configuration>
          <ResultsDirectory>C:\pryazha\labs\course_2\semester_1\oop\lab_6\Program.Tests\bin\Debug\net7.0\fine-code-coverage\coverage-tool-output</ResultsDirectory>
        </Configuration>
      </DataCollector>
    </DataCollectors>
  </DataCollectionRunSettings>
</RunSettings>

TpTrace Verbose: 0 : 11744, 1, 2024/01/15, 14:31:17.282, 77272003841, vstest.console.dll, TestRunRequest.ExecuteAsync: Wait for the first run request is over.
TpTrace Verbose: 0 : 11744, 1, 2024/01/15, 14:31:17.282, 77272007671, vstest.console.dll, MulticastDelegateUtilities.SafeInvoke: TestRun.TestRunStart: Invoking callbacks was skipped because there are no subscribers.
TpTrace Verbose: 0 : 11744, 4, 2024/01/15, 14:31:17.282, 77272011089, vstest.console.dll, MulticastDelegateUtilities.SafeInvoke: InternalTestLoggerEvents.SendTestRunStart: Invoking callback 1/1 for Microsoft.VisualStudio.TestPlatform.CommandLine.Internal.ConsoleLogger., took 0 ms.
TpTrace Verbose: 0 : 11744, 1, 2024/01/15, 14:31:17.286, 77272046599, vstest.console.dll, ParallelProxyExecutionManager: Start execution. Total sources: 1
TpTrace Verbose: 0 : 11744, 1, 2024/01/15, 14:31:17.286, 77272053304, vstest.console.dll, ParallelOperationManager.StartWork: Starting adding 1 workloads.
TpTrace Verbose: 0 : 11744, 1, 2024/01/15, 14:31:17.287, 77272054493, vstest.console.dll, ParallelOperationManager.ClearSlots: Clearing all slots. Slots should accept more work: True
TpTrace Verbose: 0 : 11744, 1, 2024/01/15, 14:31:17.287, 77272055626, vstest.console.dll, ParallelOperationManager.SetOccupiedSlotCount: Setting slot counts AvailableSlotCount = 1, OccupiedSlotCount = 0.
TpTrace Verbose: 0 : 11744, 1, 2024/01/15, 14:31:17.287, 77272056328, vstest.console.dll, Occupied slots:

TpTrace Verbose: 0 : 11744, 1, 2024/01/15, 14:31:17.289, 77272078243, vstest.console.dll, TestRequestSender is acting as server.
TpTrace Verbose: 0 : 11744, 1, 2024/01/15, 14:31:17.291, 77272097391, vstest.console.dll, ParallelOperationManager.RunWorkInParallel: Adding 1 workload to slot, remaining workloads 0.
TpTrace Verbose: 0 : 11744, 1, 2024/01/15, 14:31:17.291, 77272098785, vstest.console.dll, ParallelOperationManager.SetOccupiedSlotCount: Setting slot counts AvailableSlotCount = 0, OccupiedSlotCount = 1.
TpTrace Verbose: 0 : 11744, 1, 2024/01/15, 14:31:17.291, 77272100385, vstest.console.dll, Occupied slots:
0: C:\pryazha\labs\course_2\semester_1\oop\lab_6\Program.Tests\bin\Debug\net7.0\fine-code-coverage\build-output\Program.Tests.dll
TpTrace Verbose: 0 : 11744, 1, 2024/01/15, 14:31:17.293, 77272116436, vstest.console.dll, ParallelOperationManager.RunWorkInParallel: Started host in slot number 0 for work (source): C:\pryazha\labs\course_2\semester_1\oop\lab_6\Program.Tests\bin\Debug\net7.0\fine-code-coverage\build-output\Program.Tests.dll.
TpTrace Verbose: 0 : 11744, 1, 2024/01/15, 14:31:17.294, 77272127985, vstest.console.dll, ParallelOperationManager.RunWorkInParallel: We started 1 work items, which is the max parallel level. Won't start more work.
TpTrace Verbose: 0 : 11744, 1, 2024/01/15, 14:31:17.294, 77272129092, vstest.console.dll, ParallelOperationManager.RunWorkInParallel: We started 1 work items in here, returning True.
TpTrace Information: 0 : 11744, 1, 2024/01/15, 14:31:17.294, 77272129645, vstest.console.dll, TestRunRequest.ExecuteAsync: Started.
TpTrace Verbose: 0 : 11744, 5, 2024/01/15, 14:31:17.294, 77272131000, vstest.console.dll, ParallelProxyExecutionManager.StartTestRunOnConcurrentManager: Initializing uninitialized client. Started clients: 0
TpTrace Verbose: 0 : 11744, 5, 2024/01/15, 14:31:17.294, 77272133239, vstest.console.dll, DataCollectionRequestSender.InitializeCommunication : Initialize communication. 
TpTrace Verbose: 0 : 11744, 1, 2024/01/15, 14:31:17.295, 77272138940, vstest.console.dll, TestRunRequest.WaitForCompletion: Waiting with timeout -1.
TpTrace Information: 0 : 11744, 5, 2024/01/15, 14:31:17.305, 77272236256, vstest.console.dll, Listening on Endpoint : 127.0.0.1:51700
TpTrace Verbose: 0 : 11744, 5, 2024/01/15, 14:31:17.314, 77272329177, vstest.console.dll, DotnetDataCollectionLauncher: Adding  --runtimeconfig "C:\Program Files\dotnet\sdk\8.0.101\datacollector.runtimeconfig.json" in args
TpTrace Verbose: 0 : 11744, 5, 2024/01/15, 14:31:17.314, 77272330993, vstest.console.dll, DotnetDataCollectionLauncher: Adding  --depsfile "C:\Program Files\dotnet\sdk\8.0.101\datacollector.deps.json" in args
TpTrace Verbose: 0 : 11744, 5, 2024/01/15, 14:31:17.314, 77272333525, vstest.console.dll, DotnetDataCollectionLauncher: Full path of dotnet.exe is C:\Program Files\dotnet\dotnet.exe
TpTrace Information: 0 : 11744, 5, 2024/01/15, 14:31:17.324, 77272426088, vstest.console.dll, ProxyDataCollectionManager.Initialize: Launched datacollector processId: 11620 port: 51700
TpTrace Information: 0 : 11744, 5, 2024/01/15, 14:31:17.324, 77272428199, vstest.console.dll, ProxyDataCollectionManager.Initialize: waiting for connection with timeout: 90 seconds
TpTrace Verbose: 0 : 11744, 5, 2024/01/15, 14:31:17.324, 77272428822, vstest.console.dll, DataCollectionRequestSender.WaitForRequestHandlerConnection : Waiting for connection with timeout: 90000
TpTrace Information: 0 : 11744, 7, 2024/01/15, 14:31:17.524, 77274430112, vstest.console.dll, Using the buffer size of 16384 bytes
TpTrace Information: 0 : 11744, 7, 2024/01/15, 14:31:17.524, 77274431846, vstest.console.dll, Accepted Client request and set the flag
TpTrace Verbose: 0 : 11744, 5, 2024/01/15, 14:31:17.524, 77274430518, vstest.console.dll, SocketCommunicationManager.WaitForClientConnection took: 200 ms, with 90000 ms timeout, and finished with True.
TpTrace Verbose: 0 : 11744, 5, 2024/01/15, 14:31:17.525, 77274433947, vstest.console.dll, ProxyDataCollectionManager.InvokeDataCollectionServiceAction: Starting.
TpTrace Information: 0 : 11744, 5, 2024/01/15, 14:31:17.525, 77274435248, vstest.console.dll, ProxyDataCollectionManager.BeforeTestRunStart: Get environment variable and port for datacollector processId: 11620 port: 51700
TpTrace Verbose: 0 : 11744, 5, 2024/01/15, 14:31:17.525, 77274436739, vstest.console.dll, DataCollectionRequestSender.SendBeforeTestRunStartAndGetResult: Send BeforeTestRunStart message with settingsXml <RunSettings><RunConfiguration><ResultsDirectory>C:\pryazha\labs\course_2\semester_1\oop\lab_6\Program.Tests\bin\Debug\net7.0\fine-code-coverage\coverage-tool-output</ResultsDirectory><TargetPlatform>X64</TargetPlatform><TargetFrameworkVersion>.NETCoreApp,Version=v7.0</TargetFrameworkVersion><DesignMode>False</DesignMode><CollectSourceInformation>False</CollectSourceInformation><TestAdaptersPaths>C:\Program Files\dotnet\sdk\8.0.101\Extensions</TestAdaptersPaths></RunConfiguration><LoggerRunSettings><Loggers><Logger friendlyName="blame" enabled="True" /><Logger friendlyName="Console" uri="logger://microsoft/TestPlatform/ConsoleLogger/v1" assemblyQualifiedName="Microsoft.VisualStudio.TestPlatform.CommandLine.Internal.ConsoleLogger, vstest.console, Version=15.0.0.0, Culture=neutral, PublicKeyToken=b03f5f7f11d50a3a" codeBase="C:\Program Files\dotnet\sdk\8.0.101\vstest.console.dll" enabled="True" /></Loggers></LoggerRunSettings><DataCollectionRunSettings><DataCollectors><DataCollector friendlyName="blame" enabled="True"><Configuration><ResultsDirectory>C:\pryazha\labs\course_2\semester_1\oop\lab_6\Program.Tests\bin\Debug\net7.0\fine-code-coverage\coverage-tool-output</ResultsDirectory></Configuration></DataCollector></DataCollectors></DataCollectionRunSettings></RunSettings> and sources System.Collections.Generic.List`1[System.String]: 
TpTrace Verbose: 0 : 11744, 5, 2024/01/15, 14:31:17.601, 77275203059, vstest.console.dll, DataCollectionRequestSender.SendBeforeTestRunStartAndGetResult: Received message: (DataCollection.SendMessage) -> {"MessageType":"DataCollection.SendMessage","Payload":{"FriendlyName":null,"Uri":null,"TestCaseId":"00000000-0000-0000-0000-000000000000","Message":"Logging DataCollector Diagnostics in file: C:\\pryazha\\labs\\course_2\\semester_1\\oop\\lab_6\\Program.Tests\\bin\\Debug\\net7.0\\fine-code-coverage\\coverage-tool-output\\diagnostics.datacollector.24-01-15_14-31-17_31418_5.log","Level":0}}
TpTrace Verbose: 0 : 11744, 5, 2024/01/15, 14:31:17.724, 77276430912, vstest.console.dll, DataCollectionRequestSender.SendBeforeTestRunStartAndGetResult: Received message: (DataCollection.BeforeTestRunStartResult) -> {"MessageType":"DataCollection.BeforeTestRunStartResult","Payload":{"EnvironmentVariables":{},"DataCollectionEventsPort":51702}}
TpTrace Information: 0 : 11744, 5, 2024/01/15, 14:31:17.731, 77276498684, vstest.console.dll, ProxyDataCollectionManager.BeforeTestRunStart: SendBeforeTestRunStartAndGetResult successful, env variable from datacollector:   and testhost port: 51702
TpTrace Information: 0 : 11744, 5, 2024/01/15, 14:31:17.731, 77276500323, vstest.console.dll, ProxyDataCollectionManager.InvokeDataCollectionServiceAction: Completed.
TpTrace Verbose: 0 : 11744, 5, 2024/01/15, 14:31:17.731, 77276500917, vstest.console.dll, ParallelProxyExecutionManager.StartTestRunOnConcurrentManager: Initializing test run. Started clients: 0
TpTrace Verbose: 0 : 11744, 5, 2024/01/15, 14:31:17.731, 77276502189, vstest.console.dll, ProxyExecutionManager: Test host is always Lazy initialize.
TpTrace Verbose: 0 : 11744, 5, 2024/01/15, 14:31:17.732, 77276505009, vstest.console.dll, TestRequestSender.InitializeCommunication: initialize communication. 
TpTrace Information: 0 : 11744, 5, 2024/01/15, 14:31:17.732, 77276511510, vstest.console.dll, SocketServer.Start: Listening on endpoint : 127.0.0.1:51703
TpTrace Verbose: 0 : 11744, 5, 2024/01/15, 14:31:17.733, 77276521767, vstest.console.dll, DotnetTestHostmanager.GetTestHostProcessStartInfo: Platform environment 'X64' target architecture 'X64' framework '.NETCoreApp,Version=v7.0' OS 'Windows'
TpTrace Verbose: 0 : 11744, 5, 2024/01/15, 14:31:17.734, 77276525289, vstest.console.dll, DotnetTestHostmanager: Adding  --runtimeconfig "C:\pryazha\labs\course_2\semester_1\oop\lab_6\Program.Tests\bin\Debug\net7.0\fine-code-coverage\build-output\Program.Tests.runtimeconfig.json" in args
TpTrace Verbose: 0 : 11744, 5, 2024/01/15, 14:31:17.734, 77276526784, vstest.console.dll, DotnetTestHostmanager: Adding  --depsfile "C:\pryazha\labs\course_2\semester_1\oop\lab_6\Program.Tests\bin\Debug\net7.0\fine-code-coverage\build-output\Program.Tests.deps.json" in args
TpTrace Verbose: 0 : 11744, 5, 2024/01/15, 14:31:17.734, 77276530768, vstest.console.dll, DotnetTestHostmanager.IsWinOnArm: Current PROCESSOR_ARCHITECTURE from environment variable 'AMD64'
TpTrace Verbose: 0 : 11744, 5, 2024/01/15, 14:31:17.734, 77276531766, vstest.console.dll, DotnetTestHostmanager.IsWinOnArm: Is Windows on ARM 'False'
TpTrace Verbose: 0 : 11744, 5, 2024/01/15, 14:31:17.734, 77276533081, vstest.console.dll, DotnetTestHostManager: testhost.exe found at path: C:\pryazha\labs\course_2\semester_1\oop\lab_6\Program.Tests\bin\Debug\net7.0\fine-code-coverage\build-output\testhost.exe
TpTrace Verbose: 0 : 11744, 5, 2024/01/15, 14:31:17.734, 77276533705, vstest.console.dll, DotnetTestHostmanager: Full path of host exe is C:\pryazha\labs\course_2\semester_1\oop\lab_6\Program.Tests\bin\Debug\net7.0\fine-code-coverage\build-output\testhost.exe
TpTrace Verbose: 0 : 11744, 5, 2024/01/15, 14:31:17.735, 77276535549, vstest.console.dll, DotnetTestHostmanager.LaunchTestHostAsync: Found 'VSTEST_WINAPPHOST_DOTNET_ROOT' in env variables, value 'C:\Program Files\dotnet', forwarding to 'DOTNET_ROOT'
TpTrace Verbose: 0 : 11744, 5, 2024/01/15, 14:31:17.735, 77276537628, vstest.console.dll, DotnetTestHostManager: Starting process 'C:\pryazha\labs\course_2\semester_1\oop\lab_6\Program.Tests\bin\Debug\net7.0\fine-code-coverage\build-output\testhost.exe' with command line ' --runtimeconfig "C:\pryazha\labs\course_2\semester_1\oop\lab_6\Program.Tests\bin\Debug\net7.0\fine-code-coverage\build-output\Program.Tests.runtimeconfig.json" --depsfile "C:\pryazha\labs\course_2\semester_1\oop\lab_6\Program.Tests\bin\Debug\net7.0\fine-code-coverage\build-output\Program.Tests.deps.json" --port 51703 --endpoint 127.0.0.1:051703 --role client --parentprocessid 11744 --diag "C:\pryazha\labs\course_2\semester_1\oop\lab_6\Program.Tests\bin\Debug\net7.0\fine-code-coverage\coverage-tool-output\diagnostics.host.24-01-15_14-31-17_73328_5.log" --tracelevel 4 --datacollectionport 51702 --telemetryoptedin false'
TpTrace Verbose: 0 : 11744, 5, 2024/01/15, 14:31:17.747, 77276661082, vstest.console.dll, MulticastDelegateUtilities.SafeInvoke: HostProviderEvents.OnHostLaunched: Invoking callback 1/2 for Microsoft.VisualStudio.TestPlatform.CrossPlatEngine.Client.ProxyExecutionManagerWithDataCollection., took 1 ms.
TpTrace Verbose: 0 : 11744, 5, 2024/01/15, 14:31:17.748, 77276665858, vstest.console.dll, Test Runtime launched
TpTrace Verbose: 0 : 11744, 5, 2024/01/15, 14:31:17.748, 77276666822, vstest.console.dll, MulticastDelegateUtilities.SafeInvoke: HostProviderEvents.OnHostLaunched: Invoking callback 2/2 for Microsoft.VisualStudio.TestPlatform.CrossPlatEngine.Client.ProxyOperationManager., took 0 ms.
TpTrace Verbose: 0 : 11744, 5, 2024/01/15, 14:31:17.748, 77276668660, vstest.console.dll, TestRequestSender.WaitForRequestHandlerConnection: waiting for connection with timeout: 90000.
TpTrace Verbose: 0 : 11744, 5, 2024/01/15, 14:31:18.020, 77279389836, vstest.console.dll, TestRequestSender.WaitForRequestHandlerConnection: waiting took 272 ms, with timeout 90000 ms, and result 0, which is success.
TpTrace Verbose: 0 : 11744, 11, 2024/01/15, 14:31:18.020, 77279389653, vstest.console.dll, MulticastDelegateUtilities.SafeInvoke: SocketServer: ClientConnected: Invoking callback 1/1 for Microsoft.VisualStudio.TestPlatform.CommunicationUtilities.TestRequestSender., took 0 ms.
TpTrace Verbose: 0 : 11744, 11, 2024/01/15, 14:31:18.020, 77279393010, vstest.console.dll, SocketServer.OnClientConnected: Client connected for endPoint: 127.0.0.1:51703, starting MessageLoopAsync:
TpTrace Verbose: 0 : 11744, 11, 2024/01/15, 14:31:18.021, 77279401743, vstest.console.dll, TcpClientExtensions.MessageLoopAsync: Polling on remoteEndPoint: 127.0.0.1:51704 localEndPoint: 127.0.0.1:51703
TpTrace Verbose: 0 : 11744, 5, 2024/01/15, 14:31:18.022, 77279403799, vstest.console.dll, TestRequestSender.CheckVersionWithTestHost: Sending check version message: {"MessageType":"ProtocolVersion","Payload":7}
TpTrace Verbose: 0 : 11744, 11, 2024/01/15, 14:31:18.230, 77281484772, vstest.console.dll, TcpClientExtensions.MessageLoopAsync: NotifyDataAvailable remoteEndPoint: 127.0.0.1:51704 localEndPoint: 127.0.0.1:51703
TpTrace Verbose: 0 : 11744, 11, 2024/01/15, 14:31:18.230, 77281487684, vstest.console.dll, TestRequestSender.CheckVersionWithTestHost: onMessageReceived received message: (ProtocolVersion) -> {"MessageType":"ProtocolVersion","Payload":7}
TpTrace Verbose: 0 : 11744, 11, 2024/01/15, 14:31:18.231, 77281496431, vstest.console.dll, MulticastDelegateUtilities.SafeInvoke: LengthPrefixCommunicationChannel: MessageReceived: Invoking callback 1/1 for Microsoft.VisualStudio.TestPlatform.CommunicationUtilities.TestRequestSender+<>c__DisplayClass29_0., took 0 ms.
TpTrace Verbose: 0 : 11744, 11, 2024/01/15, 14:31:18.231, 77281497976, vstest.console.dll, TcpClientExtensions.MessageLoopAsync: Polling on remoteEndPoint: 127.0.0.1:51704 localEndPoint: 127.0.0.1:51703
TpTrace Verbose: 0 : 11744, 5, 2024/01/15, 14:31:18.231, 77281498006, vstest.console.dll, TestPluginCache.GetExtensionPaths: Filtered extension paths: 
TpTrace Verbose: 0 : 11744, 5, 2024/01/15, 14:31:18.231, 77281499871, vstest.console.dll, TestPluginCache.GetExtensionPaths: Added default extension paths: C:\Program Files\dotnet\sdk\8.0.101\Extensions\Microsoft.Diagnostics.NETCore.Client.dll
C:\Program Files\dotnet\sdk\8.0.101\Extensions\Microsoft.TestPlatform.Extensions.BlameDataCollector.dll
C:\Program Files\dotnet\sdk\8.0.101\Extensions\Microsoft.TestPlatform.Extensions.EventLogCollector.dll
C:\Program Files\dotnet\sdk\8.0.101\Extensions\Microsoft.TestPlatform.TestHostRuntimeProvider.dll
C:\Program Files\dotnet\sdk\8.0.101\Extensions\Microsoft.VisualStudio.TestPlatform.Extensions.Html.TestLogger.dll
C:\Program Files\dotnet\sdk\8.0.101\Extensions\Microsoft.VisualStudio.TestPlatform.Extensions.Trx.TestLogger.dll
TpTrace Verbose: 0 : 11744, 5, 2024/01/15, 14:31:18.231, 77281500699, vstest.console.dll, TestPluginCache.GetExtensionPaths: Added unfilterableExtensionPaths: 
TpTrace Verbose: 0 : 11744, 5, 2024/01/15, 14:31:18.235, 77281542784, vstest.console.dll, TestRequestSender.InitializeExecution: Sending initialize execution with message: {"Version":7,"MessageType":"TestExecution.Initialize","Payload":["C:\\pryazha\\labs\\course_2\\semester_1\\oop\\lab_6\\Program.Tests\\bin\\Debug\\net7.0\\fine-code-coverage\\build-output\\xunit.runner.visualstudio.dotnetcore.testadapter.dll"]}
TpTrace Verbose: 0 : 11744, 5, 2024/01/15, 14:31:18.236, 77281545676, vstest.console.dll, ParallelProxyExecutionManager.StartTestRunOnConcurrentManager: Execution starting. Started clients: 1
TpTrace Verbose: 0 : 11744, 5, 2024/01/15, 14:31:18.236, 77281549544, vstest.console.dll, TestRunRequest:SendTestRunMessage: Starting.
TpTrace Verbose: 0 : 11744, 5, 2024/01/15, 14:31:18.236, 77281551876, vstest.console.dll, MulticastDelegateUtilities.SafeInvoke: TestRun.LogMessages: Invoking callback 1/1 for Microsoft.VisualStudio.TestPlatform.CommandLine.TestRunResultAggregator., took 0 ms.
TpTrace Information: 0 : 11744, 5, 2024/01/15, 14:31:18.236, 77281552465, vstest.console.dll, TestRunRequest:SendTestRunMessage: Completed.
TpTrace Verbose: 0 : 11744, 4, 2024/01/15, 14:31:18.237, 77281556488, vstest.console.dll, MulticastDelegateUtilities.SafeInvoke: InternalTestLoggerEvents.SendTestRunMessage: Invoking callback 1/1 for Microsoft.VisualStudio.TestPlatform.CommandLine.Internal.ConsoleLogger., took 0 ms.
TpTrace Warning: 0 : 11744, 5, 2024/01/15, 14:31:18.237, 77281557839, vstest.console.dll, InferRunSettingsHelper.MakeRunsettingsCompatible: Removing the following settings: TargetPlatform from RunSettings file. To use those settings please move to latest version of Microsoft.NET.Test.Sdk
TpTrace Verbose: 0 : 11744, 11, 2024/01/15, 14:31:18.241, 77281599338, vstest.console.dll, TcpClientExtensions.MessageLoopAsync: NotifyDataAvailable remoteEndPoint: 127.0.0.1:51704 localEndPoint: 127.0.0.1:51703
TpTrace Verbose: 0 : 11744, 11, 2024/01/15, 14:31:18.242, 77281605444, vstest.console.dll, TestRequestSender.OnExecutionMessageReceived: Received message: {"Version":7,"MessageType":"TestSession.Message","Payload":{"MessageLevel":0,"Message":"Logging TestHost Diagnostics in file: C:\\pryazha\\labs\\course_2\\semester_1\\oop\\lab_6\\Program.Tests\\bin\\Debug\\net7.0\\fine-code-coverage\\coverage-tool-output\\diagnostics.host.24-01-15_14-31-17_73328_5.log"}}
TpTrace Verbose: 0 : 11744, 11, 2024/01/15, 14:31:18.246, 77281644911, vstest.console.dll, TestRunRequest:SendTestRunMessage: Starting.
TpTrace Verbose: 0 : 11744, 11, 2024/01/15, 14:31:18.246, 77281646831, vstest.console.dll, MulticastDelegateUtilities.SafeInvoke: TestRun.LogMessages: Invoking callback 1/1 for Microsoft.VisualStudio.TestPlatform.CommandLine.TestRunResultAggregator., took 0 ms.
TpTrace Information: 0 : 11744, 11, 2024/01/15, 14:31:18.246, 77281647351, vstest.console.dll, TestRunRequest:SendTestRunMessage: Completed.
TpTrace Verbose: 0 : 11744, 4, 2024/01/15, 14:31:18.246, 77281647509, vstest.console.dll, MulticastDelegateUtilities.SafeInvoke: InternalTestLoggerEvents.SendTestRunMessage: Invoking callback 1/1 for Microsoft.VisualStudio.TestPlatform.CommandLine.Internal.ConsoleLogger., took 0 ms.
TpTrace Verbose: 0 : 11744, 11, 2024/01/15, 14:31:18.246, 77281647931, vstest.console.dll, MulticastDelegateUtilities.SafeInvoke: LengthPrefixCommunicationChannel: MessageReceived: Invoking callback 1/1 for Microsoft.VisualStudio.TestPlatform.CommunicationUtilities.TestRequestSender+<>c__DisplayClass34_0., took 4 ms.
TpTrace Verbose: 0 : 11744, 11, 2024/01/15, 14:31:18.246, 77281649901, vstest.console.dll, TcpClientExtensions.MessageLoopAsync: Polling on remoteEndPoint: 127.0.0.1:51704 localEndPoint: 127.0.0.1:51703
TpTrace Verbose: 0 : 11744, 5, 2024/01/15, 14:31:18.247, 77281663382, vstest.console.dll, TestRequestSender.StartTestRun: Sending test run with message: {"Version":7,"MessageType":"TestExecution.StartWithSources","Payload":{"AdapterSourceMap":{"_none_":["C:\\pryazha\\labs\\course_2\\semester_1\\oop\\lab_6\\Program.Tests\\bin\\Debug\\net7.0\\fine-code-coverage\\build-output\\Program.Tests.dll"]},"RunSettings":"<RunSettings>\r\n  <RunConfiguration>\r\n    <ResultsDirectory>C:\\pryazha\\labs\\course_2\\semester_1\\oop\\lab_6\\Program.Tests\\bin\\Debug\\net7.0\\fine-code-coverage\\coverage-tool-output</ResultsDirectory>\r\n    <TargetFrameworkVersion>.NETCoreApp,Version=v7.0</TargetFrameworkVersion>\r\n    <DesignMode>False</DesignMode>\r\n    <CollectSourceInformation>False</CollectSourceInformation>\r\n  </RunConfiguration>\r\n  <LoggerRunSettings>\r\n    <Loggers>\r\n      <Logger friendlyName=\"blame\" enabled=\"True\" />\r\n      <Logger friendlyName=\"Console\" uri=\"logger://microsoft/TestPlatform/ConsoleLogger/v1\" assemblyQualifiedName=\"Microsoft.VisualStudio.TestPlatform.CommandLine.Internal.ConsoleLogger, vstest.console, Version=15.0.0.0, Culture=neutral, PublicKeyToken=b03f5f7f11d50a3a\" codeBase=\"C:\\Program Files\\dotnet\\sdk\\8.0.101\\vstest.console.dll\" enabled=\"True\" />\r\n    </Loggers>\r\n  </LoggerRunSettings>\r\n  <DataCollectionRunSettings>\r\n    <DataCollectors>\r\n      <DataCollector friendlyName=\"blame\" enabled=\"True\">\r\n        <Configuration>\r\n          <ResultsDirectory>C:\\pryazha\\labs\\course_2\\semester_1\\oop\\lab_6\\Program.Tests\\bin\\Debug\\net7.0\\fine-code-coverage\\coverage-tool-output</ResultsDirectory>\r\n        </Configuration>\r\n      </DataCollector>\r\n    </DataCollectors>\r\n  </DataCollectionRunSettings>\r\n</RunSettings>","TestExecutionContext":{"FrequencyOfRunStatsChangeEvent":10,"RunStatsChangeEventTimeout":"00:00:01.5000000","InIsolation":false,"KeepAlive":false,"AreTestCaseLevelEventsRequired":false,"IsDebug":false,"TestCaseFilter":null,"FilterOptions":null},"Package":null}}
TpTrace Verbose: 0 : 11744, 5, 2024/01/15, 14:31:18.248, 77281665908, vstest.console.dll, ParallelProxyExecutionManager.StartTestRunOnConcurrentManager: Execution started. Started clients: 1
TpTrace Verbose: 0 : 11744, 11, 2024/01/15, 14:31:18.477, 77283954090, vstest.console.dll, TcpClientExtensions.MessageLoopAsync: NotifyDataAvailable remoteEndPoint: 127.0.0.1:51704 localEndPoint: 127.0.0.1:51703
TpTrace Verbose: 0 : 11744, 11, 2024/01/15, 14:31:18.477, 77283956886, vstest.console.dll, TestRequestSender.OnExecutionMessageReceived: Received message: {"Version":7,"MessageType":"TestSession.Message","Payload":{"MessageLevel":0,"Message":"[xUnit.net 00:00:00.00] xUnit.net VSTest Adapter v2.4.5+1caef2f33e (64-bit .NET 7.0.15)"}}
TpTrace Verbose: 0 : 11744, 11, 2024/01/15, 14:31:18.477, 77283959950, vstest.console.dll, TestRunRequest:SendTestRunMessage: Starting.
TpTrace Verbose: 0 : 11744, 11, 2024/01/15, 14:31:18.477, 77283960906, vstest.console.dll, MulticastDelegateUtilities.SafeInvoke: TestRun.LogMessages: Invoking callback 1/1 for Microsoft.VisualStudio.TestPlatform.CommandLine.TestRunResultAggregator., took 0 ms.
TpTrace Information: 0 : 11744, 11, 2024/01/15, 14:31:18.477, 77283961453, vstest.console.dll, TestRunRequest:SendTestRunMessage: Completed.
TpTrace Verbose: 0 : 11744, 4, 2024/01/15, 14:31:18.477, 77283961490, vstest.console.dll, MulticastDelegateUtilities.SafeInvoke: InternalTestLoggerEvents.SendTestRunMessage: Invoking callback 1/1 for Microsoft.VisualStudio.TestPlatform.CommandLine.Internal.ConsoleLogger., took 0 ms.
TpTrace Verbose: 0 : 11744, 11, 2024/01/15, 14:31:18.477, 77283961984, vstest.console.dll, MulticastDelegateUtilities.SafeInvoke: LengthPrefixCommunicationChannel: MessageReceived: Invoking callback 1/1 for Microsoft.VisualStudio.TestPlatform.CommunicationUtilities.TestRequestSender+<>c__DisplayClass34_0., took 0 ms.
TpTrace Verbose: 0 : 11744, 11, 2024/01/15, 14:31:18.478, 77283964166, vstest.console.dll, TcpClientExtensions.MessageLoopAsync: Polling on remoteEndPoint: 127.0.0.1:51704 localEndPoint: 127.0.0.1:51703
TpTrace Verbose: 0 : 11744, 11, 2024/01/15, 14:31:19.163, 77290821737, vstest.console.dll, TcpClientExtensions.MessageLoopAsync: NotifyDataAvailable remoteEndPoint: 127.0.0.1:51704 localEndPoint: 127.0.0.1:51703
TpTrace Verbose: 0 : 11744, 11, 2024/01/15, 14:31:19.164, 77290824809, vstest.console.dll, TestRequestSender.OnExecutionMessageReceived: Received message: {"Version":7,"MessageType":"TestSession.Message","Payload":{"MessageLevel":0,"Message":"[xUnit.net 00:00:00.69]   Discovering: Program.Tests"}}
TpTrace Verbose: 0 : 11744, 11, 2024/01/15, 14:31:19.164, 77290827139, vstest.console.dll, TestRunRequest:SendTestRunMessage: Starting.
TpTrace Verbose: 0 : 11744, 11, 2024/01/15, 14:31:19.164, 77290828163, vstest.console.dll, MulticastDelegateUtilities.SafeInvoke: TestRun.LogMessages: Invoking callback 1/1 for Microsoft.VisualStudio.TestPlatform.CommandLine.TestRunResultAggregator., took 0 ms.
TpTrace Verbose: 0 : 11744, 4, 2024/01/15, 14:31:19.164, 77290828654, vstest.console.dll, MulticastDelegateUtilities.SafeInvoke: InternalTestLoggerEvents.SendTestRunMessage: Invoking callback 1/1 for Microsoft.VisualStudio.TestPlatform.CommandLine.Internal.ConsoleLogger., took 0 ms.
TpTrace Information: 0 : 11744, 11, 2024/01/15, 14:31:19.164, 77290828743, vstest.console.dll, TestRunRequest:SendTestRunMessage: Completed.
TpTrace Verbose: 0 : 11744, 11, 2024/01/15, 14:31:19.164, 77290830753, vstest.console.dll, MulticastDelegateUtilities.SafeInvoke: LengthPrefixCommunicationChannel: MessageReceived: Invoking callback 1/1 for Microsoft.VisualStudio.TestPlatform.CommunicationUtilities.TestRequestSender+<>c__DisplayClass34_0., took 0 ms.
TpTrace Verbose: 0 : 11744, 11, 2024/01/15, 14:31:19.164, 77290831706, vstest.console.dll, TcpClientExtensions.MessageLoopAsync: Polling on remoteEndPoint: 127.0.0.1:51704 localEndPoint: 127.0.0.1:51703
TpTrace Verbose: 0 : 11744, 11, 2024/01/15, 14:31:19.234, 77291528066, vstest.console.dll, TcpClientExtensions.MessageLoopAsync: NotifyDataAvailable remoteEndPoint: 127.0.0.1:51704 localEndPoint: 127.0.0.1:51703
TpTrace Verbose: 0 : 11744, 11, 2024/01/15, 14:31:19.234, 77291530484, vstest.console.dll, TestRequestSender.OnExecutionMessageReceived: Received message: {"Version":7,"MessageType":"TestSession.Message","Payload":{"MessageLevel":0,"Message":"[xUnit.net 00:00:00.76]   Discovered:  Program.Tests"}}
TpTrace Verbose: 0 : 11744, 11, 2024/01/15, 14:31:19.234, 77291532505, vstest.console.dll, TestRunRequest:SendTestRunMessage: Starting.
TpTrace Verbose: 0 : 11744, 11, 2024/01/15, 14:31:19.234, 77291533434, vstest.console.dll, MulticastDelegateUtilities.SafeInvoke: TestRun.LogMessages: Invoking callback 1/1 for Microsoft.VisualStudio.TestPlatform.CommandLine.TestRunResultAggregator., took 0 ms.
TpTrace Information: 0 : 11744, 11, 2024/01/15, 14:31:19.235, 77291534018, vstest.console.dll, TestRunRequest:SendTestRunMessage: Completed.
TpTrace Verbose: 0 : 11744, 4, 2024/01/15, 14:31:19.235, 77291533931, vstest.console.dll, MulticastDelegateUtilities.SafeInvoke: InternalTestLoggerEvents.SendTestRunMessage: Invoking callback 1/1 for Microsoft.VisualStudio.TestPlatform.CommandLine.Internal.ConsoleLogger., took 0 ms.
TpTrace Verbose: 0 : 11744, 11, 2024/01/15, 14:31:19.235, 77291534449, vstest.console.dll, MulticastDelegateUtilities.SafeInvoke: LengthPrefixCommunicationChannel: MessageReceived: Invoking callback 1/1 for Microsoft.VisualStudio.TestPlatform.CommunicationUtilities.TestRequestSender+<>c__DisplayClass34_0., took 0 ms.
TpTrace Verbose: 0 : 11744, 11, 2024/01/15, 14:31:19.235, 77291536701, vstest.console.dll, TcpClientExtensions.MessageLoopAsync: Polling on remoteEndPoint: 127.0.0.1:51704 localEndPoint: 127.0.0.1:51703
TpTrace Verbose: 0 : 11744, 11, 2024/01/15, 14:31:19.239, 77291575252, vstest.console.dll, TcpClientExtensions.MessageLoopAsync: NotifyDataAvailable remoteEndPoint: 127.0.0.1:51704 localEndPoint: 127.0.0.1:51703
TpTrace Verbose: 0 : 11744, 11, 2024/01/15, 14:31:19.239, 77291576803, vstest.console.dll, TestRequestSender.OnExecutionMessageReceived: Received message: {"Version":7,"MessageType":"TestSession.Message","Payload":{"MessageLevel":0,"Message":"[xUnit.net 00:00:00.76]   Starting:    Program.Tests"}}
TpTrace Verbose: 0 : 11744, 11, 2024/01/15, 14:31:19.239, 77291578454, vstest.console.dll, TestRunRequest:SendTestRunMessage: Starting.
TpTrace Verbose: 0 : 11744, 11, 2024/01/15, 14:31:19.239, 77291579439, vstest.console.dll, MulticastDelegateUtilities.SafeInvoke: TestRun.LogMessages: Invoking callback 1/1 for Microsoft.VisualStudio.TestPlatform.CommandLine.TestRunResultAggregator., took 0 ms.
TpTrace Verbose: 0 : 11744, 4, 2024/01/15, 14:31:19.239, 77291579824, vstest.console.dll, MulticastDelegateUtilities.SafeInvoke: InternalTestLoggerEvents.SendTestRunMessage: Invoking callback 1/1 for Microsoft.VisualStudio.TestPlatform.CommandLine.Internal.ConsoleLogger., took 0 ms.
TpTrace Information: 0 : 11744, 11, 2024/01/15, 14:31:19.239, 77291580006, vstest.console.dll, TestRunRequest:SendTestRunMessage: Completed.
TpTrace Verbose: 0 : 11744, 11, 2024/01/15, 14:31:19.239, 77291581955, vstest.console.dll, MulticastDelegateUtilities.SafeInvoke: LengthPrefixCommunicationChannel: MessageReceived: Invoking callback 1/1 for Microsoft.VisualStudio.TestPlatform.CommunicationUtilities.TestRequestSender+<>c__DisplayClass34_0., took 0 ms.
TpTrace Verbose: 0 : 11744, 11, 2024/01/15, 14:31:19.239, 77291582638, vstest.console.dll, TcpClientExtensions.MessageLoopAsync: Polling on remoteEndPoint: 127.0.0.1:51704 localEndPoint: 127.0.0.1:51703
TpTrace Verbose: 0 : 11744, 11, 2024/01/15, 14:31:19.455, 77293736168, vstest.console.dll, TcpClientExtensions.MessageLoopAsync: NotifyDataAvailable remoteEndPoint: 127.0.0.1:51704 localEndPoint: 127.0.0.1:51703
TpTrace Verbose: 0 : 11744, 11, 2024/01/15, 14:31:19.455, 77293741874, vstest.console.dll, TestRequestSender.OnExecutionMessageReceived: Received message: {"Version":7,"MessageType":"TestExecution.StatsChange","Payload":{"NewTestResults":[{"TestCase":{"Id":"7f457f2b-d021-9cc0-d74c-7fdb2427dc62","FullyQualifiedName":"ProgramTests.ProgramTest.Program_FindShortestId_ReturnsValidId","DisplayName":"ProgramTests.ProgramTest.Program_FindShortestId_ReturnsValidId(input: \"This is text.\", expected: \"is\")","ExecutorUri":"executor://xunit/VsTestRunner2/netcoreapp","Source":"C:\\pryazha\\labs\\course_2\\semester_1\\oop\\lab_6\\Program.Tests\\bin\\Debug\\net7.0\\fine-code-coverage\\build-output\\Program.Tests.dll","CodeFilePath":null,"LineNumber":0,"Properties":[]},"Attachments":[],"Outcome":1,"ErrorMessage":null,"ErrorStackTrace":null,"DisplayName":"ProgramTests.ProgramTest.Program_FindShortestId_ReturnsValidId(input: \"This is text.\", expected: \"is\")","Messages":[],"ComputerName":"WIN-9PJ6D3I9SIT","Duration":"00:00:00.0092247","StartTime":"2024-01-15T09:31:19.3440701+00:00","EndTime":"2024-01-15T09:31:19.3441134+00:00","Properties":[]},{"TestCase":{"Id":"0e2d72c5-20b0-d58c-46e9-af720701cd4d","FullyQualifiedName":"ProgramTests.ProgramTest.Program_FindShortestId_ReturnsValidId","DisplayName":"ProgramTests.ProgramTest.Program_FindShortestId_ReturnsValidId(input: \".9840 435 328u9\", expected: \"\")","ExecutorUri":"executor://xunit/VsTestRunner2/netcoreapp","Source":"C:\\pryazha\\labs\\course_2\\semester_1\\oop\\lab_6\\Program.Tests\\bin\\Debug\\net7.0\\fine-code-coverage\\build-output\\Program.Tests.dll","CodeFilePath":null,"LineNumber":0,"Properties":[]},"Attachments":[],"Outcome":1,"ErrorMessage":null,"ErrorStackTrace":null,"DisplayName":"ProgramTests.ProgramTest.Program_FindShortestId_ReturnsValidId(input: \".9840 435 328u9\", expected: \"\")","Messages":[],"ComputerName":"WIN-9PJ6D3I9SIT","Duration":"00:00:00.0010167","StartTime":"2024-01-15T09:31:19.3786257+00:00","EndTime":"2024-01-15T09:31:19.3786258+00:00","Properties":[]},{"TestCase":{"Id":"37ed0181-6450-140f-baa8-2e052ed374c8","FullyQualifiedName":"ProgramTests.ProgramTest.Program_FindShortestId_ReturnsValidId","DisplayName":"ProgramTests.ProgramTest.Program_FindShortestId_ReturnsValidId(input: \"abc\", expected: \"abc\")","ExecutorUri":"executor://xunit/VsTestRunner2/netcoreapp","Source":"C:\\pryazha\\labs\\course_2\\semester_1\\oop\\lab_6\\Program.Tests\\bin\\Debug\\net7.0\\fine-code-coverage\\build-output\\Program.Tests.dll","CodeFilePath":null,"LineNumber":0,"Properties":[]},"Attachments":[],"Outcome":1,"ErrorMessage":null,"ErrorStackTrace":null,"DisplayName":"ProgramTests.ProgramTest.Program_FindShortestId_ReturnsValidId(input: \"abc\", expected: \"abc\")","Messages":[],"ComputerName":"WIN-9PJ6D3I9SIT","Duration":"00:00:00.0001419","StartTime":"2024-01-15T09:31:19.3860319+00:00","EndTime":"2024-01-15T09:31:19.3860321+00:00","Properties":[]},{"TestCase":{"Id":"6621f7a6-cdac-206e-0206-356b00aaa5c0","FullyQualifiedName":"ProgramTests.ProgramTest.Program_FindShortestId_ReturnsValidId","DisplayName":"ProgramTests.ProgramTest.Program_FindShortestId_ReturnsValidId(input: \"Variable1, _var, size, _Column_Count_\", expected: \"_var\")","ExecutorUri":"executor://xunit/VsTestRunner2/netcoreapp","Source":"C:\\pryazha\\labs\\course_2\\semester_1\\oop\\lab_6\\Program.Tests\\bin\\Debug\\net7.0\\fine-code-coverage\\build-output\\Program.Tests.dll","CodeFilePath":null,"LineNumber":0,"Properties":[]},"Attachments":[],"Outcome":1,"ErrorMessage":null,"ErrorStackTrace":null,"DisplayName":"ProgramTests.ProgramTest.Program_FindShortestId_ReturnsValidId(input: \"Variable1, _var, size, _Column_Count_\", expected: \"_var\")","Messages":[],"ComputerName":"WIN-9PJ6D3I9SIT","Duration":"00:00:00.0000454","StartTime":"2024-01-15T09:31:19.3906421+00:00","EndTime":"2024-01-15T09:31:19.3906422+00:00","Properties":[]},{"TestCase":{"Id":"22d55872-f585-ea52-de9f-77a10e25caed","FullyQualifiedName":"ProgramTests.ProgramTest.Program_FindShortestId_ReturnsValidId","DisplayName":"ProgramTests.ProgramTest.Program_FindShortestId_ReturnsValidId(input: \"Some text. _s\", expected: \"_s\")","ExecutorUri":"executor://xunit/VsTestRunner2/netcoreapp","Source":"C:\\pryazha\\labs\\course_2\\semester_1\\oop\\lab_6\\Program.Tests\\bin\\Debug\\net7.0\\fine-code-coverage\\build-output\\Program.Tests.dll","CodeFilePath":null,"LineNumber":0,"Properties":[]},"Attachments":[],"Outcome":1,"ErrorMessage":null,"ErrorStackTrace":null,"DisplayName":"ProgramTests.ProgramTest.Program_FindShortestId_ReturnsValidId(input: \"Some text. _s\", expected: \"_s\")","Messages":[],"ComputerName":"WIN-9PJ6D3I9SIT","Duration":"00:00:00.0000248","StartTime":"2024-01-15T09:31:19.394644+00:00","EndTime":"2024-01-15T09:31:19.3946442+00:00","Properties":[]},{"TestCase":{"Id":"232d81fb-1b49-68e1-b4a4-65e05dab7bd1","FullyQualifiedName":"ProgramTests.ProgramTest.Program_FindShortestId_ReturnsEmptyString","DisplayName":"ProgramTests.ProgramTest.Program_FindShortestId_ReturnsEmptyString","ExecutorUri":"executor://xunit/VsTestRunner2/netcoreapp","Source":"C:\\pryazha\\labs\\course_2\\semester_1\\oop\\lab_6\\Program.Tests\\bin\\Debug\\net7.0\\fine-code-coverage\\build-output\\Program.Tests.dll","CodeFilePath":null,"LineNumber":0,"Properties":[]},"Attachments":[],"Outcome":1,"ErrorMessage":null,"ErrorStackTrace":null,"DisplayName":"ProgramTests.ProgramTest.Program_FindShortestId_ReturnsEmptyString","Messages":[],"ComputerName":"WIN-9PJ6D3I9SIT","Duration":"00:00:00.0002108","StartTime":"2024-01-15T09:31:19.3982685+00:00","EndTime":"2024-01-15T09:31:19.3982686+00:00","Properties":[]},{"TestCase":{"Id":"abd17757-adcd-07fc-d6f2-a1e40ff5fd46","FullyQualifiedName":"ProgramTests.ProgramTest.Program_DeleteColumn_ReturnsArr","DisplayName":"ProgramTests.ProgramTest.Program_DeleteColumn_ReturnsArr","ExecutorUri":"executor://xunit/VsTestRunner2/netcoreapp","Source":"C:\\pryazha\\labs\\course_2\\semester_1\\oop\\lab_6\\Program.Tests\\bin\\Debug\\net7.0\\fine-code-coverage\\build-output\\Program.Tests.dll","CodeFilePath":null,"LineNumber":0,"Properties":[]},"Attachments":[],"Outcome":1,"ErrorMessage":null,"ErrorStackTrace":null,"DisplayName":"ProgramTests.ProgramTest.Program_DeleteColumn_ReturnsArr","Messages":[],"ComputerName":"WIN-9PJ6D3I9SIT","Duration":"00:00:00.0086575","StartTime":"2024-01-15T09:31:19.4023733+00:00","EndTime":"2024-01-15T09:31:19.4023734+00:00","Properties":[]},{"TestCase":{"Id":"86e48957-dd63-cde5-e4ab-09848b1e3329","FullyQualifiedName":"ProgramTests.ProgramTest.Program_GenerateRandomString_ReturnsValidString","DisplayName":"ProgramTests.ProgramTest.Program_GenerateRandomString_ReturnsValidString","ExecutorUri":"executor://xunit/VsTestRunner2/netcoreapp","Source":"C:\\pryazha\\labs\\course_2\\semester_1\\oop\\lab_6\\Program.Tests\\bin\\Debug\\net7.0\\fine-code-coverage\\build-output\\Program.Tests.dll","CodeFilePath":null,"LineNumber":0,"Properties":[]},"Attachments":[],"Outcome":1,"ErrorMessage":null,"ErrorStackTrace":null,"DisplayName":"ProgramTests.ProgramTest.Program_GenerateRandomString_ReturnsValidString","Messages":[],"ComputerName":"WIN-9PJ6D3I9SIT","Duration":"00:00:00.0034707","StartTime":"2024-01-15T09:31:19.4062159+00:00","EndTime":"2024-01-15T09:31:19.406216+00:00","Properties":[]},{"TestCase":{"Id":"fc04e14d-9a8e-0eb0-1172-c8fa93cfb5cd","FullyQualifiedName":"ProgramTests.ProgramTest.Program_GenerateRandomString_ReturnsEmptyString","DisplayName":"ProgramTests.ProgramTest.Program_GenerateRandomString_ReturnsEmptyString","ExecutorUri":"executor://xunit/VsTestRunner2/netcoreapp","Source":"C:\\pryazha\\labs\\course_2\\semester_1\\oop\\lab_6\\Program.Tests\\bin\\Debug\\net7.0\\fine-code-coverage\\build-output\\Program.Tests.dll","CodeFilePath":null,"LineNumber":0,"Properties":[]},"Attachments":[],"Outcome":1,"ErrorMessage":null,"ErrorStackTrace":null,"DisplayName":"ProgramTests.ProgramTest.Program_GenerateRandomString_ReturnsEmptyString","Messages":[],"ComputerName":"WIN-9PJ6D3I9SIT","Duration":"00:00:00.0002754","StartTime":"2024-01-15T09:31:19.4104737+00:00","EndTime":"2024-01-15T09:31:19.4104738+00:00","Properties":[]}],"TestRunStatistics":{"ExecutedTests":9,"Stats":{"Passed":9}},"ActiveTests":[{"Id":"9d147701-7830-f009-dfd9-1a992914304d","FullyQualifiedName":"ProgramTests.ProgramTest.Program_FindLastMinColumn_ReturnsErr","DisplayName":"ProgramTests.ProgramTest.Program_FindLastMinColumn_ReturnsErr","ExecutorUri":"executor://xunit/VsTestRunner2/netcoreapp","Source":"C:\\pryazha\\labs\\course_2\\semester_1\\oop\\lab_6\\Program.Tests\\bin\\Debug\\net7.0\\fine-code-coverage\\build-output\\Program.Tests.dll","CodeFilePath":null,"LineNumber":0,"Properties":[]}]}}
TpTrace Verbose: 0 : 11744, 11, 2024/01/15, 14:31:19.492, 77294107720, vstest.console.dll, TestRunRequest:SendTestRunStatsChange: Starting.
TpTrace Verbose: 0 : 11744, 11, 2024/01/15, 14:31:19.492, 77294110003, vstest.console.dll, InProgress is ProgramTests.ProgramTest.Program_FindLastMinColumn_ReturnsErr
TpTrace Verbose: 0 : 11744, 11, 2024/01/15, 14:31:19.492, 77294112827, vstest.console.dll, MulticastDelegateUtilities.SafeInvoke: TestRun.RunStatsChanged: Invoking callbacks was skipped because there are no subscribers.
TpTrace Information: 0 : 11744, 11, 2024/01/15, 14:31:19.492, 77294113383, vstest.console.dll, TestRunRequest:SendTestRunStatsChange: Completed.
TpTrace Verbose: 0 : 11744, 11, 2024/01/15, 14:31:19.493, 77294114051, vstest.console.dll, MulticastDelegateUtilities.SafeInvoke: LengthPrefixCommunicationChannel: MessageReceived: Invoking callback 1/1 for Microsoft.VisualStudio.TestPlatform.CommunicationUtilities.TestRequestSender+<>c__DisplayClass34_0., took 37 ms.
TpTrace Verbose: 0 : 11744, 11, 2024/01/15, 14:31:19.493, 77294114607, vstest.console.dll, TcpClientExtensions.MessageLoopAsync: Polling on remoteEndPoint: 127.0.0.1:51704 localEndPoint: 127.0.0.1:51703
TpTrace Verbose: 0 : 11744, 11, 2024/01/15, 14:31:19.493, 77294115217, vstest.console.dll, TcpClientExtensions.MessageLoopAsync: NotifyDataAvailable remoteEndPoint: 127.0.0.1:51704 localEndPoint: 127.0.0.1:51703
TpTrace Verbose: 0 : 11744, 11, 2024/01/15, 14:31:19.493, 77294116114, vstest.console.dll, TestRequestSender.OnExecutionMessageReceived: Received message: {"Version":7,"MessageType":"TestSession.Message","Payload":{"MessageLevel":0,"Message":"[xUnit.net 00:00:00.99]   Finished:    Program.Tests"}}
TpTrace Verbose: 0 : 11744, 11, 2024/01/15, 14:31:19.493, 77294117621, vstest.console.dll, TestRunRequest:SendTestRunMessage: Starting.
TpTrace Verbose: 0 : 11744, 11, 2024/01/15, 14:31:19.493, 77294118273, vstest.console.dll, MulticastDelegateUtilities.SafeInvoke: TestRun.LogMessages: Invoking callback 1/1 for Microsoft.VisualStudio.TestPlatform.CommandLine.TestRunResultAggregator., took 0 ms.
TpTrace Information: 0 : 11744, 11, 2024/01/15, 14:31:19.493, 77294118662, vstest.console.dll, TestRunRequest:SendTestRunMessage: Completed.
TpTrace Verbose: 0 : 11744, 11, 2024/01/15, 14:31:19.493, 77294119129, vstest.console.dll, MulticastDelegateUtilities.SafeInvoke: LengthPrefixCommunicationChannel: MessageReceived: Invoking callback 1/1 for Microsoft.VisualStudio.TestPlatform.CommunicationUtilities.TestRequestSender+<>c__DisplayClass34_0., took 0 ms.
TpTrace Verbose: 0 : 11744, 11, 2024/01/15, 14:31:19.493, 77294119543, vstest.console.dll, TcpClientExtensions.MessageLoopAsync: Polling on remoteEndPoint: 127.0.0.1:51704 localEndPoint: 127.0.0.1:51703
TpTrace Verbose: 0 : 11744, 4, 2024/01/15, 14:31:19.497, 77294158643, vstest.console.dll, MulticastDelegateUtilities.SafeInvoke: InternalTestLoggerEvents.SendTestResult: Invoking callback 1/1 for Microsoft.VisualStudio.TestPlatform.CommandLine.Internal.ConsoleLogger., took 4 ms.
TpTrace Verbose: 0 : 11744, 4, 2024/01/15, 14:31:19.497, 77294163479, vstest.console.dll, MulticastDelegateUtilities.SafeInvoke: InternalTestLoggerEvents.SendTestResult: Invoking callback 1/1 for Microsoft.VisualStudio.TestPlatform.CommandLine.Internal.ConsoleLogger., took 0 ms.
TpTrace Verbose: 0 : 11744, 4, 2024/01/15, 14:31:19.498, 77294164450, vstest.console.dll, MulticastDelegateUtilities.SafeInvoke: InternalTestLoggerEvents.SendTestResult: Invoking callback 1/1 for Microsoft.VisualStudio.TestPlatform.CommandLine.Internal.ConsoleLogger., took 0 ms.
TpTrace Verbose: 0 : 11744, 4, 2024/01/15, 14:31:19.498, 77294165176, vstest.console.dll, MulticastDelegateUtilities.SafeInvoke: InternalTestLoggerEvents.SendTestResult: Invoking callback 1/1 for Microsoft.VisualStudio.TestPlatform.CommandLine.Internal.ConsoleLogger., took 0 ms.
TpTrace Verbose: 0 : 11744, 4, 2024/01/15, 14:31:19.498, 77294165700, vstest.console.dll, MulticastDelegateUtilities.SafeInvoke: InternalTestLoggerEvents.SendTestResult: Invoking callback 1/1 for Microsoft.VisualStudio.TestPlatform.CommandLine.Internal.ConsoleLogger., took 0 ms.
TpTrace Verbose: 0 : 11744, 4, 2024/01/15, 14:31:19.498, 77294166248, vstest.console.dll, MulticastDelegateUtilities.SafeInvoke: InternalTestLoggerEvents.SendTestResult: Invoking callback 1/1 for Microsoft.VisualStudio.TestPlatform.CommandLine.Internal.ConsoleLogger., took 0 ms.
TpTrace Verbose: 0 : 11744, 4, 2024/01/15, 14:31:19.498, 77294166922, vstest.console.dll, MulticastDelegateUtilities.SafeInvoke: InternalTestLoggerEvents.SendTestResult: Invoking callback 1/1 for Microsoft.VisualStudio.TestPlatform.CommandLine.Internal.ConsoleLogger., took 0 ms.
TpTrace Verbose: 0 : 11744, 4, 2024/01/15, 14:31:19.498, 77294167475, vstest.console.dll, MulticastDelegateUtilities.SafeInvoke: InternalTestLoggerEvents.SendTestResult: Invoking callback 1/1 for Microsoft.VisualStudio.TestPlatform.CommandLine.Internal.ConsoleLogger., took 0 ms.
TpTrace Verbose: 0 : 11744, 4, 2024/01/15, 14:31:19.498, 77294167995, vstest.console.dll, MulticastDelegateUtilities.SafeInvoke: InternalTestLoggerEvents.SendTestResult: Invoking callback 1/1 for Microsoft.VisualStudio.TestPlatform.CommandLine.Internal.ConsoleLogger., took 0 ms.
TpTrace Verbose: 0 : 11744, 4, 2024/01/15, 14:31:19.498, 77294168607, vstest.console.dll, MulticastDelegateUtilities.SafeInvoke: InternalTestLoggerEvents.SendTestRunMessage: Invoking callback 1/1 for Microsoft.VisualStudio.TestPlatform.CommandLine.Internal.ConsoleLogger., took 0 ms.
TpTrace Verbose: 0 : 11744, 11, 2024/01/15, 14:31:19.506, 77294244160, vstest.console.dll, TcpClientExtensions.MessageLoopAsync: NotifyDataAvailable remoteEndPoint: 127.0.0.1:51704 localEndPoint: 127.0.0.1:51703
TpTrace Verbose: 0 : 11744, 11, 2024/01/15, 14:31:19.506, 77294246813, vstest.console.dll, TestRequestSender.OnExecutionMessageReceived: Received message: {"Version":7,"MessageType":"TestExecution.Completed","Payload":{"TestRunCompleteArgs":{"TestRunStatistics":{"ExecutedTests":12,"Stats":{"Passed":12}},"IsCanceled":false,"IsAborted":false,"Error":null,"AttachmentSets":[],"InvokedDataCollectors":[],"ElapsedTimeInRunningTests":"00:00:01.0152707","Metrics":{},"DiscoveredExtensions":{"TestDiscoverers":["Xunit.Runner.VisualStudio.VsTestRunner, xunit.runner.visualstudio.dotnetcore.testadapter, Version=2.4.0.0, Culture=neutral, PublicKeyToken=8d05b1bb7a6fdb6c"],"TestExecutors":["executor://xunit/VsTestRunner2/netcoreapp"],"TestExecutors2":[],"TestSettingsProviders":[]}},"LastRunTests":{"NewTestResults":[{"TestCase":{"Id":"9d147701-7830-f009-dfd9-1a992914304d","FullyQualifiedName":"ProgramTests.ProgramTest.Program_FindLastMinColumn_ReturnsErr","DisplayName":"ProgramTests.ProgramTest.Program_FindLastMinColumn_ReturnsErr","ExecutorUri":"executor://xunit/VsTestRunner2/netcoreapp","Source":"C:\\pryazha\\labs\\course_2\\semester_1\\oop\\lab_6\\Program.Tests\\bin\\Debug\\net7.0\\fine-code-coverage\\build-output\\Program.Tests.dll","CodeFilePath":null,"LineNumber":0,"Properties":[]},"Attachments":[],"Outcome":1,"ErrorMessage":null,"ErrorStackTrace":null,"DisplayName":"ProgramTests.ProgramTest.Program_FindLastMinColumn_ReturnsErr","Messages":[],"ComputerName":"WIN-9PJ6D3I9SIT","Duration":"00:00:00.0007588","StartTime":"2024-01-15T09:31:19.4575052+00:00","EndTime":"2024-01-15T09:31:19.4575053+00:00","Properties":[]},{"TestCase":{"Id":"0f5c667f-7151-e61c-38ca-bcc40a45035a","FullyQualifiedName":"ProgramTests.ProgramTest.Program_FindLastMinColumn_ReturnsValidColumn","DisplayName":"ProgramTests.ProgramTest.Program_FindLastMinColumn_ReturnsValidColumn","ExecutorUri":"executor://xunit/VsTestRunner2/netcoreapp","Source":"C:\\pryazha\\labs\\course_2\\semester_1\\oop\\lab_6\\Program.Tests\\bin\\Debug\\net7.0\\fine-code-coverage\\build-output\\Program.Tests.dll","CodeFilePath":null,"LineNumber":0,"Properties":[]},"Attachments":[],"Outcome":1,"ErrorMessage":null,"ErrorStackTrace":null,"DisplayName":"ProgramTests.ProgramTest.Program_FindLastMinColumn_ReturnsValidColumn","Messages":[],"ComputerName":"WIN-9PJ6D3I9SIT","Duration":"00:00:00.0003283","StartTime":"2024-01-15T09:31:19.4621047+00:00","EndTime":"2024-01-15T09:31:19.4621048+00:00","Properties":[]},{"TestCase":{"Id":"200dcc69-41a5-fcde-2584-2a74008a900f","FullyQualifiedName":"ProgramTests.ProgramTest.Program_DeleteColumn_ReturnsErr","DisplayName":"ProgramTests.ProgramTest.Program_DeleteColumn_ReturnsErr","ExecutorUri":"executor://xunit/VsTestRunner2/netcoreapp","Source":"C:\\pryazha\\labs\\course_2\\semester_1\\oop\\lab_6\\Program.Tests\\bin\\Debug\\net7.0\\fine-code-coverage\\build-output\\Program.Tests.dll","CodeFilePath":null,"LineNumber":0,"Properties":[]},"Attachments":[],"Outcome":1,"ErrorMessage":null,"ErrorStackTrace":null,"DisplayName":"ProgramTests.ProgramTest.Program_DeleteColumn_ReturnsErr","Messages":[],"ComputerName":"WIN-9PJ6D3I9SIT","Duration":"00:00:00.0003735","StartTime":"2024-01-15T09:31:19.4660572+00:00","EndTime":"2024-01-15T09:31:19.4660573+00:00","Properties":[]}],"TestRunStatistics":{"ExecutedTests":12,"Stats":{"Passed":12}},"ActiveTests":[]},"RunAttachments":[],"ExecutorUris":["executor://xunit/VsTestRunner2/netcoreapp"]}}
TpTrace Verbose: 0 : 11744, 11, 2024/01/15, 14:31:19.506, 77294248461, vstest.console.dll, TestRequestSender.EndSession: Sending end session.
TpTrace Verbose: 0 : 11744, 11, 2024/01/15, 14:31:19.506, 77294251258, vstest.console.dll, ProxyOperationManager.Close: waiting for test host to exit for 100 ms
TpTrace Verbose: 0 : 11744, 12, 2024/01/15, 14:31:19.538, 77294565972, vstest.console.dll, TestHostManagerCallbacks.ctor: Experimental forwarding output is disabled.
TpTrace Warning: 0 : 11744, 12, 2024/01/15, 14:31:19.538, 77294567341, vstest.console.dll, TestHostManagerCallbacks.ErrorReceivedCallback Test host standard error line: 
TpTrace Verbose: 0 : 11744, 12, 2024/01/15, 14:31:19.556, 77294750822, vstest.console.dll, TestHostProvider.ExitCallBack: Host exited starting callback.
TpTrace Information: 0 : 11744, 12, 2024/01/15, 14:31:19.556, 77294753355, vstest.console.dll, TestHostManagerCallbacks.ExitCallBack: Testhost processId: 11288 exited with exitcode: 0 error: ''
TpTrace Verbose: 0 : 11744, 12, 2024/01/15, 14:31:19.557, 77294753986, vstest.console.dll, DotnetTestHostManager.OnHostExited: invoking OnHostExited callback
TpTrace Verbose: 0 : 11744, 12, 2024/01/15, 14:31:19.557, 77294755134, vstest.console.dll, CrossPlatEngine.TestHostManagerHostExited: calling on client process exit callback.
TpTrace Information: 0 : 11744, 12, 2024/01/15, 14:31:19.557, 77294755962, vstest.console.dll, TestRequestSender.OnClientProcessExit: Test host process exited. Standard error: 
TpTrace Information: 0 : 11744, 12, 2024/01/15, 14:31:19.557, 77294756526, vstest.console.dll, SocketServer.Stop: Stop server endPoint: 127.0.0.1:51703
TpTrace Information: 0 : 11744, 12, 2024/01/15, 14:31:19.557, 77294756885, vstest.console.dll, SocketServer.Stop: Cancellation requested. Stopping message loop.
TpTrace Information: 0 : 11744, 11, 2024/01/15, 14:31:19.557, 77294756861, vstest.console.dll, SocketServer.Stop: Stop server endPoint: 127.0.0.1:51703
TpTrace Information: 0 : 11744, 11, 2024/01/15, 14:31:19.557, 77294758362, vstest.console.dll, SocketServer.Stop: Cancellation requested. Stopping message loop.
TpTrace Verbose: 0 : 11744, 12, 2024/01/15, 14:31:19.557, 77294758446, vstest.console.dll, MulticastDelegateUtilities.SafeInvoke: HostProviderEvents.OnHostExited: Invoking callback 1/1 for Microsoft.VisualStudio.TestPlatform.CrossPlatEngine.Client.ProxyOperationManager., took 0 ms.
TpTrace Information: 0 : 11744, 11, 2024/01/15, 14:31:19.557, 77294759113, vstest.console.dll, Closing the connection
TpTrace Verbose: 0 : 11744, 11, 2024/01/15, 14:31:19.557, 77294763522, vstest.console.dll, ProxyDataCollectionManager.InvokeDataCollectionServiceAction: Starting.
TpTrace Information: 0 : 11744, 11, 2024/01/15, 14:31:19.558, 77294764143, vstest.console.dll, ProxyDataCollectionManager.AfterTestRunEnd: Get attachment set and invoked data collectors processId: 11620 port: 51700
TpTrace Verbose: 0 : 11744, 11, 2024/01/15, 14:31:19.558, 77294764759, vstest.console.dll, DataCollectionRequestSender.SendAfterTestRunStartAndGetResult: Send AfterTestRunEnd message with isCancelled: False
TpTrace Verbose: 0 : 11744, 11, 2024/01/15, 14:31:19.567, 77294863212, vstest.console.dll, DataCollectionRequestSender.SendAfterTestRunStartAndGetResult: Received message: (DataCollection.AfterTestRunEndResult) -> {"MessageType":"DataCollection.AfterTestRunEndResult","Payload":{"AttachmentSets":[],"InvokedDataCollectors":[{"Uri":"datacollector://Microsoft/TestPlatform/Extensions/Blame/v1","FriendlyName":"Blame","AssemblyQualifiedName":"Microsoft.TestPlatform.Extensions.BlameDataCollector.BlameCollector, Microsoft.TestPlatform.Extensions.BlameDataCollector, Version=15.0.0.0, Culture=neutral, PublicKeyToken=b03f5f7f11d50a3a","FilePath":"C:\\Program Files\\dotnet\\sdk\\8.0.101\\Extensions\\Microsoft.TestPlatform.Extensions.BlameDataCollector.dll","HasAttachmentProcessor":false}],"Metrics":{}}}
TpTrace Information: 0 : 11744, 11, 2024/01/15, 14:31:19.576, 77294948622, vstest.console.dll, ProxyDataCollectionManager.InvokeDataCollectionServiceAction: Completed.
TpTrace Warning: 0 : 11744, 10, 2024/01/15, 14:31:19.587, 77295059481, vstest.console.dll, DataCollectionLauncher.ErrorReceivedCallback datacollector standard error line: 
TpTrace Information: 0 : 11744, 10, 2024/01/15, 14:31:19.595, 77295141040, vstest.console.dll, DataCollectionLauncher.ExitCallBack: Data collector exited with exitcode: 0 error: ''
TpTrace Verbose: 0 : 11744, 11, 2024/01/15, 14:31:19.635, 77295539457, vstest.console.dll, TestRunRequest:SendTestRunStatsChange: Starting.
TpTrace Verbose: 0 : 11744, 11, 2024/01/15, 14:31:19.635, 77295541147, vstest.console.dll, MulticastDelegateUtilities.SafeInvoke: TestRun.RunStatsChanged: Invoking callbacks was skipped because there are no subscribers.
TpTrace Information: 0 : 11744, 11, 2024/01/15, 14:31:19.635, 77295541587, vstest.console.dll, TestRunRequest:SendTestRunStatsChange: Completed.
TpTrace Verbose: 0 : 11744, 4, 2024/01/15, 14:31:19.636, 77295544940, vstest.console.dll, MulticastDelegateUtilities.SafeInvoke: InternalTestLoggerEvents.SendTestResult: Invoking callback 1/1 for Microsoft.VisualStudio.TestPlatform.CommandLine.Internal.ConsoleLogger., took 0 ms.
TpTrace Verbose: 0 : 11744, 11, 2024/01/15, 14:31:19.636, 77295546158, vstest.console.dll, ParallelProxyExecutionManager: HandlePartialRunComplete: Total workloads = 1, Total started clients = 1 Total completed clients = 1, Run complete = True, Run canceled: False.
TpTrace Verbose: 0 : 11744, 4, 2024/01/15, 14:31:19.636, 77295546694, vstest.console.dll, MulticastDelegateUtilities.SafeInvoke: InternalTestLoggerEvents.SendTestResult: Invoking callback 1/1 for Microsoft.VisualStudio.TestPlatform.CommandLine.Internal.ConsoleLogger., took 0 ms.
TpTrace Verbose: 0 : 11744, 11, 2024/01/15, 14:31:19.636, 77295547771, vstest.console.dll, ParallelProxyExecutionManager: HandlePartialRunComplete: All runs completed stopping all managers.
TpTrace Verbose: 0 : 11744, 4, 2024/01/15, 14:31:19.636, 77295549221, vstest.console.dll, MulticastDelegateUtilities.SafeInvoke: InternalTestLoggerEvents.SendTestResult: Invoking callback 1/1 for Microsoft.VisualStudio.TestPlatform.CommandLine.Internal.ConsoleLogger., took 0 ms.
TpTrace Verbose: 0 : 11744, 11, 2024/01/15, 14:31:19.636, 77295549871, vstest.console.dll, ParallelOperationManager.StopAllManagers: Stopping all managers.
TpTrace Verbose: 0 : 11744, 11, 2024/01/15, 14:31:19.636, 77295551548, vstest.console.dll, ParallelOperationManager.ClearSlots: Clearing all slots. Slots should accept more work: False
TpTrace Verbose: 0 : 11744, 11, 2024/01/15, 14:31:19.636, 77295552469, vstest.console.dll, ParallelOperationManager.SetOccupiedSlotCount: Setting slot counts AvailableSlotCount = 1, OccupiedSlotCount = 0.
TpTrace Verbose: 0 : 11744, 11, 2024/01/15, 14:31:19.636, 77295553275, vstest.console.dll, Occupied slots:

TpTrace Verbose: 0 : 11744, 4, 2024/01/15, 14:31:19.649, 77295675082, vstest.console.dll, MulticastDelegateUtilities.SafeInvoke: InternalTestLoggerEvents.SendTestRunComplete: Invoking callback 1/2 for Microsoft.TestPlatform.Extensions.BlameDataCollector.BlameLogger., took 0 ms.
TpTrace Verbose: 0 : 11744, 4, 2024/01/15, 14:31:19.658, 77295765123, vstest.console.dll, MulticastDelegateUtilities.SafeInvoke: InternalTestLoggerEvents.SendTestRunComplete: Invoking callback 2/2 for Microsoft.VisualStudio.TestPlatform.CommandLine.Internal.ConsoleLogger., took 8 ms.
TpTrace Verbose: 0 : 11744, 11, 2024/01/15, 14:31:19.658, 77295769680, vstest.console.dll, TestRunRequest:TestRunComplete: Starting. IsAborted:False IsCanceled:False.
TpTrace Verbose: 0 : 11744, 11, 2024/01/15, 14:31:19.658, 77295772393, vstest.console.dll, ParallelOperationManager.DoActionOnAllManagers: Calling an action on all managers.
TpTrace Verbose: 0 : 11744, 11, 2024/01/15, 14:31:19.660, 77295784936, vstest.console.dll, TestLoggerManager.HandleTestRunComplete: Ignoring as the object is disposed.
TpTrace Verbose: 0 : 11744, 11, 2024/01/15, 14:31:19.660, 77295787852, vstest.console.dll, MulticastDelegateUtilities.SafeInvoke: TestRun.TestRunComplete: Invoking callback 1/2 for Microsoft.VisualStudio.TestPlatform.CommandLine.TestRunResultAggregator., took 0 ms.
TpTrace Verbose: 0 : 11744, 11, 2024/01/15, 14:31:19.660, 77295789289, vstest.console.dll, MulticastDelegateUtilities.SafeInvoke: TestRun.TestRunComplete: Invoking callback 2/2 for Microsoft.VisualStudio.TestPlatform.CommandLine.Processors.RunTestsArgumentExecutor+TestRunRequestEventsRegistrar., took 0 ms.
TpTrace Information: 0 : 11744, 11, 2024/01/15, 14:31:19.660, 77295790499, vstest.console.dll, TestRunRequest:TestRunComplete: Completed.
TpTrace Verbose: 0 : 11744, 1, 2024/01/15, 14:31:19.660, 77295790922, vstest.console.dll, TestRunRequest.Dispose: Starting.
TpTrace Verbose: 0 : 11744, 11, 2024/01/15, 14:31:19.660, 77295791010, vstest.console.dll, TestRequestSender.SetOperationComplete: Setting operation complete.
TpTrace Information: 0 : 11744, 1, 2024/01/15, 14:31:19.660, 77295791914, vstest.console.dll, TestRunRequest.Dispose: Completed.
TpTrace Information: 0 : 11744, 11, 2024/01/15, 14:31:19.660, 77295792564, vstest.console.dll, SocketServer.Stop: Stop server endPoint: 127.0.0.1:51703
TpTrace Information: 0 : 11744, 1, 2024/01/15, 14:31:19.661, 77295793789, vstest.console.dll, TestRequestManager.RunTests: run tests completed.
TpTrace Information: 0 : 11744, 11, 2024/01/15, 14:31:19.661, 77295794662, vstest.console.dll, SocketServer.Stop: Cancellation requested. Stopping message loop.
TpTrace Information: 0 : 11744, 1, 2024/01/15, 14:31:19.661, 77295795323, vstest.console.dll, RunTestsArgumentProcessor:Execute: Test run is completed.
TpTrace Verbose: 0 : 11744, 11, 2024/01/15, 14:31:19.661, 77295795588, vstest.console.dll, MulticastDelegateUtilities.SafeInvoke: LengthPrefixCommunicationChannel: MessageReceived: Invoking callback 1/1 for Microsoft.VisualStudio.TestPlatform.CommunicationUtilities.TestRequestSender+<>c__DisplayClass34_0., took 154 ms.
TpTrace Information: 0 : 11744, 11, 2024/01/15, 14:31:19.661, 77295796857, vstest.console.dll, SocketServer.PrivateStop: Stopping server endPoint: 127.0.0.1:51703 error: 
TpTrace Verbose: 0 : 11744, 1, 2024/01/15, 14:31:19.661, 77295798502, vstest.console.dll, Executor.Execute: Exiting with exit code of 0
TpTrace Verbose: 0 : 11744, 11, 2024/01/15, 14:31:19.661, 77295802254, vstest.console.dll, LengthPrefixCommunicationChannel.Dispose: Dispose reader and writer.
TpTrace Information: 0 : 11744, 11, 2024/01/15, 14:31:19.661, 77295803267, vstest.console.dll, SocketServer.Stop: Raise disconnected event endPoint: 127.0.0.1:51703 error: 
TpTrace Verbose: 0 : 11744, 11, 2024/01/15, 14:31:19.662, 77295804385, vstest.console.dll, TestRequestSender: OnTestRunAbort: Operation is already complete. Skip error message.
TpTrace Verbose: 0 : 11744, 11, 2024/01/15, 14:31:19.662, 77295805141, vstest.console.dll, MulticastDelegateUtilities.SafeInvoke: SocketServer: ClientDisconnected: Invoking callback 1/1 for Microsoft.VisualStudio.TestPlatform.CommunicationUtilities.TestRequestSender., took 0 ms.
