TpTrace Verbose: 0 : 14924, 1, 2024/01/20, 10:01:02.533, 49564507744, vstest.console.dll, Version: 17.8.0-release-23578-02 Current process architecture: X64
TpTrace Verbose: 0 : 14924, 1, 2024/01/20, 10:01:02.539, 49564570392, vstest.console.dll, Runtime location: C:\Program Files\dotnet\shared\Microsoft.NETCore.App\8.0.1
TpTrace Verbose: 0 : 14924, 1, 2024/01/20, 10:01:02.543, 49564608593, vstest.console.dll, ArtifactProcessingPostProcessModeProcessorExecutor.Initialize: ArtifactProcessingMode.Collect
TpTrace Verbose: 0 : 14924, 1, 2024/01/20, 10:01:02.543, 49564611411, vstest.console.dll, TestSessionCorrelationIdProcessorModeProcessorExecutor.Initialize: TestSessionCorrelationId '12760_4d3c759d-8aae-4545-b438-5f366de93228'
TpTrace Information: 0 : 14924, 1, 2024/01/20, 10:01:02.558, 49564760405, vstest.console.dll, FilePatternParser: The given file C:\pryazha\labs\course_2\semester_1\oop\lab_10\Tests\OrganizationsLibraryTests\bin\Debug\net7.0\fine-code-coverage\build-output\OrganizationsLibraryTests.dll is a full path.
TpTrace Verbose: 0 : 14924, 1, 2024/01/20, 10:01:02.566, 49564837473, vstest.console.dll, TestPluginCache.DiscoverTestExtensions: finding test extensions in assemblies ends with: RuntimeProvider.dll TPluginInfo: Microsoft.VisualStudio.TestPlatform.Common.ExtensionFramework.Utilities.TestRuntimePluginInformation TExtension: Microsoft.VisualStudio.TestPlatform.ObjectModel.Host.ITestRuntimeProvider
TpTrace Verbose: 0 : 14924, 1, 2024/01/20, 10:01:02.567, 49564843541, vstest.console.dll, TestPluginCache.GetExtensionPaths: Filtered extension paths: 
TpTrace Verbose: 0 : 14924, 1, 2024/01/20, 10:01:02.567, 49564845145, vstest.console.dll, TestPluginCache.GetExtensionPaths: Added default extension paths: C:\Program Files\dotnet\sdk\8.0.101\Extensions\Microsoft.Diagnostics.NETCore.Client.dll
C:\Program Files\dotnet\sdk\8.0.101\Extensions\Microsoft.TestPlatform.Extensions.BlameDataCollector.dll
C:\Program Files\dotnet\sdk\8.0.101\Extensions\Microsoft.TestPlatform.Extensions.EventLogCollector.dll
C:\Program Files\dotnet\sdk\8.0.101\Extensions\Microsoft.TestPlatform.TestHostRuntimeProvider.dll
C:\Program Files\dotnet\sdk\8.0.101\Extensions\Microsoft.VisualStudio.TestPlatform.Extensions.Html.TestLogger.dll
C:\Program Files\dotnet\sdk\8.0.101\Extensions\Microsoft.VisualStudio.TestPlatform.Extensions.Trx.TestLogger.dll
TpTrace Verbose: 0 : 14924, 1, 2024/01/20, 10:01:02.567, 49564845812, vstest.console.dll, TestPluginCache.GetExtensionPaths: Added unfilterableExtensionPaths: 
TpTrace Information: 0 : 14924, 1, 2024/01/20, 10:01:02.568, 49564856912, vstest.console.dll, AssemblyResolver.ctor: Creating AssemblyResolver with searchDirectories C:\Program Files\dotnet\sdk\8.0.101\Extensions,C:\Program Files\dotnet\sdk\8.0.101
TpTrace Verbose: 0 : 14924, 1, 2024/01/20, 10:01:02.570, 49564879966, vstest.console.dll, TestPluginCache.DiscoverTestExtensions: Discovering the extensions using extension path.
TpTrace Verbose: 0 : 14924, 1, 2024/01/20, 10:01:02.570, 49564883089, vstest.console.dll, TestPluginCache.GetExtensionPaths: Filtered extension paths: 
TpTrace Verbose: 0 : 14924, 1, 2024/01/20, 10:01:02.571, 49564883923, vstest.console.dll, TestPluginCache.GetExtensionPaths: Added default extension paths: C:\Program Files\dotnet\sdk\8.0.101\Extensions\Microsoft.Diagnostics.NETCore.Client.dll
C:\Program Files\dotnet\sdk\8.0.101\Extensions\Microsoft.TestPlatform.Extensions.BlameDataCollector.dll
C:\Program Files\dotnet\sdk\8.0.101\Extensions\Microsoft.TestPlatform.Extensions.EventLogCollector.dll
C:\Program Files\dotnet\sdk\8.0.101\Extensions\Microsoft.TestPlatform.TestHostRuntimeProvider.dll
C:\Program Files\dotnet\sdk\8.0.101\Extensions\Microsoft.VisualStudio.TestPlatform.Extensions.Html.TestLogger.dll
C:\Program Files\dotnet\sdk\8.0.101\Extensions\Microsoft.VisualStudio.TestPlatform.Extensions.Trx.TestLogger.dll
TpTrace Verbose: 0 : 14924, 1, 2024/01/20, 10:01:02.571, 49564884457, vstest.console.dll, TestPluginCache.GetExtensionPaths: Added unfilterableExtensionPaths: 
TpTrace Verbose: 0 : 14924, 1, 2024/01/20, 10:01:02.571, 49564885752, vstest.console.dll, TestPluginCache.DiscoverTestExtensions: Discovering the extensions using allExtensionPaths: C:\Program Files\dotnet\sdk\8.0.101\Extensions\Microsoft.Diagnostics.NETCore.Client.dll
C:\Program Files\dotnet\sdk\8.0.101\Extensions\Microsoft.TestPlatform.Extensions.BlameDataCollector.dll
C:\Program Files\dotnet\sdk\8.0.101\Extensions\Microsoft.TestPlatform.Extensions.EventLogCollector.dll
C:\Program Files\dotnet\sdk\8.0.101\Extensions\Microsoft.TestPlatform.TestHostRuntimeProvider.dll
C:\Program Files\dotnet\sdk\8.0.101\Extensions\Microsoft.VisualStudio.TestPlatform.Extensions.Html.TestLogger.dll
C:\Program Files\dotnet\sdk\8.0.101\Extensions\Microsoft.VisualStudio.TestPlatform.Extensions.Trx.TestLogger.dll
TpTrace Information: 0 : 14924, 1, 2024/01/20, 10:01:02.571, 49564888818, vstest.console.dll, AssemblyResolver.AddSearchDirectories: Adding more searchDirectories C:\Program Files\dotnet\sdk\8.0.101\Extensions,C:\Program Files\dotnet\sdk\8.0.101
TpTrace Information: 0 : 14924, 1, 2024/01/20, 10:01:02.571, 49564889893, vstest.console.dll, AssemblyResolver.AddSearchDirectories: Adding more searchDirectories C:\Program Files\dotnet\sdk\8.0.101\Extensions,C:\Program Files\dotnet\sdk\8.0.101
TpTrace Information: 0 : 14924, 1, 2024/01/20, 10:01:02.571, 49564890552, vstest.console.dll, AssemblyResolver.AddSearchDirectories: Adding more searchDirectories C:\Program Files\dotnet\sdk\8.0.101\Extensions,C:\Program Files\dotnet\sdk\8.0.101
TpTrace Information: 0 : 14924, 1, 2024/01/20, 10:01:02.571, 49564891070, vstest.console.dll, AssemblyResolver.AddSearchDirectories: Adding more searchDirectories C:\Program Files\dotnet\sdk\8.0.101\Extensions,C:\Program Files\dotnet\sdk\8.0.101
TpTrace Information: 0 : 14924, 1, 2024/01/20, 10:01:02.571, 49564891559, vstest.console.dll, AssemblyResolver.AddSearchDirectories: Adding more searchDirectories C:\Program Files\dotnet\sdk\8.0.101\Extensions,C:\Program Files\dotnet\sdk\8.0.101
TpTrace Information: 0 : 14924, 1, 2024/01/20, 10:01:02.571, 49564892050, vstest.console.dll, AssemblyResolver.AddSearchDirectories: Adding more searchDirectories C:\Program Files\dotnet\sdk\8.0.101\Extensions,C:\Program Files\dotnet\sdk\8.0.101
TpTrace Information: 0 : 14924, 1, 2024/01/20, 10:01:02.572, 49564901801, vstest.console.dll, AssemblyResolver.OnResolve: Microsoft.Diagnostics.NETCore.Client: Resolving assembly.
TpTrace Information: 0 : 14924, 1, 2024/01/20, 10:01:02.573, 49564903684, vstest.console.dll, AssemblyResolver.OnResolve: Microsoft.Diagnostics.NETCore.Client: Searching in: 'C:\Program Files\dotnet\sdk\8.0.101\Extensions'.
TpTrace Information: 0 : 14924, 1, 2024/01/20, 10:01:02.585, 49565028134, vstest.console.dll, AssemblyResolver.OnResolve: Microsoft.Diagnostics.NETCore.Client: Loading assembly 'C:\Program Files\dotnet\sdk\8.0.101\Extensions\Microsoft.Diagnostics.NETCore.Client.dll'.
TpTrace Information: 0 : 14924, 1, 2024/01/20, 10:01:02.586, 49565038235, vstest.console.dll, AssemblyResolver.OnResolve: Resolved assembly: Microsoft.Diagnostics.NETCore.Client, from path: C:\Program Files\dotnet\sdk\8.0.101\Extensions\Microsoft.Diagnostics.NETCore.Client.dll
TpTrace Verbose: 0 : 14924, 1, 2024/01/20, 10:01:02.596, 49565134174, vstest.console.dll, MetadataReaderExtensionsHelper: Discovering extensions inside assembly 'Microsoft.Diagnostics.NETCore.Client, Version=0.2.8.21101, Culture=neutral, PublicKeyToken=31bf3856ad364e35' file path 'C:\Program Files\dotnet\sdk\8.0.101\Extensions\Microsoft.Diagnostics.NETCore.Client.dll'
TpTrace Information: 0 : 14924, 1, 2024/01/20, 10:01:02.602, 49565201926, vstest.console.dll, AssemblyResolver.OnResolve: Microsoft.Bcl.AsyncInterfaces: Resolving assembly.
TpTrace Information: 0 : 14924, 1, 2024/01/20, 10:01:02.603, 49565203738, vstest.console.dll, AssemblyResolver.OnResolve: Microsoft.Bcl.AsyncInterfaces: Searching in: 'C:\Program Files\dotnet\sdk\8.0.101\Extensions'.
TpTrace Information: 0 : 14924, 1, 2024/01/20, 10:01:02.603, 49565205680, vstest.console.dll, AssemblyResolver.OnResolve: Microsoft.Bcl.AsyncInterfaces: Assembly path does not exist: 'C:\Program Files\dotnet\sdk\8.0.101\Extensions\Microsoft.Bcl.AsyncInterfaces.dll', returning.
TpTrace Information: 0 : 14924, 1, 2024/01/20, 10:01:02.603, 49565207668, vstest.console.dll, AssemblyResolver.OnResolve: Microsoft.Bcl.AsyncInterfaces: Assembly path does not exist: 'C:\Program Files\dotnet\sdk\8.0.101\Extensions\Microsoft.Bcl.AsyncInterfaces.exe', returning.
TpTrace Information: 0 : 14924, 1, 2024/01/20, 10:01:02.603, 49565208413, vstest.console.dll, AssemblyResolver.OnResolve: Microsoft.Bcl.AsyncInterfaces: Searching in: 'C:\Program Files\dotnet\sdk\8.0.101'.
TpTrace Information: 0 : 14924, 1, 2024/01/20, 10:01:02.603, 49565209565, vstest.console.dll, AssemblyResolver.OnResolve: Microsoft.Bcl.AsyncInterfaces: Assembly path does not exist: 'C:\Program Files\dotnet\sdk\8.0.101\Microsoft.Bcl.AsyncInterfaces.dll', returning.
TpTrace Information: 0 : 14924, 1, 2024/01/20, 10:01:02.603, 49565210631, vstest.console.dll, AssemblyResolver.OnResolve: Microsoft.Bcl.AsyncInterfaces: Assembly path does not exist: 'C:\Program Files\dotnet\sdk\8.0.101\Microsoft.Bcl.AsyncInterfaces.exe', returning.
TpTrace Information: 0 : 14924, 1, 2024/01/20, 10:01:02.603, 49565211129, vstest.console.dll, AssemblyResolver.OnResolve: Microsoft.Bcl.AsyncInterfaces: Failed to load assembly.
TpTrace Verbose: 0 : 14924, 1, 2024/01/20, 10:01:02.603, 49565211768, vstest.console.dll, CurrentDomainAssemblyResolve: Resolving assembly 'Microsoft.Bcl.AsyncInterfaces'.
TpTrace Information: 0 : 14924, 1, 2024/01/20, 10:01:02.603, 49565213021, vstest.console.dll, AssemblyResolver.OnResolve: Microsoft.Bcl.AsyncInterfaces: Resolving assembly.
TpTrace Information: 0 : 14924, 1, 2024/01/20, 10:01:02.604, 49565213899, vstest.console.dll, AssemblyResolver.OnResolve: Microsoft.Bcl.AsyncInterfaces: Resolved from cache.
TpTrace Verbose: 0 : 14924, 1, 2024/01/20, 10:01:02.604, 49565214386, vstest.console.dll, CurrentDomainAssemblyResolve: Resolving assembly 'Microsoft.Bcl.AsyncInterfaces'.
TpTrace Verbose: 0 : 14924, 1, 2024/01/20, 10:01:02.604, 49565214974, vstest.console.dll, CurrentDomainAssemblyResolve: Failed to resolve assembly 'Microsoft.Bcl.AsyncInterfaces'.
TpTrace Verbose: 0 : 14924, 1, 2024/01/20, 10:01:02.605, 49565227247, vstest.console.dll, CurrentDomainAssemblyResolve: Failed to resolve assembly 'Microsoft.Bcl.AsyncInterfaces'.
TpTrace Warning: 0 : 14924, 1, 2024/01/20, 10:01:02.622, 49565402208, vstest.console.dll, TestPluginDiscoverer: Failed to get types from assembly 'Microsoft.Diagnostics.NETCore.Client, Version=0.2.8.21101, Culture=neutral, PublicKeyToken=31bf3856ad364e35'. Error: System.Reflection.ReflectionTypeLoadException: Unable to load one or more of the requested types.
Could not load file or assembly 'Microsoft.Bcl.AsyncInterfaces, Version=1.0.0.0, Culture=neutral, PublicKeyToken=cc7b13ffcd2ddd51'. The system cannot find the file specified.
   at System.Reflection.RuntimeModule.GetTypes(RuntimeModule module)
   at System.Reflection.RuntimeModule.GetTypes()
   at Microsoft.VisualStudio.TestPlatform.Common.ExtensionFramework.TestPluginDiscoverer.GetTestExtensionsFromAssembly[TPluginInfo,TExtension](Assembly assembly, Dictionary`2 pluginInfos, String filePath) in /_/src/Microsoft.TestPlatform.Common/ExtensionFramework/TestPluginDiscoverer.cs:line 158
System.IO.FileNotFoundException: Could not load file or assembly 'Microsoft.Bcl.AsyncInterfaces, Version=1.0.0.0, Culture=neutral, PublicKeyToken=cc7b13ffcd2ddd51'. The system cannot find the file specified.
File name: 'Microsoft.Bcl.AsyncInterfaces, Version=1.0.0.0, Culture=neutral, PublicKeyToken=cc7b13ffcd2ddd51'
 ---> System.IO.FileNotFoundException: Could not load file or assembly 'Microsoft.Bcl.AsyncInterfaces, Culture=neutral, PublicKeyToken=null'. The system cannot find the file specified.
File name: 'Microsoft.Bcl.AsyncInterfaces, Culture=neutral, PublicKeyToken=null'
   at System.Reflection.RuntimeAssembly.InternalLoad(AssemblyName assemblyName, StackCrawlMark& stackMark, AssemblyLoadContext assemblyLoadContext, RuntimeAssembly requestingAssembly, Boolean throwOnFileNotFound)
   at System.Reflection.Assembly.Load(AssemblyName assemblyRef)
   at Microsoft.VisualStudio.TestPlatform.Common.ExtensionFramework.TestPluginCache.CurrentDomainAssemblyResolve(Object sender, AssemblyResolveEventArgs args) in /_/src/Microsoft.TestPlatform.Common/ExtensionFramework/TestPluginCache.cs:line 513
   at System.Runtime.Loader.AssemblyLoadContext.GetFirstResolvedAssemblyFromResolvingEvent(AssemblyName assemblyName)
   at System.Runtime.Loader.AssemblyLoadContext.ResolveUsingEvent(AssemblyName assemblyName)
   at System.Runtime.Loader.AssemblyLoadContext.ResolveUsingResolvingEvent(IntPtr gchManagedAssemblyLoadContext, AssemblyName assemblyName)
TpTrace Warning: 0 : 14924, 1, 2024/01/20, 10:01:02.623, 49565409205, vstest.console.dll, LoaderExceptions: System.IO.FileNotFoundException: Could not load file or assembly 'Microsoft.Bcl.AsyncInterfaces, Version=1.0.0.0, Culture=neutral, PublicKeyToken=cc7b13ffcd2ddd51'. The system cannot find the file specified.
File name: 'Microsoft.Bcl.AsyncInterfaces, Version=1.0.0.0, Culture=neutral, PublicKeyToken=cc7b13ffcd2ddd51'
 ---> System.IO.FileNotFoundException: Could not load file or assembly 'Microsoft.Bcl.AsyncInterfaces, Culture=neutral, PublicKeyToken=null'. The system cannot find the file specified.
File name: 'Microsoft.Bcl.AsyncInterfaces, Culture=neutral, PublicKeyToken=null'
   at System.Reflection.RuntimeAssembly.InternalLoad(AssemblyName assemblyName, StackCrawlMark& stackMark, AssemblyLoadContext assemblyLoadContext, RuntimeAssembly requestingAssembly, Boolean throwOnFileNotFound)
   at System.Reflection.Assembly.Load(AssemblyName assemblyRef)
   at Microsoft.VisualStudio.TestPlatform.Common.ExtensionFramework.TestPluginCache.CurrentDomainAssemblyResolve(Object sender, AssemblyResolveEventArgs args) in /_/src/Microsoft.TestPlatform.Common/ExtensionFramework/TestPluginCache.cs:line 513
   at System.Runtime.Loader.AssemblyLoadContext.GetFirstResolvedAssemblyFromResolvingEvent(AssemblyName assemblyName)
   at System.Runtime.Loader.AssemblyLoadContext.ResolveUsingEvent(AssemblyName assemblyName)
   at System.Runtime.Loader.AssemblyLoadContext.ResolveUsingResolvingEvent(IntPtr gchManagedAssemblyLoadContext, AssemblyName assemblyName)
TpTrace Information: 0 : 14924, 1, 2024/01/20, 10:01:02.623, 49565412434, vstest.console.dll, AssemblyResolver.OnResolve: Microsoft.TestPlatform.Extensions.BlameDataCollector: Resolving assembly.
TpTrace Information: 0 : 14924, 1, 2024/01/20, 10:01:02.623, 49565413216, vstest.console.dll, AssemblyResolver.OnResolve: Microsoft.TestPlatform.Extensions.BlameDataCollector: Searching in: 'C:\Program Files\dotnet\sdk\8.0.101\Extensions'.
TpTrace Information: 0 : 14924, 1, 2024/01/20, 10:01:02.624, 49565418710, vstest.console.dll, AssemblyResolver.OnResolve: Microsoft.TestPlatform.Extensions.BlameDataCollector: Loading assembly 'C:\Program Files\dotnet\sdk\8.0.101\Extensions\Microsoft.TestPlatform.Extensions.BlameDataCollector.dll'.
TpTrace Information: 0 : 14924, 1, 2024/01/20, 10:01:02.625, 49565425640, vstest.console.dll, AssemblyResolver.OnResolve: Resolved assembly: Microsoft.TestPlatform.Extensions.BlameDataCollector, from path: C:\Program Files\dotnet\sdk\8.0.101\Extensions\Microsoft.TestPlatform.Extensions.BlameDataCollector.dll
TpTrace Verbose: 0 : 14924, 1, 2024/01/20, 10:01:02.625, 49565427001, vstest.console.dll, MetadataReaderExtensionsHelper: Discovering extensions inside assembly 'Microsoft.TestPlatform.Extensions.BlameDataCollector, Version=15.0.0.0, Culture=neutral, PublicKeyToken=b03f5f7f11d50a3a' file path 'C:\Program Files\dotnet\sdk\8.0.101\Extensions\Microsoft.TestPlatform.Extensions.BlameDataCollector.dll'
TpTrace Information: 0 : 14924, 1, 2024/01/20, 10:01:02.627, 49565449230, vstest.console.dll, AssemblyResolver.OnResolve: Microsoft.TestPlatform.Extensions.EventLogCollector: Resolving assembly.
TpTrace Information: 0 : 14924, 1, 2024/01/20, 10:01:02.627, 49565450734, vstest.console.dll, AssemblyResolver.OnResolve: Microsoft.TestPlatform.Extensions.EventLogCollector: Searching in: 'C:\Program Files\dotnet\sdk\8.0.101\Extensions'.
TpTrace Information: 0 : 14924, 1, 2024/01/20, 10:01:02.628, 49565456037, vstest.console.dll, AssemblyResolver.OnResolve: Microsoft.TestPlatform.Extensions.EventLogCollector: Loading assembly 'C:\Program Files\dotnet\sdk\8.0.101\Extensions\Microsoft.TestPlatform.Extensions.EventLogCollector.dll'.
TpTrace Information: 0 : 14924, 1, 2024/01/20, 10:01:02.628, 49565461568, vstest.console.dll, AssemblyResolver.OnResolve: Resolved assembly: Microsoft.TestPlatform.Extensions.EventLogCollector, from path: C:\Program Files\dotnet\sdk\8.0.101\Extensions\Microsoft.TestPlatform.Extensions.EventLogCollector.dll
TpTrace Verbose: 0 : 14924, 1, 2024/01/20, 10:01:02.628, 49565462880, vstest.console.dll, MetadataReaderExtensionsHelper: Discovering extensions inside assembly 'Microsoft.TestPlatform.Extensions.EventLogCollector, Version=15.0.0.0, Culture=neutral, PublicKeyToken=b03f5f7f11d50a3a' file path 'C:\Program Files\dotnet\sdk\8.0.101\Extensions\Microsoft.TestPlatform.Extensions.EventLogCollector.dll'
TpTrace Information: 0 : 14924, 1, 2024/01/20, 10:01:02.632, 49565497674, vstest.console.dll, AssemblyResolver.OnResolve: Microsoft.TestPlatform.TestHostRuntimeProvider: Resolving assembly.
TpTrace Information: 0 : 14924, 1, 2024/01/20, 10:01:02.632, 49565499312, vstest.console.dll, AssemblyResolver.OnResolve: Microsoft.TestPlatform.TestHostRuntimeProvider: Searching in: 'C:\Program Files\dotnet\sdk\8.0.101\Extensions'.
TpTrace Information: 0 : 14924, 1, 2024/01/20, 10:01:02.633, 49565504501, vstest.console.dll, AssemblyResolver.OnResolve: Microsoft.TestPlatform.TestHostRuntimeProvider: Loading assembly 'C:\Program Files\dotnet\sdk\8.0.101\Extensions\Microsoft.TestPlatform.TestHostRuntimeProvider.dll'.
TpTrace Information: 0 : 14924, 1, 2024/01/20, 10:01:02.633, 49565511021, vstest.console.dll, AssemblyResolver.OnResolve: Resolved assembly: Microsoft.TestPlatform.TestHostRuntimeProvider, from path: C:\Program Files\dotnet\sdk\8.0.101\Extensions\Microsoft.TestPlatform.TestHostRuntimeProvider.dll
TpTrace Verbose: 0 : 14924, 1, 2024/01/20, 10:01:02.633, 49565512393, vstest.console.dll, MetadataReaderExtensionsHelper: Discovering extensions inside assembly 'Microsoft.TestPlatform.TestHostRuntimeProvider, Version=15.0.0.0, Culture=neutral, PublicKeyToken=b03f5f7f11d50a3a' file path 'C:\Program Files\dotnet\sdk\8.0.101\Extensions\Microsoft.TestPlatform.TestHostRuntimeProvider.dll'
TpTrace Information: 0 : 14924, 1, 2024/01/20, 10:01:02.636, 49565538768, vstest.console.dll, GetTestExtensionFromType: Register extension with identifier data 'HostProvider://DefaultTestHost' and type 'Microsoft.VisualStudio.TestPlatform.CrossPlatEngine.Hosting.DefaultTestHostManager, Microsoft.TestPlatform.TestHostRuntimeProvider, Version=15.0.0.0, Culture=neutral, PublicKeyToken=b03f5f7f11d50a3a' inside file 'C:\Program Files\dotnet\sdk\8.0.101\Extensions\Microsoft.TestPlatform.TestHostRuntimeProvider.dll'
TpTrace Information: 0 : 14924, 1, 2024/01/20, 10:01:02.637, 49565544736, vstest.console.dll, GetTestExtensionFromType: Register extension with identifier data 'HostProvider://DotnetTestHost' and type 'Microsoft.VisualStudio.TestPlatform.CrossPlatEngine.Hosting.DotnetTestHostManager, Microsoft.TestPlatform.TestHostRuntimeProvider, Version=15.0.0.0, Culture=neutral, PublicKeyToken=b03f5f7f11d50a3a' inside file 'C:\Program Files\dotnet\sdk\8.0.101\Extensions\Microsoft.TestPlatform.TestHostRuntimeProvider.dll'
TpTrace Information: 0 : 14924, 1, 2024/01/20, 10:01:02.637, 49565546569, vstest.console.dll, AssemblyResolver.OnResolve: Microsoft.VisualStudio.TestPlatform.Extensions.Html.TestLogger: Resolving assembly.
TpTrace Information: 0 : 14924, 1, 2024/01/20, 10:01:02.637, 49565547361, vstest.console.dll, AssemblyResolver.OnResolve: Microsoft.VisualStudio.TestPlatform.Extensions.Html.TestLogger: Searching in: 'C:\Program Files\dotnet\sdk\8.0.101\Extensions'.
TpTrace Information: 0 : 14924, 1, 2024/01/20, 10:01:02.637, 49565552686, vstest.console.dll, AssemblyResolver.OnResolve: Microsoft.VisualStudio.TestPlatform.Extensions.Html.TestLogger: Loading assembly 'C:\Program Files\dotnet\sdk\8.0.101\Extensions\Microsoft.VisualStudio.TestPlatform.Extensions.Html.TestLogger.dll'.
TpTrace Information: 0 : 14924, 1, 2024/01/20, 10:01:02.638, 49565559794, vstest.console.dll, AssemblyResolver.OnResolve: Resolved assembly: Microsoft.VisualStudio.TestPlatform.Extensions.Html.TestLogger, from path: C:\Program Files\dotnet\sdk\8.0.101\Extensions\Microsoft.VisualStudio.TestPlatform.Extensions.Html.TestLogger.dll
TpTrace Verbose: 0 : 14924, 1, 2024/01/20, 10:01:02.638, 49565561427, vstest.console.dll, MetadataReaderExtensionsHelper: Discovering extensions inside assembly 'Microsoft.VisualStudio.TestPlatform.Extensions.Html.TestLogger, Version=15.0.0.0, Culture=neutral, PublicKeyToken=b03f5f7f11d50a3a' file path 'C:\Program Files\dotnet\sdk\8.0.101\Extensions\Microsoft.VisualStudio.TestPlatform.Extensions.Html.TestLogger.dll'
TpTrace Information: 0 : 14924, 1, 2024/01/20, 10:01:02.640, 49565575304, vstest.console.dll, AssemblyResolver.OnResolve: Microsoft.VisualStudio.TestPlatform.Extensions.Trx.TestLogger: Resolving assembly.
TpTrace Information: 0 : 14924, 1, 2024/01/20, 10:01:02.640, 49565576954, vstest.console.dll, AssemblyResolver.OnResolve: Microsoft.VisualStudio.TestPlatform.Extensions.Trx.TestLogger: Searching in: 'C:\Program Files\dotnet\sdk\8.0.101\Extensions'.
TpTrace Information: 0 : 14924, 1, 2024/01/20, 10:01:02.640, 49565581832, vstest.console.dll, AssemblyResolver.OnResolve: Microsoft.VisualStudio.TestPlatform.Extensions.Trx.TestLogger: Loading assembly 'C:\Program Files\dotnet\sdk\8.0.101\Extensions\Microsoft.VisualStudio.TestPlatform.Extensions.Trx.TestLogger.dll'.
TpTrace Information: 0 : 14924, 1, 2024/01/20, 10:01:02.641, 49565589455, vstest.console.dll, AssemblyResolver.OnResolve: Resolved assembly: Microsoft.VisualStudio.TestPlatform.Extensions.Trx.TestLogger, from path: C:\Program Files\dotnet\sdk\8.0.101\Extensions\Microsoft.VisualStudio.TestPlatform.Extensions.Trx.TestLogger.dll
TpTrace Verbose: 0 : 14924, 1, 2024/01/20, 10:01:02.641, 49565590832, vstest.console.dll, MetadataReaderExtensionsHelper: Discovering extensions inside assembly 'Microsoft.VisualStudio.TestPlatform.Extensions.Trx.TestLogger, Version=15.0.0.0, Culture=neutral, PublicKeyToken=b03f5f7f11d50a3a' file path 'C:\Program Files\dotnet\sdk\8.0.101\Extensions\Microsoft.VisualStudio.TestPlatform.Extensions.Trx.TestLogger.dll'
TpTrace Verbose: 0 : 14924, 1, 2024/01/20, 10:01:02.643, 49565608438, vstest.console.dll, TestPluginCache: Discovered the extensions using extension path ''.
TpTrace Verbose: 0 : 14924, 1, 2024/01/20, 10:01:02.643, 49565610170, vstest.console.dll, TestPluginCache: Discoverers are ''.
TpTrace Verbose: 0 : 14924, 1, 2024/01/20, 10:01:02.643, 49565610650, vstest.console.dll, TestPluginCache: Executors are ''.
TpTrace Verbose: 0 : 14924, 1, 2024/01/20, 10:01:02.643, 49565611079, vstest.console.dll, TestPluginCache: Executors2 are ''.
TpTrace Verbose: 0 : 14924, 1, 2024/01/20, 10:01:02.643, 49565611502, vstest.console.dll, TestPluginCache: Setting providers are ''.
TpTrace Verbose: 0 : 14924, 1, 2024/01/20, 10:01:02.643, 49565611925, vstest.console.dll, TestPluginCache: Loggers are ''.
TpTrace Verbose: 0 : 14924, 1, 2024/01/20, 10:01:02.644, 49565615201, vstest.console.dll, TestPluginCache: TestHosts are 'HostProvider://DefaultTestHost,HostProvider://DotnetTestHost'.
TpTrace Verbose: 0 : 14924, 1, 2024/01/20, 10:01:02.644, 49565615971, vstest.console.dll, TestPluginCache: DataCollectors are ''.
TpTrace Information: 0 : 14924, 1, 2024/01/20, 10:01:02.666, 49565839244, vstest.console.dll, RunTestsArgumentProcessor:Execute: Test run is starting.
TpTrace Verbose: 0 : 14924, 1, 2024/01/20, 10:01:02.666, 49565840788, vstest.console.dll, RunTestsArgumentProcessor:Execute: Queuing Test run.
TpTrace Information: 0 : 14924, 1, 2024/01/20, 10:01:02.667, 49565844346, vstest.console.dll, TestRequestManager.RunTests: run tests started.
TpTrace Information: 0 : 14924, 1, 2024/01/20, 10:01:02.669, 49565864517, vstest.console.dll, AssemblyMetadataProvider.GetFrameworkName: Determined framework:'.NETCoreApp,Version=v7.0' for source: 'C:\pryazha\labs\course_2\semester_1\oop\lab_10\Tests\OrganizationsLibraryTests\bin\Debug\net7.0\fine-code-coverage\build-output\OrganizationsLibraryTests.dll'
TpTrace Information: 0 : 14924, 1, 2024/01/20, 10:01:02.669, 49565867502, vstest.console.dll, Determined framework for all sources: .NETCoreApp,Version=v7.0
TpTrace Verbose: 0 : 14924, 1, 2024/01/20, 10:01:02.669, 49565873254, vstest.console.dll, TestRequestManager.UpdateRunSettingsIfRequired: Default architecture: X64 IsDefaultTargetArchitecture: True, Current process architecture: X64 OperatingSystem: Windows.
TpTrace Information: 0 : 14924, 1, 2024/01/20, 10:01:02.673, 49565903509, vstest.console.dll, AssemblyMetadataProvider.GetArchitecture: Determined architecture:AnyCPU info for assembly: C:\pryazha\labs\course_2\semester_1\oop\lab_10\Tests\OrganizationsLibraryTests\bin\Debug\net7.0\fine-code-coverage\build-output\OrganizationsLibraryTests.dll
TpTrace Information: 0 : 14924, 1, 2024/01/20, 10:01:02.673, 49565904808, vstest.console.dll, Determined platform for source 'C:\pryazha\labs\course_2\semester_1\oop\lab_10\Tests\OrganizationsLibraryTests\bin\Debug\net7.0\fine-code-coverage\build-output\OrganizationsLibraryTests.dll' was AnyCPU and it will use the default plaform X64.
TpTrace Information: 0 : 14924, 1, 2024/01/20, 10:01:02.673, 49565905300, vstest.console.dll, None of the sources provided any runnable platform, using the default platform: X64
TpTrace Information: 0 : 14924, 1, 2024/01/20, 10:01:02.673, 49565906998, vstest.console.dll, Platform was updated to 'X64'.
TpTrace Information: 0 : 14924, 1, 2024/01/20, 10:01:02.679, 49565963872, vstest.console.dll, InferRunSettingsHelper.IsTestSettingsEnabled: Unable to navigate to RunSettings/MSTest. Current node: RunSettings
TpTrace Information: 0 : 14924, 1, 2024/01/20, 10:01:02.680, 49565975132, vstest.console.dll, AssemblyResolver.OnResolve: Microsoft.VisualStudio.TestPlatform.Fakes: Resolving assembly.
TpTrace Information: 0 : 14924, 1, 2024/01/20, 10:01:02.680, 49565976685, vstest.console.dll, AssemblyResolver.OnResolve: Microsoft.VisualStudio.TestPlatform.Fakes: Searching in: 'C:\Program Files\dotnet\sdk\8.0.101\Extensions'.
TpTrace Information: 0 : 14924, 1, 2024/01/20, 10:01:02.680, 49565978521, vstest.console.dll, AssemblyResolver.OnResolve: Microsoft.VisualStudio.TestPlatform.Fakes: Assembly path does not exist: 'C:\Program Files\dotnet\sdk\8.0.101\Extensions\Microsoft.VisualStudio.TestPlatform.Fakes.dll', returning.
TpTrace Information: 0 : 14924, 1, 2024/01/20, 10:01:02.680, 49565979778, vstest.console.dll, AssemblyResolver.OnResolve: Microsoft.VisualStudio.TestPlatform.Fakes: Assembly path does not exist: 'C:\Program Files\dotnet\sdk\8.0.101\Extensions\Microsoft.VisualStudio.TestPlatform.Fakes.exe', returning.
TpTrace Information: 0 : 14924, 1, 2024/01/20, 10:01:02.680, 49565980306, vstest.console.dll, AssemblyResolver.OnResolve: Microsoft.VisualStudio.TestPlatform.Fakes: Searching in: 'C:\Program Files\dotnet\sdk\8.0.101'.
TpTrace Information: 0 : 14924, 1, 2024/01/20, 10:01:02.680, 49565981500, vstest.console.dll, AssemblyResolver.OnResolve: Microsoft.VisualStudio.TestPlatform.Fakes: Assembly path does not exist: 'C:\Program Files\dotnet\sdk\8.0.101\Microsoft.VisualStudio.TestPlatform.Fakes.dll', returning.
TpTrace Information: 0 : 14924, 1, 2024/01/20, 10:01:02.680, 49565982587, vstest.console.dll, AssemblyResolver.OnResolve: Microsoft.VisualStudio.TestPlatform.Fakes: Assembly path does not exist: 'C:\Program Files\dotnet\sdk\8.0.101\Microsoft.VisualStudio.TestPlatform.Fakes.exe', returning.
TpTrace Information: 0 : 14924, 1, 2024/01/20, 10:01:02.681, 49565983320, vstest.console.dll, AssemblyResolver.OnResolve: Microsoft.VisualStudio.TestPlatform.Fakes: Failed to load assembly.
TpTrace Information: 0 : 14924, 1, 2024/01/20, 10:01:02.681, 49565988310, vstest.console.dll, Failed to load assembly Microsoft.VisualStudio.TestPlatform.Fakes, Version=17.0.0.0, Culture=neutral. Reason:System.IO.FileNotFoundException: Could not load file or assembly 'Microsoft.VisualStudio.TestPlatform.Fakes, Version=17.0.0.0, Culture=neutral, PublicKeyToken=null'. The system cannot find the file specified.
File name: 'Microsoft.VisualStudio.TestPlatform.Fakes, Version=17.0.0.0, Culture=neutral, PublicKeyToken=null'
   at System.Reflection.RuntimeAssembly.InternalLoad(AssemblyName assemblyName, StackCrawlMark& stackMark, AssemblyLoadContext assemblyLoadContext, RuntimeAssembly requestingAssembly, Boolean throwOnFileNotFound)
   at System.Reflection.Assembly.Load(AssemblyName assemblyRef)
   at Microsoft.VisualStudio.TestPlatform.Common.Utilities.FakesUtilities.LoadTestPlatformAssembly() in /_/src/Microsoft.TestPlatform.Common/Utilities/FakesUtilities.cs:line 272
TpTrace Verbose: 0 : 14924, 1, 2024/01/20, 10:01:02.686, 49566040633, vstest.console.dll, TestPluginCache.DiscoverTestExtensions: finding test extensions in assemblies ends with: TestLogger.dll TPluginInfo: Microsoft.VisualStudio.TestPlatform.Common.ExtensionFramework.Utilities.TestLoggerPluginInformation TExtension: Microsoft.VisualStudio.TestPlatform.ObjectModel.Client.ITestLogger
TpTrace Verbose: 0 : 14924, 1, 2024/01/20, 10:01:02.686, 49566042524, vstest.console.dll, TestPluginCache.GetExtensionPaths: Filtered extension paths: 
TpTrace Verbose: 0 : 14924, 1, 2024/01/20, 10:01:02.686, 49566043222, vstest.console.dll, TestPluginCache.GetExtensionPaths: Added default extension paths: C:\Program Files\dotnet\sdk\8.0.101\Extensions\Microsoft.Diagnostics.NETCore.Client.dll
C:\Program Files\dotnet\sdk\8.0.101\Extensions\Microsoft.TestPlatform.Extensions.BlameDataCollector.dll
C:\Program Files\dotnet\sdk\8.0.101\Extensions\Microsoft.TestPlatform.Extensions.EventLogCollector.dll
C:\Program Files\dotnet\sdk\8.0.101\Extensions\Microsoft.TestPlatform.TestHostRuntimeProvider.dll
C:\Program Files\dotnet\sdk\8.0.101\Extensions\Microsoft.VisualStudio.TestPlatform.Extensions.Html.TestLogger.dll
C:\Program Files\dotnet\sdk\8.0.101\Extensions\Microsoft.VisualStudio.TestPlatform.Extensions.Trx.TestLogger.dll
TpTrace Verbose: 0 : 14924, 1, 2024/01/20, 10:01:02.687, 49566043732, vstest.console.dll, TestPluginCache.GetExtensionPaths: Added unfilterableExtensionPaths: 
TpTrace Information: 0 : 14924, 1, 2024/01/20, 10:01:02.687, 49566046173, vstest.console.dll, AssemblyResolver.AddSearchDirectories: Adding more searchDirectories C:\Program Files\dotnet\sdk\8.0.101\Extensions,C:\Program Files\dotnet\sdk\8.0.101
TpTrace Verbose: 0 : 14924, 1, 2024/01/20, 10:01:02.687, 49566046914, vstest.console.dll, TestPluginCache.DiscoverTestExtensions: Discovering the extensions using extension path.
TpTrace Verbose: 0 : 14924, 1, 2024/01/20, 10:01:02.687, 49566047475, vstest.console.dll, TestPluginCache.GetExtensionPaths: Filtered extension paths: 
TpTrace Verbose: 0 : 14924, 1, 2024/01/20, 10:01:02.687, 49566048031, vstest.console.dll, TestPluginCache.GetExtensionPaths: Added default extension paths: C:\Program Files\dotnet\sdk\8.0.101\Extensions\Microsoft.Diagnostics.NETCore.Client.dll
C:\Program Files\dotnet\sdk\8.0.101\Extensions\Microsoft.TestPlatform.Extensions.BlameDataCollector.dll
C:\Program Files\dotnet\sdk\8.0.101\Extensions\Microsoft.TestPlatform.Extensions.EventLogCollector.dll
C:\Program Files\dotnet\sdk\8.0.101\Extensions\Microsoft.TestPlatform.TestHostRuntimeProvider.dll
C:\Program Files\dotnet\sdk\8.0.101\Extensions\Microsoft.VisualStudio.TestPlatform.Extensions.Html.TestLogger.dll
C:\Program Files\dotnet\sdk\8.0.101\Extensions\Microsoft.VisualStudio.TestPlatform.Extensions.Trx.TestLogger.dll
TpTrace Verbose: 0 : 14924, 1, 2024/01/20, 10:01:02.687, 49566048526, vstest.console.dll, TestPluginCache.GetExtensionPaths: Added unfilterableExtensionPaths: 
TpTrace Verbose: 0 : 14924, 1, 2024/01/20, 10:01:02.687, 49566049074, vstest.console.dll, TestPluginCache.DiscoverTestExtensions: Discovering the extensions using allExtensionPaths: C:\Program Files\dotnet\sdk\8.0.101\Extensions\Microsoft.Diagnostics.NETCore.Client.dll
C:\Program Files\dotnet\sdk\8.0.101\Extensions\Microsoft.TestPlatform.Extensions.BlameDataCollector.dll
C:\Program Files\dotnet\sdk\8.0.101\Extensions\Microsoft.TestPlatform.Extensions.EventLogCollector.dll
C:\Program Files\dotnet\sdk\8.0.101\Extensions\Microsoft.TestPlatform.TestHostRuntimeProvider.dll
C:\Program Files\dotnet\sdk\8.0.101\Extensions\Microsoft.VisualStudio.TestPlatform.Extensions.Html.TestLogger.dll
C:\Program Files\dotnet\sdk\8.0.101\Extensions\Microsoft.VisualStudio.TestPlatform.Extensions.Trx.TestLogger.dll
TpTrace Information: 0 : 14924, 1, 2024/01/20, 10:01:02.687, 49566050653, vstest.console.dll, AssemblyResolver.AddSearchDirectories: Adding more searchDirectories C:\Program Files\dotnet\sdk\8.0.101\Extensions,C:\Program Files\dotnet\sdk\8.0.101
TpTrace Information: 0 : 14924, 1, 2024/01/20, 10:01:02.687, 49566051306, vstest.console.dll, AssemblyResolver.AddSearchDirectories: Adding more searchDirectories C:\Program Files\dotnet\sdk\8.0.101\Extensions,C:\Program Files\dotnet\sdk\8.0.101
TpTrace Information: 0 : 14924, 1, 2024/01/20, 10:01:02.687, 49566051891, vstest.console.dll, AssemblyResolver.AddSearchDirectories: Adding more searchDirectories C:\Program Files\dotnet\sdk\8.0.101\Extensions,C:\Program Files\dotnet\sdk\8.0.101
TpTrace Information: 0 : 14924, 1, 2024/01/20, 10:01:02.687, 49566052382, vstest.console.dll, AssemblyResolver.AddSearchDirectories: Adding more searchDirectories C:\Program Files\dotnet\sdk\8.0.101\Extensions,C:\Program Files\dotnet\sdk\8.0.101
TpTrace Information: 0 : 14924, 1, 2024/01/20, 10:01:02.687, 49566052899, vstest.console.dll, AssemblyResolver.AddSearchDirectories: Adding more searchDirectories C:\Program Files\dotnet\sdk\8.0.101\Extensions,C:\Program Files\dotnet\sdk\8.0.101
TpTrace Information: 0 : 14924, 1, 2024/01/20, 10:01:02.688, 49566053462, vstest.console.dll, AssemblyResolver.AddSearchDirectories: Adding more searchDirectories C:\Program Files\dotnet\sdk\8.0.101\Extensions,C:\Program Files\dotnet\sdk\8.0.101
TpTrace Verbose: 0 : 14924, 1, 2024/01/20, 10:01:02.688, 49566055341, vstest.console.dll, MetadataReaderExtensionsHelper: Discovering extensions inside assembly 'Microsoft.Diagnostics.NETCore.Client, Version=0.2.8.21101, Culture=neutral, PublicKeyToken=31bf3856ad364e35' file path 'C:\Program Files\dotnet\sdk\8.0.101\Extensions\Microsoft.Diagnostics.NETCore.Client.dll'
TpTrace Information: 0 : 14924, 1, 2024/01/20, 10:01:02.689, 49566067307, vstest.console.dll, AssemblyResolver.OnResolve: Microsoft.Bcl.AsyncInterfaces: Resolving assembly.
TpTrace Information: 0 : 14924, 1, 2024/01/20, 10:01:02.689, 49566068459, vstest.console.dll, AssemblyResolver.OnResolve: Microsoft.Bcl.AsyncInterfaces: Resolved from cache.
TpTrace Verbose: 0 : 14924, 1, 2024/01/20, 10:01:02.689, 49566068970, vstest.console.dll, CurrentDomainAssemblyResolve: Resolving assembly 'Microsoft.Bcl.AsyncInterfaces'.
TpTrace Information: 0 : 14924, 1, 2024/01/20, 10:01:02.689, 49566069816, vstest.console.dll, AssemblyResolver.OnResolve: Microsoft.Bcl.AsyncInterfaces: Resolving assembly.
TpTrace Information: 0 : 14924, 1, 2024/01/20, 10:01:02.689, 49566070342, vstest.console.dll, AssemblyResolver.OnResolve: Microsoft.Bcl.AsyncInterfaces: Resolved from cache.
TpTrace Verbose: 0 : 14924, 1, 2024/01/20, 10:01:02.689, 49566070799, vstest.console.dll, CurrentDomainAssemblyResolve: Resolving assembly 'Microsoft.Bcl.AsyncInterfaces'.
TpTrace Verbose: 0 : 14924, 1, 2024/01/20, 10:01:02.689, 49566071241, vstest.console.dll, CurrentDomainAssemblyResolve: Failed to resolve assembly 'Microsoft.Bcl.AsyncInterfaces'.
TpTrace Verbose: 0 : 14924, 1, 2024/01/20, 10:01:02.690, 49566073813, vstest.console.dll, CurrentDomainAssemblyResolve: Failed to resolve assembly 'Microsoft.Bcl.AsyncInterfaces'.
TpTrace Warning: 0 : 14924, 1, 2024/01/20, 10:01:02.690, 49566079857, vstest.console.dll, TestPluginDiscoverer: Failed to get types from assembly 'Microsoft.Diagnostics.NETCore.Client, Version=0.2.8.21101, Culture=neutral, PublicKeyToken=31bf3856ad364e35'. Error: System.Reflection.ReflectionTypeLoadException: Unable to load one or more of the requested types.
Could not load file or assembly 'Microsoft.Bcl.AsyncInterfaces, Version=1.0.0.0, Culture=neutral, PublicKeyToken=cc7b13ffcd2ddd51'. The system cannot find the file specified.
   at System.Reflection.RuntimeModule.GetTypes(RuntimeModule module)
   at System.Reflection.RuntimeModule.GetTypes()
   at Microsoft.VisualStudio.TestPlatform.Common.ExtensionFramework.TestPluginDiscoverer.GetTestExtensionsFromAssembly[TPluginInfo,TExtension](Assembly assembly, Dictionary`2 pluginInfos, String filePath) in /_/src/Microsoft.TestPlatform.Common/ExtensionFramework/TestPluginDiscoverer.cs:line 158
System.IO.FileNotFoundException: Could not load file or assembly 'Microsoft.Bcl.AsyncInterfaces, Version=1.0.0.0, Culture=neutral, PublicKeyToken=cc7b13ffcd2ddd51'. The system cannot find the file specified.
File name: 'Microsoft.Bcl.AsyncInterfaces, Version=1.0.0.0, Culture=neutral, PublicKeyToken=cc7b13ffcd2ddd51'
 ---> System.IO.FileNotFoundException: Could not load file or assembly 'Microsoft.Bcl.AsyncInterfaces, Culture=neutral, PublicKeyToken=null'. The system cannot find the file specified.
File name: 'Microsoft.Bcl.AsyncInterfaces, Culture=neutral, PublicKeyToken=null'
   at System.Reflection.RuntimeAssembly.InternalLoad(AssemblyName assemblyName, StackCrawlMark& stackMark, AssemblyLoadContext assemblyLoadContext, RuntimeAssembly requestingAssembly, Boolean throwOnFileNotFound)
   at System.Reflection.Assembly.Load(AssemblyName assemblyRef)
   at Microsoft.VisualStudio.TestPlatform.Common.ExtensionFramework.TestPluginCache.CurrentDomainAssemblyResolve(Object sender, AssemblyResolveEventArgs args) in /_/src/Microsoft.TestPlatform.Common/ExtensionFramework/TestPluginCache.cs:line 513
   at System.Runtime.Loader.AssemblyLoadContext.GetFirstResolvedAssemblyFromResolvingEvent(AssemblyName assemblyName)
   at System.Runtime.Loader.AssemblyLoadContext.ResolveUsingEvent(AssemblyName assemblyName)
   at System.Runtime.Loader.AssemblyLoadContext.ResolveUsingResolvingEvent(IntPtr gchManagedAssemblyLoadContext, AssemblyName assemblyName)
TpTrace Warning: 0 : 14924, 1, 2024/01/20, 10:01:02.690, 49566083062, vstest.console.dll, LoaderExceptions: System.IO.FileNotFoundException: Could not load file or assembly 'Microsoft.Bcl.AsyncInterfaces, Version=1.0.0.0, Culture=neutral, PublicKeyToken=cc7b13ffcd2ddd51'. The system cannot find the file specified.
File name: 'Microsoft.Bcl.AsyncInterfaces, Version=1.0.0.0, Culture=neutral, PublicKeyToken=cc7b13ffcd2ddd51'
 ---> System.IO.FileNotFoundException: Could not load file or assembly 'Microsoft.Bcl.AsyncInterfaces, Culture=neutral, PublicKeyToken=null'. The system cannot find the file specified.
File name: 'Microsoft.Bcl.AsyncInterfaces, Culture=neutral, PublicKeyToken=null'
   at System.Reflection.RuntimeAssembly.InternalLoad(AssemblyName assemblyName, StackCrawlMark& stackMark, AssemblyLoadContext assemblyLoadContext, RuntimeAssembly requestingAssembly, Boolean throwOnFileNotFound)
   at System.Reflection.Assembly.Load(AssemblyName assemblyRef)
   at Microsoft.VisualStudio.TestPlatform.Common.ExtensionFramework.TestPluginCache.CurrentDomainAssemblyResolve(Object sender, AssemblyResolveEventArgs args) in /_/src/Microsoft.TestPlatform.Common/ExtensionFramework/TestPluginCache.cs:line 513
   at System.Runtime.Loader.AssemblyLoadContext.GetFirstResolvedAssemblyFromResolvingEvent(AssemblyName assemblyName)
   at System.Runtime.Loader.AssemblyLoadContext.ResolveUsingEvent(AssemblyName assemblyName)
   at System.Runtime.Loader.AssemblyLoadContext.ResolveUsingResolvingEvent(IntPtr gchManagedAssemblyLoadContext, AssemblyName assemblyName)
TpTrace Verbose: 0 : 14924, 1, 2024/01/20, 10:01:02.691, 49566084821, vstest.console.dll, MetadataReaderExtensionsHelper: Discovering extensions inside assembly 'Microsoft.TestPlatform.Extensions.BlameDataCollector, Version=15.0.0.0, Culture=neutral, PublicKeyToken=b03f5f7f11d50a3a' file path 'C:\Program Files\dotnet\sdk\8.0.101\Extensions\Microsoft.TestPlatform.Extensions.BlameDataCollector.dll'
TpTrace Information: 0 : 14924, 1, 2024/01/20, 10:01:02.691, 49566093121, vstest.console.dll, GetTestExtensionFromType: Register extension with identifier data 'logger://Microsoft/TestPlatform/Extensions/Blame/v1' and type 'Microsoft.TestPlatform.Extensions.BlameDataCollector.BlameLogger, Microsoft.TestPlatform.Extensions.BlameDataCollector, Version=15.0.0.0, Culture=neutral, PublicKeyToken=b03f5f7f11d50a3a' inside file 'C:\Program Files\dotnet\sdk\8.0.101\Extensions\Microsoft.TestPlatform.Extensions.BlameDataCollector.dll'
TpTrace Verbose: 0 : 14924, 1, 2024/01/20, 10:01:02.692, 49566094444, vstest.console.dll, MetadataReaderExtensionsHelper: Discovering extensions inside assembly 'Microsoft.TestPlatform.Extensions.EventLogCollector, Version=15.0.0.0, Culture=neutral, PublicKeyToken=b03f5f7f11d50a3a' file path 'C:\Program Files\dotnet\sdk\8.0.101\Extensions\Microsoft.TestPlatform.Extensions.EventLogCollector.dll'
TpTrace Verbose: 0 : 14924, 1, 2024/01/20, 10:01:02.692, 49566099182, vstest.console.dll, MetadataReaderExtensionsHelper: Discovering extensions inside assembly 'Microsoft.TestPlatform.TestHostRuntimeProvider, Version=15.0.0.0, Culture=neutral, PublicKeyToken=b03f5f7f11d50a3a' file path 'C:\Program Files\dotnet\sdk\8.0.101\Extensions\Microsoft.TestPlatform.TestHostRuntimeProvider.dll'
TpTrace Verbose: 0 : 14924, 1, 2024/01/20, 10:01:02.693, 49566104039, vstest.console.dll, MetadataReaderExtensionsHelper: Discovering extensions inside assembly 'Microsoft.VisualStudio.TestPlatform.Extensions.Html.TestLogger, Version=15.0.0.0, Culture=neutral, PublicKeyToken=b03f5f7f11d50a3a' file path 'C:\Program Files\dotnet\sdk\8.0.101\Extensions\Microsoft.VisualStudio.TestPlatform.Extensions.Html.TestLogger.dll'
TpTrace Information: 0 : 14924, 1, 2024/01/20, 10:01:02.693, 49566113255, vstest.console.dll, GetTestExtensionFromType: Register extension with identifier data 'logger://Microsoft/TestPlatform/HtmlLogger/v1' and type 'Microsoft.VisualStudio.TestPlatform.Extensions.HtmlLogger.HtmlLogger, Microsoft.VisualStudio.TestPlatform.Extensions.Html.TestLogger, Version=15.0.0.0, Culture=neutral, PublicKeyToken=b03f5f7f11d50a3a' inside file 'C:\Program Files\dotnet\sdk\8.0.101\Extensions\Microsoft.VisualStudio.TestPlatform.Extensions.Html.TestLogger.dll'
TpTrace Verbose: 0 : 14924, 1, 2024/01/20, 10:01:02.694, 49566114825, vstest.console.dll, MetadataReaderExtensionsHelper: Discovering extensions inside assembly 'Microsoft.VisualStudio.TestPlatform.Extensions.Trx.TestLogger, Version=15.0.0.0, Culture=neutral, PublicKeyToken=b03f5f7f11d50a3a' file path 'C:\Program Files\dotnet\sdk\8.0.101\Extensions\Microsoft.VisualStudio.TestPlatform.Extensions.Trx.TestLogger.dll'
TpTrace Information: 0 : 14924, 1, 2024/01/20, 10:01:02.694, 49566121368, vstest.console.dll, GetTestExtensionFromType: Register extension with identifier data 'logger://Microsoft/TestPlatform/TrxLogger/v1' and type 'Microsoft.VisualStudio.TestPlatform.Extensions.TrxLogger.TrxLogger, Microsoft.VisualStudio.TestPlatform.Extensions.Trx.TestLogger, Version=15.0.0.0, Culture=neutral, PublicKeyToken=b03f5f7f11d50a3a' inside file 'C:\Program Files\dotnet\sdk\8.0.101\Extensions\Microsoft.VisualStudio.TestPlatform.Extensions.Trx.TestLogger.dll'
TpTrace Verbose: 0 : 14924, 1, 2024/01/20, 10:01:02.695, 49566123502, vstest.console.dll, TestPluginCache: Discovered the extensions using extension path ''.
TpTrace Verbose: 0 : 14924, 1, 2024/01/20, 10:01:02.695, 49566124196, vstest.console.dll, TestPluginCache: Discoverers are ''.
TpTrace Verbose: 0 : 14924, 1, 2024/01/20, 10:01:02.695, 49566124649, vstest.console.dll, TestPluginCache: Executors are ''.
TpTrace Verbose: 0 : 14924, 1, 2024/01/20, 10:01:02.695, 49566125071, vstest.console.dll, TestPluginCache: Executors2 are ''.
TpTrace Verbose: 0 : 14924, 1, 2024/01/20, 10:01:02.695, 49566125485, vstest.console.dll, TestPluginCache: Setting providers are ''.
TpTrace Verbose: 0 : 14924, 1, 2024/01/20, 10:01:02.695, 49566126745, vstest.console.dll, TestPluginCache: Loggers are 'logger://Microsoft/TestPlatform/Extensions/Blame/v1,logger://Microsoft/TestPlatform/HtmlLogger/v1,logger://Microsoft/TestPlatform/TrxLogger/v1'.
TpTrace Verbose: 0 : 14924, 1, 2024/01/20, 10:01:02.695, 49566127545, vstest.console.dll, TestPluginCache: TestHosts are 'HostProvider://DefaultTestHost,HostProvider://DotnetTestHost'.
TpTrace Verbose: 0 : 14924, 1, 2024/01/20, 10:01:02.695, 49566128165, vstest.console.dll, TestPluginCache: DataCollectors are ''.
TpTrace Information: 0 : 14924, 1, 2024/01/20, 10:01:02.697, 49566143434, vstest.console.dll, TestPluginManager.CreateTestExtension: Attempting to load test extension: Microsoft.TestPlatform.Extensions.BlameDataCollector.BlameLogger
TpTrace Verbose: 0 : 14924, 1, 2024/01/20, 10:01:02.710, 49566274181, vstest.console.dll, TestEngine: Initializing Parallel Execution as MaxCpuCount is set to: 1
TpTrace Information: 0 : 14924, 1, 2024/01/20, 10:01:02.712, 49566299786, vstest.console.dll, TestPluginManager.CreateTestExtension: Attempting to load test extension: Microsoft.VisualStudio.TestPlatform.CrossPlatEngine.Hosting.DefaultTestHostManager
TpTrace Information: 0 : 14924, 1, 2024/01/20, 10:01:02.713, 49566311328, vstest.console.dll, TestPluginManager.CreateTestExtension: Attempting to load test extension: Microsoft.VisualStudio.TestPlatform.CrossPlatEngine.Hosting.DotnetTestHostManager
TpTrace Information: 0 : 14924, 1, 2024/01/20, 10:01:02.714, 49566321673, vstest.console.dll, InferRunSettingsHelper.IsTestSettingsEnabled: Unable to navigate to RunSettings/MSTest. Current node: RunSettings
TpTrace Verbose: 0 : 14924, 1, 2024/01/20, 10:01:02.715, 49566331048, vstest.console.dll, ParallelOperationManager.ClearSlots: Clearing all slots. Slots should accept more work: True
TpTrace Verbose: 0 : 14924, 1, 2024/01/20, 10:01:02.716, 49566342326, vstest.console.dll, ParallelOperationManager.SetOccupiedSlotCount: Setting slot counts AvailableSlotCount = 1, OccupiedSlotCount = 0.
TpTrace Verbose: 0 : 14924, 1, 2024/01/20, 10:01:02.717, 49566348128, vstest.console.dll, Occupied slots:

TpTrace Verbose: 0 : 14924, 1, 2024/01/20, 10:01:02.723, 49566410740, vstest.console.dll, TestEngine.GetExecutionManager: Chosen execution manager 'Microsoft.VisualStudio.TestPlatform.CrossPlatEngine.Client.Parallel.ParallelProxyExecutionManager, Microsoft.TestPlatform.CrossPlatEngine, Version=15.0.0.0, Culture=neutral, PublicKeyToken=b03f5f7f11d50a3a' ParallelLevel '1'.
TpTrace Verbose: 0 : 14924, 1, 2024/01/20, 10:01:02.724, 49566413433, vstest.console.dll, TestRunRequest.ExecuteAsync: Creating test run request.
TpTrace Verbose: 0 : 14924, 1, 2024/01/20, 10:01:02.724, 49566416962, vstest.console.dll, TestRunRequest.ExecuteAsync: Starting.
TpTrace Information: 0 : 14924, 1, 2024/01/20, 10:01:02.726, 49566440801, vstest.console.dll, TestRunRequest.ExecuteAsync: Starting run with settings:TestRunCriteria:
   KeepAlive=False,FrequencyOfRunStatsChangeEvent=10,RunStatsChangeEventTimeout=00:00:01.5000000,TestCaseFilter=,TestExecutorLauncher=
   Settingsxml=<RunSettings>
  <RunConfiguration>
    <ResultsDirectory>C:\pryazha\labs\course_2\semester_1\oop\lab_10\Tests\OrganizationsLibraryTests\bin\Debug\net7.0\fine-code-coverage\coverage-tool-output</ResultsDirectory>
    <TargetPlatform>X64</TargetPlatform>
    <TargetFrameworkVersion>.NETCoreApp,Version=v7.0</TargetFrameworkVersion>
    <DesignMode>False</DesignMode>
    <CollectSourceInformation>False</CollectSourceInformation>
  </RunConfiguration>
  <LoggerRunSettings>
    <Loggers>
      <Logger friendlyName="blame" enabled="True" />
      <Logger friendlyName="Console" uri="logger://microsoft/TestPlatform/ConsoleLogger/v1" assemblyQualifiedName="Microsoft.VisualStudio.TestPlatform.CommandLine.Internal.ConsoleLogger, vstest.console, Version=15.0.0.0, Culture=neutral, PublicKeyToken=b03f5f7f11d50a3a" codeBase="C:\Program Files\dotnet\sdk\8.0.101\vstest.console.dll" enabled="True" />
    </Loggers>
  </LoggerRunSettings>
  <DataCollectionRunSettings>
    <DataCollectors>
      <DataCollector friendlyName="blame" enabled="True">
        <Configuration>
          <ResultsDirectory>C:\pryazha\labs\course_2\semester_1\oop\lab_10\Tests\OrganizationsLibraryTests\bin\Debug\net7.0\fine-code-coverage\coverage-tool-output</ResultsDirectory>
        </Configuration>
      </DataCollector>
    </DataCollectors>
  </DataCollectionRunSettings>
</RunSettings>

TpTrace Verbose: 0 : 14924, 1, 2024/01/20, 10:01:02.726, 49566441912, vstest.console.dll, TestRunRequest.ExecuteAsync: Wait for the first run request is over.
TpTrace Verbose: 0 : 14924, 1, 2024/01/20, 10:01:02.729, 49566471354, vstest.console.dll, MulticastDelegateUtilities.SafeInvoke: TestRun.TestRunStart: Invoking callbacks was skipped because there are no subscribers.
TpTrace Verbose: 0 : 14924, 4, 2024/01/20, 10:01:02.730, 49566474796, vstest.console.dll, MulticastDelegateUtilities.SafeInvoke: InternalTestLoggerEvents.SendTestRunStart: Invoking callback 1/1 for Microsoft.VisualStudio.TestPlatform.CommandLine.Internal.ConsoleLogger., took 0 ms.
TpTrace Verbose: 0 : 14924, 1, 2024/01/20, 10:01:02.731, 49566492346, vstest.console.dll, ParallelProxyExecutionManager: Start execution. Total sources: 1
TpTrace Verbose: 0 : 14924, 1, 2024/01/20, 10:01:02.732, 49566499114, vstest.console.dll, ParallelOperationManager.StartWork: Starting adding 1 workloads.
TpTrace Verbose: 0 : 14924, 1, 2024/01/20, 10:01:02.732, 49566500408, vstest.console.dll, ParallelOperationManager.ClearSlots: Clearing all slots. Slots should accept more work: True
TpTrace Verbose: 0 : 14924, 1, 2024/01/20, 10:01:02.732, 49566501634, vstest.console.dll, ParallelOperationManager.SetOccupiedSlotCount: Setting slot counts AvailableSlotCount = 1, OccupiedSlotCount = 0.
TpTrace Verbose: 0 : 14924, 1, 2024/01/20, 10:01:02.732, 49566502285, vstest.console.dll, Occupied slots:

TpTrace Verbose: 0 : 14924, 1, 2024/01/20, 10:01:02.735, 49566526082, vstest.console.dll, TestRequestSender is acting as server.
TpTrace Verbose: 0 : 14924, 1, 2024/01/20, 10:01:02.737, 49566544852, vstest.console.dll, ParallelOperationManager.RunWorkInParallel: Adding 1 workload to slot, remaining workloads 0.
TpTrace Verbose: 0 : 14924, 1, 2024/01/20, 10:01:02.737, 49566546161, vstest.console.dll, ParallelOperationManager.SetOccupiedSlotCount: Setting slot counts AvailableSlotCount = 0, OccupiedSlotCount = 1.
TpTrace Verbose: 0 : 14924, 1, 2024/01/20, 10:01:02.737, 49566548038, vstest.console.dll, Occupied slots:
0: C:\pryazha\labs\course_2\semester_1\oop\lab_10\Tests\OrganizationsLibraryTests\bin\Debug\net7.0\fine-code-coverage\build-output\OrganizationsLibraryTests.dll
TpTrace Verbose: 0 : 14924, 1, 2024/01/20, 10:01:02.739, 49566566470, vstest.console.dll, ParallelOperationManager.RunWorkInParallel: Started host in slot number 0 for work (source): C:\pryazha\labs\course_2\semester_1\oop\lab_10\Tests\OrganizationsLibraryTests\bin\Debug\net7.0\fine-code-coverage\build-output\OrganizationsLibraryTests.dll.
TpTrace Verbose: 0 : 14924, 1, 2024/01/20, 10:01:02.740, 49566579677, vstest.console.dll, ParallelOperationManager.RunWorkInParallel: We started 1 work items, which is the max parallel level. Won't start more work.
TpTrace Verbose: 0 : 14924, 1, 2024/01/20, 10:01:02.740, 49566580802, vstest.console.dll, ParallelOperationManager.RunWorkInParallel: We started 1 work items in here, returning True.
TpTrace Information: 0 : 14924, 1, 2024/01/20, 10:01:02.740, 49566581479, vstest.console.dll, TestRunRequest.ExecuteAsync: Started.
TpTrace Verbose: 0 : 14924, 5, 2024/01/20, 10:01:02.740, 49566582280, vstest.console.dll, ParallelProxyExecutionManager.StartTestRunOnConcurrentManager: Initializing uninitialized client. Started clients: 0
TpTrace Verbose: 0 : 14924, 5, 2024/01/20, 10:01:02.741, 49566584986, vstest.console.dll, DataCollectionRequestSender.InitializeCommunication : Initialize communication. 
TpTrace Verbose: 0 : 14924, 1, 2024/01/20, 10:01:02.742, 49566593618, vstest.console.dll, TestRunRequest.WaitForCompletion: Waiting with timeout -1.
TpTrace Information: 0 : 14924, 5, 2024/01/20, 10:01:02.753, 49566710825, vstest.console.dll, Listening on Endpoint : 127.0.0.1:51586
TpTrace Verbose: 0 : 14924, 5, 2024/01/20, 10:01:02.764, 49566814017, vstest.console.dll, DotnetDataCollectionLauncher: Adding  --runtimeconfig "C:\Program Files\dotnet\sdk\8.0.101\datacollector.runtimeconfig.json" in args
TpTrace Verbose: 0 : 14924, 5, 2024/01/20, 10:01:02.764, 49566816155, vstest.console.dll, DotnetDataCollectionLauncher: Adding  --depsfile "C:\Program Files\dotnet\sdk\8.0.101\datacollector.deps.json" in args
TpTrace Verbose: 0 : 14924, 5, 2024/01/20, 10:01:02.764, 49566819029, vstest.console.dll, DotnetDataCollectionLauncher: Full path of dotnet.exe is C:\Program Files\dotnet\dotnet.exe
TpTrace Information: 0 : 14924, 5, 2024/01/20, 10:01:02.774, 49566922536, vstest.console.dll, ProxyDataCollectionManager.Initialize: Launched datacollector processId: 25248 port: 51586
TpTrace Information: 0 : 14924, 5, 2024/01/20, 10:01:02.775, 49566924972, vstest.console.dll, ProxyDataCollectionManager.Initialize: waiting for connection with timeout: 90 seconds
TpTrace Verbose: 0 : 14924, 5, 2024/01/20, 10:01:02.775, 49566925741, vstest.console.dll, DataCollectionRequestSender.WaitForRequestHandlerConnection : Waiting for connection with timeout: 90000
TpTrace Information: 0 : 14924, 10, 2024/01/20, 10:01:03.045, 49569628736, vstest.console.dll, Using the buffer size of 16384 bytes
TpTrace Verbose: 0 : 14924, 5, 2024/01/20, 10:01:03.045, 49569630148, vstest.console.dll, SocketCommunicationManager.WaitForClientConnection took: 270 ms, with 90000 ms timeout, and finished with True.
TpTrace Verbose: 0 : 14924, 5, 2024/01/20, 10:01:03.045, 49569632915, vstest.console.dll, ProxyDataCollectionManager.InvokeDataCollectionServiceAction: Starting.
TpTrace Information: 0 : 14924, 5, 2024/01/20, 10:01:03.046, 49569634231, vstest.console.dll, ProxyDataCollectionManager.BeforeTestRunStart: Get environment variable and port for datacollector processId: 25248 port: 51586
TpTrace Verbose: 0 : 14924, 5, 2024/01/20, 10:01:03.046, 49569636136, vstest.console.dll, DataCollectionRequestSender.SendBeforeTestRunStartAndGetResult: Send BeforeTestRunStart message with settingsXml <RunSettings><RunConfiguration><ResultsDirectory>C:\pryazha\labs\course_2\semester_1\oop\lab_10\Tests\OrganizationsLibraryTests\bin\Debug\net7.0\fine-code-coverage\coverage-tool-output</ResultsDirectory><TargetPlatform>X64</TargetPlatform><TargetFrameworkVersion>.NETCoreApp,Version=v7.0</TargetFrameworkVersion><DesignMode>False</DesignMode><CollectSourceInformation>False</CollectSourceInformation><TestAdaptersPaths>C:\Program Files\dotnet\sdk\8.0.101\Extensions</TestAdaptersPaths></RunConfiguration><LoggerRunSettings><Loggers><Logger friendlyName="blame" enabled="True" /><Logger friendlyName="Console" uri="logger://microsoft/TestPlatform/ConsoleLogger/v1" assemblyQualifiedName="Microsoft.VisualStudio.TestPlatform.CommandLine.Internal.ConsoleLogger, vstest.console, Version=15.0.0.0, Culture=neutral, PublicKeyToken=b03f5f7f11d50a3a" codeBase="C:\Program Files\dotnet\sdk\8.0.101\vstest.console.dll" enabled="True" /></Loggers></LoggerRunSettings><DataCollectionRunSettings><DataCollectors><DataCollector friendlyName="blame" enabled="True"><Configuration><ResultsDirectory>C:\pryazha\labs\course_2\semester_1\oop\lab_10\Tests\OrganizationsLibraryTests\bin\Debug\net7.0\fine-code-coverage\coverage-tool-output</ResultsDirectory></Configuration></DataCollector></DataCollectors></DataCollectionRunSettings></RunSettings> and sources System.Collections.Generic.List`1[System.String]: 
TpTrace Information: 0 : 14924, 10, 2024/01/20, 10:01:03.045, 49569630804, vstest.console.dll, Accepted Client request and set the flag
TpTrace Verbose: 0 : 14924, 5, 2024/01/20, 10:01:03.144, 49570621762, vstest.console.dll, DataCollectionRequestSender.SendBeforeTestRunStartAndGetResult: Received message: (DataCollection.SendMessage) -> {"MessageType":"DataCollection.SendMessage","Payload":{"FriendlyName":null,"Uri":null,"TestCaseId":"00000000-0000-0000-0000-000000000000","Message":"Logging DataCollector Diagnostics in file: C:\\pryazha\\labs\\course_2\\semester_1\\oop\\lab_10\\Tests\\OrganizationsLibraryTests\\bin\\Debug\\net7.0\\fine-code-coverage\\coverage-tool-output\\diagnostics.datacollector.24-01-20_10-01-02_76366_5.log","Level":0}}
TpTrace Verbose: 0 : 14924, 5, 2024/01/20, 10:01:03.313, 49572307870, vstest.console.dll, DataCollectionRequestSender.SendBeforeTestRunStartAndGetResult: Received message: (DataCollection.BeforeTestRunStartResult) -> {"MessageType":"DataCollection.BeforeTestRunStartResult","Payload":{"EnvironmentVariables":{},"DataCollectionEventsPort":51588}}
TpTrace Information: 0 : 14924, 5, 2024/01/20, 10:01:03.321, 49572388798, vstest.console.dll, ProxyDataCollectionManager.BeforeTestRunStart: SendBeforeTestRunStartAndGetResult successful, env variable from datacollector:   and testhost port: 51588
TpTrace Information: 0 : 14924, 5, 2024/01/20, 10:01:03.321, 49572390654, vstest.console.dll, ProxyDataCollectionManager.InvokeDataCollectionServiceAction: Completed.
TpTrace Verbose: 0 : 14924, 5, 2024/01/20, 10:01:03.321, 49572391375, vstest.console.dll, ParallelProxyExecutionManager.StartTestRunOnConcurrentManager: Initializing test run. Started clients: 0
TpTrace Verbose: 0 : 14924, 5, 2024/01/20, 10:01:03.321, 49572392892, vstest.console.dll, ProxyExecutionManager: Test host is always Lazy initialize.
TpTrace Verbose: 0 : 14924, 5, 2024/01/20, 10:01:03.322, 49572396381, vstest.console.dll, TestRequestSender.InitializeCommunication: initialize communication. 
TpTrace Information: 0 : 14924, 5, 2024/01/20, 10:01:03.323, 49572403791, vstest.console.dll, SocketServer.Start: Listening on endpoint : 127.0.0.1:51589
TpTrace Verbose: 0 : 14924, 5, 2024/01/20, 10:01:03.324, 49572415864, vstest.console.dll, DotnetTestHostmanager.GetTestHostProcessStartInfo: Platform environment 'X64' target architecture 'X64' framework '.NETCoreApp,Version=v7.0' OS 'Windows'
TpTrace Verbose: 0 : 14924, 5, 2024/01/20, 10:01:03.324, 49572419884, vstest.console.dll, DotnetTestHostmanager: Adding  --runtimeconfig "C:\pryazha\labs\course_2\semester_1\oop\lab_10\Tests\OrganizationsLibraryTests\bin\Debug\net7.0\fine-code-coverage\build-output\OrganizationsLibraryTests.runtimeconfig.json" in args
TpTrace Verbose: 0 : 14924, 5, 2024/01/20, 10:01:03.324, 49572421702, vstest.console.dll, DotnetTestHostmanager: Adding  --depsfile "C:\pryazha\labs\course_2\semester_1\oop\lab_10\Tests\OrganizationsLibraryTests\bin\Debug\net7.0\fine-code-coverage\build-output\OrganizationsLibraryTests.deps.json" in args
TpTrace Verbose: 0 : 14924, 5, 2024/01/20, 10:01:03.325, 49572426628, vstest.console.dll, DotnetTestHostmanager.IsWinOnArm: Current PROCESSOR_ARCHITECTURE from environment variable 'AMD64'
TpTrace Verbose: 0 : 14924, 5, 2024/01/20, 10:01:03.325, 49572427855, vstest.console.dll, DotnetTestHostmanager.IsWinOnArm: Is Windows on ARM 'False'
TpTrace Verbose: 0 : 14924, 5, 2024/01/20, 10:01:03.325, 49572429466, vstest.console.dll, DotnetTestHostManager: testhost.exe found at path: C:\pryazha\labs\course_2\semester_1\oop\lab_10\Tests\OrganizationsLibraryTests\bin\Debug\net7.0\fine-code-coverage\build-output\testhost.exe
TpTrace Verbose: 0 : 14924, 5, 2024/01/20, 10:01:03.325, 49572430257, vstest.console.dll, DotnetTestHostmanager: Full path of host exe is C:\pryazha\labs\course_2\semester_1\oop\lab_10\Tests\OrganizationsLibraryTests\bin\Debug\net7.0\fine-code-coverage\build-output\testhost.exe
TpTrace Verbose: 0 : 14924, 5, 2024/01/20, 10:01:03.325, 49572432528, vstest.console.dll, DotnetTestHostmanager.LaunchTestHostAsync: Found 'VSTEST_WINAPPHOST_DOTNET_ROOT' in env variables, value 'C:\Program Files\dotnet', forwarding to 'DOTNET_ROOT'
TpTrace Verbose: 0 : 14924, 5, 2024/01/20, 10:01:03.326, 49572434955, vstest.console.dll, DotnetTestHostManager: Starting process 'C:\pryazha\labs\course_2\semester_1\oop\lab_10\Tests\OrganizationsLibraryTests\bin\Debug\net7.0\fine-code-coverage\build-output\testhost.exe' with command line ' --runtimeconfig "C:\pryazha\labs\course_2\semester_1\oop\lab_10\Tests\OrganizationsLibraryTests\bin\Debug\net7.0\fine-code-coverage\build-output\OrganizationsLibraryTests.runtimeconfig.json" --depsfile "C:\pryazha\labs\course_2\semester_1\oop\lab_10\Tests\OrganizationsLibraryTests\bin\Debug\net7.0\fine-code-coverage\build-output\OrganizationsLibraryTests.deps.json" --port 51589 --endpoint 127.0.0.1:051589 --role client --parentprocessid 14924 --diag "C:\pryazha\labs\course_2\semester_1\oop\lab_10\Tests\OrganizationsLibraryTests\bin\Debug\net7.0\fine-code-coverage\coverage-tool-output\diagnostics.host.24-01-20_10-01-03_32365_5.log" --tracelevel 4 --datacollectionport 51588 --telemetryoptedin false'
TpTrace Verbose: 0 : 14924, 5, 2024/01/20, 10:01:03.339, 49572569772, vstest.console.dll, MulticastDelegateUtilities.SafeInvoke: HostProviderEvents.OnHostLaunched: Invoking callback 1/2 for Microsoft.VisualStudio.TestPlatform.CrossPlatEngine.Client.ProxyExecutionManagerWithDataCollection., took 1 ms.
TpTrace Verbose: 0 : 14924, 5, 2024/01/20, 10:01:03.340, 49572575685, vstest.console.dll, Test Runtime launched
TpTrace Verbose: 0 : 14924, 5, 2024/01/20, 10:01:03.340, 49572577131, vstest.console.dll, MulticastDelegateUtilities.SafeInvoke: HostProviderEvents.OnHostLaunched: Invoking callback 2/2 for Microsoft.VisualStudio.TestPlatform.CrossPlatEngine.Client.ProxyOperationManager., took 0 ms.
TpTrace Verbose: 0 : 14924, 5, 2024/01/20, 10:01:03.340, 49572579170, vstest.console.dll, TestRequestSender.WaitForRequestHandlerConnection: waiting for connection with timeout: 90000.
TpTrace Verbose: 0 : 14924, 5, 2024/01/20, 10:01:03.662, 49575803005, vstest.console.dll, TestRequestSender.WaitForRequestHandlerConnection: waiting took 322 ms, with timeout 90000 ms, and result 0, which is success.
TpTrace Verbose: 0 : 14924, 11, 2024/01/20, 10:01:03.662, 49575802983, vstest.console.dll, MulticastDelegateUtilities.SafeInvoke: SocketServer: ClientConnected: Invoking callback 1/1 for Microsoft.VisualStudio.TestPlatform.CommunicationUtilities.TestRequestSender., took 0 ms.
TpTrace Verbose: 0 : 14924, 11, 2024/01/20, 10:01:03.663, 49575806490, vstest.console.dll, SocketServer.OnClientConnected: Client connected for endPoint: 127.0.0.1:51589, starting MessageLoopAsync:
TpTrace Verbose: 0 : 14924, 11, 2024/01/20, 10:01:03.664, 49575816554, vstest.console.dll, TcpClientExtensions.MessageLoopAsync: Polling on remoteEndPoint: 127.0.0.1:51590 localEndPoint: 127.0.0.1:51589
TpTrace Verbose: 0 : 14924, 5, 2024/01/20, 10:01:03.665, 49575823455, vstest.console.dll, TestRequestSender.CheckVersionWithTestHost: Sending check version message: {"MessageType":"ProtocolVersion","Payload":7}
TpTrace Verbose: 0 : 14924, 11, 2024/01/20, 10:01:03.914, 49578319867, vstest.console.dll, TcpClientExtensions.MessageLoopAsync: NotifyDataAvailable remoteEndPoint: 127.0.0.1:51590 localEndPoint: 127.0.0.1:51589
TpTrace Verbose: 0 : 14924, 11, 2024/01/20, 10:01:03.915, 49578323875, vstest.console.dll, TestRequestSender.CheckVersionWithTestHost: onMessageReceived received message: (ProtocolVersion) -> {"MessageType":"ProtocolVersion","Payload":7}
TpTrace Verbose: 0 : 14924, 11, 2024/01/20, 10:01:03.916, 49578333963, vstest.console.dll, MulticastDelegateUtilities.SafeInvoke: LengthPrefixCommunicationChannel: MessageReceived: Invoking callback 1/1 for Microsoft.VisualStudio.TestPlatform.CommunicationUtilities.TestRequestSender+<>c__DisplayClass29_0., took 1 ms.
TpTrace Verbose: 0 : 14924, 11, 2024/01/20, 10:01:03.916, 49578335424, vstest.console.dll, TcpClientExtensions.MessageLoopAsync: Polling on remoteEndPoint: 127.0.0.1:51590 localEndPoint: 127.0.0.1:51589
TpTrace Verbose: 0 : 14924, 5, 2024/01/20, 10:01:03.916, 49578335774, vstest.console.dll, TestPluginCache.GetExtensionPaths: Filtered extension paths: 
TpTrace Verbose: 0 : 14924, 5, 2024/01/20, 10:01:03.916, 49578337724, vstest.console.dll, TestPluginCache.GetExtensionPaths: Added default extension paths: C:\Program Files\dotnet\sdk\8.0.101\Extensions\Microsoft.Diagnostics.NETCore.Client.dll
C:\Program Files\dotnet\sdk\8.0.101\Extensions\Microsoft.TestPlatform.Extensions.BlameDataCollector.dll
C:\Program Files\dotnet\sdk\8.0.101\Extensions\Microsoft.TestPlatform.Extensions.EventLogCollector.dll
C:\Program Files\dotnet\sdk\8.0.101\Extensions\Microsoft.TestPlatform.TestHostRuntimeProvider.dll
C:\Program Files\dotnet\sdk\8.0.101\Extensions\Microsoft.VisualStudio.TestPlatform.Extensions.Html.TestLogger.dll
C:\Program Files\dotnet\sdk\8.0.101\Extensions\Microsoft.VisualStudio.TestPlatform.Extensions.Trx.TestLogger.dll
TpTrace Verbose: 0 : 14924, 5, 2024/01/20, 10:01:03.916, 49578339269, vstest.console.dll, TestPluginCache.GetExtensionPaths: Added unfilterableExtensionPaths: 
TpTrace Verbose: 0 : 14924, 5, 2024/01/20, 10:01:03.921, 49578392599, vstest.console.dll, TestRequestSender.InitializeExecution: Sending initialize execution with message: {"Version":7,"MessageType":"TestExecution.Initialize","Payload":["C:\\pryazha\\labs\\course_2\\semester_1\\oop\\lab_10\\Tests\\OrganizationsLibraryTests\\bin\\Debug\\net7.0\\fine-code-coverage\\build-output\\xunit.runner.visualstudio.dotnetcore.testadapter.dll"]}
TpTrace Verbose: 0 : 14924, 5, 2024/01/20, 10:01:03.922, 49578395922, vstest.console.dll, ParallelProxyExecutionManager.StartTestRunOnConcurrentManager: Execution starting. Started clients: 1
TpTrace Verbose: 0 : 14924, 5, 2024/01/20, 10:01:03.922, 49578402555, vstest.console.dll, TestRunRequest:SendTestRunMessage: Starting.
TpTrace Verbose: 0 : 14924, 5, 2024/01/20, 10:01:03.923, 49578405418, vstest.console.dll, MulticastDelegateUtilities.SafeInvoke: TestRun.LogMessages: Invoking callback 1/1 for Microsoft.VisualStudio.TestPlatform.CommandLine.TestRunResultAggregator., took 0 ms.
TpTrace Information: 0 : 14924, 5, 2024/01/20, 10:01:03.923, 49578406137, vstest.console.dll, TestRunRequest:SendTestRunMessage: Completed.
TpTrace Verbose: 0 : 14924, 4, 2024/01/20, 10:01:03.923, 49578409722, vstest.console.dll, MulticastDelegateUtilities.SafeInvoke: InternalTestLoggerEvents.SendTestRunMessage: Invoking callback 1/1 for Microsoft.VisualStudio.TestPlatform.CommandLine.Internal.ConsoleLogger., took 0 ms.
TpTrace Warning: 0 : 14924, 5, 2024/01/20, 10:01:03.924, 49578413557, vstest.console.dll, InferRunSettingsHelper.MakeRunsettingsCompatible: Removing the following settings: TargetPlatform from RunSettings file. To use those settings please move to latest version of Microsoft.NET.Test.Sdk
TpTrace Verbose: 0 : 14924, 11, 2024/01/20, 10:01:03.929, 49578466753, vstest.console.dll, TcpClientExtensions.MessageLoopAsync: NotifyDataAvailable remoteEndPoint: 127.0.0.1:51590 localEndPoint: 127.0.0.1:51589
TpTrace Verbose: 0 : 14924, 11, 2024/01/20, 10:01:03.930, 49578473794, vstest.console.dll, TestRequestSender.OnExecutionMessageReceived: Received message: {"Version":7,"MessageType":"TestSession.Message","Payload":{"MessageLevel":0,"Message":"Logging TestHost Diagnostics in file: C:\\pryazha\\labs\\course_2\\semester_1\\oop\\lab_10\\Tests\\OrganizationsLibraryTests\\bin\\Debug\\net7.0\\fine-code-coverage\\coverage-tool-output\\diagnostics.host.24-01-20_10-01-03_32365_5.log"}}
TpTrace Verbose: 0 : 14924, 11, 2024/01/20, 10:01:03.934, 49578522951, vstest.console.dll, TestRunRequest:SendTestRunMessage: Starting.
TpTrace Verbose: 0 : 14924, 11, 2024/01/20, 10:01:03.935, 49578525342, vstest.console.dll, MulticastDelegateUtilities.SafeInvoke: TestRun.LogMessages: Invoking callback 1/1 for Microsoft.VisualStudio.TestPlatform.CommandLine.TestRunResultAggregator., took 0 ms.
TpTrace Information: 0 : 14924, 11, 2024/01/20, 10:01:03.935, 49578525971, vstest.console.dll, TestRunRequest:SendTestRunMessage: Completed.
TpTrace Verbose: 0 : 14924, 4, 2024/01/20, 10:01:03.935, 49578525942, vstest.console.dll, MulticastDelegateUtilities.SafeInvoke: InternalTestLoggerEvents.SendTestRunMessage: Invoking callback 1/1 for Microsoft.VisualStudio.TestPlatform.CommandLine.Internal.ConsoleLogger., took 0 ms.
TpTrace Verbose: 0 : 14924, 11, 2024/01/20, 10:01:03.935, 49578526715, vstest.console.dll, MulticastDelegateUtilities.SafeInvoke: LengthPrefixCommunicationChannel: MessageReceived: Invoking callback 1/1 for Microsoft.VisualStudio.TestPlatform.CommunicationUtilities.TestRequestSender+<>c__DisplayClass34_0., took 5 ms.
TpTrace Verbose: 0 : 14924, 11, 2024/01/20, 10:01:03.935, 49578529320, vstest.console.dll, TcpClientExtensions.MessageLoopAsync: Polling on remoteEndPoint: 127.0.0.1:51590 localEndPoint: 127.0.0.1:51589
TpTrace Verbose: 0 : 14924, 5, 2024/01/20, 10:01:03.942, 49578599909, vstest.console.dll, TestRequestSender.StartTestRun: Sending test run with message: {"Version":7,"MessageType":"TestExecution.StartWithSources","Payload":{"AdapterSourceMap":{"_none_":["C:\\pryazha\\labs\\course_2\\semester_1\\oop\\lab_10\\Tests\\OrganizationsLibraryTests\\bin\\Debug\\net7.0\\fine-code-coverage\\build-output\\OrganizationsLibraryTests.dll"]},"RunSettings":"<RunSettings>\r\n  <RunConfiguration>\r\n    <ResultsDirectory>C:\\pryazha\\labs\\course_2\\semester_1\\oop\\lab_10\\Tests\\OrganizationsLibraryTests\\bin\\Debug\\net7.0\\fine-code-coverage\\coverage-tool-output</ResultsDirectory>\r\n    <TargetFrameworkVersion>.NETCoreApp,Version=v7.0</TargetFrameworkVersion>\r\n    <DesignMode>False</DesignMode>\r\n    <CollectSourceInformation>False</CollectSourceInformation>\r\n  </RunConfiguration>\r\n  <LoggerRunSettings>\r\n    <Loggers>\r\n      <Logger friendlyName=\"blame\" enabled=\"True\" />\r\n      <Logger friendlyName=\"Console\" uri=\"logger://microsoft/TestPlatform/ConsoleLogger/v1\" assemblyQualifiedName=\"Microsoft.VisualStudio.TestPlatform.CommandLine.Internal.ConsoleLogger, vstest.console, Version=15.0.0.0, Culture=neutral, PublicKeyToken=b03f5f7f11d50a3a\" codeBase=\"C:\\Program Files\\dotnet\\sdk\\8.0.101\\vstest.console.dll\" enabled=\"True\" />\r\n    </Loggers>\r\n  </LoggerRunSettings>\r\n  <DataCollectionRunSettings>\r\n    <DataCollectors>\r\n      <DataCollector friendlyName=\"blame\" enabled=\"True\">\r\n        <Configuration>\r\n          <ResultsDirectory>C:\\pryazha\\labs\\course_2\\semester_1\\oop\\lab_10\\Tests\\OrganizationsLibraryTests\\bin\\Debug\\net7.0\\fine-code-coverage\\coverage-tool-output</ResultsDirectory>\r\n        </Configuration>\r\n      </DataCollector>\r\n    </DataCollectors>\r\n  </DataCollectionRunSettings>\r\n</RunSettings>","TestExecutionContext":{"FrequencyOfRunStatsChangeEvent":10,"RunStatsChangeEventTimeout":"00:00:01.5000000","InIsolation":false,"KeepAlive":false,"AreTestCaseLevelEventsRequired":false,"IsDebug":false,"TestCaseFilter":null,"FilterOptions":null},"Package":null}}
TpTrace Verbose: 0 : 14924, 5, 2024/01/20, 10:01:03.942, 49578603191, vstest.console.dll, ParallelProxyExecutionManager.StartTestRunOnConcurrentManager: Execution started. Started clients: 1
TpTrace Verbose: 0 : 14924, 11, 2024/01/20, 10:01:04.216, 49581335557, vstest.console.dll, TcpClientExtensions.MessageLoopAsync: NotifyDataAvailable remoteEndPoint: 127.0.0.1:51590 localEndPoint: 127.0.0.1:51589
TpTrace Verbose: 0 : 14924, 11, 2024/01/20, 10:01:04.216, 49581338483, vstest.console.dll, TestRequestSender.OnExecutionMessageReceived: Received message: {"Version":7,"MessageType":"TestSession.Message","Payload":{"MessageLevel":0,"Message":"[xUnit.net 00:00:00.00] xUnit.net VSTest Adapter v2.4.5+1caef2f33e (64-bit .NET 7.0.15)"}}
TpTrace Verbose: 0 : 14924, 11, 2024/01/20, 10:01:04.216, 49581341256, vstest.console.dll, TestRunRequest:SendTestRunMessage: Starting.
TpTrace Verbose: 0 : 14924, 11, 2024/01/20, 10:01:04.216, 49581342443, vstest.console.dll, MulticastDelegateUtilities.SafeInvoke: TestRun.LogMessages: Invoking callback 1/1 for Microsoft.VisualStudio.TestPlatform.CommandLine.TestRunResultAggregator., took 0 ms.
TpTrace Information: 0 : 14924, 11, 2024/01/20, 10:01:04.216, 49581343027, vstest.console.dll, TestRunRequest:SendTestRunMessage: Completed.
TpTrace Verbose: 0 : 14924, 4, 2024/01/20, 10:01:04.216, 49581343290, vstest.console.dll, MulticastDelegateUtilities.SafeInvoke: InternalTestLoggerEvents.SendTestRunMessage: Invoking callback 1/1 for Microsoft.VisualStudio.TestPlatform.CommandLine.Internal.ConsoleLogger., took 0 ms.
TpTrace Verbose: 0 : 14924, 11, 2024/01/20, 10:01:04.217, 49581343613, vstest.console.dll, MulticastDelegateUtilities.SafeInvoke: LengthPrefixCommunicationChannel: MessageReceived: Invoking callback 1/1 for Microsoft.VisualStudio.TestPlatform.CommunicationUtilities.TestRequestSender+<>c__DisplayClass34_0., took 0 ms.
TpTrace Verbose: 0 : 14924, 11, 2024/01/20, 10:01:04.217, 49581345821, vstest.console.dll, TcpClientExtensions.MessageLoopAsync: Polling on remoteEndPoint: 127.0.0.1:51590 localEndPoint: 127.0.0.1:51589
TpTrace Verbose: 0 : 14924, 11, 2024/01/20, 10:01:05.106, 49590240147, vstest.console.dll, TcpClientExtensions.MessageLoopAsync: NotifyDataAvailable remoteEndPoint: 127.0.0.1:51590 localEndPoint: 127.0.0.1:51589
TpTrace Verbose: 0 : 14924, 11, 2024/01/20, 10:01:05.106, 49590242635, vstest.console.dll, TestRequestSender.OnExecutionMessageReceived: Received message: {"Version":7,"MessageType":"TestSession.Message","Payload":{"MessageLevel":0,"Message":"[xUnit.net 00:00:00.89]   Discovering: OrganizationsLibraryTests"}}
TpTrace Verbose: 0 : 14924, 11, 2024/01/20, 10:01:05.107, 49590244462, vstest.console.dll, TestRunRequest:SendTestRunMessage: Starting.
TpTrace Verbose: 0 : 14924, 11, 2024/01/20, 10:01:05.107, 49590245363, vstest.console.dll, MulticastDelegateUtilities.SafeInvoke: TestRun.LogMessages: Invoking callback 1/1 for Microsoft.VisualStudio.TestPlatform.CommandLine.TestRunResultAggregator., took 0 ms.
TpTrace Information: 0 : 14924, 11, 2024/01/20, 10:01:05.107, 49590245865, vstest.console.dll, TestRunRequest:SendTestRunMessage: Completed.
TpTrace Verbose: 0 : 14924, 11, 2024/01/20, 10:01:05.107, 49590246342, vstest.console.dll, MulticastDelegateUtilities.SafeInvoke: LengthPrefixCommunicationChannel: MessageReceived: Invoking callback 1/1 for Microsoft.VisualStudio.TestPlatform.CommunicationUtilities.TestRequestSender+<>c__DisplayClass34_0., took 0 ms.
TpTrace Verbose: 0 : 14924, 11, 2024/01/20, 10:01:05.107, 49590246895, vstest.console.dll, TcpClientExtensions.MessageLoopAsync: Polling on remoteEndPoint: 127.0.0.1:51590 localEndPoint: 127.0.0.1:51589
TpTrace Verbose: 0 : 14924, 4, 2024/01/20, 10:01:05.107, 49590246422, vstest.console.dll, MulticastDelegateUtilities.SafeInvoke: InternalTestLoggerEvents.SendTestRunMessage: Invoking callback 1/1 for Microsoft.VisualStudio.TestPlatform.CommandLine.Internal.ConsoleLogger., took 0 ms.
TpTrace Verbose: 0 : 14924, 11, 2024/01/20, 10:01:05.169, 49590871449, vstest.console.dll, TcpClientExtensions.MessageLoopAsync: NotifyDataAvailable remoteEndPoint: 127.0.0.1:51590 localEndPoint: 127.0.0.1:51589
TpTrace Verbose: 0 : 14924, 11, 2024/01/20, 10:01:05.170, 49590874012, vstest.console.dll, TestRequestSender.OnExecutionMessageReceived: Received message: {"Version":7,"MessageType":"TestSession.Message","Payload":{"MessageLevel":0,"Message":"[xUnit.net 00:00:00.96]   Discovered:  OrganizationsLibraryTests"}}
TpTrace Verbose: 0 : 14924, 11, 2024/01/20, 10:01:05.170, 49590875665, vstest.console.dll, TestRunRequest:SendTestRunMessage: Starting.
TpTrace Verbose: 0 : 14924, 11, 2024/01/20, 10:01:05.170, 49590876517, vstest.console.dll, MulticastDelegateUtilities.SafeInvoke: TestRun.LogMessages: Invoking callback 1/1 for Microsoft.VisualStudio.TestPlatform.CommandLine.TestRunResultAggregator., took 0 ms.
TpTrace Information: 0 : 14924, 11, 2024/01/20, 10:01:05.170, 49590877153, vstest.console.dll, TestRunRequest:SendTestRunMessage: Completed.
TpTrace Verbose: 0 : 14924, 4, 2024/01/20, 10:01:05.170, 49590877128, vstest.console.dll, MulticastDelegateUtilities.SafeInvoke: InternalTestLoggerEvents.SendTestRunMessage: Invoking callback 1/1 for Microsoft.VisualStudio.TestPlatform.CommandLine.Internal.ConsoleLogger., took 0 ms.
TpTrace Verbose: 0 : 14924, 11, 2024/01/20, 10:01:05.170, 49590877719, vstest.console.dll, MulticastDelegateUtilities.SafeInvoke: LengthPrefixCommunicationChannel: MessageReceived: Invoking callback 1/1 for Microsoft.VisualStudio.TestPlatform.CommunicationUtilities.TestRequestSender+<>c__DisplayClass34_0., took 0 ms.
TpTrace Verbose: 0 : 14924, 11, 2024/01/20, 10:01:05.170, 49590879640, vstest.console.dll, TcpClientExtensions.MessageLoopAsync: Polling on remoteEndPoint: 127.0.0.1:51590 localEndPoint: 127.0.0.1:51589
TpTrace Verbose: 0 : 14924, 11, 2024/01/20, 10:01:05.175, 49590930171, vstest.console.dll, TcpClientExtensions.MessageLoopAsync: NotifyDataAvailable remoteEndPoint: 127.0.0.1:51590 localEndPoint: 127.0.0.1:51589
TpTrace Verbose: 0 : 14924, 11, 2024/01/20, 10:01:05.175, 49590932657, vstest.console.dll, TestRequestSender.OnExecutionMessageReceived: Received message: {"Version":7,"MessageType":"TestSession.Message","Payload":{"MessageLevel":0,"Message":"[xUnit.net 00:00:00.96]   Starting:    OrganizationsLibraryTests"}}
TpTrace Verbose: 0 : 14924, 11, 2024/01/20, 10:01:05.176, 49590934330, vstest.console.dll, TestRunRequest:SendTestRunMessage: Starting.
TpTrace Verbose: 0 : 14924, 11, 2024/01/20, 10:01:05.176, 49590935215, vstest.console.dll, MulticastDelegateUtilities.SafeInvoke: TestRun.LogMessages: Invoking callback 1/1 for Microsoft.VisualStudio.TestPlatform.CommandLine.TestRunResultAggregator., took 0 ms.
TpTrace Information: 0 : 14924, 11, 2024/01/20, 10:01:05.176, 49590935712, vstest.console.dll, TestRunRequest:SendTestRunMessage: Completed.
TpTrace Verbose: 0 : 14924, 11, 2024/01/20, 10:01:05.176, 49590936204, vstest.console.dll, MulticastDelegateUtilities.SafeInvoke: LengthPrefixCommunicationChannel: MessageReceived: Invoking callback 1/1 for Microsoft.VisualStudio.TestPlatform.CommunicationUtilities.TestRequestSender+<>c__DisplayClass34_0., took 0 ms.
TpTrace Verbose: 0 : 14924, 4, 2024/01/20, 10:01:05.176, 49590935825, vstest.console.dll, MulticastDelegateUtilities.SafeInvoke: InternalTestLoggerEvents.SendTestRunMessage: Invoking callback 1/1 for Microsoft.VisualStudio.TestPlatform.CommandLine.Internal.ConsoleLogger., took 0 ms.
TpTrace Verbose: 0 : 14924, 11, 2024/01/20, 10:01:05.176, 49590936719, vstest.console.dll, TcpClientExtensions.MessageLoopAsync: Polling on remoteEndPoint: 127.0.0.1:51590 localEndPoint: 127.0.0.1:51589
TpTrace Verbose: 0 : 14924, 11, 2024/01/20, 10:01:05.450, 49593674795, vstest.console.dll, TcpClientExtensions.MessageLoopAsync: NotifyDataAvailable remoteEndPoint: 127.0.0.1:51590 localEndPoint: 127.0.0.1:51589
TpTrace Verbose: 0 : 14924, 11, 2024/01/20, 10:01:05.450, 49593679529, vstest.console.dll, TestRequestSender.OnExecutionMessageReceived: Received message: {"Version":7,"MessageType":"TestExecution.StatsChange","Payload":{"NewTestResults":[{"TestCase":{"Id":"32de5d3a-19ea-6b58-bcde-dd30d651e4f4","FullyQualifiedName":"OrganizationsLibraryTests.LibraryTests.Library_ShallowCopy_ReturnsEqualButNotSameInstance","DisplayName":"OrganizationsLibraryTests.LibraryTests.Library_ShallowCopy_ReturnsEqualButNotSameInstance","ExecutorUri":"executor://xunit/VsTestRunner2/netcoreapp","Source":"C:\\pryazha\\labs\\course_2\\semester_1\\oop\\lab_10\\Tests\\OrganizationsLibraryTests\\bin\\Debug\\net7.0\\fine-code-coverage\\build-output\\OrganizationsLibraryTests.dll","CodeFilePath":null,"LineNumber":0,"Properties":[]},"Attachments":[],"Outcome":1,"ErrorMessage":null,"ErrorStackTrace":null,"DisplayName":"OrganizationsLibraryTests.LibraryTests.Library_ShallowCopy_ReturnsEqualButNotSameInstance","Messages":[],"ComputerName":"WIN-9PJ6D3I9SIT","Duration":"00:00:00.0121207","StartTime":"2024-01-20T05:01:05.3385544+00:00","EndTime":"2024-01-20T05:01:05.3386138+00:00","Properties":[]},{"TestCase":{"Id":"afc319ac-d90f-3ab4-1f59-c35e68e7298e","FullyQualifiedName":"OrganizationsLibraryTests.NotHierarchicalClassTests.PositiveNumberSetter_ReturnsZeroWhenValueIsNegative","DisplayName":"OrganizationsLibraryTests.NotHierarchicalClassTests.PositiveNumberSetter_ReturnsZeroWhenValueIsNegative","ExecutorUri":"executor://xunit/VsTestRunner2/netcoreapp","Source":"C:\\pryazha\\labs\\course_2\\semester_1\\oop\\lab_10\\Tests\\OrganizationsLibraryTests\\bin\\Debug\\net7.0\\fine-code-coverage\\build-output\\OrganizationsLibraryTests.dll","CodeFilePath":null,"LineNumber":0,"Properties":[]},"Attachments":[],"Outcome":1,"ErrorMessage":null,"ErrorStackTrace":null,"DisplayName":"OrganizationsLibraryTests.NotHierarchicalClassTests.PositiveNumberSetter_ReturnsZeroWhenValueIsNegative","Messages":[],"ComputerName":"WIN-9PJ6D3I9SIT","Duration":"00:00:00.0120048","StartTime":"2024-01-20T05:01:05.3714507+00:00","EndTime":"2024-01-20T05:01:05.3714508+00:00","Properties":[]},{"TestCase":{"Id":"38a95984-09b6-6cb6-58bc-2de45a45e423","FullyQualifiedName":"OrganizationsLibraryTests.OrganizationTests.Organization_ShallowCopy_ReturnsEqualButNotSameInstance","DisplayName":"OrganizationsLibraryTests.OrganizationTests.Organization_ShallowCopy_ReturnsEqualButNotSameInstance","ExecutorUri":"executor://xunit/VsTestRunner2/netcoreapp","Source":"C:\\pryazha\\labs\\course_2\\semester_1\\oop\\lab_10\\Tests\\OrganizationsLibraryTests\\bin\\Debug\\net7.0\\fine-code-coverage\\build-output\\OrganizationsLibraryTests.dll","CodeFilePath":null,"LineNumber":0,"Properties":[]},"Attachments":[],"Outcome":1,"ErrorMessage":null,"ErrorStackTrace":null,"DisplayName":"OrganizationsLibraryTests.OrganizationTests.Organization_ShallowCopy_ReturnsEqualButNotSameInstance","Messages":[],"ComputerName":"WIN-9PJ6D3I9SIT","Duration":"00:00:00.0120601","StartTime":"2024-01-20T05:01:05.3765969+00:00","EndTime":"2024-01-20T05:01:05.3765971+00:00","Properties":[]},{"TestCase":{"Id":"d8328c39-f2a1-4fde-6e0e-6dad0e68d2a4","FullyQualifiedName":"OrganizationsLibraryTests.InsuranceCompanyTests.InsuranceCompany_ShallowCopy_ReturnsEqualButNotSameInstance","DisplayName":"OrganizationsLibraryTests.InsuranceCompanyTests.InsuranceCompany_ShallowCopy_ReturnsEqualButNotSameInstance","ExecutorUri":"executor://xunit/VsTestRunner2/netcoreapp","Source":"C:\\pryazha\\labs\\course_2\\semester_1\\oop\\lab_10\\Tests\\OrganizationsLibraryTests\\bin\\Debug\\net7.0\\fine-code-coverage\\build-output\\OrganizationsLibraryTests.dll","CodeFilePath":null,"LineNumber":0,"Properties":[]},"Attachments":[],"Outcome":1,"ErrorMessage":null,"ErrorStackTrace":null,"DisplayName":"OrganizationsLibraryTests.InsuranceCompanyTests.InsuranceCompany_ShallowCopy_ReturnsEqualButNotSameInstance","Messages":[],"ComputerName":"WIN-9PJ6D3I9SIT","Duration":"00:00:00.0118947","StartTime":"2024-01-20T05:01:05.3794133+00:00","EndTime":"2024-01-20T05:01:05.3794135+00:00","Properties":[]},{"TestCase":{"Id":"04d39d07-d43b-1089-1bca-84badc671f81","FullyQualifiedName":"OrganizationsLibraryTests.ShipbuildingCompanyTests.ShipbuildingCompany_Clone_ReturnsEqualButNotSameInstanceWithClonedManager","DisplayName":"OrganizationsLibraryTests.ShipbuildingCompanyTests.ShipbuildingCompany_Clone_ReturnsEqualButNotSameInstanceWithClonedManager","ExecutorUri":"executor://xunit/VsTestRunner2/netcoreapp","Source":"C:\\pryazha\\labs\\course_2\\semester_1\\oop\\lab_10\\Tests\\OrganizationsLibraryTests\\bin\\Debug\\net7.0\\fine-code-coverage\\build-output\\OrganizationsLibraryTests.dll","CodeFilePath":null,"LineNumber":0,"Properties":[]},"Attachments":[],"Outcome":1,"ErrorMessage":null,"ErrorStackTrace":null,"DisplayName":"OrganizationsLibraryTests.ShipbuildingCompanyTests.ShipbuildingCompany_Clone_ReturnsEqualButNotSameInstanceWithClonedManager","Messages":[],"ComputerName":"WIN-9PJ6D3I9SIT","Duration":"00:00:00.0119874","StartTime":"2024-01-20T05:01:05.3824477+00:00","EndTime":"2024-01-20T05:01:05.3824479+00:00","Properties":[]},{"TestCase":{"Id":"8e52c227-b128-200b-b495-51b3731f1f13","FullyQualifiedName":"OrganizationsLibraryTests.FactoryTests.Organization_Clone_ReturnsEqualButNotSameInstanceWithClonedManager","DisplayName":"OrganizationsLibraryTests.FactoryTests.Organization_Clone_ReturnsEqualButNotSameInstanceWithClonedManager","ExecutorUri":"executor://xunit/VsTestRunner2/netcoreapp","Source":"C:\\pryazha\\labs\\course_2\\semester_1\\oop\\lab_10\\Tests\\OrganizationsLibraryTests\\bin\\Debug\\net7.0\\fine-code-coverage\\build-output\\OrganizationsLibraryTests.dll","CodeFilePath":null,"LineNumber":0,"Properties":[]},"Attachments":[],"Outcome":1,"ErrorMessage":null,"ErrorStackTrace":null,"DisplayName":"OrganizationsLibraryTests.FactoryTests.Organization_Clone_ReturnsEqualButNotSameInstanceWithClonedManager","Messages":[],"ComputerName":"WIN-9PJ6D3I9SIT","Duration":"00:00:00.0120661","StartTime":"2024-01-20T05:01:05.3849991+00:00","EndTime":"2024-01-20T05:01:05.3849993+00:00","Properties":[]}],"TestRunStatistics":{"ExecutedTests":6,"Stats":{"Passed":6}},"ActiveTests":[{"Id":"5cc78ead-8528-d11f-978f-d47d88ef8998","FullyQualifiedName":"OrganizationsLibraryTests.LibraryTests.Library_SetterNegativeBooksCount_ReturnsZero","DisplayName":"OrganizationsLibraryTests.LibraryTests.Library_SetterNegativeBooksCount_ReturnsZero","ExecutorUri":"executor://xunit/VsTestRunner2/netcoreapp","Source":"C:\\pryazha\\labs\\course_2\\semester_1\\oop\\lab_10\\Tests\\OrganizationsLibraryTests\\bin\\Debug\\net7.0\\fine-code-coverage\\build-output\\OrganizationsLibraryTests.dll","CodeFilePath":null,"LineNumber":0,"Properties":[]},{"Id":"c41bdaba-1054-fec4-370e-f9af3c16b164","FullyQualifiedName":"OrganizationsLibraryTests.FactoryTests.Factory_Constructor_CreatedProductNegative_ReturnsZero","DisplayName":"OrganizationsLibraryTests.FactoryTests.Factory_Constructor_CreatedProductNegative_ReturnsZero","ExecutorUri":"executor://xunit/VsTestRunner2/netcoreapp","Source":"C:\\pryazha\\labs\\course_2\\semester_1\\oop\\lab_10\\Tests\\OrganizationsLibraryTests\\bin\\Debug\\net7.0\\fine-code-coverage\\build-output\\OrganizationsLibraryTests.dll","CodeFilePath":null,"LineNumber":0,"Properties":[]},{"Id":"4be90563-cf72-9640-296a-cbfcbf1a209c","FullyQualifiedName":"OrganizationsLibraryTests.ShipbuildingCompanyTests.ShipbuildingCompany_ShallowCopy_ReturnsEqualButNotSameInstance","DisplayName":"OrganizationsLibraryTests.ShipbuildingCompanyTests.ShipbuildingCompany_ShallowCopy_ReturnsEqualButNotSameInstance","ExecutorUri":"executor://xunit/VsTestRunner2/netcoreapp","Source":"C:\\pryazha\\labs\\course_2\\semester_1\\oop\\lab_10\\Tests\\OrganizationsLibraryTests\\bin\\Debug\\net7.0\\fine-code-coverage\\build-output\\OrganizationsLibraryTests.dll","CodeFilePath":null,"LineNumber":0,"Properties":[]},{"Id":"379996a0-5a11-497c-6efc-3554ab607f8f","FullyQualifiedName":"OrganizationsLibraryTests.InsuranceCompanyTests.InsuranceCompany_Clone_ReturnsEqualButNotSameInstanceWithClonedManager","DisplayName":"OrganizationsLibraryTests.InsuranceCompanyTests.InsuranceCompany_Clone_ReturnsEqualButNotSameInstanceWithClonedManager","ExecutorUri":"executor://xunit/VsTestRunner2/netcoreapp","Source":"C:\\pryazha\\labs\\course_2\\semester_1\\oop\\lab_10\\Tests\\OrganizationsLibraryTests\\bin\\Debug\\net7.0\\fine-code-coverage\\build-output\\OrganizationsLibraryTests.dll","CodeFilePath":null,"LineNumber":0,"Properties":[]}]}}
TpTrace Verbose: 0 : 14924, 11, 2024/01/20, 10:01:05.492, 49594095803, vstest.console.dll, TestRunRequest:SendTestRunStatsChange: Starting.
TpTrace Verbose: 0 : 14924, 11, 2024/01/20, 10:01:05.492, 49594098763, vstest.console.dll, InProgress is OrganizationsLibraryTests.LibraryTests.Library_SetterNegativeBooksCount_ReturnsZero
TpTrace Verbose: 0 : 14924, 11, 2024/01/20, 10:01:05.492, 49594099466, vstest.console.dll, InProgress is OrganizationsLibraryTests.FactoryTests.Factory_Constructor_CreatedProductNegative_ReturnsZero
TpTrace Verbose: 0 : 14924, 11, 2024/01/20, 10:01:05.492, 49594099962, vstest.console.dll, InProgress is OrganizationsLibraryTests.ShipbuildingCompanyTests.ShipbuildingCompany_ShallowCopy_ReturnsEqualButNotSameInstance
TpTrace Verbose: 0 : 14924, 11, 2024/01/20, 10:01:05.492, 49594100665, vstest.console.dll, InProgress is OrganizationsLibraryTests.InsuranceCompanyTests.InsuranceCompany_Clone_ReturnsEqualButNotSameInstanceWithClonedManager
TpTrace Verbose: 0 : 14924, 11, 2024/01/20, 10:01:05.493, 49594104139, vstest.console.dll, MulticastDelegateUtilities.SafeInvoke: TestRun.RunStatsChanged: Invoking callbacks was skipped because there are no subscribers.
TpTrace Information: 0 : 14924, 11, 2024/01/20, 10:01:05.493, 49594104802, vstest.console.dll, TestRunRequest:SendTestRunStatsChange: Completed.
TpTrace Verbose: 0 : 14924, 11, 2024/01/20, 10:01:05.493, 49594105333, vstest.console.dll, MulticastDelegateUtilities.SafeInvoke: LengthPrefixCommunicationChannel: MessageReceived: Invoking callback 1/1 for Microsoft.VisualStudio.TestPlatform.CommunicationUtilities.TestRequestSender+<>c__DisplayClass34_0., took 42 ms.
TpTrace Verbose: 0 : 14924, 11, 2024/01/20, 10:01:05.493, 49594105959, vstest.console.dll, TcpClientExtensions.MessageLoopAsync: Polling on remoteEndPoint: 127.0.0.1:51590 localEndPoint: 127.0.0.1:51589
TpTrace Verbose: 0 : 14924, 11, 2024/01/20, 10:01:05.494, 49594115059, vstest.console.dll, TcpClientExtensions.MessageLoopAsync: NotifyDataAvailable remoteEndPoint: 127.0.0.1:51590 localEndPoint: 127.0.0.1:51589
TpTrace Verbose: 0 : 14924, 11, 2024/01/20, 10:01:05.494, 49594118585, vstest.console.dll, TestRequestSender.OnExecutionMessageReceived: Received message: {"Version":7,"MessageType":"TestExecution.StatsChange","Payload":{"NewTestResults":[{"TestCase":{"Id":"5cc78ead-8528-d11f-978f-d47d88ef8998","FullyQualifiedName":"OrganizationsLibraryTests.LibraryTests.Library_SetterNegativeBooksCount_ReturnsZero","DisplayName":"OrganizationsLibraryTests.LibraryTests.Library_SetterNegativeBooksCount_ReturnsZero","ExecutorUri":"executor://xunit/VsTestRunner2/netcoreapp","Source":"C:\\pryazha\\labs\\course_2\\semester_1\\oop\\lab_10\\Tests\\OrganizationsLibraryTests\\bin\\Debug\\net7.0\\fine-code-coverage\\build-output\\OrganizationsLibraryTests.dll","CodeFilePath":null,"LineNumber":0,"Properties":[]},"Attachments":[],"Outcome":1,"ErrorMessage":null,"ErrorStackTrace":null,"DisplayName":"OrganizationsLibraryTests.LibraryTests.Library_SetterNegativeBooksCount_ReturnsZero","Messages":[],"ComputerName":"WIN-9PJ6D3I9SIT","Duration":"00:00:00.0004052","StartTime":"2024-01-20T05:01:05.4549266+00:00","EndTime":"2024-01-20T05:01:05.4549267+00:00","Properties":[]},{"TestCase":{"Id":"379996a0-5a11-497c-6efc-3554ab607f8f","FullyQualifiedName":"OrganizationsLibraryTests.InsuranceCompanyTests.InsuranceCompany_Clone_ReturnsEqualButNotSameInstanceWithClonedManager","DisplayName":"OrganizationsLibraryTests.InsuranceCompanyTests.InsuranceCompany_Clone_ReturnsEqualButNotSameInstanceWithClonedManager","ExecutorUri":"executor://xunit/VsTestRunner2/netcoreapp","Source":"C:\\pryazha\\labs\\course_2\\semester_1\\oop\\lab_10\\Tests\\OrganizationsLibraryTests\\bin\\Debug\\net7.0\\fine-code-coverage\\build-output\\OrganizationsLibraryTests.dll","CodeFilePath":null,"LineNumber":0,"Properties":[]},"Attachments":[],"Outcome":1,"ErrorMessage":null,"ErrorStackTrace":null,"DisplayName":"OrganizationsLibraryTests.InsuranceCompanyTests.InsuranceCompany_Clone_ReturnsEqualButNotSameInstanceWithClonedManager","Messages":[],"ComputerName":"WIN-9PJ6D3I9SIT","Duration":"00:00:00.0008288","StartTime":"2024-01-20T05:01:05.4605363+00:00","EndTime":"2024-01-20T05:01:05.4605365+00:00","Properties":[]},{"TestCase":{"Id":"9ef68d5e-9c1d-a3f5-d1f8-b81d936d46f4","FullyQualifiedName":"OrganizationsLibraryTests.OrganizationTests.Organization_Equals_NullObjectWhileCasting_ReturnsFalse","DisplayName":"OrganizationsLibraryTests.OrganizationTests.Organization_Equals_NullObjectWhileCasting_ReturnsFalse","ExecutorUri":"executor://xunit/VsTestRunner2/netcoreapp","Source":"C:\\pryazha\\labs\\course_2\\semester_1\\oop\\lab_10\\Tests\\OrganizationsLibraryTests\\bin\\Debug\\net7.0\\fine-code-coverage\\build-output\\OrganizationsLibraryTests.dll","CodeFilePath":null,"LineNumber":0,"Properties":[]},"Attachments":[],"Outcome":1,"ErrorMessage":null,"ErrorStackTrace":null,"DisplayName":"OrganizationsLibraryTests.OrganizationTests.Organization_Equals_NullObjectWhileCasting_ReturnsFalse","Messages":[],"ComputerName":"WIN-9PJ6D3I9SIT","Duration":"00:00:00.0008230","StartTime":"2024-01-20T05:01:05.4630881+00:00","EndTime":"2024-01-20T05:01:05.4630882+00:00","Properties":[]},{"TestCase":{"Id":"4be90563-cf72-9640-296a-cbfcbf1a209c","FullyQualifiedName":"OrganizationsLibraryTests.ShipbuildingCompanyTests.ShipbuildingCompany_ShallowCopy_ReturnsEqualButNotSameInstance","DisplayName":"OrganizationsLibraryTests.ShipbuildingCompanyTests.ShipbuildingCompany_ShallowCopy_ReturnsEqualButNotSameInstance","ExecutorUri":"executor://xunit/VsTestRunner2/netcoreapp","Source":"C:\\pryazha\\labs\\course_2\\semester_1\\oop\\lab_10\\Tests\\OrganizationsLibraryTests\\bin\\Debug\\net7.0\\fine-code-coverage\\build-output\\OrganizationsLibraryTests.dll","CodeFilePath":null,"LineNumber":0,"Properties":[]},"Attachments":[],"Outcome":1,"ErrorMessage":null,"ErrorStackTrace":null,"DisplayName":"OrganizationsLibraryTests.ShipbuildingCompanyTests.ShipbuildingCompany_ShallowCopy_ReturnsEqualButNotSameInstance","Messages":[],"ComputerName":"WIN-9PJ6D3I9SIT","Duration":"00:00:00.0010459","StartTime":"2024-01-20T05:01:05.4679144+00:00","EndTime":"2024-01-20T05:01:05.4679145+00:00","Properties":[]},{"TestCase":{"Id":"16a039a6-46ec-c786-25a5-5d6592d0a9a5","FullyQualifiedName":"OrganizationsLibraryTests.LibraryTests.Library_Clone_ReturnsEqualButNotSameInstanceWithClonedManager","DisplayName":"OrganizationsLibraryTests.LibraryTests.Library_Clone_ReturnsEqualButNotSameInstanceWithClonedManager","ExecutorUri":"executor://xunit/VsTestRunner2/netcoreapp","Source":"C:\\pryazha\\labs\\course_2\\semester_1\\oop\\lab_10\\Tests\\OrganizationsLibraryTests\\bin\\Debug\\net7.0\\fine-code-coverage\\build-output\\OrganizationsLibraryTests.dll","CodeFilePath":null,"LineNumber":0,"Properties":[]},"Attachments":[],"Outcome":1,"ErrorMessage":null,"ErrorStackTrace":null,"DisplayName":"OrganizationsLibraryTests.LibraryTests.Library_Clone_ReturnsEqualButNotSameInstanceWithClonedManager","Messages":[],"ComputerName":"WIN-9PJ6D3I9SIT","Duration":"00:00:00.0008233","StartTime":"2024-01-20T05:01:05.4729783+00:00","EndTime":"2024-01-20T05:01:05.4729784+00:00","Properties":[]},{"TestCase":{"Id":"acf63825-e883-06a9-59c6-543603156c69","FullyQualifiedName":"OrganizationsLibraryTests.OrganizationTests.Organization_CompareTo_ObjIsNull_ReturnsPositive","DisplayName":"OrganizationsLibraryTests.OrganizationTests.Organization_CompareTo_ObjIsNull_ReturnsPositive","ExecutorUri":"executor://xunit/VsTestRunner2/netcoreapp","Source":"C:\\pryazha\\labs\\course_2\\semester_1\\oop\\lab_10\\Tests\\OrganizationsLibraryTests\\bin\\Debug\\net7.0\\fine-code-coverage\\build-output\\OrganizationsLibraryTests.dll","CodeFilePath":null,"LineNumber":0,"Properties":[]},"Attachments":[],"Outcome":1,"ErrorMessage":null,"ErrorStackTrace":null,"DisplayName":"OrganizationsLibraryTests.OrganizationTests.Organization_CompareTo_ObjIsNull_ReturnsPositive","Messages":[],"ComputerName":"WIN-9PJ6D3I9SIT","Duration":"00:00:00.0004041","StartTime":"2024-01-20T05:01:05.4756264+00:00","EndTime":"2024-01-20T05:01:05.4756266+00:00","Properties":[]},{"TestCase":{"Id":"513a253f-e237-ed69-f364-3255350db7f4","FullyQualifiedName":"OrganizationsLibraryTests.ShipbuildingCompanyTests.ShipbuildingCompany_ShipsCountSetter_RetunsZero","DisplayName":"OrganizationsLibraryTests.ShipbuildingCompanyTests.ShipbuildingCompany_ShipsCountSetter_RetunsZero","ExecutorUri":"executor://xunit/VsTestRunner2/netcoreapp","Source":"C:\\pryazha\\labs\\course_2\\semester_1\\oop\\lab_10\\Tests\\OrganizationsLibraryTests\\bin\\Debug\\net7.0\\fine-code-coverage\\build-output\\OrganizationsLibraryTests.dll","CodeFilePath":null,"LineNumber":0,"Properties":[]},"Attachments":[],"Outcome":1,"ErrorMessage":null,"ErrorStackTrace":null,"DisplayName":"OrganizationsLibraryTests.ShipbuildingCompanyTests.ShipbuildingCompany_ShipsCountSetter_RetunsZero","Messages":[],"ComputerName":"WIN-9PJ6D3I9SIT","Duration":"00:00:00.0003138","StartTime":"2024-01-20T05:01:05.4810109+00:00","EndTime":"2024-01-20T05:01:05.481011+00:00","Properties":[]},{"TestCase":{"Id":"71256949-22d6-565f-e733-53572ffd4a6b","FullyQualifiedName":"OrganizationsLibraryTests.OrganizationTests.Organization_CompareTo_GreaterThanEmployeesCount_ReturnsPositive","DisplayName":"OrganizationsLibraryTests.OrganizationTests.Organization_CompareTo_GreaterThanEmployeesCount_ReturnsPositive","ExecutorUri":"executor://xunit/VsTestRunner2/netcoreapp","Source":"C:\\pryazha\\labs\\course_2\\semester_1\\oop\\lab_10\\Tests\\OrganizationsLibraryTests\\bin\\Debug\\net7.0\\fine-code-coverage\\build-output\\OrganizationsLibraryTests.dll","CodeFilePath":null,"LineNumber":0,"Properties":[]},"Attachments":[],"Outcome":1,"ErrorMessage":null,"ErrorStackTrace":null,"DisplayName":"OrganizationsLibraryTests.OrganizationTests.Organization_CompareTo_GreaterThanEmployeesCount_ReturnsPositive","Messages":[],"ComputerName":"WIN-9PJ6D3I9SIT","Duration":"00:00:00.0002291","StartTime":"2024-01-20T05:01:05.483874+00:00","EndTime":"2024-01-20T05:01:05.4838742+00:00","Properties":[]},{"TestCase":{"Id":"c41bdaba-1054-fec4-370e-f9af3c16b164","FullyQualifiedName":"OrganizationsLibraryTests.FactoryTests.Factory_Constructor_CreatedProductNegative_ReturnsZero","DisplayName":"OrganizationsLibraryTests.FactoryTests.Factory_Constructor_CreatedProductNegative_ReturnsZero","ExecutorUri":"executor://xunit/VsTestRunner2/netcoreapp","Source":"C:\\pryazha\\labs\\course_2\\semester_1\\oop\\lab_10\\Tests\\OrganizationsLibraryTests\\bin\\Debug\\net7.0\\fine-code-coverage\\build-output\\OrganizationsLibraryTests.dll","CodeFilePath":null,"LineNumber":0,"Properties":[]},"Attachments":[],"Outcome":1,"ErrorMessage":null,"ErrorStackTrace":null,"DisplayName":"OrganizationsLibraryTests.FactoryTests.Factory_Constructor_CreatedProductNegative_ReturnsZero","Messages":[],"ComputerName":"WIN-9PJ6D3I9SIT","Duration":"00:00:00.0020181","StartTime":"2024-01-20T05:01:05.4891022+00:00","EndTime":"2024-01-20T05:01:05.4891023+00:00","Properties":[]}],"TestRunStatistics":{"ExecutedTests":15,"Stats":{"Passed":15}},"ActiveTests":[{"Id":"afef45e0-1dcb-fa26-379b-24e100a20557","FullyQualifiedName":"OrganizationsLibraryTests.OrganizationTests.Organization_CompareTo_LessThanEmployeesCount_ReturnsNegative","DisplayName":"OrganizationsLibraryTests.OrganizationTests.Organization_CompareTo_LessThanEmployeesCount_ReturnsNegative","ExecutorUri":"executor://xunit/VsTestRunner2/netcoreapp","Source":"C:\\pryazha\\labs\\course_2\\semester_1\\oop\\lab_10\\Tests\\OrganizationsLibraryTests\\bin\\Debug\\net7.0\\fine-code-coverage\\build-output\\OrganizationsLibraryTests.dll","CodeFilePath":null,"LineNumber":0,"Properties":[]}]}}
TpTrace Verbose: 0 : 14924, 11, 2024/01/20, 10:01:05.497, 49594145064, vstest.console.dll, TestRunRequest:SendTestRunStatsChange: Starting.
TpTrace Verbose: 0 : 14924, 11, 2024/01/20, 10:01:05.497, 49594148130, vstest.console.dll, InProgress is OrganizationsLibraryTests.OrganizationTests.Organization_CompareTo_LessThanEmployeesCount_ReturnsNegative
TpTrace Verbose: 0 : 14924, 11, 2024/01/20, 10:01:05.497, 49594149398, vstest.console.dll, MulticastDelegateUtilities.SafeInvoke: TestRun.RunStatsChanged: Invoking callbacks was skipped because there are no subscribers.
TpTrace Information: 0 : 14924, 11, 2024/01/20, 10:01:05.497, 49594149899, vstest.console.dll, TestRunRequest:SendTestRunStatsChange: Completed.
TpTrace Verbose: 0 : 14924, 11, 2024/01/20, 10:01:05.497, 49594150431, vstest.console.dll, MulticastDelegateUtilities.SafeInvoke: LengthPrefixCommunicationChannel: MessageReceived: Invoking callback 1/1 for Microsoft.VisualStudio.TestPlatform.CommunicationUtilities.TestRequestSender+<>c__DisplayClass34_0., took 3 ms.
TpTrace Verbose: 0 : 14924, 11, 2024/01/20, 10:01:05.497, 49594150977, vstest.console.dll, TcpClientExtensions.MessageLoopAsync: Polling on remoteEndPoint: 127.0.0.1:51590 localEndPoint: 127.0.0.1:51589
TpTrace Verbose: 0 : 14924, 4, 2024/01/20, 10:01:05.500, 49594182679, vstest.console.dll, MulticastDelegateUtilities.SafeInvoke: InternalTestLoggerEvents.SendTestResult: Invoking callback 1/1 for Microsoft.VisualStudio.TestPlatform.CommandLine.Internal.ConsoleLogger., took 7 ms.
TpTrace Verbose: 0 : 14924, 4, 2024/01/20, 10:01:05.501, 49594190514, vstest.console.dll, MulticastDelegateUtilities.SafeInvoke: InternalTestLoggerEvents.SendTestResult: Invoking callback 1/1 for Microsoft.VisualStudio.TestPlatform.CommandLine.Internal.ConsoleLogger., took 0 ms.
TpTrace Verbose: 0 : 14924, 4, 2024/01/20, 10:01:05.501, 49594192133, vstest.console.dll, MulticastDelegateUtilities.SafeInvoke: InternalTestLoggerEvents.SendTestResult: Invoking callback 1/1 for Microsoft.VisualStudio.TestPlatform.CommandLine.Internal.ConsoleLogger., took 0 ms.
TpTrace Verbose: 0 : 14924, 4, 2024/01/20, 10:01:05.502, 49594193552, vstest.console.dll, MulticastDelegateUtilities.SafeInvoke: InternalTestLoggerEvents.SendTestResult: Invoking callback 1/1 for Microsoft.VisualStudio.TestPlatform.CommandLine.Internal.ConsoleLogger., took 0 ms.
TpTrace Verbose: 0 : 14924, 4, 2024/01/20, 10:01:05.502, 49594194484, vstest.console.dll, MulticastDelegateUtilities.SafeInvoke: InternalTestLoggerEvents.SendTestResult: Invoking callback 1/1 for Microsoft.VisualStudio.TestPlatform.CommandLine.Internal.ConsoleLogger., took 0 ms.
TpTrace Verbose: 0 : 14924, 4, 2024/01/20, 10:01:05.502, 49594195203, vstest.console.dll, MulticastDelegateUtilities.SafeInvoke: InternalTestLoggerEvents.SendTestResult: Invoking callback 1/1 for Microsoft.VisualStudio.TestPlatform.CommandLine.Internal.ConsoleLogger., took 0 ms.
TpTrace Verbose: 0 : 14924, 4, 2024/01/20, 10:01:05.502, 49594195984, vstest.console.dll, MulticastDelegateUtilities.SafeInvoke: InternalTestLoggerEvents.SendTestResult: Invoking callback 1/1 for Microsoft.VisualStudio.TestPlatform.CommandLine.Internal.ConsoleLogger., took 0 ms.
TpTrace Verbose: 0 : 14924, 4, 2024/01/20, 10:01:05.502, 49594196657, vstest.console.dll, MulticastDelegateUtilities.SafeInvoke: InternalTestLoggerEvents.SendTestResult: Invoking callback 1/1 for Microsoft.VisualStudio.TestPlatform.CommandLine.Internal.ConsoleLogger., took 0 ms.
TpTrace Verbose: 0 : 14924, 4, 2024/01/20, 10:01:05.502, 49594197267, vstest.console.dll, MulticastDelegateUtilities.SafeInvoke: InternalTestLoggerEvents.SendTestResult: Invoking callback 1/1 for Microsoft.VisualStudio.TestPlatform.CommandLine.Internal.ConsoleLogger., took 0 ms.
TpTrace Verbose: 0 : 14924, 4, 2024/01/20, 10:01:05.502, 49594197861, vstest.console.dll, MulticastDelegateUtilities.SafeInvoke: InternalTestLoggerEvents.SendTestResult: Invoking callback 1/1 for Microsoft.VisualStudio.TestPlatform.CommandLine.Internal.ConsoleLogger., took 0 ms.
TpTrace Verbose: 0 : 14924, 4, 2024/01/20, 10:01:05.504, 49594218931, vstest.console.dll, MulticastDelegateUtilities.SafeInvoke: InternalTestLoggerEvents.SendTestResult: Invoking callback 1/1 for Microsoft.VisualStudio.TestPlatform.CommandLine.Internal.ConsoleLogger., took 2 ms.
TpTrace Verbose: 0 : 14924, 4, 2024/01/20, 10:01:05.504, 49594220995, vstest.console.dll, MulticastDelegateUtilities.SafeInvoke: InternalTestLoggerEvents.SendTestResult: Invoking callback 1/1 for Microsoft.VisualStudio.TestPlatform.CommandLine.Internal.ConsoleLogger., took 0 ms.
TpTrace Verbose: 0 : 14924, 4, 2024/01/20, 10:01:05.504, 49594221702, vstest.console.dll, MulticastDelegateUtilities.SafeInvoke: InternalTestLoggerEvents.SendTestResult: Invoking callback 1/1 for Microsoft.VisualStudio.TestPlatform.CommandLine.Internal.ConsoleLogger., took 0 ms.
TpTrace Verbose: 0 : 14924, 4, 2024/01/20, 10:01:05.504, 49594222324, vstest.console.dll, MulticastDelegateUtilities.SafeInvoke: InternalTestLoggerEvents.SendTestResult: Invoking callback 1/1 for Microsoft.VisualStudio.TestPlatform.CommandLine.Internal.ConsoleLogger., took 0 ms.
TpTrace Verbose: 0 : 14924, 4, 2024/01/20, 10:01:05.505, 49594225027, vstest.console.dll, MulticastDelegateUtilities.SafeInvoke: InternalTestLoggerEvents.SendTestResult: Invoking callback 1/1 for Microsoft.VisualStudio.TestPlatform.CommandLine.Internal.ConsoleLogger., took 0 ms.
TpTrace Verbose: 0 : 14924, 11, 2024/01/20, 10:01:05.540, 49594578208, vstest.console.dll, TcpClientExtensions.MessageLoopAsync: NotifyDataAvailable remoteEndPoint: 127.0.0.1:51590 localEndPoint: 127.0.0.1:51589
TpTrace Verbose: 0 : 14924, 11, 2024/01/20, 10:01:05.540, 49594582470, vstest.console.dll, TestRequestSender.OnExecutionMessageReceived: Received message: {"Version":7,"MessageType":"TestExecution.StatsChange","Payload":{"NewTestResults":[{"TestCase":{"Id":"afef45e0-1dcb-fa26-379b-24e100a20557","FullyQualifiedName":"OrganizationsLibraryTests.OrganizationTests.Organization_CompareTo_LessThanEmployeesCount_ReturnsNegative","DisplayName":"OrganizationsLibraryTests.OrganizationTests.Organization_CompareTo_LessThanEmployeesCount_ReturnsNegative","ExecutorUri":"executor://xunit/VsTestRunner2/netcoreapp","Source":"C:\\pryazha\\labs\\course_2\\semester_1\\oop\\lab_10\\Tests\\OrganizationsLibraryTests\\bin\\Debug\\net7.0\\fine-code-coverage\\build-output\\OrganizationsLibraryTests.dll","CodeFilePath":null,"LineNumber":0,"Properties":[]},"Attachments":[],"Outcome":1,"ErrorMessage":null,"ErrorStackTrace":null,"DisplayName":"OrganizationsLibraryTests.OrganizationTests.Organization_CompareTo_LessThanEmployeesCount_ReturnsNegative","Messages":[],"ComputerName":"WIN-9PJ6D3I9SIT","Duration":"00:00:00.0002065","StartTime":"2024-01-20T05:01:05.4969497+00:00","EndTime":"2024-01-20T05:01:05.4969498+00:00","Properties":[]},{"TestCase":{"Id":"a142ee83-d2e7-3404-3062-30eeb495ea90","FullyQualifiedName":"OrganizationsLibraryTests.OrganizationTests.Organization_CompareTo_GreaterThan_ReturnsPositive","DisplayName":"OrganizationsLibraryTests.OrganizationTests.Organization_CompareTo_GreaterThan_ReturnsPositive","ExecutorUri":"executor://xunit/VsTestRunner2/netcoreapp","Source":"C:\\pryazha\\labs\\course_2\\semester_1\\oop\\lab_10\\Tests\\OrganizationsLibraryTests\\bin\\Debug\\net7.0\\fine-code-coverage\\build-output\\OrganizationsLibraryTests.dll","CodeFilePath":null,"LineNumber":0,"Properties":[]},"Attachments":[],"Outcome":1,"ErrorMessage":null,"ErrorStackTrace":null,"DisplayName":"OrganizationsLibraryTests.OrganizationTests.Organization_CompareTo_GreaterThan_ReturnsPositive","Messages":[],"ComputerName":"WIN-9PJ6D3I9SIT","Duration":"00:00:00.0002767","StartTime":"2024-01-20T05:01:05.502436+00:00","EndTime":"2024-01-20T05:01:05.5024361+00:00","Properties":[]},{"TestCase":{"Id":"28c8ac51-4fed-845b-57b5-a948986cac33","FullyQualifiedName":"OrganizationsLibraryTests.OrganizationTests.Organization_CompareTo_LessThan_ReturnsNegative","DisplayName":"OrganizationsLibraryTests.OrganizationTests.Organization_CompareTo_LessThan_ReturnsNegative","ExecutorUri":"executor://xunit/VsTestRunner2/netcoreapp","Source":"C:\\pryazha\\labs\\course_2\\semester_1\\oop\\lab_10\\Tests\\OrganizationsLibraryTests\\bin\\Debug\\net7.0\\fine-code-coverage\\build-output\\OrganizationsLibraryTests.dll","CodeFilePath":null,"LineNumber":0,"Properties":[]},"Attachments":[],"Outcome":1,"ErrorMessage":null,"ErrorStackTrace":null,"DisplayName":"OrganizationsLibraryTests.OrganizationTests.Organization_CompareTo_LessThan_ReturnsNegative","Messages":[],"ComputerName":"WIN-9PJ6D3I9SIT","Duration":"00:00:00.0002830","StartTime":"2024-01-20T05:01:05.5076509+00:00","EndTime":"2024-01-20T05:01:05.5076511+00:00","Properties":[]},{"TestCase":{"Id":"af3fd5d0-4308-b6a2-d5cf-03961c3d4bef","FullyQualifiedName":"OrganizationsLibraryTests.FactoryTests.Factory_ShallowCopy_ReturnsEqualButNotSameInstance","DisplayName":"OrganizationsLibraryTests.FactoryTests.Factory_ShallowCopy_ReturnsEqualButNotSameInstance","ExecutorUri":"executor://xunit/VsTestRunner2/netcoreapp","Source":"C:\\pryazha\\labs\\course_2\\semester_1\\oop\\lab_10\\Tests\\OrganizationsLibraryTests\\bin\\Debug\\net7.0\\fine-code-coverage\\build-output\\OrganizationsLibraryTests.dll","CodeFilePath":null,"LineNumber":0,"Properties":[]},"Attachments":[],"Outcome":1,"ErrorMessage":null,"ErrorStackTrace":null,"DisplayName":"OrganizationsLibraryTests.FactoryTests.Factory_ShallowCopy_ReturnsEqualButNotSameInstance","Messages":[],"ComputerName":"WIN-9PJ6D3I9SIT","Duration":"00:00:00.0009059","StartTime":"2024-01-20T05:01:05.5128818+00:00","EndTime":"2024-01-20T05:01:05.512882+00:00","Properties":[]},{"TestCase":{"Id":"4a51bc98-196f-75ce-1d11-a1ee2b430406","FullyQualifiedName":"OrganizationsLibraryTests.OrganizationTests.Organization_EmployeesCount_SetZeroWhenEmployeesCountNegative","DisplayName":"OrganizationsLibraryTests.OrganizationTests.Organization_EmployeesCount_SetZeroWhenEmployeesCountNegative","ExecutorUri":"executor://xunit/VsTestRunner2/netcoreapp","Source":"C:\\pryazha\\labs\\course_2\\semester_1\\oop\\lab_10\\Tests\\OrganizationsLibraryTests\\bin\\Debug\\net7.0\\fine-code-coverage\\build-output\\OrganizationsLibraryTests.dll","CodeFilePath":null,"LineNumber":0,"Properties":[]},"Attachments":[],"Outcome":1,"ErrorMessage":null,"ErrorStackTrace":null,"DisplayName":"OrganizationsLibraryTests.OrganizationTests.Organization_EmployeesCount_SetZeroWhenEmployeesCountNegative","Messages":[],"ComputerName":"WIN-9PJ6D3I9SIT","Duration":"00:00:00.0003379","StartTime":"2024-01-20T05:01:05.5161288+00:00","EndTime":"2024-01-20T05:01:05.516129+00:00","Properties":[]},{"TestCase":{"Id":"0dd4f9ac-89c8-c8eb-a134-bf0e44337203","FullyQualifiedName":"OrganizationsLibraryTests.OrganizationTests.Organization_CompareTo_Equal_ReturnsZero","DisplayName":"OrganizationsLibraryTests.OrganizationTests.Organization_CompareTo_Equal_ReturnsZero","ExecutorUri":"executor://xunit/VsTestRunner2/netcoreapp","Source":"C:\\pryazha\\labs\\course_2\\semester_1\\oop\\lab_10\\Tests\\OrganizationsLibraryTests\\bin\\Debug\\net7.0\\fine-code-coverage\\build-output\\OrganizationsLibraryTests.dll","CodeFilePath":null,"LineNumber":0,"Properties":[]},"Attachments":[],"Outcome":1,"ErrorMessage":null,"ErrorStackTrace":null,"DisplayName":"OrganizationsLibraryTests.OrganizationTests.Organization_CompareTo_Equal_ReturnsZero","Messages":[],"ComputerName":"WIN-9PJ6D3I9SIT","Duration":"00:00:00.0002544","StartTime":"2024-01-20T05:01:05.5212777+00:00","EndTime":"2024-01-20T05:01:05.5212779+00:00","Properties":[]},{"TestCase":{"Id":"d87405aa-fec4-de9c-b589-6a73cc90817f","FullyQualifiedName":"OrganizationsLibraryTests.OrganizationTests.Organization_Clone_ReturnsEqualButNotSameInstanceWithClonedManager","DisplayName":"OrganizationsLibraryTests.OrganizationTests.Organization_Clone_ReturnsEqualButNotSameInstanceWithClonedManager","ExecutorUri":"executor://xunit/VsTestRunner2/netcoreapp","Source":"C:\\pryazha\\labs\\course_2\\semester_1\\oop\\lab_10\\Tests\\OrganizationsLibraryTests\\bin\\Debug\\net7.0\\fine-code-coverage\\build-output\\OrganizationsLibraryTests.dll","CodeFilePath":null,"LineNumber":0,"Properties":[]},"Attachments":[],"Outcome":1,"ErrorMessage":null,"ErrorStackTrace":null,"DisplayName":"OrganizationsLibraryTests.OrganizationTests.Organization_Clone_ReturnsEqualButNotSameInstanceWithClonedManager","Messages":[],"ComputerName":"WIN-9PJ6D3I9SIT","Duration":"00:00:00.0006571","StartTime":"2024-01-20T05:01:05.526345+00:00","EndTime":"2024-01-20T05:01:05.5263451+00:00","Properties":[]},{"TestCase":{"Id":"22598b73-a6be-1d41-0f0e-a6a337839e60","FullyQualifiedName":"OrganizationsLibraryTests.OrganizationTests.Organization_Equals_SameOrganization_ReturnsTrue","DisplayName":"OrganizationsLibraryTests.OrganizationTests.Organization_Equals_SameOrganization_ReturnsTrue","ExecutorUri":"executor://xunit/VsTestRunner2/netcoreapp","Source":"C:\\pryazha\\labs\\course_2\\semester_1\\oop\\lab_10\\Tests\\OrganizationsLibraryTests\\bin\\Debug\\net7.0\\fine-code-coverage\\build-output\\OrganizationsLibraryTests.dll","CodeFilePath":null,"LineNumber":0,"Properties":[]},"Attachments":[],"Outcome":1,"ErrorMessage":null,"ErrorStackTrace":null,"DisplayName":"OrganizationsLibraryTests.OrganizationTests.Organization_Equals_SameOrganization_ReturnsTrue","Messages":[],"ComputerName":"WIN-9PJ6D3I9SIT","Duration":"00:00:00.0002364","StartTime":"2024-01-20T05:01:05.5316033+00:00","EndTime":"2024-01-20T05:01:05.5316034+00:00","Properties":[]},{"TestCase":{"Id":"f49168b5-52fb-800f-b903-8a3bb2c2bd7e","FullyQualifiedName":"OrganizationsLibraryTests.OrganizationTests.Organization_GetHashCode_SameOrganization_ReturnsSameHashCode","DisplayName":"OrganizationsLibraryTests.OrganizationTests.Organization_GetHashCode_SameOrganization_ReturnsSameHashCode","ExecutorUri":"executor://xunit/VsTestRunner2/netcoreapp","Source":"C:\\pryazha\\labs\\course_2\\semester_1\\oop\\lab_10\\Tests\\OrganizationsLibraryTests\\bin\\Debug\\net7.0\\fine-code-coverage\\build-output\\OrganizationsLibraryTests.dll","CodeFilePath":null,"LineNumber":0,"Properties":[]},"Attachments":[],"Outcome":1,"ErrorMessage":null,"ErrorStackTrace":null,"DisplayName":"OrganizationsLibraryTests.OrganizationTests.Organization_GetHashCode_SameOrganization_ReturnsSameHashCode","Messages":[],"ComputerName":"WIN-9PJ6D3I9SIT","Duration":"00:00:00.0006363","StartTime":"2024-01-20T05:01:05.5367364+00:00","EndTime":"2024-01-20T05:01:05.5367366+00:00","Properties":[]}],"TestRunStatistics":{"ExecutedTests":24,"Stats":{"Passed":24}},"ActiveTests":[{"Id":"446736c8-d556-5dc0-8188-b12f854047e8","FullyQualifiedName":"OrganizationsLibraryTests.OrganizationTests.Organization_Equals_DifferentOrganization_ReturnsFalse","DisplayName":"OrganizationsLibraryTests.OrganizationTests.Organization_Equals_DifferentOrganization_ReturnsFalse","ExecutorUri":"executor://xunit/VsTestRunner2/netcoreapp","Source":"C:\\pryazha\\labs\\course_2\\semester_1\\oop\\lab_10\\Tests\\OrganizationsLibraryTests\\bin\\Debug\\net7.0\\fine-code-coverage\\build-output\\OrganizationsLibraryTests.dll","CodeFilePath":null,"LineNumber":0,"Properties":[]}]}}
TpTrace Verbose: 0 : 14924, 11, 2024/01/20, 10:01:05.542, 49594596842, vstest.console.dll, TestRunRequest:SendTestRunStatsChange: Starting.
TpTrace Verbose: 0 : 14924, 11, 2024/01/20, 10:01:05.542, 49594598164, vstest.console.dll, InProgress is OrganizationsLibraryTests.OrganizationTests.Organization_Equals_DifferentOrganization_ReturnsFalse
TpTrace Verbose: 0 : 14924, 11, 2024/01/20, 10:01:05.542, 49594599095, vstest.console.dll, MulticastDelegateUtilities.SafeInvoke: TestRun.RunStatsChanged: Invoking callbacks was skipped because there are no subscribers.
TpTrace Information: 0 : 14924, 11, 2024/01/20, 10:01:05.542, 49594599567, vstest.console.dll, TestRunRequest:SendTestRunStatsChange: Completed.
TpTrace Verbose: 0 : 14924, 11, 2024/01/20, 10:01:05.542, 49594600040, vstest.console.dll, MulticastDelegateUtilities.SafeInvoke: LengthPrefixCommunicationChannel: MessageReceived: Invoking callback 1/1 for Microsoft.VisualStudio.TestPlatform.CommunicationUtilities.TestRequestSender+<>c__DisplayClass34_0., took 1 ms.
TpTrace Verbose: 0 : 14924, 4, 2024/01/20, 10:01:05.542, 49594600039, vstest.console.dll, MulticastDelegateUtilities.SafeInvoke: InternalTestLoggerEvents.SendTestResult: Invoking callback 1/1 for Microsoft.VisualStudio.TestPlatform.CommandLine.Internal.ConsoleLogger., took 0 ms.
TpTrace Verbose: 0 : 14924, 11, 2024/01/20, 10:01:05.542, 49594600574, vstest.console.dll, TcpClientExtensions.MessageLoopAsync: Polling on remoteEndPoint: 127.0.0.1:51590 localEndPoint: 127.0.0.1:51589
TpTrace Verbose: 0 : 14924, 4, 2024/01/20, 10:01:05.542, 49594602132, vstest.console.dll, MulticastDelegateUtilities.SafeInvoke: InternalTestLoggerEvents.SendTestResult: Invoking callback 1/1 for Microsoft.VisualStudio.TestPlatform.CommandLine.Internal.ConsoleLogger., took 0 ms.
TpTrace Verbose: 0 : 14924, 4, 2024/01/20, 10:01:05.543, 49594603876, vstest.console.dll, MulticastDelegateUtilities.SafeInvoke: InternalTestLoggerEvents.SendTestResult: Invoking callback 1/1 for Microsoft.VisualStudio.TestPlatform.CommandLine.Internal.ConsoleLogger., took 0 ms.
TpTrace Verbose: 0 : 14924, 4, 2024/01/20, 10:01:05.543, 49594604581, vstest.console.dll, MulticastDelegateUtilities.SafeInvoke: InternalTestLoggerEvents.SendTestResult: Invoking callback 1/1 for Microsoft.VisualStudio.TestPlatform.CommandLine.Internal.ConsoleLogger., took 0 ms.
TpTrace Verbose: 0 : 14924, 4, 2024/01/20, 10:01:05.543, 49594605183, vstest.console.dll, MulticastDelegateUtilities.SafeInvoke: InternalTestLoggerEvents.SendTestResult: Invoking callback 1/1 for Microsoft.VisualStudio.TestPlatform.CommandLine.Internal.ConsoleLogger., took 0 ms.
TpTrace Verbose: 0 : 14924, 4, 2024/01/20, 10:01:05.543, 49594605745, vstest.console.dll, MulticastDelegateUtilities.SafeInvoke: InternalTestLoggerEvents.SendTestResult: Invoking callback 1/1 for Microsoft.VisualStudio.TestPlatform.CommandLine.Internal.ConsoleLogger., took 0 ms.
TpTrace Verbose: 0 : 14924, 4, 2024/01/20, 10:01:05.543, 49594606308, vstest.console.dll, MulticastDelegateUtilities.SafeInvoke: InternalTestLoggerEvents.SendTestResult: Invoking callback 1/1 for Microsoft.VisualStudio.TestPlatform.CommandLine.Internal.ConsoleLogger., took 0 ms.
TpTrace Verbose: 0 : 14924, 4, 2024/01/20, 10:01:05.543, 49594606898, vstest.console.dll, MulticastDelegateUtilities.SafeInvoke: InternalTestLoggerEvents.SendTestResult: Invoking callback 1/1 for Microsoft.VisualStudio.TestPlatform.CommandLine.Internal.ConsoleLogger., took 0 ms.
TpTrace Verbose: 0 : 14924, 4, 2024/01/20, 10:01:05.543, 49594607593, vstest.console.dll, MulticastDelegateUtilities.SafeInvoke: InternalTestLoggerEvents.SendTestResult: Invoking callback 1/1 for Microsoft.VisualStudio.TestPlatform.CommandLine.Internal.ConsoleLogger., took 0 ms.
TpTrace Verbose: 0 : 14924, 11, 2024/01/20, 10:01:05.564, 49594817778, vstest.console.dll, TcpClientExtensions.MessageLoopAsync: NotifyDataAvailable remoteEndPoint: 127.0.0.1:51590 localEndPoint: 127.0.0.1:51589
TpTrace Verbose: 0 : 14924, 11, 2024/01/20, 10:01:05.564, 49594820414, vstest.console.dll, TestRequestSender.OnExecutionMessageReceived: Received message: {"Version":7,"MessageType":"TestSession.Message","Payload":{"MessageLevel":0,"Message":"[xUnit.net 00:00:01.35]   Finished:    OrganizationsLibraryTests"}}
TpTrace Verbose: 0 : 14924, 11, 2024/01/20, 10:01:05.564, 49594822367, vstest.console.dll, TestRunRequest:SendTestRunMessage: Starting.
TpTrace Verbose: 0 : 14924, 11, 2024/01/20, 10:01:05.564, 49594823217, vstest.console.dll, MulticastDelegateUtilities.SafeInvoke: TestRun.LogMessages: Invoking callback 1/1 for Microsoft.VisualStudio.TestPlatform.CommandLine.TestRunResultAggregator., took 0 ms.
TpTrace Information: 0 : 14924, 11, 2024/01/20, 10:01:05.565, 49594823705, vstest.console.dll, TestRunRequest:SendTestRunMessage: Completed.
TpTrace Verbose: 0 : 14924, 4, 2024/01/20, 10:01:05.565, 49594823639, vstest.console.dll, MulticastDelegateUtilities.SafeInvoke: InternalTestLoggerEvents.SendTestRunMessage: Invoking callback 1/1 for Microsoft.VisualStudio.TestPlatform.CommandLine.Internal.ConsoleLogger., took 0 ms.
TpTrace Verbose: 0 : 14924, 11, 2024/01/20, 10:01:05.565, 49594824202, vstest.console.dll, MulticastDelegateUtilities.SafeInvoke: LengthPrefixCommunicationChannel: MessageReceived: Invoking callback 1/1 for Microsoft.VisualStudio.TestPlatform.CommunicationUtilities.TestRequestSender+<>c__DisplayClass34_0., took 0 ms.
TpTrace Verbose: 0 : 14924, 11, 2024/01/20, 10:01:05.565, 49594826093, vstest.console.dll, TcpClientExtensions.MessageLoopAsync: Polling on remoteEndPoint: 127.0.0.1:51590 localEndPoint: 127.0.0.1:51589
TpTrace Verbose: 0 : 14924, 11, 2024/01/20, 10:01:05.603, 49595210864, vstest.console.dll, TcpClientExtensions.MessageLoopAsync: NotifyDataAvailable remoteEndPoint: 127.0.0.1:51590 localEndPoint: 127.0.0.1:51589
TpTrace Verbose: 0 : 14924, 11, 2024/01/20, 10:01:05.604, 49595213812, vstest.console.dll, TestRequestSender.OnExecutionMessageReceived: Received message: {"Version":7,"MessageType":"TestExecution.Completed","Payload":{"TestRunCompleteArgs":{"TestRunStatistics":{"ExecutedTests":26,"Stats":{"Passed":26}},"IsCanceled":false,"IsAborted":false,"Error":null,"AttachmentSets":[],"InvokedDataCollectors":[],"ElapsedTimeInRunningTests":"00:00:01.3691178","Metrics":{},"DiscoveredExtensions":{"TestDiscoverers":["Xunit.Runner.VisualStudio.VsTestRunner, xunit.runner.visualstudio.dotnetcore.testadapter, Version=2.4.0.0, Culture=neutral, PublicKeyToken=8d05b1bb7a6fdb6c"],"TestExecutors":["executor://xunit/VsTestRunner2/netcoreapp"],"TestExecutors2":[],"TestSettingsProviders":[]}},"LastRunTests":{"NewTestResults":[{"TestCase":{"Id":"446736c8-d556-5dc0-8188-b12f854047e8","FullyQualifiedName":"OrganizationsLibraryTests.OrganizationTests.Organization_Equals_DifferentOrganization_ReturnsFalse","DisplayName":"OrganizationsLibraryTests.OrganizationTests.Organization_Equals_DifferentOrganization_ReturnsFalse","ExecutorUri":"executor://xunit/VsTestRunner2/netcoreapp","Source":"C:\\pryazha\\labs\\course_2\\semester_1\\oop\\lab_10\\Tests\\OrganizationsLibraryTests\\bin\\Debug\\net7.0\\fine-code-coverage\\build-output\\OrganizationsLibraryTests.dll","CodeFilePath":null,"LineNumber":0,"Properties":[]},"Attachments":[],"Outcome":1,"ErrorMessage":null,"ErrorStackTrace":null,"DisplayName":"OrganizationsLibraryTests.OrganizationTests.Organization_Equals_DifferentOrganization_ReturnsFalse","Messages":[],"ComputerName":"WIN-9PJ6D3I9SIT","Duration":"00:00:00.0002935","StartTime":"2024-01-20T05:01:05.5542171+00:00","EndTime":"2024-01-20T05:01:05.5542172+00:00","Properties":[]},{"TestCase":{"Id":"bf43022a-eb00-8029-d7d5-4785039a8303","FullyQualifiedName":"OrganizationsLibraryTests.OrganizationTests.Organization_Equals_NullObject_ReturnsFalse","DisplayName":"OrganizationsLibraryTests.OrganizationTests.Organization_Equals_NullObject_ReturnsFalse","ExecutorUri":"executor://xunit/VsTestRunner2/netcoreapp","Source":"C:\\pryazha\\labs\\course_2\\semester_1\\oop\\lab_10\\Tests\\OrganizationsLibraryTests\\bin\\Debug\\net7.0\\fine-code-coverage\\build-output\\OrganizationsLibraryTests.dll","CodeFilePath":null,"LineNumber":0,"Properties":[]},"Attachments":[],"Outcome":1,"ErrorMessage":null,"ErrorStackTrace":null,"DisplayName":"OrganizationsLibraryTests.OrganizationTests.Organization_Equals_NullObject_ReturnsFalse","Messages":[],"ComputerName":"WIN-9PJ6D3I9SIT","Duration":"00:00:00.0002023","StartTime":"2024-01-20T05:01:05.5590917+00:00","EndTime":"2024-01-20T05:01:05.5590918+00:00","Properties":[]}],"TestRunStatistics":{"ExecutedTests":26,"Stats":{"Passed":26}},"ActiveTests":[]},"RunAttachments":[],"ExecutorUris":["executor://xunit/VsTestRunner2/netcoreapp"]}}
TpTrace Verbose: 0 : 14924, 11, 2024/01/20, 10:01:05.604, 49595215338, vstest.console.dll, TestRequestSender.EndSession: Sending end session.
TpTrace Verbose: 0 : 14924, 11, 2024/01/20, 10:01:05.604, 49595217823, vstest.console.dll, ProxyOperationManager.Close: waiting for test host to exit for 100 ms
TpTrace Verbose: 0 : 14924, 12, 2024/01/20, 10:01:05.639, 49595571661, vstest.console.dll, TestHostManagerCallbacks.ctor: Experimental forwarding output is disabled.
TpTrace Warning: 0 : 14924, 12, 2024/01/20, 10:01:05.640, 49595573315, vstest.console.dll, TestHostManagerCallbacks.ErrorReceivedCallback Test host standard error line: 
TpTrace Verbose: 0 : 14924, 12, 2024/01/20, 10:01:05.661, 49595790160, vstest.console.dll, TestHostProvider.ExitCallBack: Host exited starting callback.
TpTrace Information: 0 : 14924, 12, 2024/01/20, 10:01:05.662, 49595793458, vstest.console.dll, TestHostManagerCallbacks.ExitCallBack: Testhost processId: 21400 exited with exitcode: 0 error: ''
TpTrace Verbose: 0 : 14924, 12, 2024/01/20, 10:01:05.662, 49595794177, vstest.console.dll, DotnetTestHostManager.OnHostExited: invoking OnHostExited callback
TpTrace Verbose: 0 : 14924, 12, 2024/01/20, 10:01:05.662, 49595794971, vstest.console.dll, CrossPlatEngine.TestHostManagerHostExited: calling on client process exit callback.
TpTrace Information: 0 : 14924, 12, 2024/01/20, 10:01:05.662, 49595795713, vstest.console.dll, TestRequestSender.OnClientProcessExit: Test host process exited. Standard error: 
TpTrace Information: 0 : 14924, 12, 2024/01/20, 10:01:05.662, 49595796391, vstest.console.dll, SocketServer.Stop: Stop server endPoint: 127.0.0.1:51589
TpTrace Information: 0 : 14924, 11, 2024/01/20, 10:01:05.662, 49595796420, vstest.console.dll, SocketServer.Stop: Stop server endPoint: 127.0.0.1:51589
TpTrace Information: 0 : 14924, 12, 2024/01/20, 10:01:05.662, 49595796841, vstest.console.dll, SocketServer.Stop: Cancellation requested. Stopping message loop.
TpTrace Information: 0 : 14924, 11, 2024/01/20, 10:01:05.662, 49595797800, vstest.console.dll, SocketServer.Stop: Cancellation requested. Stopping message loop.
TpTrace Information: 0 : 14924, 11, 2024/01/20, 10:01:05.662, 49595799993, vstest.console.dll, Closing the connection
TpTrace Verbose: 0 : 14924, 12, 2024/01/20, 10:01:05.662, 49595800224, vstest.console.dll, MulticastDelegateUtilities.SafeInvoke: HostProviderEvents.OnHostExited: Invoking callback 1/1 for Microsoft.VisualStudio.TestPlatform.CrossPlatEngine.Client.ProxyOperationManager., took 0 ms.
TpTrace Verbose: 0 : 14924, 11, 2024/01/20, 10:01:05.663, 49595803295, vstest.console.dll, ProxyDataCollectionManager.InvokeDataCollectionServiceAction: Starting.
TpTrace Information: 0 : 14924, 11, 2024/01/20, 10:01:05.663, 49595803994, vstest.console.dll, ProxyDataCollectionManager.AfterTestRunEnd: Get attachment set and invoked data collectors processId: 25248 port: 51586
TpTrace Verbose: 0 : 14924, 11, 2024/01/20, 10:01:05.663, 49595804783, vstest.console.dll, DataCollectionRequestSender.SendAfterTestRunStartAndGetResult: Send AfterTestRunEnd message with isCancelled: False
TpTrace Verbose: 0 : 14924, 11, 2024/01/20, 10:01:05.674, 49595916062, vstest.console.dll, DataCollectionRequestSender.SendAfterTestRunStartAndGetResult: Received message: (DataCollection.AfterTestRunEndResult) -> {"MessageType":"DataCollection.AfterTestRunEndResult","Payload":{"AttachmentSets":[],"InvokedDataCollectors":[{"Uri":"datacollector://Microsoft/TestPlatform/Extensions/Blame/v1","FriendlyName":"Blame","AssemblyQualifiedName":"Microsoft.TestPlatform.Extensions.BlameDataCollector.BlameCollector, Microsoft.TestPlatform.Extensions.BlameDataCollector, Version=15.0.0.0, Culture=neutral, PublicKeyToken=b03f5f7f11d50a3a","FilePath":"C:\\Program Files\\dotnet\\sdk\\8.0.101\\Extensions\\Microsoft.TestPlatform.Extensions.BlameDataCollector.dll","HasAttachmentProcessor":false}],"Metrics":{}}}
TpTrace Information: 0 : 14924, 11, 2024/01/20, 10:01:05.683, 49596004373, vstest.console.dll, ProxyDataCollectionManager.InvokeDataCollectionServiceAction: Completed.
TpTrace Warning: 0 : 14924, 7, 2024/01/20, 10:01:05.698, 49596155649, vstest.console.dll, DataCollectionLauncher.ErrorReceivedCallback datacollector standard error line: 
TpTrace Information: 0 : 14924, 7, 2024/01/20, 10:01:05.707, 49596252423, vstest.console.dll, DataCollectionLauncher.ExitCallBack: Data collector exited with exitcode: 0 error: ''
TpTrace Verbose: 0 : 14924, 11, 2024/01/20, 10:01:05.748, 49596660241, vstest.console.dll, TestRunRequest:SendTestRunStatsChange: Starting.
TpTrace Verbose: 0 : 14924, 11, 2024/01/20, 10:01:05.748, 49596662037, vstest.console.dll, MulticastDelegateUtilities.SafeInvoke: TestRun.RunStatsChanged: Invoking callbacks was skipped because there are no subscribers.
TpTrace Information: 0 : 14924, 11, 2024/01/20, 10:01:05.748, 49596662529, vstest.console.dll, TestRunRequest:SendTestRunStatsChange: Completed.
TpTrace Verbose: 0 : 14924, 4, 2024/01/20, 10:01:05.749, 49596663726, vstest.console.dll, MulticastDelegateUtilities.SafeInvoke: InternalTestLoggerEvents.SendTestResult: Invoking callback 1/1 for Microsoft.VisualStudio.TestPlatform.CommandLine.Internal.ConsoleLogger., took 0 ms.
TpTrace Verbose: 0 : 14924, 4, 2024/01/20, 10:01:05.749, 49596665439, vstest.console.dll, MulticastDelegateUtilities.SafeInvoke: InternalTestLoggerEvents.SendTestResult: Invoking callback 1/1 for Microsoft.VisualStudio.TestPlatform.CommandLine.Internal.ConsoleLogger., took 0 ms.
TpTrace Verbose: 0 : 14924, 11, 2024/01/20, 10:01:05.749, 49596667762, vstest.console.dll, ParallelProxyExecutionManager: HandlePartialRunComplete: Total workloads = 1, Total started clients = 1 Total completed clients = 1, Run complete = True, Run canceled: False.
TpTrace Verbose: 0 : 14924, 11, 2024/01/20, 10:01:05.749, 49596668467, vstest.console.dll, ParallelProxyExecutionManager: HandlePartialRunComplete: All runs completed stopping all managers.
TpTrace Verbose: 0 : 14924, 11, 2024/01/20, 10:01:05.749, 49596669002, vstest.console.dll, ParallelOperationManager.StopAllManagers: Stopping all managers.
TpTrace Verbose: 0 : 14924, 11, 2024/01/20, 10:01:05.749, 49596669466, vstest.console.dll, ParallelOperationManager.ClearSlots: Clearing all slots. Slots should accept more work: False
TpTrace Verbose: 0 : 14924, 11, 2024/01/20, 10:01:05.749, 49596670233, vstest.console.dll, ParallelOperationManager.SetOccupiedSlotCount: Setting slot counts AvailableSlotCount = 1, OccupiedSlotCount = 0.
TpTrace Verbose: 0 : 14924, 11, 2024/01/20, 10:01:05.749, 49596671062, vstest.console.dll, Occupied slots:

TpTrace Verbose: 0 : 14924, 4, 2024/01/20, 10:01:05.764, 49596814092, vstest.console.dll, MulticastDelegateUtilities.SafeInvoke: InternalTestLoggerEvents.SendTestRunComplete: Invoking callback 1/2 for Microsoft.TestPlatform.Extensions.BlameDataCollector.BlameLogger., took 0 ms.
TpTrace Verbose: 0 : 14924, 4, 2024/01/20, 10:01:05.773, 49596912177, vstest.console.dll, MulticastDelegateUtilities.SafeInvoke: InternalTestLoggerEvents.SendTestRunComplete: Invoking callback 2/2 for Microsoft.VisualStudio.TestPlatform.CommandLine.Internal.ConsoleLogger., took 9 ms.
TpTrace Verbose: 0 : 14924, 11, 2024/01/20, 10:01:05.774, 49596918493, vstest.console.dll, TestRunRequest:TestRunComplete: Starting. IsAborted:False IsCanceled:False.
TpTrace Verbose: 0 : 14924, 11, 2024/01/20, 10:01:05.774, 49596921737, vstest.console.dll, ParallelOperationManager.DoActionOnAllManagers: Calling an action on all managers.
TpTrace Verbose: 0 : 14924, 11, 2024/01/20, 10:01:05.776, 49596936982, vstest.console.dll, TestLoggerManager.HandleTestRunComplete: Ignoring as the object is disposed.
TpTrace Verbose: 0 : 14924, 11, 2024/01/20, 10:01:05.776, 49596940776, vstest.console.dll, MulticastDelegateUtilities.SafeInvoke: TestRun.TestRunComplete: Invoking callback 1/2 for Microsoft.VisualStudio.TestPlatform.CommandLine.TestRunResultAggregator., took 0 ms.
TpTrace Verbose: 0 : 14924, 11, 2024/01/20, 10:01:05.776, 49596942583, vstest.console.dll, MulticastDelegateUtilities.SafeInvoke: TestRun.TestRunComplete: Invoking callback 2/2 for Microsoft.VisualStudio.TestPlatform.CommandLine.Processors.RunTestsArgumentExecutor+TestRunRequestEventsRegistrar., took 0 ms.
TpTrace Information: 0 : 14924, 11, 2024/01/20, 10:01:05.777, 49596944098, vstest.console.dll, TestRunRequest:TestRunComplete: Completed.
TpTrace Verbose: 0 : 14924, 1, 2024/01/20, 10:01:05.777, 49596944482, vstest.console.dll, TestRunRequest.Dispose: Starting.
TpTrace Verbose: 0 : 14924, 11, 2024/01/20, 10:01:05.777, 49596944700, vstest.console.dll, TestRequestSender.SetOperationComplete: Setting operation complete.
TpTrace Information: 0 : 14924, 1, 2024/01/20, 10:01:05.777, 49596945819, vstest.console.dll, TestRunRequest.Dispose: Completed.
TpTrace Information: 0 : 14924, 11, 2024/01/20, 10:01:05.777, 49596946787, vstest.console.dll, SocketServer.Stop: Stop server endPoint: 127.0.0.1:51589
TpTrace Information: 0 : 14924, 1, 2024/01/20, 10:01:05.777, 49596947773, vstest.console.dll, TestRequestManager.RunTests: run tests completed.
TpTrace Information: 0 : 14924, 11, 2024/01/20, 10:01:05.777, 49596948371, vstest.console.dll, SocketServer.Stop: Cancellation requested. Stopping message loop.
TpTrace Information: 0 : 14924, 1, 2024/01/20, 10:01:05.777, 49596950172, vstest.console.dll, RunTestsArgumentProcessor:Execute: Test run is completed.
TpTrace Verbose: 0 : 14924, 11, 2024/01/20, 10:01:05.777, 49596950369, vstest.console.dll, MulticastDelegateUtilities.SafeInvoke: LengthPrefixCommunicationChannel: MessageReceived: Invoking callback 1/1 for Microsoft.VisualStudio.TestPlatform.CommunicationUtilities.TestRequestSender+<>c__DisplayClass34_0., took 173 ms.
TpTrace Information: 0 : 14924, 11, 2024/01/20, 10:01:05.777, 49596951925, vstest.console.dll, SocketServer.PrivateStop: Stopping server endPoint: 127.0.0.1:51589 error: 
TpTrace Verbose: 0 : 14924, 1, 2024/01/20, 10:01:05.778, 49596953324, vstest.console.dll, Executor.Execute: Exiting with exit code of 0
TpTrace Verbose: 0 : 14924, 11, 2024/01/20, 10:01:05.778, 49596958172, vstest.console.dll, LengthPrefixCommunicationChannel.Dispose: Dispose reader and writer.
TpTrace Information: 0 : 14924, 11, 2024/01/20, 10:01:05.778, 49596959520, vstest.console.dll, SocketServer.Stop: Raise disconnected event endPoint: 127.0.0.1:51589 error: 
