TpTrace Verbose: 0 : 17248, 1, 2024/01/20, 10:00:53.420, 49473380447, vstest.console.dll, Version: 17.8.0-release-23578-02 Current process architecture: X64
TpTrace Verbose: 0 : 17248, 1, 2024/01/20, 10:00:53.427, 49473446336, vstest.console.dll, Runtime location: C:\Program Files\dotnet\shared\Microsoft.NETCore.App\8.0.1
TpTrace Verbose: 0 : 17248, 1, 2024/01/20, 10:00:53.432, 49473495048, vstest.console.dll, ArtifactProcessingPostProcessModeProcessorExecutor.Initialize: ArtifactProcessingMode.Collect
TpTrace Verbose: 0 : 17248, 1, 2024/01/20, 10:00:53.432, 49473497855, vstest.console.dll, TestSessionCorrelationIdProcessorModeProcessorExecutor.Initialize: TestSessionCorrelationId '21588_0a6ddee4-60aa-4a79-983a-5813c37da4fb'
TpTrace Information: 0 : 17248, 1, 2024/01/20, 10:00:53.447, 49473647781, vstest.console.dll, FilePatternParser: The given file C:\pryazha\labs\course_2\semester_1\oop\lab_10\Tests\ProgramTests\bin\Debug\net7.0\fine-code-coverage\build-output\ProgramTests.dll is a full path.
TpTrace Verbose: 0 : 17248, 1, 2024/01/20, 10:00:53.462, 49473801265, vstest.console.dll, TestPluginCache.DiscoverTestExtensions: finding test extensions in assemblies ends with: RuntimeProvider.dll TPluginInfo: Microsoft.VisualStudio.TestPlatform.Common.ExtensionFramework.Utilities.TestRuntimePluginInformation TExtension: Microsoft.VisualStudio.TestPlatform.ObjectModel.Host.ITestRuntimeProvider
TpTrace Verbose: 0 : 17248, 1, 2024/01/20, 10:00:53.463, 49473807568, vstest.console.dll, TestPluginCache.GetExtensionPaths: Filtered extension paths: 
TpTrace Verbose: 0 : 17248, 1, 2024/01/20, 10:00:53.463, 49473809061, vstest.console.dll, TestPluginCache.GetExtensionPaths: Added default extension paths: C:\Program Files\dotnet\sdk\8.0.101\Extensions\Microsoft.Diagnostics.NETCore.Client.dll
C:\Program Files\dotnet\sdk\8.0.101\Extensions\Microsoft.TestPlatform.Extensions.BlameDataCollector.dll
C:\Program Files\dotnet\sdk\8.0.101\Extensions\Microsoft.TestPlatform.Extensions.EventLogCollector.dll
C:\Program Files\dotnet\sdk\8.0.101\Extensions\Microsoft.TestPlatform.TestHostRuntimeProvider.dll
C:\Program Files\dotnet\sdk\8.0.101\Extensions\Microsoft.VisualStudio.TestPlatform.Extensions.Html.TestLogger.dll
C:\Program Files\dotnet\sdk\8.0.101\Extensions\Microsoft.VisualStudio.TestPlatform.Extensions.Trx.TestLogger.dll
TpTrace Verbose: 0 : 17248, 1, 2024/01/20, 10:00:53.463, 49473809729, vstest.console.dll, TestPluginCache.GetExtensionPaths: Added unfilterableExtensionPaths: 
TpTrace Information: 0 : 17248, 1, 2024/01/20, 10:00:53.465, 49473825834, vstest.console.dll, AssemblyResolver.ctor: Creating AssemblyResolver with searchDirectories C:\Program Files\dotnet\sdk\8.0.101\Extensions,C:\Program Files\dotnet\sdk\8.0.101
TpTrace Verbose: 0 : 17248, 1, 2024/01/20, 10:00:53.467, 49473850660, vstest.console.dll, TestPluginCache.DiscoverTestExtensions: Discovering the extensions using extension path.
TpTrace Verbose: 0 : 17248, 1, 2024/01/20, 10:00:53.468, 49473854788, vstest.console.dll, TestPluginCache.GetExtensionPaths: Filtered extension paths: 
TpTrace Verbose: 0 : 17248, 1, 2024/01/20, 10:00:53.468, 49473855522, vstest.console.dll, TestPluginCache.GetExtensionPaths: Added default extension paths: C:\Program Files\dotnet\sdk\8.0.101\Extensions\Microsoft.Diagnostics.NETCore.Client.dll
C:\Program Files\dotnet\sdk\8.0.101\Extensions\Microsoft.TestPlatform.Extensions.BlameDataCollector.dll
C:\Program Files\dotnet\sdk\8.0.101\Extensions\Microsoft.TestPlatform.Extensions.EventLogCollector.dll
C:\Program Files\dotnet\sdk\8.0.101\Extensions\Microsoft.TestPlatform.TestHostRuntimeProvider.dll
C:\Program Files\dotnet\sdk\8.0.101\Extensions\Microsoft.VisualStudio.TestPlatform.Extensions.Html.TestLogger.dll
C:\Program Files\dotnet\sdk\8.0.101\Extensions\Microsoft.VisualStudio.TestPlatform.Extensions.Trx.TestLogger.dll
TpTrace Verbose: 0 : 17248, 1, 2024/01/20, 10:00:53.468, 49473856204, vstest.console.dll, TestPluginCache.GetExtensionPaths: Added unfilterableExtensionPaths: 
TpTrace Verbose: 0 : 17248, 1, 2024/01/20, 10:00:53.468, 49473857516, vstest.console.dll, TestPluginCache.DiscoverTestExtensions: Discovering the extensions using allExtensionPaths: C:\Program Files\dotnet\sdk\8.0.101\Extensions\Microsoft.Diagnostics.NETCore.Client.dll
C:\Program Files\dotnet\sdk\8.0.101\Extensions\Microsoft.TestPlatform.Extensions.BlameDataCollector.dll
C:\Program Files\dotnet\sdk\8.0.101\Extensions\Microsoft.TestPlatform.Extensions.EventLogCollector.dll
C:\Program Files\dotnet\sdk\8.0.101\Extensions\Microsoft.TestPlatform.TestHostRuntimeProvider.dll
C:\Program Files\dotnet\sdk\8.0.101\Extensions\Microsoft.VisualStudio.TestPlatform.Extensions.Html.TestLogger.dll
C:\Program Files\dotnet\sdk\8.0.101\Extensions\Microsoft.VisualStudio.TestPlatform.Extensions.Trx.TestLogger.dll
TpTrace Information: 0 : 17248, 1, 2024/01/20, 10:00:53.468, 49473860578, vstest.console.dll, AssemblyResolver.AddSearchDirectories: Adding more searchDirectories C:\Program Files\dotnet\sdk\8.0.101\Extensions,C:\Program Files\dotnet\sdk\8.0.101
TpTrace Information: 0 : 17248, 1, 2024/01/20, 10:00:53.468, 49473861665, vstest.console.dll, AssemblyResolver.AddSearchDirectories: Adding more searchDirectories C:\Program Files\dotnet\sdk\8.0.101\Extensions,C:\Program Files\dotnet\sdk\8.0.101
TpTrace Information: 0 : 17248, 1, 2024/01/20, 10:00:53.468, 49473862238, vstest.console.dll, AssemblyResolver.AddSearchDirectories: Adding more searchDirectories C:\Program Files\dotnet\sdk\8.0.101\Extensions,C:\Program Files\dotnet\sdk\8.0.101
TpTrace Information: 0 : 17248, 1, 2024/01/20, 10:00:53.468, 49473862829, vstest.console.dll, AssemblyResolver.AddSearchDirectories: Adding more searchDirectories C:\Program Files\dotnet\sdk\8.0.101\Extensions,C:\Program Files\dotnet\sdk\8.0.101
TpTrace Information: 0 : 17248, 1, 2024/01/20, 10:00:53.469, 49473863404, vstest.console.dll, AssemblyResolver.AddSearchDirectories: Adding more searchDirectories C:\Program Files\dotnet\sdk\8.0.101\Extensions,C:\Program Files\dotnet\sdk\8.0.101
TpTrace Information: 0 : 17248, 1, 2024/01/20, 10:00:53.469, 49473863878, vstest.console.dll, AssemblyResolver.AddSearchDirectories: Adding more searchDirectories C:\Program Files\dotnet\sdk\8.0.101\Extensions,C:\Program Files\dotnet\sdk\8.0.101
TpTrace Information: 0 : 17248, 1, 2024/01/20, 10:00:53.470, 49473873889, vstest.console.dll, AssemblyResolver.OnResolve: Microsoft.Diagnostics.NETCore.Client: Resolving assembly.
TpTrace Information: 0 : 17248, 1, 2024/01/20, 10:00:53.470, 49473875471, vstest.console.dll, AssemblyResolver.OnResolve: Microsoft.Diagnostics.NETCore.Client: Searching in: 'C:\Program Files\dotnet\sdk\8.0.101\Extensions'.
TpTrace Information: 0 : 17248, 1, 2024/01/20, 10:00:53.485, 49474027039, vstest.console.dll, AssemblyResolver.OnResolve: Microsoft.Diagnostics.NETCore.Client: Loading assembly 'C:\Program Files\dotnet\sdk\8.0.101\Extensions\Microsoft.Diagnostics.NETCore.Client.dll'.
TpTrace Information: 0 : 17248, 1, 2024/01/20, 10:00:53.488, 49474055568, vstest.console.dll, AssemblyResolver.OnResolve: Resolved assembly: Microsoft.Diagnostics.NETCore.Client, from path: C:\Program Files\dotnet\sdk\8.0.101\Extensions\Microsoft.Diagnostics.NETCore.Client.dll
TpTrace Verbose: 0 : 17248, 1, 2024/01/20, 10:00:53.498, 49474154558, vstest.console.dll, MetadataReaderExtensionsHelper: Discovering extensions inside assembly 'Microsoft.Diagnostics.NETCore.Client, Version=0.2.8.21101, Culture=neutral, PublicKeyToken=31bf3856ad364e35' file path 'C:\Program Files\dotnet\sdk\8.0.101\Extensions\Microsoft.Diagnostics.NETCore.Client.dll'
TpTrace Information: 0 : 17248, 1, 2024/01/20, 10:00:53.505, 49474226859, vstest.console.dll, AssemblyResolver.OnResolve: Microsoft.Bcl.AsyncInterfaces: Resolving assembly.
TpTrace Information: 0 : 17248, 1, 2024/01/20, 10:00:53.505, 49474228576, vstest.console.dll, AssemblyResolver.OnResolve: Microsoft.Bcl.AsyncInterfaces: Searching in: 'C:\Program Files\dotnet\sdk\8.0.101\Extensions'.
TpTrace Information: 0 : 17248, 1, 2024/01/20, 10:00:53.505, 49474230367, vstest.console.dll, AssemblyResolver.OnResolve: Microsoft.Bcl.AsyncInterfaces: Assembly path does not exist: 'C:\Program Files\dotnet\sdk\8.0.101\Extensions\Microsoft.Bcl.AsyncInterfaces.dll', returning.
TpTrace Information: 0 : 17248, 1, 2024/01/20, 10:00:53.505, 49474232541, vstest.console.dll, AssemblyResolver.OnResolve: Microsoft.Bcl.AsyncInterfaces: Assembly path does not exist: 'C:\Program Files\dotnet\sdk\8.0.101\Extensions\Microsoft.Bcl.AsyncInterfaces.exe', returning.
TpTrace Information: 0 : 17248, 1, 2024/01/20, 10:00:53.506, 49474233287, vstest.console.dll, AssemblyResolver.OnResolve: Microsoft.Bcl.AsyncInterfaces: Searching in: 'C:\Program Files\dotnet\sdk\8.0.101'.
TpTrace Information: 0 : 17248, 1, 2024/01/20, 10:00:53.506, 49474234497, vstest.console.dll, AssemblyResolver.OnResolve: Microsoft.Bcl.AsyncInterfaces: Assembly path does not exist: 'C:\Program Files\dotnet\sdk\8.0.101\Microsoft.Bcl.AsyncInterfaces.dll', returning.
TpTrace Information: 0 : 17248, 1, 2024/01/20, 10:00:53.506, 49474235549, vstest.console.dll, AssemblyResolver.OnResolve: Microsoft.Bcl.AsyncInterfaces: Assembly path does not exist: 'C:\Program Files\dotnet\sdk\8.0.101\Microsoft.Bcl.AsyncInterfaces.exe', returning.
TpTrace Information: 0 : 17248, 1, 2024/01/20, 10:00:53.506, 49474236046, vstest.console.dll, AssemblyResolver.OnResolve: Microsoft.Bcl.AsyncInterfaces: Failed to load assembly.
TpTrace Verbose: 0 : 17248, 1, 2024/01/20, 10:00:53.506, 49474236662, vstest.console.dll, CurrentDomainAssemblyResolve: Resolving assembly 'Microsoft.Bcl.AsyncInterfaces'.
TpTrace Information: 0 : 17248, 1, 2024/01/20, 10:00:53.506, 49474237789, vstest.console.dll, AssemblyResolver.OnResolve: Microsoft.Bcl.AsyncInterfaces: Resolving assembly.
TpTrace Information: 0 : 17248, 1, 2024/01/20, 10:00:53.506, 49474238491, vstest.console.dll, AssemblyResolver.OnResolve: Microsoft.Bcl.AsyncInterfaces: Resolved from cache.
TpTrace Verbose: 0 : 17248, 1, 2024/01/20, 10:00:53.506, 49474238956, vstest.console.dll, CurrentDomainAssemblyResolve: Resolving assembly 'Microsoft.Bcl.AsyncInterfaces'.
TpTrace Verbose: 0 : 17248, 1, 2024/01/20, 10:00:53.506, 49474239716, vstest.console.dll, CurrentDomainAssemblyResolve: Failed to resolve assembly 'Microsoft.Bcl.AsyncInterfaces'.
TpTrace Verbose: 0 : 17248, 1, 2024/01/20, 10:00:53.508, 49474258766, vstest.console.dll, CurrentDomainAssemblyResolve: Failed to resolve assembly 'Microsoft.Bcl.AsyncInterfaces'.
TpTrace Warning: 0 : 17248, 1, 2024/01/20, 10:00:53.531, 49474491225, vstest.console.dll, TestPluginDiscoverer: Failed to get types from assembly 'Microsoft.Diagnostics.NETCore.Client, Version=0.2.8.21101, Culture=neutral, PublicKeyToken=31bf3856ad364e35'. Error: System.Reflection.ReflectionTypeLoadException: Unable to load one or more of the requested types.
Could not load file or assembly 'Microsoft.Bcl.AsyncInterfaces, Version=1.0.0.0, Culture=neutral, PublicKeyToken=cc7b13ffcd2ddd51'. The system cannot find the file specified.
   at System.Reflection.RuntimeModule.GetTypes(RuntimeModule module)
   at System.Reflection.RuntimeModule.GetTypes()
   at Microsoft.VisualStudio.TestPlatform.Common.ExtensionFramework.TestPluginDiscoverer.GetTestExtensionsFromAssembly[TPluginInfo,TExtension](Assembly assembly, Dictionary`2 pluginInfos, String filePath) in /_/src/Microsoft.TestPlatform.Common/ExtensionFramework/TestPluginDiscoverer.cs:line 158
System.IO.FileNotFoundException: Could not load file or assembly 'Microsoft.Bcl.AsyncInterfaces, Version=1.0.0.0, Culture=neutral, PublicKeyToken=cc7b13ffcd2ddd51'. The system cannot find the file specified.
File name: 'Microsoft.Bcl.AsyncInterfaces, Version=1.0.0.0, Culture=neutral, PublicKeyToken=cc7b13ffcd2ddd51'
 ---> System.IO.FileNotFoundException: Could not load file or assembly 'Microsoft.Bcl.AsyncInterfaces, Culture=neutral, PublicKeyToken=null'. The system cannot find the file specified.
File name: 'Microsoft.Bcl.AsyncInterfaces, Culture=neutral, PublicKeyToken=null'
   at System.Reflection.RuntimeAssembly.InternalLoad(AssemblyName assemblyName, StackCrawlMark& stackMark, AssemblyLoadContext assemblyLoadContext, RuntimeAssembly requestingAssembly, Boolean throwOnFileNotFound)
   at System.Reflection.Assembly.Load(AssemblyName assemblyRef)
   at Microsoft.VisualStudio.TestPlatform.Common.ExtensionFramework.TestPluginCache.CurrentDomainAssemblyResolve(Object sender, AssemblyResolveEventArgs args) in /_/src/Microsoft.TestPlatform.Common/ExtensionFramework/TestPluginCache.cs:line 513
   at System.Runtime.Loader.AssemblyLoadContext.GetFirstResolvedAssemblyFromResolvingEvent(AssemblyName assemblyName)
   at System.Runtime.Loader.AssemblyLoadContext.ResolveUsingEvent(AssemblyName assemblyName)
   at System.Runtime.Loader.AssemblyLoadContext.ResolveUsingResolvingEvent(IntPtr gchManagedAssemblyLoadContext, AssemblyName assemblyName)
TpTrace Warning: 0 : 17248, 1, 2024/01/20, 10:00:53.532, 49474497362, vstest.console.dll, LoaderExceptions: System.IO.FileNotFoundException: Could not load file or assembly 'Microsoft.Bcl.AsyncInterfaces, Version=1.0.0.0, Culture=neutral, PublicKeyToken=cc7b13ffcd2ddd51'. The system cannot find the file specified.
File name: 'Microsoft.Bcl.AsyncInterfaces, Version=1.0.0.0, Culture=neutral, PublicKeyToken=cc7b13ffcd2ddd51'
 ---> System.IO.FileNotFoundException: Could not load file or assembly 'Microsoft.Bcl.AsyncInterfaces, Culture=neutral, PublicKeyToken=null'. The system cannot find the file specified.
File name: 'Microsoft.Bcl.AsyncInterfaces, Culture=neutral, PublicKeyToken=null'
   at System.Reflection.RuntimeAssembly.InternalLoad(AssemblyName assemblyName, StackCrawlMark& stackMark, AssemblyLoadContext assemblyLoadContext, RuntimeAssembly requestingAssembly, Boolean throwOnFileNotFound)
   at System.Reflection.Assembly.Load(AssemblyName assemblyRef)
   at Microsoft.VisualStudio.TestPlatform.Common.ExtensionFramework.TestPluginCache.CurrentDomainAssemblyResolve(Object sender, AssemblyResolveEventArgs args) in /_/src/Microsoft.TestPlatform.Common/ExtensionFramework/TestPluginCache.cs:line 513
   at System.Runtime.Loader.AssemblyLoadContext.GetFirstResolvedAssemblyFromResolvingEvent(AssemblyName assemblyName)
   at System.Runtime.Loader.AssemblyLoadContext.ResolveUsingEvent(AssemblyName assemblyName)
   at System.Runtime.Loader.AssemblyLoadContext.ResolveUsingResolvingEvent(IntPtr gchManagedAssemblyLoadContext, AssemblyName assemblyName)
TpTrace Information: 0 : 17248, 1, 2024/01/20, 10:00:53.532, 49474499824, vstest.console.dll, AssemblyResolver.OnResolve: Microsoft.TestPlatform.Extensions.BlameDataCollector: Resolving assembly.
TpTrace Information: 0 : 17248, 1, 2024/01/20, 10:00:53.532, 49474500591, vstest.console.dll, AssemblyResolver.OnResolve: Microsoft.TestPlatform.Extensions.BlameDataCollector: Searching in: 'C:\Program Files\dotnet\sdk\8.0.101\Extensions'.
TpTrace Information: 0 : 17248, 1, 2024/01/20, 10:00:53.534, 49474518755, vstest.console.dll, AssemblyResolver.OnResolve: Microsoft.TestPlatform.Extensions.BlameDataCollector: Loading assembly 'C:\Program Files\dotnet\sdk\8.0.101\Extensions\Microsoft.TestPlatform.Extensions.BlameDataCollector.dll'.
TpTrace Information: 0 : 17248, 1, 2024/01/20, 10:00:53.536, 49474539683, vstest.console.dll, AssemblyResolver.OnResolve: Resolved assembly: Microsoft.TestPlatform.Extensions.BlameDataCollector, from path: C:\Program Files\dotnet\sdk\8.0.101\Extensions\Microsoft.TestPlatform.Extensions.BlameDataCollector.dll
TpTrace Verbose: 0 : 17248, 1, 2024/01/20, 10:00:53.536, 49474541944, vstest.console.dll, MetadataReaderExtensionsHelper: Discovering extensions inside assembly 'Microsoft.TestPlatform.Extensions.BlameDataCollector, Version=15.0.0.0, Culture=neutral, PublicKeyToken=b03f5f7f11d50a3a' file path 'C:\Program Files\dotnet\sdk\8.0.101\Extensions\Microsoft.TestPlatform.Extensions.BlameDataCollector.dll'
TpTrace Information: 0 : 17248, 1, 2024/01/20, 10:00:53.539, 49474571517, vstest.console.dll, AssemblyResolver.OnResolve: Microsoft.TestPlatform.Extensions.EventLogCollector: Resolving assembly.
TpTrace Information: 0 : 17248, 1, 2024/01/20, 10:00:53.539, 49474573121, vstest.console.dll, AssemblyResolver.OnResolve: Microsoft.TestPlatform.Extensions.EventLogCollector: Searching in: 'C:\Program Files\dotnet\sdk\8.0.101\Extensions'.
TpTrace Information: 0 : 17248, 1, 2024/01/20, 10:00:53.541, 49474586822, vstest.console.dll, AssemblyResolver.OnResolve: Microsoft.TestPlatform.Extensions.EventLogCollector: Loading assembly 'C:\Program Files\dotnet\sdk\8.0.101\Extensions\Microsoft.TestPlatform.Extensions.EventLogCollector.dll'.
TpTrace Information: 0 : 17248, 1, 2024/01/20, 10:00:53.542, 49474598781, vstest.console.dll, AssemblyResolver.OnResolve: Resolved assembly: Microsoft.TestPlatform.Extensions.EventLogCollector, from path: C:\Program Files\dotnet\sdk\8.0.101\Extensions\Microsoft.TestPlatform.Extensions.EventLogCollector.dll
TpTrace Verbose: 0 : 17248, 1, 2024/01/20, 10:00:53.542, 49474600165, vstest.console.dll, MetadataReaderExtensionsHelper: Discovering extensions inside assembly 'Microsoft.TestPlatform.Extensions.EventLogCollector, Version=15.0.0.0, Culture=neutral, PublicKeyToken=b03f5f7f11d50a3a' file path 'C:\Program Files\dotnet\sdk\8.0.101\Extensions\Microsoft.TestPlatform.Extensions.EventLogCollector.dll'
TpTrace Information: 0 : 17248, 1, 2024/01/20, 10:00:53.547, 49474650996, vstest.console.dll, AssemblyResolver.OnResolve: Microsoft.TestPlatform.TestHostRuntimeProvider: Resolving assembly.
TpTrace Information: 0 : 17248, 1, 2024/01/20, 10:00:53.547, 49474652710, vstest.console.dll, AssemblyResolver.OnResolve: Microsoft.TestPlatform.TestHostRuntimeProvider: Searching in: 'C:\Program Files\dotnet\sdk\8.0.101\Extensions'.
TpTrace Information: 0 : 17248, 1, 2024/01/20, 10:00:53.549, 49474670470, vstest.console.dll, AssemblyResolver.OnResolve: Microsoft.TestPlatform.TestHostRuntimeProvider: Loading assembly 'C:\Program Files\dotnet\sdk\8.0.101\Extensions\Microsoft.TestPlatform.TestHostRuntimeProvider.dll'.
TpTrace Information: 0 : 17248, 1, 2024/01/20, 10:00:53.551, 49474685444, vstest.console.dll, AssemblyResolver.OnResolve: Resolved assembly: Microsoft.TestPlatform.TestHostRuntimeProvider, from path: C:\Program Files\dotnet\sdk\8.0.101\Extensions\Microsoft.TestPlatform.TestHostRuntimeProvider.dll
TpTrace Verbose: 0 : 17248, 1, 2024/01/20, 10:00:53.551, 49474687582, vstest.console.dll, MetadataReaderExtensionsHelper: Discovering extensions inside assembly 'Microsoft.TestPlatform.TestHostRuntimeProvider, Version=15.0.0.0, Culture=neutral, PublicKeyToken=b03f5f7f11d50a3a' file path 'C:\Program Files\dotnet\sdk\8.0.101\Extensions\Microsoft.TestPlatform.TestHostRuntimeProvider.dll'
TpTrace Information: 0 : 17248, 1, 2024/01/20, 10:00:53.554, 49474722809, vstest.console.dll, GetTestExtensionFromType: Register extension with identifier data 'HostProvider://DefaultTestHost' and type 'Microsoft.VisualStudio.TestPlatform.CrossPlatEngine.Hosting.DefaultTestHostManager, Microsoft.TestPlatform.TestHostRuntimeProvider, Version=15.0.0.0, Culture=neutral, PublicKeyToken=b03f5f7f11d50a3a' inside file 'C:\Program Files\dotnet\sdk\8.0.101\Extensions\Microsoft.TestPlatform.TestHostRuntimeProvider.dll'
TpTrace Information: 0 : 17248, 1, 2024/01/20, 10:00:53.555, 49474728795, vstest.console.dll, GetTestExtensionFromType: Register extension with identifier data 'HostProvider://DotnetTestHost' and type 'Microsoft.VisualStudio.TestPlatform.CrossPlatEngine.Hosting.DotnetTestHostManager, Microsoft.TestPlatform.TestHostRuntimeProvider, Version=15.0.0.0, Culture=neutral, PublicKeyToken=b03f5f7f11d50a3a' inside file 'C:\Program Files\dotnet\sdk\8.0.101\Extensions\Microsoft.TestPlatform.TestHostRuntimeProvider.dll'
TpTrace Information: 0 : 17248, 1, 2024/01/20, 10:00:53.555, 49474730606, vstest.console.dll, AssemblyResolver.OnResolve: Microsoft.VisualStudio.TestPlatform.Extensions.Html.TestLogger: Resolving assembly.
TpTrace Information: 0 : 17248, 1, 2024/01/20, 10:00:53.555, 49474731219, vstest.console.dll, AssemblyResolver.OnResolve: Microsoft.VisualStudio.TestPlatform.Extensions.Html.TestLogger: Searching in: 'C:\Program Files\dotnet\sdk\8.0.101\Extensions'.
TpTrace Information: 0 : 17248, 1, 2024/01/20, 10:00:53.557, 49474750431, vstest.console.dll, AssemblyResolver.OnResolve: Microsoft.VisualStudio.TestPlatform.Extensions.Html.TestLogger: Loading assembly 'C:\Program Files\dotnet\sdk\8.0.101\Extensions\Microsoft.VisualStudio.TestPlatform.Extensions.Html.TestLogger.dll'.
TpTrace Information: 0 : 17248, 1, 2024/01/20, 10:00:53.558, 49474762909, vstest.console.dll, AssemblyResolver.OnResolve: Resolved assembly: Microsoft.VisualStudio.TestPlatform.Extensions.Html.TestLogger, from path: C:\Program Files\dotnet\sdk\8.0.101\Extensions\Microsoft.VisualStudio.TestPlatform.Extensions.Html.TestLogger.dll
TpTrace Verbose: 0 : 17248, 1, 2024/01/20, 10:00:53.559, 49474765998, vstest.console.dll, MetadataReaderExtensionsHelper: Discovering extensions inside assembly 'Microsoft.VisualStudio.TestPlatform.Extensions.Html.TestLogger, Version=15.0.0.0, Culture=neutral, PublicKeyToken=b03f5f7f11d50a3a' file path 'C:\Program Files\dotnet\sdk\8.0.101\Extensions\Microsoft.VisualStudio.TestPlatform.Extensions.Html.TestLogger.dll'
TpTrace Information: 0 : 17248, 1, 2024/01/20, 10:00:53.560, 49474782506, vstest.console.dll, AssemblyResolver.OnResolve: Microsoft.VisualStudio.TestPlatform.Extensions.Trx.TestLogger: Resolving assembly.
TpTrace Information: 0 : 17248, 1, 2024/01/20, 10:00:53.561, 49474784067, vstest.console.dll, AssemblyResolver.OnResolve: Microsoft.VisualStudio.TestPlatform.Extensions.Trx.TestLogger: Searching in: 'C:\Program Files\dotnet\sdk\8.0.101\Extensions'.
TpTrace Information: 0 : 17248, 1, 2024/01/20, 10:00:53.563, 49474804228, vstest.console.dll, AssemblyResolver.OnResolve: Microsoft.VisualStudio.TestPlatform.Extensions.Trx.TestLogger: Loading assembly 'C:\Program Files\dotnet\sdk\8.0.101\Extensions\Microsoft.VisualStudio.TestPlatform.Extensions.Trx.TestLogger.dll'.
TpTrace Information: 0 : 17248, 1, 2024/01/20, 10:00:53.565, 49474826132, vstest.console.dll, AssemblyResolver.OnResolve: Resolved assembly: Microsoft.VisualStudio.TestPlatform.Extensions.Trx.TestLogger, from path: C:\Program Files\dotnet\sdk\8.0.101\Extensions\Microsoft.VisualStudio.TestPlatform.Extensions.Trx.TestLogger.dll
TpTrace Verbose: 0 : 17248, 1, 2024/01/20, 10:00:53.565, 49474828402, vstest.console.dll, MetadataReaderExtensionsHelper: Discovering extensions inside assembly 'Microsoft.VisualStudio.TestPlatform.Extensions.Trx.TestLogger, Version=15.0.0.0, Culture=neutral, PublicKeyToken=b03f5f7f11d50a3a' file path 'C:\Program Files\dotnet\sdk\8.0.101\Extensions\Microsoft.VisualStudio.TestPlatform.Extensions.Trx.TestLogger.dll'
TpTrace Verbose: 0 : 17248, 1, 2024/01/20, 10:00:53.567, 49474853241, vstest.console.dll, TestPluginCache: Discovered the extensions using extension path ''.
TpTrace Verbose: 0 : 17248, 1, 2024/01/20, 10:00:53.568, 49474855168, vstest.console.dll, TestPluginCache: Discoverers are ''.
TpTrace Verbose: 0 : 17248, 1, 2024/01/20, 10:00:53.568, 49474855676, vstest.console.dll, TestPluginCache: Executors are ''.
TpTrace Verbose: 0 : 17248, 1, 2024/01/20, 10:00:53.568, 49474856097, vstest.console.dll, TestPluginCache: Executors2 are ''.
TpTrace Verbose: 0 : 17248, 1, 2024/01/20, 10:00:53.568, 49474856509, vstest.console.dll, TestPluginCache: Setting providers are ''.
TpTrace Verbose: 0 : 17248, 1, 2024/01/20, 10:00:53.568, 49474856920, vstest.console.dll, TestPluginCache: Loggers are ''.
TpTrace Verbose: 0 : 17248, 1, 2024/01/20, 10:00:53.568, 49474863233, vstest.console.dll, TestPluginCache: TestHosts are 'HostProvider://DefaultTestHost,HostProvider://DotnetTestHost'.
TpTrace Verbose: 0 : 17248, 1, 2024/01/20, 10:00:53.569, 49474864721, vstest.console.dll, TestPluginCache: DataCollectors are ''.
TpTrace Information: 0 : 17248, 1, 2024/01/20, 10:00:53.596, 49475133460, vstest.console.dll, RunTestsArgumentProcessor:Execute: Test run is starting.
TpTrace Verbose: 0 : 17248, 1, 2024/01/20, 10:00:53.596, 49475135033, vstest.console.dll, RunTestsArgumentProcessor:Execute: Queuing Test run.
TpTrace Information: 0 : 17248, 1, 2024/01/20, 10:00:53.596, 49475138913, vstest.console.dll, TestRequestManager.RunTests: run tests started.
TpTrace Information: 0 : 17248, 1, 2024/01/20, 10:00:53.598, 49475159633, vstest.console.dll, AssemblyMetadataProvider.GetFrameworkName: Determined framework:'.NETCoreApp,Version=v7.0' for source: 'C:\pryazha\labs\course_2\semester_1\oop\lab_10\Tests\ProgramTests\bin\Debug\net7.0\fine-code-coverage\build-output\ProgramTests.dll'
TpTrace Information: 0 : 17248, 1, 2024/01/20, 10:00:53.599, 49475163994, vstest.console.dll, Determined framework for all sources: .NETCoreApp,Version=v7.0
TpTrace Verbose: 0 : 17248, 1, 2024/01/20, 10:00:53.599, 49475169973, vstest.console.dll, TestRequestManager.UpdateRunSettingsIfRequired: Default architecture: X64 IsDefaultTargetArchitecture: True, Current process architecture: X64 OperatingSystem: Windows.
TpTrace Information: 0 : 17248, 1, 2024/01/20, 10:00:53.602, 49475197966, vstest.console.dll, AssemblyMetadataProvider.GetArchitecture: Determined architecture:AnyCPU info for assembly: C:\pryazha\labs\course_2\semester_1\oop\lab_10\Tests\ProgramTests\bin\Debug\net7.0\fine-code-coverage\build-output\ProgramTests.dll
TpTrace Information: 0 : 17248, 1, 2024/01/20, 10:00:53.602, 49475199091, vstest.console.dll, Determined platform for source 'C:\pryazha\labs\course_2\semester_1\oop\lab_10\Tests\ProgramTests\bin\Debug\net7.0\fine-code-coverage\build-output\ProgramTests.dll' was AnyCPU and it will use the default plaform X64.
TpTrace Information: 0 : 17248, 1, 2024/01/20, 10:00:53.602, 49475199585, vstest.console.dll, None of the sources provided any runnable platform, using the default platform: X64
TpTrace Information: 0 : 17248, 1, 2024/01/20, 10:00:53.602, 49475201216, vstest.console.dll, Platform was updated to 'X64'.
TpTrace Information: 0 : 17248, 1, 2024/01/20, 10:00:53.610, 49475273402, vstest.console.dll, InferRunSettingsHelper.IsTestSettingsEnabled: Unable to navigate to RunSettings/MSTest. Current node: RunSettings
TpTrace Information: 0 : 17248, 1, 2024/01/20, 10:00:53.611, 49475284645, vstest.console.dll, AssemblyResolver.OnResolve: Microsoft.VisualStudio.TestPlatform.Fakes: Resolving assembly.
TpTrace Information: 0 : 17248, 1, 2024/01/20, 10:00:53.611, 49475285832, vstest.console.dll, AssemblyResolver.OnResolve: Microsoft.VisualStudio.TestPlatform.Fakes: Searching in: 'C:\Program Files\dotnet\sdk\8.0.101\Extensions'.
TpTrace Information: 0 : 17248, 1, 2024/01/20, 10:00:53.611, 49475287657, vstest.console.dll, AssemblyResolver.OnResolve: Microsoft.VisualStudio.TestPlatform.Fakes: Assembly path does not exist: 'C:\Program Files\dotnet\sdk\8.0.101\Extensions\Microsoft.VisualStudio.TestPlatform.Fakes.dll', returning.
TpTrace Information: 0 : 17248, 1, 2024/01/20, 10:00:53.611, 49475288833, vstest.console.dll, AssemblyResolver.OnResolve: Microsoft.VisualStudio.TestPlatform.Fakes: Assembly path does not exist: 'C:\Program Files\dotnet\sdk\8.0.101\Extensions\Microsoft.VisualStudio.TestPlatform.Fakes.exe', returning.
TpTrace Information: 0 : 17248, 1, 2024/01/20, 10:00:53.611, 49475289441, vstest.console.dll, AssemblyResolver.OnResolve: Microsoft.VisualStudio.TestPlatform.Fakes: Searching in: 'C:\Program Files\dotnet\sdk\8.0.101'.
TpTrace Information: 0 : 17248, 1, 2024/01/20, 10:00:53.611, 49475290551, vstest.console.dll, AssemblyResolver.OnResolve: Microsoft.VisualStudio.TestPlatform.Fakes: Assembly path does not exist: 'C:\Program Files\dotnet\sdk\8.0.101\Microsoft.VisualStudio.TestPlatform.Fakes.dll', returning.
TpTrace Information: 0 : 17248, 1, 2024/01/20, 10:00:53.611, 49475291650, vstest.console.dll, AssemblyResolver.OnResolve: Microsoft.VisualStudio.TestPlatform.Fakes: Assembly path does not exist: 'C:\Program Files\dotnet\sdk\8.0.101\Microsoft.VisualStudio.TestPlatform.Fakes.exe', returning.
TpTrace Information: 0 : 17248, 1, 2024/01/20, 10:00:53.611, 49475292161, vstest.console.dll, AssemblyResolver.OnResolve: Microsoft.VisualStudio.TestPlatform.Fakes: Failed to load assembly.
TpTrace Information: 0 : 17248, 1, 2024/01/20, 10:00:53.612, 49475296839, vstest.console.dll, Failed to load assembly Microsoft.VisualStudio.TestPlatform.Fakes, Version=17.0.0.0, Culture=neutral. Reason:System.IO.FileNotFoundException: Could not load file or assembly 'Microsoft.VisualStudio.TestPlatform.Fakes, Version=17.0.0.0, Culture=neutral, PublicKeyToken=null'. The system cannot find the file specified.
File name: 'Microsoft.VisualStudio.TestPlatform.Fakes, Version=17.0.0.0, Culture=neutral, PublicKeyToken=null'
   at System.Reflection.RuntimeAssembly.InternalLoad(AssemblyName assemblyName, StackCrawlMark& stackMark, AssemblyLoadContext assemblyLoadContext, RuntimeAssembly requestingAssembly, Boolean throwOnFileNotFound)
   at System.Reflection.Assembly.Load(AssemblyName assemblyRef)
   at Microsoft.VisualStudio.TestPlatform.Common.Utilities.FakesUtilities.LoadTestPlatformAssembly() in /_/src/Microsoft.TestPlatform.Common/Utilities/FakesUtilities.cs:line 272
TpTrace Verbose: 0 : 17248, 1, 2024/01/20, 10:00:53.620, 49475373509, vstest.console.dll, TestPluginCache.DiscoverTestExtensions: finding test extensions in assemblies ends with: TestLogger.dll TPluginInfo: Microsoft.VisualStudio.TestPlatform.Common.ExtensionFramework.Utilities.TestLoggerPluginInformation TExtension: Microsoft.VisualStudio.TestPlatform.ObjectModel.Client.ITestLogger
TpTrace Verbose: 0 : 17248, 1, 2024/01/20, 10:00:53.620, 49475375658, vstest.console.dll, TestPluginCache.GetExtensionPaths: Filtered extension paths: 
TpTrace Verbose: 0 : 17248, 1, 2024/01/20, 10:00:53.620, 49475376319, vstest.console.dll, TestPluginCache.GetExtensionPaths: Added default extension paths: C:\Program Files\dotnet\sdk\8.0.101\Extensions\Microsoft.Diagnostics.NETCore.Client.dll
C:\Program Files\dotnet\sdk\8.0.101\Extensions\Microsoft.TestPlatform.Extensions.BlameDataCollector.dll
C:\Program Files\dotnet\sdk\8.0.101\Extensions\Microsoft.TestPlatform.Extensions.EventLogCollector.dll
C:\Program Files\dotnet\sdk\8.0.101\Extensions\Microsoft.TestPlatform.TestHostRuntimeProvider.dll
C:\Program Files\dotnet\sdk\8.0.101\Extensions\Microsoft.VisualStudio.TestPlatform.Extensions.Html.TestLogger.dll
C:\Program Files\dotnet\sdk\8.0.101\Extensions\Microsoft.VisualStudio.TestPlatform.Extensions.Trx.TestLogger.dll
TpTrace Verbose: 0 : 17248, 1, 2024/01/20, 10:00:53.620, 49475376820, vstest.console.dll, TestPluginCache.GetExtensionPaths: Added unfilterableExtensionPaths: 
TpTrace Information: 0 : 17248, 1, 2024/01/20, 10:00:53.620, 49475379501, vstest.console.dll, AssemblyResolver.AddSearchDirectories: Adding more searchDirectories C:\Program Files\dotnet\sdk\8.0.101\Extensions,C:\Program Files\dotnet\sdk\8.0.101
TpTrace Verbose: 0 : 17248, 1, 2024/01/20, 10:00:53.620, 49475380260, vstest.console.dll, TestPluginCache.DiscoverTestExtensions: Discovering the extensions using extension path.
TpTrace Verbose: 0 : 17248, 1, 2024/01/20, 10:00:53.620, 49475380837, vstest.console.dll, TestPluginCache.GetExtensionPaths: Filtered extension paths: 
TpTrace Verbose: 0 : 17248, 1, 2024/01/20, 10:00:53.620, 49475381382, vstest.console.dll, TestPluginCache.GetExtensionPaths: Added default extension paths: C:\Program Files\dotnet\sdk\8.0.101\Extensions\Microsoft.Diagnostics.NETCore.Client.dll
C:\Program Files\dotnet\sdk\8.0.101\Extensions\Microsoft.TestPlatform.Extensions.BlameDataCollector.dll
C:\Program Files\dotnet\sdk\8.0.101\Extensions\Microsoft.TestPlatform.Extensions.EventLogCollector.dll
C:\Program Files\dotnet\sdk\8.0.101\Extensions\Microsoft.TestPlatform.TestHostRuntimeProvider.dll
C:\Program Files\dotnet\sdk\8.0.101\Extensions\Microsoft.VisualStudio.TestPlatform.Extensions.Html.TestLogger.dll
C:\Program Files\dotnet\sdk\8.0.101\Extensions\Microsoft.VisualStudio.TestPlatform.Extensions.Trx.TestLogger.dll
TpTrace Verbose: 0 : 17248, 1, 2024/01/20, 10:00:53.620, 49475381872, vstest.console.dll, TestPluginCache.GetExtensionPaths: Added unfilterableExtensionPaths: 
TpTrace Verbose: 0 : 17248, 1, 2024/01/20, 10:00:53.620, 49475382397, vstest.console.dll, TestPluginCache.DiscoverTestExtensions: Discovering the extensions using allExtensionPaths: C:\Program Files\dotnet\sdk\8.0.101\Extensions\Microsoft.Diagnostics.NETCore.Client.dll
C:\Program Files\dotnet\sdk\8.0.101\Extensions\Microsoft.TestPlatform.Extensions.BlameDataCollector.dll
C:\Program Files\dotnet\sdk\8.0.101\Extensions\Microsoft.TestPlatform.Extensions.EventLogCollector.dll
C:\Program Files\dotnet\sdk\8.0.101\Extensions\Microsoft.TestPlatform.TestHostRuntimeProvider.dll
C:\Program Files\dotnet\sdk\8.0.101\Extensions\Microsoft.VisualStudio.TestPlatform.Extensions.Html.TestLogger.dll
C:\Program Files\dotnet\sdk\8.0.101\Extensions\Microsoft.VisualStudio.TestPlatform.Extensions.Trx.TestLogger.dll
TpTrace Information: 0 : 17248, 1, 2024/01/20, 10:00:53.620, 49475383175, vstest.console.dll, AssemblyResolver.AddSearchDirectories: Adding more searchDirectories C:\Program Files\dotnet\sdk\8.0.101\Extensions,C:\Program Files\dotnet\sdk\8.0.101
TpTrace Information: 0 : 17248, 1, 2024/01/20, 10:00:53.621, 49475383753, vstest.console.dll, AssemblyResolver.AddSearchDirectories: Adding more searchDirectories C:\Program Files\dotnet\sdk\8.0.101\Extensions,C:\Program Files\dotnet\sdk\8.0.101
TpTrace Information: 0 : 17248, 1, 2024/01/20, 10:00:53.621, 49475384402, vstest.console.dll, AssemblyResolver.AddSearchDirectories: Adding more searchDirectories C:\Program Files\dotnet\sdk\8.0.101\Extensions,C:\Program Files\dotnet\sdk\8.0.101
TpTrace Information: 0 : 17248, 1, 2024/01/20, 10:00:53.621, 49475384880, vstest.console.dll, AssemblyResolver.AddSearchDirectories: Adding more searchDirectories C:\Program Files\dotnet\sdk\8.0.101\Extensions,C:\Program Files\dotnet\sdk\8.0.101
TpTrace Information: 0 : 17248, 1, 2024/01/20, 10:00:53.621, 49475385354, vstest.console.dll, AssemblyResolver.AddSearchDirectories: Adding more searchDirectories C:\Program Files\dotnet\sdk\8.0.101\Extensions,C:\Program Files\dotnet\sdk\8.0.101
TpTrace Information: 0 : 17248, 1, 2024/01/20, 10:00:53.621, 49475385909, vstest.console.dll, AssemblyResolver.AddSearchDirectories: Adding more searchDirectories C:\Program Files\dotnet\sdk\8.0.101\Extensions,C:\Program Files\dotnet\sdk\8.0.101
TpTrace Verbose: 0 : 17248, 1, 2024/01/20, 10:00:53.621, 49475387823, vstest.console.dll, MetadataReaderExtensionsHelper: Discovering extensions inside assembly 'Microsoft.Diagnostics.NETCore.Client, Version=0.2.8.21101, Culture=neutral, PublicKeyToken=31bf3856ad364e35' file path 'C:\Program Files\dotnet\sdk\8.0.101\Extensions\Microsoft.Diagnostics.NETCore.Client.dll'
TpTrace Information: 0 : 17248, 1, 2024/01/20, 10:00:53.622, 49475399640, vstest.console.dll, AssemblyResolver.OnResolve: Microsoft.Bcl.AsyncInterfaces: Resolving assembly.
TpTrace Information: 0 : 17248, 1, 2024/01/20, 10:00:53.622, 49475400726, vstest.console.dll, AssemblyResolver.OnResolve: Microsoft.Bcl.AsyncInterfaces: Resolved from cache.
TpTrace Verbose: 0 : 17248, 1, 2024/01/20, 10:00:53.622, 49475401228, vstest.console.dll, CurrentDomainAssemblyResolve: Resolving assembly 'Microsoft.Bcl.AsyncInterfaces'.
TpTrace Information: 0 : 17248, 1, 2024/01/20, 10:00:53.622, 49475401987, vstest.console.dll, AssemblyResolver.OnResolve: Microsoft.Bcl.AsyncInterfaces: Resolving assembly.
TpTrace Information: 0 : 17248, 1, 2024/01/20, 10:00:53.622, 49475402492, vstest.console.dll, AssemblyResolver.OnResolve: Microsoft.Bcl.AsyncInterfaces: Resolved from cache.
TpTrace Verbose: 0 : 17248, 1, 2024/01/20, 10:00:53.622, 49475403024, vstest.console.dll, CurrentDomainAssemblyResolve: Resolving assembly 'Microsoft.Bcl.AsyncInterfaces'.
TpTrace Verbose: 0 : 17248, 1, 2024/01/20, 10:00:53.623, 49475403449, vstest.console.dll, CurrentDomainAssemblyResolve: Failed to resolve assembly 'Microsoft.Bcl.AsyncInterfaces'.
TpTrace Verbose: 0 : 17248, 1, 2024/01/20, 10:00:53.623, 49475405986, vstest.console.dll, CurrentDomainAssemblyResolve: Failed to resolve assembly 'Microsoft.Bcl.AsyncInterfaces'.
TpTrace Warning: 0 : 17248, 1, 2024/01/20, 10:00:53.623, 49475411891, vstest.console.dll, TestPluginDiscoverer: Failed to get types from assembly 'Microsoft.Diagnostics.NETCore.Client, Version=0.2.8.21101, Culture=neutral, PublicKeyToken=31bf3856ad364e35'. Error: System.Reflection.ReflectionTypeLoadException: Unable to load one or more of the requested types.
Could not load file or assembly 'Microsoft.Bcl.AsyncInterfaces, Version=1.0.0.0, Culture=neutral, PublicKeyToken=cc7b13ffcd2ddd51'. The system cannot find the file specified.
   at System.Reflection.RuntimeModule.GetTypes(RuntimeModule module)
   at System.Reflection.RuntimeModule.GetTypes()
   at Microsoft.VisualStudio.TestPlatform.Common.ExtensionFramework.TestPluginDiscoverer.GetTestExtensionsFromAssembly[TPluginInfo,TExtension](Assembly assembly, Dictionary`2 pluginInfos, String filePath) in /_/src/Microsoft.TestPlatform.Common/ExtensionFramework/TestPluginDiscoverer.cs:line 158
System.IO.FileNotFoundException: Could not load file or assembly 'Microsoft.Bcl.AsyncInterfaces, Version=1.0.0.0, Culture=neutral, PublicKeyToken=cc7b13ffcd2ddd51'. The system cannot find the file specified.
File name: 'Microsoft.Bcl.AsyncInterfaces, Version=1.0.0.0, Culture=neutral, PublicKeyToken=cc7b13ffcd2ddd51'
 ---> System.IO.FileNotFoundException: Could not load file or assembly 'Microsoft.Bcl.AsyncInterfaces, Culture=neutral, PublicKeyToken=null'. The system cannot find the file specified.
File name: 'Microsoft.Bcl.AsyncInterfaces, Culture=neutral, PublicKeyToken=null'
   at System.Reflection.RuntimeAssembly.InternalLoad(AssemblyName assemblyName, StackCrawlMark& stackMark, AssemblyLoadContext assemblyLoadContext, RuntimeAssembly requestingAssembly, Boolean throwOnFileNotFound)
   at System.Reflection.Assembly.Load(AssemblyName assemblyRef)
   at Microsoft.VisualStudio.TestPlatform.Common.ExtensionFramework.TestPluginCache.CurrentDomainAssemblyResolve(Object sender, AssemblyResolveEventArgs args) in /_/src/Microsoft.TestPlatform.Common/ExtensionFramework/TestPluginCache.cs:line 513
   at System.Runtime.Loader.AssemblyLoadContext.GetFirstResolvedAssemblyFromResolvingEvent(AssemblyName assemblyName)
   at System.Runtime.Loader.AssemblyLoadContext.ResolveUsingEvent(AssemblyName assemblyName)
   at System.Runtime.Loader.AssemblyLoadContext.ResolveUsingResolvingEvent(IntPtr gchManagedAssemblyLoadContext, AssemblyName assemblyName)
TpTrace Warning: 0 : 17248, 1, 2024/01/20, 10:00:53.624, 49475414831, vstest.console.dll, LoaderExceptions: System.IO.FileNotFoundException: Could not load file or assembly 'Microsoft.Bcl.AsyncInterfaces, Version=1.0.0.0, Culture=neutral, PublicKeyToken=cc7b13ffcd2ddd51'. The system cannot find the file specified.
File name: 'Microsoft.Bcl.AsyncInterfaces, Version=1.0.0.0, Culture=neutral, PublicKeyToken=cc7b13ffcd2ddd51'
 ---> System.IO.FileNotFoundException: Could not load file or assembly 'Microsoft.Bcl.AsyncInterfaces, Culture=neutral, PublicKeyToken=null'. The system cannot find the file specified.
File name: 'Microsoft.Bcl.AsyncInterfaces, Culture=neutral, PublicKeyToken=null'
   at System.Reflection.RuntimeAssembly.InternalLoad(AssemblyName assemblyName, StackCrawlMark& stackMark, AssemblyLoadContext assemblyLoadContext, RuntimeAssembly requestingAssembly, Boolean throwOnFileNotFound)
   at System.Reflection.Assembly.Load(AssemblyName assemblyRef)
   at Microsoft.VisualStudio.TestPlatform.Common.ExtensionFramework.TestPluginCache.CurrentDomainAssemblyResolve(Object sender, AssemblyResolveEventArgs args) in /_/src/Microsoft.TestPlatform.Common/ExtensionFramework/TestPluginCache.cs:line 513
   at System.Runtime.Loader.AssemblyLoadContext.GetFirstResolvedAssemblyFromResolvingEvent(AssemblyName assemblyName)
   at System.Runtime.Loader.AssemblyLoadContext.ResolveUsingEvent(AssemblyName assemblyName)
   at System.Runtime.Loader.AssemblyLoadContext.ResolveUsingResolvingEvent(IntPtr gchManagedAssemblyLoadContext, AssemblyName assemblyName)
TpTrace Verbose: 0 : 17248, 1, 2024/01/20, 10:00:53.624, 49475416183, vstest.console.dll, MetadataReaderExtensionsHelper: Discovering extensions inside assembly 'Microsoft.TestPlatform.Extensions.BlameDataCollector, Version=15.0.0.0, Culture=neutral, PublicKeyToken=b03f5f7f11d50a3a' file path 'C:\Program Files\dotnet\sdk\8.0.101\Extensions\Microsoft.TestPlatform.Extensions.BlameDataCollector.dll'
TpTrace Information: 0 : 17248, 1, 2024/01/20, 10:00:53.625, 49475423723, vstest.console.dll, GetTestExtensionFromType: Register extension with identifier data 'logger://Microsoft/TestPlatform/Extensions/Blame/v1' and type 'Microsoft.TestPlatform.Extensions.BlameDataCollector.BlameLogger, Microsoft.TestPlatform.Extensions.BlameDataCollector, Version=15.0.0.0, Culture=neutral, PublicKeyToken=b03f5f7f11d50a3a' inside file 'C:\Program Files\dotnet\sdk\8.0.101\Extensions\Microsoft.TestPlatform.Extensions.BlameDataCollector.dll'
TpTrace Verbose: 0 : 17248, 1, 2024/01/20, 10:00:53.625, 49475425002, vstest.console.dll, MetadataReaderExtensionsHelper: Discovering extensions inside assembly 'Microsoft.TestPlatform.Extensions.EventLogCollector, Version=15.0.0.0, Culture=neutral, PublicKeyToken=b03f5f7f11d50a3a' file path 'C:\Program Files\dotnet\sdk\8.0.101\Extensions\Microsoft.TestPlatform.Extensions.EventLogCollector.dll'
TpTrace Verbose: 0 : 17248, 1, 2024/01/20, 10:00:53.625, 49475429647, vstest.console.dll, MetadataReaderExtensionsHelper: Discovering extensions inside assembly 'Microsoft.TestPlatform.TestHostRuntimeProvider, Version=15.0.0.0, Culture=neutral, PublicKeyToken=b03f5f7f11d50a3a' file path 'C:\Program Files\dotnet\sdk\8.0.101\Extensions\Microsoft.TestPlatform.TestHostRuntimeProvider.dll'
TpTrace Verbose: 0 : 17248, 1, 2024/01/20, 10:00:53.626, 49475434530, vstest.console.dll, MetadataReaderExtensionsHelper: Discovering extensions inside assembly 'Microsoft.VisualStudio.TestPlatform.Extensions.Html.TestLogger, Version=15.0.0.0, Culture=neutral, PublicKeyToken=b03f5f7f11d50a3a' file path 'C:\Program Files\dotnet\sdk\8.0.101\Extensions\Microsoft.VisualStudio.TestPlatform.Extensions.Html.TestLogger.dll'
TpTrace Information: 0 : 17248, 1, 2024/01/20, 10:00:53.627, 49475443307, vstest.console.dll, GetTestExtensionFromType: Register extension with identifier data 'logger://Microsoft/TestPlatform/HtmlLogger/v1' and type 'Microsoft.VisualStudio.TestPlatform.Extensions.HtmlLogger.HtmlLogger, Microsoft.VisualStudio.TestPlatform.Extensions.Html.TestLogger, Version=15.0.0.0, Culture=neutral, PublicKeyToken=b03f5f7f11d50a3a' inside file 'C:\Program Files\dotnet\sdk\8.0.101\Extensions\Microsoft.VisualStudio.TestPlatform.Extensions.Html.TestLogger.dll'
TpTrace Verbose: 0 : 17248, 1, 2024/01/20, 10:00:53.627, 49475444713, vstest.console.dll, MetadataReaderExtensionsHelper: Discovering extensions inside assembly 'Microsoft.VisualStudio.TestPlatform.Extensions.Trx.TestLogger, Version=15.0.0.0, Culture=neutral, PublicKeyToken=b03f5f7f11d50a3a' file path 'C:\Program Files\dotnet\sdk\8.0.101\Extensions\Microsoft.VisualStudio.TestPlatform.Extensions.Trx.TestLogger.dll'
TpTrace Information: 0 : 17248, 1, 2024/01/20, 10:00:53.627, 49475450869, vstest.console.dll, GetTestExtensionFromType: Register extension with identifier data 'logger://Microsoft/TestPlatform/TrxLogger/v1' and type 'Microsoft.VisualStudio.TestPlatform.Extensions.TrxLogger.TrxLogger, Microsoft.VisualStudio.TestPlatform.Extensions.Trx.TestLogger, Version=15.0.0.0, Culture=neutral, PublicKeyToken=b03f5f7f11d50a3a' inside file 'C:\Program Files\dotnet\sdk\8.0.101\Extensions\Microsoft.VisualStudio.TestPlatform.Extensions.Trx.TestLogger.dll'
TpTrace Verbose: 0 : 17248, 1, 2024/01/20, 10:00:53.627, 49475452935, vstest.console.dll, TestPluginCache: Discovered the extensions using extension path ''.
TpTrace Verbose: 0 : 17248, 1, 2024/01/20, 10:00:53.628, 49475453614, vstest.console.dll, TestPluginCache: Discoverers are ''.
TpTrace Verbose: 0 : 17248, 1, 2024/01/20, 10:00:53.628, 49475454055, vstest.console.dll, TestPluginCache: Executors are ''.
TpTrace Verbose: 0 : 17248, 1, 2024/01/20, 10:00:53.628, 49475454460, vstest.console.dll, TestPluginCache: Executors2 are ''.
TpTrace Verbose: 0 : 17248, 1, 2024/01/20, 10:00:53.628, 49475454864, vstest.console.dll, TestPluginCache: Setting providers are ''.
TpTrace Verbose: 0 : 17248, 1, 2024/01/20, 10:00:53.628, 49475456061, vstest.console.dll, TestPluginCache: Loggers are 'logger://Microsoft/TestPlatform/Extensions/Blame/v1,logger://Microsoft/TestPlatform/HtmlLogger/v1,logger://Microsoft/TestPlatform/TrxLogger/v1'.
TpTrace Verbose: 0 : 17248, 1, 2024/01/20, 10:00:53.628, 49475456834, vstest.console.dll, TestPluginCache: TestHosts are 'HostProvider://DefaultTestHost,HostProvider://DotnetTestHost'.
TpTrace Verbose: 0 : 17248, 1, 2024/01/20, 10:00:53.628, 49475457409, vstest.console.dll, TestPluginCache: DataCollectors are ''.
TpTrace Information: 0 : 17248, 1, 2024/01/20, 10:00:53.629, 49475473145, vstest.console.dll, TestPluginManager.CreateTestExtension: Attempting to load test extension: Microsoft.TestPlatform.Extensions.BlameDataCollector.BlameLogger
TpTrace Verbose: 0 : 17248, 1, 2024/01/20, 10:00:53.647, 49475649578, vstest.console.dll, TestEngine: Initializing Parallel Execution as MaxCpuCount is set to: 1
TpTrace Information: 0 : 17248, 1, 2024/01/20, 10:00:53.650, 49475683170, vstest.console.dll, TestPluginManager.CreateTestExtension: Attempting to load test extension: Microsoft.VisualStudio.TestPlatform.CrossPlatEngine.Hosting.DefaultTestHostManager
TpTrace Information: 0 : 17248, 1, 2024/01/20, 10:00:53.652, 49475696292, vstest.console.dll, TestPluginManager.CreateTestExtension: Attempting to load test extension: Microsoft.VisualStudio.TestPlatform.CrossPlatEngine.Hosting.DotnetTestHostManager
TpTrace Information: 0 : 17248, 1, 2024/01/20, 10:00:53.653, 49475707702, vstest.console.dll, InferRunSettingsHelper.IsTestSettingsEnabled: Unable to navigate to RunSettings/MSTest. Current node: RunSettings
TpTrace Verbose: 0 : 17248, 1, 2024/01/20, 10:00:53.654, 49475720710, vstest.console.dll, ParallelOperationManager.ClearSlots: Clearing all slots. Slots should accept more work: True
TpTrace Verbose: 0 : 17248, 1, 2024/01/20, 10:00:53.656, 49475734188, vstest.console.dll, ParallelOperationManager.SetOccupiedSlotCount: Setting slot counts AvailableSlotCount = 1, OccupiedSlotCount = 0.
TpTrace Verbose: 0 : 17248, 1, 2024/01/20, 10:00:53.656, 49475741051, vstest.console.dll, Occupied slots:

TpTrace Verbose: 0 : 17248, 1, 2024/01/20, 10:00:53.663, 49475807880, vstest.console.dll, TestEngine.GetExecutionManager: Chosen execution manager 'Microsoft.VisualStudio.TestPlatform.CrossPlatEngine.Client.Parallel.ParallelProxyExecutionManager, Microsoft.TestPlatform.CrossPlatEngine, Version=15.0.0.0, Culture=neutral, PublicKeyToken=b03f5f7f11d50a3a' ParallelLevel '1'.
TpTrace Verbose: 0 : 17248, 1, 2024/01/20, 10:00:53.663, 49475810659, vstest.console.dll, TestRunRequest.ExecuteAsync: Creating test run request.
TpTrace Verbose: 0 : 17248, 1, 2024/01/20, 10:00:53.664, 49475814542, vstest.console.dll, TestRunRequest.ExecuteAsync: Starting.
TpTrace Information: 0 : 17248, 1, 2024/01/20, 10:00:53.666, 49475839114, vstest.console.dll, TestRunRequest.ExecuteAsync: Starting run with settings:TestRunCriteria:
   KeepAlive=False,FrequencyOfRunStatsChangeEvent=10,RunStatsChangeEventTimeout=00:00:01.5000000,TestCaseFilter=,TestExecutorLauncher=
   Settingsxml=<RunSettings>
  <RunConfiguration>
    <ResultsDirectory>C:\pryazha\labs\course_2\semester_1\oop\lab_10\Tests\ProgramTests\bin\Debug\net7.0\fine-code-coverage\coverage-tool-output</ResultsDirectory>
    <TargetPlatform>X64</TargetPlatform>
    <TargetFrameworkVersion>.NETCoreApp,Version=v7.0</TargetFrameworkVersion>
    <DesignMode>False</DesignMode>
    <CollectSourceInformation>False</CollectSourceInformation>
  </RunConfiguration>
  <LoggerRunSettings>
    <Loggers>
      <Logger friendlyName="blame" enabled="True" />
      <Logger friendlyName="Console" uri="logger://microsoft/TestPlatform/ConsoleLogger/v1" assemblyQualifiedName="Microsoft.VisualStudio.TestPlatform.CommandLine.Internal.ConsoleLogger, vstest.console, Version=15.0.0.0, Culture=neutral, PublicKeyToken=b03f5f7f11d50a3a" codeBase="C:\Program Files\dotnet\sdk\8.0.101\vstest.console.dll" enabled="True" />
    </Loggers>
  </LoggerRunSettings>
  <DataCollectionRunSettings>
    <DataCollectors>
      <DataCollector friendlyName="blame" enabled="True">
        <Configuration>
          <ResultsDirectory>C:\pryazha\labs\course_2\semester_1\oop\lab_10\Tests\ProgramTests\bin\Debug\net7.0\fine-code-coverage\coverage-tool-output</ResultsDirectory>
        </Configuration>
      </DataCollector>
    </DataCollectors>
  </DataCollectionRunSettings>
</RunSettings>

TpTrace Verbose: 0 : 17248, 1, 2024/01/20, 10:00:53.666, 49475840680, vstest.console.dll, TestRunRequest.ExecuteAsync: Wait for the first run request is over.
TpTrace Verbose: 0 : 17248, 1, 2024/01/20, 10:00:53.669, 49475872319, vstest.console.dll, MulticastDelegateUtilities.SafeInvoke: TestRun.TestRunStart: Invoking callbacks was skipped because there are no subscribers.
TpTrace Verbose: 0 : 17248, 4, 2024/01/20, 10:00:53.670, 49475875562, vstest.console.dll, MulticastDelegateUtilities.SafeInvoke: InternalTestLoggerEvents.SendTestRunStart: Invoking callback 1/1 for Microsoft.VisualStudio.TestPlatform.CommandLine.Internal.ConsoleLogger., took 0 ms.
TpTrace Verbose: 0 : 17248, 1, 2024/01/20, 10:00:53.671, 49475893272, vstest.console.dll, ParallelProxyExecutionManager: Start execution. Total sources: 1
TpTrace Verbose: 0 : 17248, 1, 2024/01/20, 10:00:53.672, 49475900352, vstest.console.dll, ParallelOperationManager.StartWork: Starting adding 1 workloads.
TpTrace Verbose: 0 : 17248, 1, 2024/01/20, 10:00:53.672, 49475902133, vstest.console.dll, ParallelOperationManager.ClearSlots: Clearing all slots. Slots should accept more work: True
TpTrace Verbose: 0 : 17248, 1, 2024/01/20, 10:00:53.673, 49475903484, vstest.console.dll, ParallelOperationManager.SetOccupiedSlotCount: Setting slot counts AvailableSlotCount = 1, OccupiedSlotCount = 0.
TpTrace Verbose: 0 : 17248, 1, 2024/01/20, 10:00:53.673, 49475904141, vstest.console.dll, Occupied slots:

TpTrace Verbose: 0 : 17248, 1, 2024/01/20, 10:00:53.675, 49475929160, vstest.console.dll, TestRequestSender is acting as server.
TpTrace Verbose: 0 : 17248, 1, 2024/01/20, 10:00:53.677, 49475953164, vstest.console.dll, ParallelOperationManager.RunWorkInParallel: Adding 1 workload to slot, remaining workloads 0.
TpTrace Verbose: 0 : 17248, 1, 2024/01/20, 10:00:53.678, 49475954904, vstest.console.dll, ParallelOperationManager.SetOccupiedSlotCount: Setting slot counts AvailableSlotCount = 0, OccupiedSlotCount = 1.
TpTrace Verbose: 0 : 17248, 1, 2024/01/20, 10:00:53.678, 49475957108, vstest.console.dll, Occupied slots:
0: C:\pryazha\labs\course_2\semester_1\oop\lab_10\Tests\ProgramTests\bin\Debug\net7.0\fine-code-coverage\build-output\ProgramTests.dll
TpTrace Verbose: 0 : 17248, 1, 2024/01/20, 10:00:53.680, 49475977625, vstest.console.dll, ParallelOperationManager.RunWorkInParallel: Started host in slot number 0 for work (source): C:\pryazha\labs\course_2\semester_1\oop\lab_10\Tests\ProgramTests\bin\Debug\net7.0\fine-code-coverage\build-output\ProgramTests.dll.
TpTrace Verbose: 0 : 17248, 1, 2024/01/20, 10:00:53.682, 49475998648, vstest.console.dll, ParallelOperationManager.RunWorkInParallel: We started 1 work items, which is the max parallel level. Won't start more work.
TpTrace Verbose: 0 : 17248, 5, 2024/01/20, 10:00:53.682, 49475999611, vstest.console.dll, ParallelProxyExecutionManager.StartTestRunOnConcurrentManager: Initializing uninitialized client. Started clients: 0
TpTrace Verbose: 0 : 17248, 1, 2024/01/20, 10:00:53.682, 49476000280, vstest.console.dll, ParallelOperationManager.RunWorkInParallel: We started 1 work items in here, returning True.
TpTrace Information: 0 : 17248, 1, 2024/01/20, 10:00:53.682, 49476002432, vstest.console.dll, TestRunRequest.ExecuteAsync: Started.
TpTrace Verbose: 0 : 17248, 5, 2024/01/20, 10:00:53.683, 49476004755, vstest.console.dll, DataCollectionRequestSender.InitializeCommunication : Initialize communication. 
TpTrace Verbose: 0 : 17248, 1, 2024/01/20, 10:00:53.684, 49476014059, vstest.console.dll, TestRunRequest.WaitForCompletion: Waiting with timeout -1.
TpTrace Information: 0 : 17248, 5, 2024/01/20, 10:00:53.695, 49476127691, vstest.console.dll, Listening on Endpoint : 127.0.0.1:51580
TpTrace Verbose: 0 : 17248, 5, 2024/01/20, 10:00:53.706, 49476236174, vstest.console.dll, DotnetDataCollectionLauncher: Adding  --runtimeconfig "C:\Program Files\dotnet\sdk\8.0.101\datacollector.runtimeconfig.json" in args
TpTrace Verbose: 0 : 17248, 5, 2024/01/20, 10:00:53.706, 49476241834, vstest.console.dll, DotnetDataCollectionLauncher: Adding  --depsfile "C:\Program Files\dotnet\sdk\8.0.101\datacollector.deps.json" in args
TpTrace Verbose: 0 : 17248, 5, 2024/01/20, 10:00:53.707, 49476245203, vstest.console.dll, DotnetDataCollectionLauncher: Full path of dotnet.exe is C:\Program Files\dotnet\dotnet.exe
TpTrace Information: 0 : 17248, 5, 2024/01/20, 10:00:53.723, 49476412716, vstest.console.dll, ProxyDataCollectionManager.Initialize: Launched datacollector processId: 24464 port: 51580
TpTrace Information: 0 : 17248, 5, 2024/01/20, 10:00:53.724, 49476415035, vstest.console.dll, ProxyDataCollectionManager.Initialize: waiting for connection with timeout: 90 seconds
TpTrace Verbose: 0 : 17248, 5, 2024/01/20, 10:00:53.724, 49476415811, vstest.console.dll, DataCollectionRequestSender.WaitForRequestHandlerConnection : Waiting for connection with timeout: 90000
TpTrace Information: 0 : 17248, 10, 2024/01/20, 10:00:53.948, 49478660364, vstest.console.dll, Using the buffer size of 16384 bytes
TpTrace Information: 0 : 17248, 10, 2024/01/20, 10:00:53.948, 49478662315, vstest.console.dll, Accepted Client request and set the flag
TpTrace Verbose: 0 : 17248, 5, 2024/01/20, 10:00:53.948, 49478660846, vstest.console.dll, SocketCommunicationManager.WaitForClientConnection took: 224 ms, with 90000 ms timeout, and finished with True.
TpTrace Verbose: 0 : 17248, 5, 2024/01/20, 10:00:53.949, 49478664965, vstest.console.dll, ProxyDataCollectionManager.InvokeDataCollectionServiceAction: Starting.
TpTrace Information: 0 : 17248, 5, 2024/01/20, 10:00:53.949, 49478666307, vstest.console.dll, ProxyDataCollectionManager.BeforeTestRunStart: Get environment variable and port for datacollector processId: 24464 port: 51580
TpTrace Verbose: 0 : 17248, 5, 2024/01/20, 10:00:53.949, 49478668176, vstest.console.dll, DataCollectionRequestSender.SendBeforeTestRunStartAndGetResult: Send BeforeTestRunStart message with settingsXml <RunSettings><RunConfiguration><ResultsDirectory>C:\pryazha\labs\course_2\semester_1\oop\lab_10\Tests\ProgramTests\bin\Debug\net7.0\fine-code-coverage\coverage-tool-output</ResultsDirectory><TargetPlatform>X64</TargetPlatform><TargetFrameworkVersion>.NETCoreApp,Version=v7.0</TargetFrameworkVersion><DesignMode>False</DesignMode><CollectSourceInformation>False</CollectSourceInformation><TestAdaptersPaths>C:\Program Files\dotnet\sdk\8.0.101\Extensions</TestAdaptersPaths></RunConfiguration><LoggerRunSettings><Loggers><Logger friendlyName="blame" enabled="True" /><Logger friendlyName="Console" uri="logger://microsoft/TestPlatform/ConsoleLogger/v1" assemblyQualifiedName="Microsoft.VisualStudio.TestPlatform.CommandLine.Internal.ConsoleLogger, vstest.console, Version=15.0.0.0, Culture=neutral, PublicKeyToken=b03f5f7f11d50a3a" codeBase="C:\Program Files\dotnet\sdk\8.0.101\vstest.console.dll" enabled="True" /></Loggers></LoggerRunSettings><DataCollectionRunSettings><DataCollectors><DataCollector friendlyName="blame" enabled="True"><Configuration><ResultsDirectory>C:\pryazha\labs\course_2\semester_1\oop\lab_10\Tests\ProgramTests\bin\Debug\net7.0\fine-code-coverage\coverage-tool-output</ResultsDirectory></Configuration></DataCollector></DataCollectors></DataCollectionRunSettings></RunSettings> and sources System.Collections.Generic.List`1[System.String]: 
TpTrace Verbose: 0 : 17248, 5, 2024/01/20, 10:00:54.044, 49479621843, vstest.console.dll, DataCollectionRequestSender.SendBeforeTestRunStartAndGetResult: Received message: (DataCollection.SendMessage) -> {"MessageType":"DataCollection.SendMessage","Payload":{"FriendlyName":null,"Uri":null,"TestCaseId":"00000000-0000-0000-0000-000000000000","Message":"Logging DataCollector Diagnostics in file: C:\\pryazha\\labs\\course_2\\semester_1\\oop\\lab_10\\Tests\\ProgramTests\\bin\\Debug\\net7.0\\fine-code-coverage\\coverage-tool-output\\diagnostics.datacollector.24-01-20_10-00-53_70522_5.log","Level":0}}
TpTrace Verbose: 0 : 17248, 5, 2024/01/20, 10:00:54.222, 49481397615, vstest.console.dll, DataCollectionRequestSender.SendBeforeTestRunStartAndGetResult: Received message: (DataCollection.BeforeTestRunStartResult) -> {"MessageType":"DataCollection.BeforeTestRunStartResult","Payload":{"EnvironmentVariables":{},"DataCollectionEventsPort":51582}}
TpTrace Information: 0 : 17248, 5, 2024/01/20, 10:00:54.231, 49481489331, vstest.console.dll, ProxyDataCollectionManager.BeforeTestRunStart: SendBeforeTestRunStartAndGetResult successful, env variable from datacollector:   and testhost port: 51582
TpTrace Information: 0 : 17248, 5, 2024/01/20, 10:00:54.231, 49481491289, vstest.console.dll, ProxyDataCollectionManager.InvokeDataCollectionServiceAction: Completed.
TpTrace Verbose: 0 : 17248, 5, 2024/01/20, 10:00:54.231, 49481492040, vstest.console.dll, ParallelProxyExecutionManager.StartTestRunOnConcurrentManager: Initializing test run. Started clients: 0
TpTrace Verbose: 0 : 17248, 5, 2024/01/20, 10:00:54.232, 49481493613, vstest.console.dll, ProxyExecutionManager: Test host is always Lazy initialize.
TpTrace Verbose: 0 : 17248, 5, 2024/01/20, 10:00:54.232, 49481497304, vstest.console.dll, TestRequestSender.InitializeCommunication: initialize communication. 
TpTrace Information: 0 : 17248, 5, 2024/01/20, 10:00:54.233, 49481504984, vstest.console.dll, SocketServer.Start: Listening on endpoint : 127.0.0.1:51583
TpTrace Verbose: 0 : 17248, 5, 2024/01/20, 10:00:54.234, 49481519840, vstest.console.dll, DotnetTestHostmanager.GetTestHostProcessStartInfo: Platform environment 'X64' target architecture 'X64' framework '.NETCoreApp,Version=v7.0' OS 'Windows'
TpTrace Verbose: 0 : 17248, 5, 2024/01/20, 10:00:54.235, 49481524586, vstest.console.dll, DotnetTestHostmanager: Adding  --runtimeconfig "C:\pryazha\labs\course_2\semester_1\oop\lab_10\Tests\ProgramTests\bin\Debug\net7.0\fine-code-coverage\build-output\ProgramTests.runtimeconfig.json" in args
TpTrace Verbose: 0 : 17248, 5, 2024/01/20, 10:00:54.235, 49481527193, vstest.console.dll, DotnetTestHostmanager: Adding  --depsfile "C:\pryazha\labs\course_2\semester_1\oop\lab_10\Tests\ProgramTests\bin\Debug\net7.0\fine-code-coverage\build-output\ProgramTests.deps.json" in args
TpTrace Verbose: 0 : 17248, 5, 2024/01/20, 10:00:54.236, 49481533345, vstest.console.dll, DotnetTestHostmanager.IsWinOnArm: Current PROCESSOR_ARCHITECTURE from environment variable 'AMD64'
TpTrace Verbose: 0 : 17248, 5, 2024/01/20, 10:00:54.236, 49481534786, vstest.console.dll, DotnetTestHostmanager.IsWinOnArm: Is Windows on ARM 'False'
TpTrace Verbose: 0 : 17248, 5, 2024/01/20, 10:00:54.236, 49481536915, vstest.console.dll, DotnetTestHostManager: testhost.exe found at path: C:\pryazha\labs\course_2\semester_1\oop\lab_10\Tests\ProgramTests\bin\Debug\net7.0\fine-code-coverage\build-output\testhost.exe
TpTrace Verbose: 0 : 17248, 5, 2024/01/20, 10:00:54.236, 49481537719, vstest.console.dll, DotnetTestHostmanager: Full path of host exe is C:\pryazha\labs\course_2\semester_1\oop\lab_10\Tests\ProgramTests\bin\Debug\net7.0\fine-code-coverage\build-output\testhost.exe
TpTrace Verbose: 0 : 17248, 5, 2024/01/20, 10:00:54.236, 49481540264, vstest.console.dll, DotnetTestHostmanager.LaunchTestHostAsync: Found 'VSTEST_WINAPPHOST_DOTNET_ROOT' in env variables, value 'C:\Program Files\dotnet', forwarding to 'DOTNET_ROOT'
TpTrace Verbose: 0 : 17248, 5, 2024/01/20, 10:00:54.236, 49481542910, vstest.console.dll, DotnetTestHostManager: Starting process 'C:\pryazha\labs\course_2\semester_1\oop\lab_10\Tests\ProgramTests\bin\Debug\net7.0\fine-code-coverage\build-output\testhost.exe' with command line ' --runtimeconfig "C:\pryazha\labs\course_2\semester_1\oop\lab_10\Tests\ProgramTests\bin\Debug\net7.0\fine-code-coverage\build-output\ProgramTests.runtimeconfig.json" --depsfile "C:\pryazha\labs\course_2\semester_1\oop\lab_10\Tests\ProgramTests\bin\Debug\net7.0\fine-code-coverage\build-output\ProgramTests.deps.json" --port 51583 --endpoint 127.0.0.1:051583 --role client --parentprocessid 17248 --diag "C:\pryazha\labs\course_2\semester_1\oop\lab_10\Tests\ProgramTests\bin\Debug\net7.0\fine-code-coverage\coverage-tool-output\diagnostics.host.24-01-20_10-00-54_23398_5.log" --tracelevel 4 --datacollectionport 51582 --telemetryoptedin false'
TpTrace Verbose: 0 : 17248, 5, 2024/01/20, 10:00:54.251, 49481686010, vstest.console.dll, MulticastDelegateUtilities.SafeInvoke: HostProviderEvents.OnHostLaunched: Invoking callback 1/2 for Microsoft.VisualStudio.TestPlatform.CrossPlatEngine.Client.ProxyExecutionManagerWithDataCollection., took 1 ms.
TpTrace Verbose: 0 : 17248, 5, 2024/01/20, 10:00:54.251, 49481691982, vstest.console.dll, Test Runtime launched
TpTrace Verbose: 0 : 17248, 5, 2024/01/20, 10:00:54.252, 49481693558, vstest.console.dll, MulticastDelegateUtilities.SafeInvoke: HostProviderEvents.OnHostLaunched: Invoking callback 2/2 for Microsoft.VisualStudio.TestPlatform.CrossPlatEngine.Client.ProxyOperationManager., took 0 ms.
TpTrace Verbose: 0 : 17248, 5, 2024/01/20, 10:00:54.252, 49481695752, vstest.console.dll, TestRequestSender.WaitForRequestHandlerConnection: waiting for connection with timeout: 90000.
TpTrace Verbose: 0 : 17248, 11, 2024/01/20, 10:00:54.587, 49485047288, vstest.console.dll, MulticastDelegateUtilities.SafeInvoke: SocketServer: ClientConnected: Invoking callback 1/1 for Microsoft.VisualStudio.TestPlatform.CommunicationUtilities.TestRequestSender., took 0 ms.
TpTrace Verbose: 0 : 17248, 5, 2024/01/20, 10:00:54.587, 49485047239, vstest.console.dll, TestRequestSender.WaitForRequestHandlerConnection: waiting took 335 ms, with timeout 90000 ms, and result 0, which is success.
TpTrace Verbose: 0 : 17248, 11, 2024/01/20, 10:00:54.587, 49485049504, vstest.console.dll, SocketServer.OnClientConnected: Client connected for endPoint: 127.0.0.1:51583, starting MessageLoopAsync:
TpTrace Verbose: 0 : 17248, 11, 2024/01/20, 10:00:54.588, 49485062474, vstest.console.dll, TcpClientExtensions.MessageLoopAsync: Polling on remoteEndPoint: 127.0.0.1:51584 localEndPoint: 127.0.0.1:51583
TpTrace Verbose: 0 : 17248, 5, 2024/01/20, 10:00:54.589, 49485070498, vstest.console.dll, TestRequestSender.CheckVersionWithTestHost: Sending check version message: {"MessageType":"ProtocolVersion","Payload":7}
TpTrace Verbose: 0 : 17248, 11, 2024/01/20, 10:00:54.840, 49487583149, vstest.console.dll, TcpClientExtensions.MessageLoopAsync: NotifyDataAvailable remoteEndPoint: 127.0.0.1:51584 localEndPoint: 127.0.0.1:51583
TpTrace Verbose: 0 : 17248, 11, 2024/01/20, 10:00:54.841, 49487588568, vstest.console.dll, TestRequestSender.CheckVersionWithTestHost: onMessageReceived received message: (ProtocolVersion) -> {"MessageType":"ProtocolVersion","Payload":7}
TpTrace Verbose: 0 : 17248, 11, 2024/01/20, 10:00:54.842, 49487599996, vstest.console.dll, MulticastDelegateUtilities.SafeInvoke: LengthPrefixCommunicationChannel: MessageReceived: Invoking callback 1/1 for Microsoft.VisualStudio.TestPlatform.CommunicationUtilities.TestRequestSender+<>c__DisplayClass29_0., took 1 ms.
TpTrace Verbose: 0 : 17248, 5, 2024/01/20, 10:00:54.842, 49487601292, vstest.console.dll, TestPluginCache.GetExtensionPaths: Filtered extension paths: 
TpTrace Verbose: 0 : 17248, 11, 2024/01/20, 10:00:54.842, 49487601998, vstest.console.dll, TcpClientExtensions.MessageLoopAsync: Polling on remoteEndPoint: 127.0.0.1:51584 localEndPoint: 127.0.0.1:51583
TpTrace Verbose: 0 : 17248, 5, 2024/01/20, 10:00:54.842, 49487602848, vstest.console.dll, TestPluginCache.GetExtensionPaths: Added default extension paths: C:\Program Files\dotnet\sdk\8.0.101\Extensions\Microsoft.Diagnostics.NETCore.Client.dll
C:\Program Files\dotnet\sdk\8.0.101\Extensions\Microsoft.TestPlatform.Extensions.BlameDataCollector.dll
C:\Program Files\dotnet\sdk\8.0.101\Extensions\Microsoft.TestPlatform.Extensions.EventLogCollector.dll
C:\Program Files\dotnet\sdk\8.0.101\Extensions\Microsoft.TestPlatform.TestHostRuntimeProvider.dll
C:\Program Files\dotnet\sdk\8.0.101\Extensions\Microsoft.VisualStudio.TestPlatform.Extensions.Html.TestLogger.dll
C:\Program Files\dotnet\sdk\8.0.101\Extensions\Microsoft.VisualStudio.TestPlatform.Extensions.Trx.TestLogger.dll
TpTrace Verbose: 0 : 17248, 5, 2024/01/20, 10:00:54.843, 49487604060, vstest.console.dll, TestPluginCache.GetExtensionPaths: Added unfilterableExtensionPaths: 
TpTrace Verbose: 0 : 17248, 5, 2024/01/20, 10:00:54.848, 49487663123, vstest.console.dll, TestRequestSender.InitializeExecution: Sending initialize execution with message: {"Version":7,"MessageType":"TestExecution.Initialize","Payload":["C:\\pryazha\\labs\\course_2\\semester_1\\oop\\lab_10\\Tests\\ProgramTests\\bin\\Debug\\net7.0\\fine-code-coverage\\build-output\\xunit.runner.visualstudio.dotnetcore.testadapter.dll"]}
TpTrace Verbose: 0 : 17248, 5, 2024/01/20, 10:00:54.849, 49487666361, vstest.console.dll, ParallelProxyExecutionManager.StartTestRunOnConcurrentManager: Execution starting. Started clients: 1
TpTrace Verbose: 0 : 17248, 5, 2024/01/20, 10:00:54.849, 49487671223, vstest.console.dll, TestRunRequest:SendTestRunMessage: Starting.
TpTrace Verbose: 0 : 17248, 5, 2024/01/20, 10:00:54.850, 49487674061, vstest.console.dll, MulticastDelegateUtilities.SafeInvoke: TestRun.LogMessages: Invoking callback 1/1 for Microsoft.VisualStudio.TestPlatform.CommandLine.TestRunResultAggregator., took 0 ms.
TpTrace Information: 0 : 17248, 5, 2024/01/20, 10:00:54.850, 49487674832, vstest.console.dll, TestRunRequest:SendTestRunMessage: Completed.
TpTrace Verbose: 0 : 17248, 4, 2024/01/20, 10:00:54.850, 49487679500, vstest.console.dll, MulticastDelegateUtilities.SafeInvoke: InternalTestLoggerEvents.SendTestRunMessage: Invoking callback 1/1 for Microsoft.VisualStudio.TestPlatform.CommandLine.Internal.ConsoleLogger., took 0 ms.
TpTrace Warning: 0 : 17248, 5, 2024/01/20, 10:00:54.850, 49487682361, vstest.console.dll, InferRunSettingsHelper.MakeRunsettingsCompatible: Removing the following settings: TargetPlatform from RunSettings file. To use those settings please move to latest version of Microsoft.NET.Test.Sdk
TpTrace Verbose: 0 : 17248, 5, 2024/01/20, 10:00:54.866, 49487835443, vstest.console.dll, TestRequestSender.StartTestRun: Sending test run with message: {"Version":7,"MessageType":"TestExecution.StartWithSources","Payload":{"AdapterSourceMap":{"_none_":["C:\\pryazha\\labs\\course_2\\semester_1\\oop\\lab_10\\Tests\\ProgramTests\\bin\\Debug\\net7.0\\fine-code-coverage\\build-output\\ProgramTests.dll"]},"RunSettings":"<RunSettings>\r\n  <RunConfiguration>\r\n    <ResultsDirectory>C:\\pryazha\\labs\\course_2\\semester_1\\oop\\lab_10\\Tests\\ProgramTests\\bin\\Debug\\net7.0\\fine-code-coverage\\coverage-tool-output</ResultsDirectory>\r\n    <TargetFrameworkVersion>.NETCoreApp,Version=v7.0</TargetFrameworkVersion>\r\n    <DesignMode>False</DesignMode>\r\n    <CollectSourceInformation>False</CollectSourceInformation>\r\n  </RunConfiguration>\r\n  <LoggerRunSettings>\r\n    <Loggers>\r\n      <Logger friendlyName=\"blame\" enabled=\"True\" />\r\n      <Logger friendlyName=\"Console\" uri=\"logger://microsoft/TestPlatform/ConsoleLogger/v1\" assemblyQualifiedName=\"Microsoft.VisualStudio.TestPlatform.CommandLine.Internal.ConsoleLogger, vstest.console, Version=15.0.0.0, Culture=neutral, PublicKeyToken=b03f5f7f11d50a3a\" codeBase=\"C:\\Program Files\\dotnet\\sdk\\8.0.101\\vstest.console.dll\" enabled=\"True\" />\r\n    </Loggers>\r\n  </LoggerRunSettings>\r\n  <DataCollectionRunSettings>\r\n    <DataCollectors>\r\n      <DataCollector friendlyName=\"blame\" enabled=\"True\">\r\n        <Configuration>\r\n          <ResultsDirectory>C:\\pryazha\\labs\\course_2\\semester_1\\oop\\lab_10\\Tests\\ProgramTests\\bin\\Debug\\net7.0\\fine-code-coverage\\coverage-tool-output</ResultsDirectory>\r\n        </Configuration>\r\n      </DataCollector>\r\n    </DataCollectors>\r\n  </DataCollectionRunSettings>\r\n</RunSettings>","TestExecutionContext":{"FrequencyOfRunStatsChangeEvent":10,"RunStatsChangeEventTimeout":"00:00:01.5000000","InIsolation":false,"KeepAlive":false,"AreTestCaseLevelEventsRequired":false,"IsDebug":false,"TestCaseFilter":null,"FilterOptions":null},"Package":null}}
TpTrace Verbose: 0 : 17248, 5, 2024/01/20, 10:00:54.866, 49487838231, vstest.console.dll, ParallelProxyExecutionManager.StartTestRunOnConcurrentManager: Execution started. Started clients: 1
TpTrace Verbose: 0 : 17248, 11, 2024/01/20, 10:00:54.866, 49487841320, vstest.console.dll, TcpClientExtensions.MessageLoopAsync: NotifyDataAvailable remoteEndPoint: 127.0.0.1:51584 localEndPoint: 127.0.0.1:51583
TpTrace Verbose: 0 : 17248, 11, 2024/01/20, 10:00:54.867, 49487848370, vstest.console.dll, TestRequestSender.OnExecutionMessageReceived: Received message: {"Version":7,"MessageType":"TestSession.Message","Payload":{"MessageLevel":0,"Message":"Logging TestHost Diagnostics in file: C:\\pryazha\\labs\\course_2\\semester_1\\oop\\lab_10\\Tests\\ProgramTests\\bin\\Debug\\net7.0\\fine-code-coverage\\coverage-tool-output\\diagnostics.host.24-01-20_10-00-54_23398_5.log"}}
TpTrace Verbose: 0 : 17248, 11, 2024/01/20, 10:00:54.878, 49487956231, vstest.console.dll, TestRunRequest:SendTestRunMessage: Starting.
TpTrace Verbose: 0 : 17248, 11, 2024/01/20, 10:00:54.878, 49487959120, vstest.console.dll, MulticastDelegateUtilities.SafeInvoke: TestRun.LogMessages: Invoking callback 1/1 for Microsoft.VisualStudio.TestPlatform.CommandLine.TestRunResultAggregator., took 0 ms.
TpTrace Verbose: 0 : 17248, 4, 2024/01/20, 10:00:54.878, 49487959367, vstest.console.dll, MulticastDelegateUtilities.SafeInvoke: InternalTestLoggerEvents.SendTestRunMessage: Invoking callback 1/1 for Microsoft.VisualStudio.TestPlatform.CommandLine.Internal.ConsoleLogger., took 0 ms.
TpTrace Information: 0 : 17248, 11, 2024/01/20, 10:00:54.878, 49487961094, vstest.console.dll, TestRunRequest:SendTestRunMessage: Completed.
TpTrace Verbose: 0 : 17248, 11, 2024/01/20, 10:00:54.878, 49487962313, vstest.console.dll, MulticastDelegateUtilities.SafeInvoke: LengthPrefixCommunicationChannel: MessageReceived: Invoking callback 1/1 for Microsoft.VisualStudio.TestPlatform.CommunicationUtilities.TestRequestSender+<>c__DisplayClass34_0., took 11 ms.
TpTrace Verbose: 0 : 17248, 11, 2024/01/20, 10:00:54.878, 49487962932, vstest.console.dll, TcpClientExtensions.MessageLoopAsync: Polling on remoteEndPoint: 127.0.0.1:51584 localEndPoint: 127.0.0.1:51583
TpTrace Verbose: 0 : 17248, 11, 2024/01/20, 10:00:55.211, 49491285717, vstest.console.dll, TcpClientExtensions.MessageLoopAsync: NotifyDataAvailable remoteEndPoint: 127.0.0.1:51584 localEndPoint: 127.0.0.1:51583
TpTrace Verbose: 0 : 17248, 11, 2024/01/20, 10:00:55.211, 49491288219, vstest.console.dll, TestRequestSender.OnExecutionMessageReceived: Received message: {"Version":7,"MessageType":"TestSession.Message","Payload":{"MessageLevel":0,"Message":"[xUnit.net 00:00:00.00] xUnit.net VSTest Adapter v2.4.5+1caef2f33e (64-bit .NET 7.0.15)"}}
TpTrace Verbose: 0 : 17248, 11, 2024/01/20, 10:00:55.211, 49491291181, vstest.console.dll, TestRunRequest:SendTestRunMessage: Starting.
TpTrace Verbose: 0 : 17248, 11, 2024/01/20, 10:00:55.211, 49491292192, vstest.console.dll, MulticastDelegateUtilities.SafeInvoke: TestRun.LogMessages: Invoking callback 1/1 for Microsoft.VisualStudio.TestPlatform.CommandLine.TestRunResultAggregator., took 0 ms.
TpTrace Verbose: 0 : 17248, 4, 2024/01/20, 10:00:55.211, 49491292606, vstest.console.dll, MulticastDelegateUtilities.SafeInvoke: InternalTestLoggerEvents.SendTestRunMessage: Invoking callback 1/1 for Microsoft.VisualStudio.TestPlatform.CommandLine.Internal.ConsoleLogger., took 0 ms.
TpTrace Information: 0 : 17248, 11, 2024/01/20, 10:00:55.211, 49491292733, vstest.console.dll, TestRunRequest:SendTestRunMessage: Completed.
TpTrace Verbose: 0 : 17248, 11, 2024/01/20, 10:00:55.212, 49491294829, vstest.console.dll, MulticastDelegateUtilities.SafeInvoke: LengthPrefixCommunicationChannel: MessageReceived: Invoking callback 1/1 for Microsoft.VisualStudio.TestPlatform.CommunicationUtilities.TestRequestSender+<>c__DisplayClass34_0., took 0 ms.
TpTrace Verbose: 0 : 17248, 11, 2024/01/20, 10:00:55.212, 49491295501, vstest.console.dll, TcpClientExtensions.MessageLoopAsync: Polling on remoteEndPoint: 127.0.0.1:51584 localEndPoint: 127.0.0.1:51583
TpTrace Verbose: 0 : 17248, 11, 2024/01/20, 10:00:56.223, 49501406422, vstest.console.dll, TcpClientExtensions.MessageLoopAsync: NotifyDataAvailable remoteEndPoint: 127.0.0.1:51584 localEndPoint: 127.0.0.1:51583
TpTrace Verbose: 0 : 17248, 11, 2024/01/20, 10:00:56.223, 49501409190, vstest.console.dll, TestRequestSender.OnExecutionMessageReceived: Received message: {"Version":7,"MessageType":"TestSession.Message","Payload":{"MessageLevel":0,"Message":"[xUnit.net 00:00:01.01]   Discovering: ProgramTests"}}
TpTrace Verbose: 0 : 17248, 11, 2024/01/20, 10:00:56.223, 49501411077, vstest.console.dll, TestRunRequest:SendTestRunMessage: Starting.
TpTrace Verbose: 0 : 17248, 11, 2024/01/20, 10:00:56.223, 49501412048, vstest.console.dll, MulticastDelegateUtilities.SafeInvoke: TestRun.LogMessages: Invoking callback 1/1 for Microsoft.VisualStudio.TestPlatform.CommandLine.TestRunResultAggregator., took 0 ms.
TpTrace Information: 0 : 17248, 11, 2024/01/20, 10:00:56.223, 49501412673, vstest.console.dll, TestRunRequest:SendTestRunMessage: Completed.
TpTrace Verbose: 0 : 17248, 4, 2024/01/20, 10:00:56.223, 49501412635, vstest.console.dll, MulticastDelegateUtilities.SafeInvoke: InternalTestLoggerEvents.SendTestRunMessage: Invoking callback 1/1 for Microsoft.VisualStudio.TestPlatform.CommandLine.Internal.ConsoleLogger., took 0 ms.
TpTrace Verbose: 0 : 17248, 11, 2024/01/20, 10:00:56.223, 49501413216, vstest.console.dll, MulticastDelegateUtilities.SafeInvoke: LengthPrefixCommunicationChannel: MessageReceived: Invoking callback 1/1 for Microsoft.VisualStudio.TestPlatform.CommunicationUtilities.TestRequestSender+<>c__DisplayClass34_0., took 0 ms.
TpTrace Verbose: 0 : 17248, 11, 2024/01/20, 10:00:56.224, 49501415300, vstest.console.dll, TcpClientExtensions.MessageLoopAsync: Polling on remoteEndPoint: 127.0.0.1:51584 localEndPoint: 127.0.0.1:51583
TpTrace Verbose: 0 : 17248, 11, 2024/01/20, 10:00:56.285, 49502026659, vstest.console.dll, TcpClientExtensions.MessageLoopAsync: NotifyDataAvailable remoteEndPoint: 127.0.0.1:51584 localEndPoint: 127.0.0.1:51583
TpTrace Verbose: 0 : 17248, 11, 2024/01/20, 10:00:56.285, 49502028905, vstest.console.dll, TestRequestSender.OnExecutionMessageReceived: Received message: {"Version":7,"MessageType":"TestSession.Message","Payload":{"MessageLevel":0,"Message":"[xUnit.net 00:00:01.08]   Discovered:  ProgramTests"}}
TpTrace Verbose: 0 : 17248, 11, 2024/01/20, 10:00:56.285, 49502030554, vstest.console.dll, TestRunRequest:SendTestRunMessage: Starting.
TpTrace Verbose: 0 : 17248, 11, 2024/01/20, 10:00:56.285, 49502031392, vstest.console.dll, MulticastDelegateUtilities.SafeInvoke: TestRun.LogMessages: Invoking callback 1/1 for Microsoft.VisualStudio.TestPlatform.CommandLine.TestRunResultAggregator., took 0 ms.
TpTrace Information: 0 : 17248, 11, 2024/01/20, 10:00:56.285, 49502031900, vstest.console.dll, TestRunRequest:SendTestRunMessage: Completed.
TpTrace Verbose: 0 : 17248, 4, 2024/01/20, 10:00:56.285, 49502032018, vstest.console.dll, MulticastDelegateUtilities.SafeInvoke: InternalTestLoggerEvents.SendTestRunMessage: Invoking callback 1/1 for Microsoft.VisualStudio.TestPlatform.CommandLine.Internal.ConsoleLogger., took 0 ms.
TpTrace Verbose: 0 : 17248, 11, 2024/01/20, 10:00:56.286, 49502033840, vstest.console.dll, MulticastDelegateUtilities.SafeInvoke: LengthPrefixCommunicationChannel: MessageReceived: Invoking callback 1/1 for Microsoft.VisualStudio.TestPlatform.CommunicationUtilities.TestRequestSender+<>c__DisplayClass34_0., took 0 ms.
TpTrace Verbose: 0 : 17248, 11, 2024/01/20, 10:00:56.286, 49502035540, vstest.console.dll, TcpClientExtensions.MessageLoopAsync: Polling on remoteEndPoint: 127.0.0.1:51584 localEndPoint: 127.0.0.1:51583
TpTrace Verbose: 0 : 17248, 11, 2024/01/20, 10:00:56.291, 49502087432, vstest.console.dll, TcpClientExtensions.MessageLoopAsync: NotifyDataAvailable remoteEndPoint: 127.0.0.1:51584 localEndPoint: 127.0.0.1:51583
TpTrace Verbose: 0 : 17248, 11, 2024/01/20, 10:00:56.291, 49502089612, vstest.console.dll, TestRequestSender.OnExecutionMessageReceived: Received message: {"Version":7,"MessageType":"TestSession.Message","Payload":{"MessageLevel":0,"Message":"[xUnit.net 00:00:01.08]   Starting:    ProgramTests"}}
TpTrace Verbose: 0 : 17248, 11, 2024/01/20, 10:00:56.291, 49502091368, vstest.console.dll, TestRunRequest:SendTestRunMessage: Starting.
TpTrace Verbose: 0 : 17248, 11, 2024/01/20, 10:00:56.291, 49502092314, vstest.console.dll, MulticastDelegateUtilities.SafeInvoke: TestRun.LogMessages: Invoking callback 1/1 for Microsoft.VisualStudio.TestPlatform.CommandLine.TestRunResultAggregator., took 0 ms.
TpTrace Information: 0 : 17248, 11, 2024/01/20, 10:00:56.291, 49502092834, vstest.console.dll, TestRunRequest:SendTestRunMessage: Completed.
TpTrace Verbose: 0 : 17248, 4, 2024/01/20, 10:00:56.291, 49502092941, vstest.console.dll, MulticastDelegateUtilities.SafeInvoke: InternalTestLoggerEvents.SendTestRunMessage: Invoking callback 1/1 for Microsoft.VisualStudio.TestPlatform.CommandLine.Internal.ConsoleLogger., took 0 ms.
TpTrace Verbose: 0 : 17248, 11, 2024/01/20, 10:00:56.292, 49502094314, vstest.console.dll, MulticastDelegateUtilities.SafeInvoke: LengthPrefixCommunicationChannel: MessageReceived: Invoking callback 1/1 for Microsoft.VisualStudio.TestPlatform.CommunicationUtilities.TestRequestSender+<>c__DisplayClass34_0., took 0 ms.
TpTrace Verbose: 0 : 17248, 11, 2024/01/20, 10:00:56.292, 49502095359, vstest.console.dll, TcpClientExtensions.MessageLoopAsync: Polling on remoteEndPoint: 127.0.0.1:51584 localEndPoint: 127.0.0.1:51583
TpTrace Verbose: 0 : 17248, 11, 2024/01/20, 10:00:56.591, 49505092130, vstest.console.dll, TcpClientExtensions.MessageLoopAsync: NotifyDataAvailable remoteEndPoint: 127.0.0.1:51584 localEndPoint: 127.0.0.1:51583
TpTrace Verbose: 0 : 17248, 11, 2024/01/20, 10:00:56.592, 49505096899, vstest.console.dll, TestRequestSender.OnExecutionMessageReceived: Received message: {"Version":7,"MessageType":"TestExecution.StatsChange","Payload":{"NewTestResults":[{"TestCase":{"Id":"7c5f03ab-3c47-87ad-4129-0bddc3b66cd8","FullyQualifiedName":"ProgramTests.ProgramTestsClass.Program_GetBooksCount_OrganizationsWithSeveralLibrariesReturnsZero","DisplayName":"ProgramTests.ProgramTestsClass.Program_GetBooksCount_OrganizationsWithSeveralLibrariesReturnsZero","ExecutorUri":"executor://xunit/VsTestRunner2/netcoreapp","Source":"C:\\pryazha\\labs\\course_2\\semester_1\\oop\\lab_10\\Tests\\ProgramTests\\bin\\Debug\\net7.0\\fine-code-coverage\\build-output\\ProgramTests.dll","CodeFilePath":null,"LineNumber":0,"Properties":[]},"Attachments":[],"Outcome":1,"ErrorMessage":null,"ErrorStackTrace":null,"DisplayName":"ProgramTests.ProgramTestsClass.Program_GetBooksCount_OrganizationsWithSeveralLibrariesReturnsZero","Messages":[],"ComputerName":"WIN-9PJ6D3I9SIT","Duration":"00:00:00.0132919","StartTime":"2024-01-20T05:00:56.4468654+00:00","EndTime":"2024-01-20T05:00:56.4469201+00:00","Properties":[]},{"TestCase":{"Id":"3253d8a3-1f04-05cf-8d64-450fae993e82","FullyQualifiedName":"ProgramTests.ProgramTestsClass.Program_GetBooksCount_ReturnsZeroWhenOrganizationsLengthIsNull","DisplayName":"ProgramTests.ProgramTestsClass.Program_GetBooksCount_ReturnsZeroWhenOrganizationsLengthIsNull","ExecutorUri":"executor://xunit/VsTestRunner2/netcoreapp","Source":"C:\\pryazha\\labs\\course_2\\semester_1\\oop\\lab_10\\Tests\\ProgramTests\\bin\\Debug\\net7.0\\fine-code-coverage\\build-output\\ProgramTests.dll","CodeFilePath":null,"LineNumber":0,"Properties":[]},"Attachments":[],"Outcome":1,"ErrorMessage":null,"ErrorStackTrace":null,"DisplayName":"ProgramTests.ProgramTestsClass.Program_GetBooksCount_ReturnsZeroWhenOrganizationsLengthIsNull","Messages":[],"ComputerName":"WIN-9PJ6D3I9SIT","Duration":"00:00:00.0012049","StartTime":"2024-01-20T05:00:56.4921191+00:00","EndTime":"2024-01-20T05:00:56.4921193+00:00","Properties":[]},{"TestCase":{"Id":"2eca7b53-5483-b867-7dcc-34c6fd587079","FullyQualifiedName":"ProgramTests.ProgramTestsClass.Program_MinEmployeesOrg_ReturnsOnlyObject","DisplayName":"ProgramTests.ProgramTestsClass.Program_MinEmployeesOrg_ReturnsOnlyObject","ExecutorUri":"executor://xunit/VsTestRunner2/netcoreapp","Source":"C:\\pryazha\\labs\\course_2\\semester_1\\oop\\lab_10\\Tests\\ProgramTests\\bin\\Debug\\net7.0\\fine-code-coverage\\build-output\\ProgramTests.dll","CodeFilePath":null,"LineNumber":0,"Properties":[]},"Attachments":[],"Outcome":1,"ErrorMessage":null,"ErrorStackTrace":null,"DisplayName":"ProgramTests.ProgramTestsClass.Program_MinEmployeesOrg_ReturnsOnlyObject","Messages":[],"ComputerName":"WIN-9PJ6D3I9SIT","Duration":"00:00:00.0038992","StartTime":"2024-01-20T05:00:56.5008749+00:00","EndTime":"2024-01-20T05:00:56.5008751+00:00","Properties":[]},{"TestCase":{"Id":"66a61147-2864-9451-4426-e624bc9ee7d5","FullyQualifiedName":"ProgramTests.ProgramTestsClass.Program_MaxEmployeesOrg_ReturnsOnlyObject","DisplayName":"ProgramTests.ProgramTestsClass.Program_MaxEmployeesOrg_ReturnsOnlyObject","ExecutorUri":"executor://xunit/VsTestRunner2/netcoreapp","Source":"C:\\pryazha\\labs\\course_2\\semester_1\\oop\\lab_10\\Tests\\ProgramTests\\bin\\Debug\\net7.0\\fine-code-coverage\\build-output\\ProgramTests.dll","CodeFilePath":null,"LineNumber":0,"Properties":[]},"Attachments":[],"Outcome":1,"ErrorMessage":null,"ErrorStackTrace":null,"DisplayName":"ProgramTests.ProgramTestsClass.Program_MaxEmployeesOrg_ReturnsOnlyObject","Messages":[],"ComputerName":"WIN-9PJ6D3I9SIT","Duration":"00:00:00.0004245","StartTime":"2024-01-20T05:00:56.5065033+00:00","EndTime":"2024-01-20T05:00:56.5065037+00:00","Properties":[]},{"TestCase":{"Id":"6f0c6a73-68eb-cfe0-3f29-ba16ea141fb5","FullyQualifiedName":"ProgramTests.ProgramTestsClass.Program_MaxEmployeesOrg_ReturnsNullWhenOrganizationsIsNull","DisplayName":"ProgramTests.ProgramTestsClass.Program_MaxEmployeesOrg_ReturnsNullWhenOrganizationsIsNull","ExecutorUri":"executor://xunit/VsTestRunner2/netcoreapp","Source":"C:\\pryazha\\labs\\course_2\\semester_1\\oop\\lab_10\\Tests\\ProgramTests\\bin\\Debug\\net7.0\\fine-code-coverage\\build-output\\ProgramTests.dll","CodeFilePath":null,"LineNumber":0,"Properties":[]},"Attachments":[],"Outcome":1,"ErrorMessage":null,"ErrorStackTrace":null,"DisplayName":"ProgramTests.ProgramTestsClass.Program_MaxEmployeesOrg_ReturnsNullWhenOrganizationsIsNull","Messages":[],"ComputerName":"WIN-9PJ6D3I9SIT","Duration":"00:00:00.0003493","StartTime":"2024-01-20T05:00:56.5128731+00:00","EndTime":"2024-01-20T05:00:56.5128732+00:00","Properties":[]},{"TestCase":{"Id":"c8d83e46-016d-7393-924b-8f2731ac8446","FullyQualifiedName":"ProgramTests.ProgramTestsClass.Program_MinEmployeesOrg_ReturnsNullWhenOrganizationsLengthIsZero","DisplayName":"ProgramTests.ProgramTestsClass.Program_MinEmployeesOrg_ReturnsNullWhenOrganizationsLengthIsZero","ExecutorUri":"executor://xunit/VsTestRunner2/netcoreapp","Source":"C:\\pryazha\\labs\\course_2\\semester_1\\oop\\lab_10\\Tests\\ProgramTests\\bin\\Debug\\net7.0\\fine-code-coverage\\build-output\\ProgramTests.dll","CodeFilePath":null,"LineNumber":0,"Properties":[]},"Attachments":[],"Outcome":1,"ErrorMessage":null,"ErrorStackTrace":null,"DisplayName":"ProgramTests.ProgramTestsClass.Program_MinEmployeesOrg_ReturnsNullWhenOrganizationsLengthIsZero","Messages":[],"ComputerName":"WIN-9PJ6D3I9SIT","Duration":"00:00:00.0005915","StartTime":"2024-01-20T05:00:56.5184162+00:00","EndTime":"2024-01-20T05:00:56.5184163+00:00","Properties":[]},{"TestCase":{"Id":"ef782099-6801-bbd7-bb93-184fe9529848","FullyQualifiedName":"ProgramTests.ProgramTestsClass.Program_MaxEmployeesOrg_ReturnsNullWhenOrganizationsLengthIsZero","DisplayName":"ProgramTests.ProgramTestsClass.Program_MaxEmployeesOrg_ReturnsNullWhenOrganizationsLengthIsZero","ExecutorUri":"executor://xunit/VsTestRunner2/netcoreapp","Source":"C:\\pryazha\\labs\\course_2\\semester_1\\oop\\lab_10\\Tests\\ProgramTests\\bin\\Debug\\net7.0\\fine-code-coverage\\build-output\\ProgramTests.dll","CodeFilePath":null,"LineNumber":0,"Properties":[]},"Attachments":[],"Outcome":1,"ErrorMessage":null,"ErrorStackTrace":null,"DisplayName":"ProgramTests.ProgramTestsClass.Program_MaxEmployeesOrg_ReturnsNullWhenOrganizationsLengthIsZero","Messages":[],"ComputerName":"WIN-9PJ6D3I9SIT","Duration":"00:00:00.0002295","StartTime":"2024-01-20T05:00:56.5234116+00:00","EndTime":"2024-01-20T05:00:56.5234117+00:00","Properties":[]},{"TestCase":{"Id":"93e7e08e-840b-1797-c9d5-b9af423f8525","FullyQualifiedName":"ProgramTests.ProgramTestsClass.Program_MaxEmployeesOrg_ReturnsMaxWhenSeveralObjects","DisplayName":"ProgramTests.ProgramTestsClass.Program_MaxEmployeesOrg_ReturnsMaxWhenSeveralObjects","ExecutorUri":"executor://xunit/VsTestRunner2/netcoreapp","Source":"C:\\pryazha\\labs\\course_2\\semester_1\\oop\\lab_10\\Tests\\ProgramTests\\bin\\Debug\\net7.0\\fine-code-coverage\\build-output\\ProgramTests.dll","CodeFilePath":null,"LineNumber":0,"Properties":[]},"Attachments":[],"Outcome":1,"ErrorMessage":null,"ErrorStackTrace":null,"DisplayName":"ProgramTests.ProgramTestsClass.Program_MaxEmployeesOrg_ReturnsMaxWhenSeveralObjects","Messages":[],"ComputerName":"WIN-9PJ6D3I9SIT","Duration":"00:00:00.0003629","StartTime":"2024-01-20T05:00:56.5285776+00:00","EndTime":"2024-01-20T05:00:56.5285778+00:00","Properties":[]},{"TestCase":{"Id":"c75068c0-0ca8-10d4-f8ae-d9c35d0d6e99","FullyQualifiedName":"ProgramTests.ProgramTestsClass.Program_GetBooksCount_OrganizationsWithOneLibraryReturnsZero","DisplayName":"ProgramTests.ProgramTestsClass.Program_GetBooksCount_OrganizationsWithOneLibraryReturnsZero","ExecutorUri":"executor://xunit/VsTestRunner2/netcoreapp","Source":"C:\\pryazha\\labs\\course_2\\semester_1\\oop\\lab_10\\Tests\\ProgramTests\\bin\\Debug\\net7.0\\fine-code-coverage\\build-output\\ProgramTests.dll","CodeFilePath":null,"LineNumber":0,"Properties":[]},"Attachments":[],"Outcome":1,"ErrorMessage":null,"ErrorStackTrace":null,"DisplayName":"ProgramTests.ProgramTestsClass.Program_GetBooksCount_OrganizationsWithOneLibraryReturnsZero","Messages":[],"ComputerName":"WIN-9PJ6D3I9SIT","Duration":"00:00:00.0002572","StartTime":"2024-01-20T05:00:56.5334407+00:00","EndTime":"2024-01-20T05:00:56.5334408+00:00","Properties":[]}],"TestRunStatistics":{"ExecutedTests":9,"Stats":{"Passed":9}},"ActiveTests":[{"Id":"3c2b6947-7a89-8d3d-b753-f4800b886546","FullyQualifiedName":"ProgramTests.ProgramTestsClass.Program_MinEmployeesOrg_ReturnsNullWhenOrganizationsIsNull","DisplayName":"ProgramTests.ProgramTestsClass.Program_MinEmployeesOrg_ReturnsNullWhenOrganizationsIsNull","ExecutorUri":"executor://xunit/VsTestRunner2/netcoreapp","Source":"C:\\pryazha\\labs\\course_2\\semester_1\\oop\\lab_10\\Tests\\ProgramTests\\bin\\Debug\\net7.0\\fine-code-coverage\\build-output\\ProgramTests.dll","CodeFilePath":null,"LineNumber":0,"Properties":[]}]}}
TpTrace Verbose: 0 : 17248, 11, 2024/01/20, 10:00:56.651, 49505689542, vstest.console.dll, TestRunRequest:SendTestRunStatsChange: Starting.
TpTrace Verbose: 0 : 17248, 11, 2024/01/20, 10:00:56.651, 49505692351, vstest.console.dll, InProgress is ProgramTests.ProgramTestsClass.Program_MinEmployeesOrg_ReturnsNullWhenOrganizationsIsNull
TpTrace Verbose: 0 : 17248, 11, 2024/01/20, 10:00:56.652, 49505695816, vstest.console.dll, MulticastDelegateUtilities.SafeInvoke: TestRun.RunStatsChanged: Invoking callbacks was skipped because there are no subscribers.
TpTrace Information: 0 : 17248, 11, 2024/01/20, 10:00:56.652, 49505696510, vstest.console.dll, TestRunRequest:SendTestRunStatsChange: Completed.
TpTrace Verbose: 0 : 17248, 11, 2024/01/20, 10:00:56.652, 49505697228, vstest.console.dll, MulticastDelegateUtilities.SafeInvoke: LengthPrefixCommunicationChannel: MessageReceived: Invoking callback 1/1 for Microsoft.VisualStudio.TestPlatform.CommunicationUtilities.TestRequestSender+<>c__DisplayClass34_0., took 60 ms.
TpTrace Verbose: 0 : 17248, 11, 2024/01/20, 10:00:56.652, 49505699566, vstest.console.dll, TcpClientExtensions.MessageLoopAsync: Polling on remoteEndPoint: 127.0.0.1:51584 localEndPoint: 127.0.0.1:51583
TpTrace Verbose: 0 : 17248, 11, 2024/01/20, 10:00:56.652, 49505700286, vstest.console.dll, TcpClientExtensions.MessageLoopAsync: NotifyDataAvailable remoteEndPoint: 127.0.0.1:51584 localEndPoint: 127.0.0.1:51583
TpTrace Verbose: 0 : 17248, 11, 2024/01/20, 10:00:56.652, 49505701214, vstest.console.dll, TestRequestSender.OnExecutionMessageReceived: Received message: {"Version":7,"MessageType":"TestSession.Message","Payload":{"MessageLevel":0,"Message":"[xUnit.net 00:00:01.41]   Finished:    ProgramTests"}}
TpTrace Verbose: 0 : 17248, 11, 2024/01/20, 10:00:56.652, 49505702744, vstest.console.dll, TestRunRequest:SendTestRunMessage: Starting.
TpTrace Verbose: 0 : 17248, 11, 2024/01/20, 10:00:56.653, 49505703565, vstest.console.dll, MulticastDelegateUtilities.SafeInvoke: TestRun.LogMessages: Invoking callback 1/1 for Microsoft.VisualStudio.TestPlatform.CommandLine.TestRunResultAggregator., took 0 ms.
TpTrace Information: 0 : 17248, 11, 2024/01/20, 10:00:56.653, 49505704028, vstest.console.dll, TestRunRequest:SendTestRunMessage: Completed.
TpTrace Verbose: 0 : 17248, 11, 2024/01/20, 10:00:56.653, 49505705169, vstest.console.dll, MulticastDelegateUtilities.SafeInvoke: LengthPrefixCommunicationChannel: MessageReceived: Invoking callback 1/1 for Microsoft.VisualStudio.TestPlatform.CommunicationUtilities.TestRequestSender+<>c__DisplayClass34_0., took 0 ms.
TpTrace Verbose: 0 : 17248, 11, 2024/01/20, 10:00:56.653, 49505705628, vstest.console.dll, TcpClientExtensions.MessageLoopAsync: Polling on remoteEndPoint: 127.0.0.1:51584 localEndPoint: 127.0.0.1:51583
TpTrace Verbose: 0 : 17248, 11, 2024/01/20, 10:00:56.656, 49505736818, vstest.console.dll, TcpClientExtensions.MessageLoopAsync: NotifyDataAvailable remoteEndPoint: 127.0.0.1:51584 localEndPoint: 127.0.0.1:51583
TpTrace Verbose: 0 : 17248, 11, 2024/01/20, 10:00:56.656, 49505740074, vstest.console.dll, TestRequestSender.OnExecutionMessageReceived: Received message: {"Version":7,"MessageType":"TestExecution.Completed","Payload":{"TestRunCompleteArgs":{"TestRunStatistics":{"ExecutedTests":13,"Stats":{"Passed":13}},"IsCanceled":false,"IsAborted":false,"Error":null,"AttachmentSets":[],"InvokedDataCollectors":[],"ElapsedTimeInRunningTests":"00:00:01.4252416","Metrics":{},"DiscoveredExtensions":{"TestDiscoverers":["Xunit.Runner.VisualStudio.VsTestRunner, xunit.runner.visualstudio.dotnetcore.testadapter, Version=2.4.0.0, Culture=neutral, PublicKeyToken=8d05b1bb7a6fdb6c"],"TestExecutors":["executor://xunit/VsTestRunner2/netcoreapp"],"TestExecutors2":[],"TestSettingsProviders":[]}},"LastRunTests":{"NewTestResults":[{"TestCase":{"Id":"3c2b6947-7a89-8d3d-b753-f4800b886546","FullyQualifiedName":"ProgramTests.ProgramTestsClass.Program_MinEmployeesOrg_ReturnsNullWhenOrganizationsIsNull","DisplayName":"ProgramTests.ProgramTestsClass.Program_MinEmployeesOrg_ReturnsNullWhenOrganizationsIsNull","ExecutorUri":"executor://xunit/VsTestRunner2/netcoreapp","Source":"C:\\pryazha\\labs\\course_2\\semester_1\\oop\\lab_10\\Tests\\ProgramTests\\bin\\Debug\\net7.0\\fine-code-coverage\\build-output\\ProgramTests.dll","CodeFilePath":null,"LineNumber":0,"Properties":[]},"Attachments":[],"Outcome":1,"ErrorMessage":null,"ErrorStackTrace":null,"DisplayName":"ProgramTests.ProgramTestsClass.Program_MinEmployeesOrg_ReturnsNullWhenOrganizationsIsNull","Messages":[],"ComputerName":"WIN-9PJ6D3I9SIT","Duration":"00:00:00.0001564","StartTime":"2024-01-20T05:00:56.5941739+00:00","EndTime":"2024-01-20T05:00:56.594174+00:00","Properties":[]},{"TestCase":{"Id":"cefcb423-8c94-1c76-ce2c-e4a6d26ea5df","FullyQualifiedName":"ProgramTests.ProgramTestsClass.Program_GetBooksCount_ReturnsZeroWhenOrganizationsIsNull","DisplayName":"ProgramTests.ProgramTestsClass.Program_GetBooksCount_ReturnsZeroWhenOrganizationsIsNull","ExecutorUri":"executor://xunit/VsTestRunner2/netcoreapp","Source":"C:\\pryazha\\labs\\course_2\\semester_1\\oop\\lab_10\\Tests\\ProgramTests\\bin\\Debug\\net7.0\\fine-code-coverage\\build-output\\ProgramTests.dll","CodeFilePath":null,"LineNumber":0,"Properties":[]},"Attachments":[],"Outcome":1,"ErrorMessage":null,"ErrorStackTrace":null,"DisplayName":"ProgramTests.ProgramTestsClass.Program_GetBooksCount_ReturnsZeroWhenOrganizationsIsNull","Messages":[],"ComputerName":"WIN-9PJ6D3I9SIT","Duration":"00:00:00.0001576","StartTime":"2024-01-20T05:00:56.5997987+00:00","EndTime":"2024-01-20T05:00:56.5997988+00:00","Properties":[]},{"TestCase":{"Id":"ec077d0f-d130-7399-8992-ea4df6922033","FullyQualifiedName":"ProgramTests.ProgramTestsClass.Program_GetBooksCount_OrganizationsWithoutLibrariesReturnsZero","DisplayName":"ProgramTests.ProgramTestsClass.Program_GetBooksCount_OrganizationsWithoutLibrariesReturnsZero","ExecutorUri":"executor://xunit/VsTestRunner2/netcoreapp","Source":"C:\\pryazha\\labs\\course_2\\semester_1\\oop\\lab_10\\Tests\\ProgramTests\\bin\\Debug\\net7.0\\fine-code-coverage\\build-output\\ProgramTests.dll","CodeFilePath":null,"LineNumber":0,"Properties":[]},"Attachments":[],"Outcome":1,"ErrorMessage":null,"ErrorStackTrace":null,"DisplayName":"ProgramTests.ProgramTestsClass.Program_GetBooksCount_OrganizationsWithoutLibrariesReturnsZero","Messages":[],"ComputerName":"WIN-9PJ6D3I9SIT","Duration":"00:00:00.0002526","StartTime":"2024-01-20T05:00:56.6050199+00:00","EndTime":"2024-01-20T05:00:56.60502+00:00","Properties":[]},{"TestCase":{"Id":"baa2ca20-1eb2-ef5b-db11-840e9fa86164","FullyQualifiedName":"ProgramTests.ProgramTestsClass.Program_MinEmployeesOrg_ReturnsMaxWhenSeveralObjects","DisplayName":"ProgramTests.ProgramTestsClass.Program_MinEmployeesOrg_ReturnsMaxWhenSeveralObjects","ExecutorUri":"executor://xunit/VsTestRunner2/netcoreapp","Source":"C:\\pryazha\\labs\\course_2\\semester_1\\oop\\lab_10\\Tests\\ProgramTests\\bin\\Debug\\net7.0\\fine-code-coverage\\build-output\\ProgramTests.dll","CodeFilePath":null,"LineNumber":0,"Properties":[]},"Attachments":[],"Outcome":1,"ErrorMessage":null,"ErrorStackTrace":null,"DisplayName":"ProgramTests.ProgramTestsClass.Program_MinEmployeesOrg_ReturnsMaxWhenSeveralObjects","Messages":[],"ComputerName":"WIN-9PJ6D3I9SIT","Duration":"00:00:00.0008736","StartTime":"2024-01-20T05:00:56.6099575+00:00","EndTime":"2024-01-20T05:00:56.6099577+00:00","Properties":[]}],"TestRunStatistics":{"ExecutedTests":13,"Stats":{"Passed":13}},"ActiveTests":[]},"RunAttachments":[],"ExecutorUris":["executor://xunit/VsTestRunner2/netcoreapp"]}}
TpTrace Verbose: 0 : 17248, 11, 2024/01/20, 10:00:56.656, 49505742805, vstest.console.dll, TestRequestSender.EndSession: Sending end session.
TpTrace Verbose: 0 : 17248, 11, 2024/01/20, 10:00:56.657, 49505745534, vstest.console.dll, ProxyOperationManager.Close: waiting for test host to exit for 100 ms
TpTrace Verbose: 0 : 17248, 4, 2024/01/20, 10:00:56.657, 49505752508, vstest.console.dll, MulticastDelegateUtilities.SafeInvoke: InternalTestLoggerEvents.SendTestResult: Invoking callback 1/1 for Microsoft.VisualStudio.TestPlatform.CommandLine.Internal.ConsoleLogger., took 5 ms.
TpTrace Verbose: 0 : 17248, 4, 2024/01/20, 10:00:56.658, 49505759039, vstest.console.dll, MulticastDelegateUtilities.SafeInvoke: InternalTestLoggerEvents.SendTestResult: Invoking callback 1/1 for Microsoft.VisualStudio.TestPlatform.CommandLine.Internal.ConsoleLogger., took 0 ms.
TpTrace Verbose: 0 : 17248, 4, 2024/01/20, 10:00:56.658, 49505761478, vstest.console.dll, MulticastDelegateUtilities.SafeInvoke: InternalTestLoggerEvents.SendTestResult: Invoking callback 1/1 for Microsoft.VisualStudio.TestPlatform.CommandLine.Internal.ConsoleLogger., took 0 ms.
TpTrace Verbose: 0 : 17248, 4, 2024/01/20, 10:00:56.658, 49505762354, vstest.console.dll, MulticastDelegateUtilities.SafeInvoke: InternalTestLoggerEvents.SendTestResult: Invoking callback 1/1 for Microsoft.VisualStudio.TestPlatform.CommandLine.Internal.ConsoleLogger., took 0 ms.
TpTrace Verbose: 0 : 17248, 4, 2024/01/20, 10:00:56.658, 49505763056, vstest.console.dll, MulticastDelegateUtilities.SafeInvoke: InternalTestLoggerEvents.SendTestResult: Invoking callback 1/1 for Microsoft.VisualStudio.TestPlatform.CommandLine.Internal.ConsoleLogger., took 0 ms.
TpTrace Verbose: 0 : 17248, 4, 2024/01/20, 10:00:56.659, 49505763693, vstest.console.dll, MulticastDelegateUtilities.SafeInvoke: InternalTestLoggerEvents.SendTestResult: Invoking callback 1/1 for Microsoft.VisualStudio.TestPlatform.CommandLine.Internal.ConsoleLogger., took 0 ms.
TpTrace Verbose: 0 : 17248, 4, 2024/01/20, 10:00:56.659, 49505764342, vstest.console.dll, MulticastDelegateUtilities.SafeInvoke: InternalTestLoggerEvents.SendTestResult: Invoking callback 1/1 for Microsoft.VisualStudio.TestPlatform.CommandLine.Internal.ConsoleLogger., took 0 ms.
TpTrace Verbose: 0 : 17248, 4, 2024/01/20, 10:00:56.659, 49505764994, vstest.console.dll, MulticastDelegateUtilities.SafeInvoke: InternalTestLoggerEvents.SendTestResult: Invoking callback 1/1 for Microsoft.VisualStudio.TestPlatform.CommandLine.Internal.ConsoleLogger., took 0 ms.
TpTrace Verbose: 0 : 17248, 4, 2024/01/20, 10:00:56.661, 49505785272, vstest.console.dll, MulticastDelegateUtilities.SafeInvoke: InternalTestLoggerEvents.SendTestResult: Invoking callback 1/1 for Microsoft.VisualStudio.TestPlatform.CommandLine.Internal.ConsoleLogger., took 1 ms.
TpTrace Verbose: 0 : 17248, 4, 2024/01/20, 10:00:56.661, 49505787020, vstest.console.dll, MulticastDelegateUtilities.SafeInvoke: InternalTestLoggerEvents.SendTestRunMessage: Invoking callback 1/1 for Microsoft.VisualStudio.TestPlatform.CommandLine.Internal.ConsoleLogger., took 0 ms.
TpTrace Verbose: 0 : 17248, 10, 2024/01/20, 10:00:56.702, 49506194177, vstest.console.dll, TestHostManagerCallbacks.ctor: Experimental forwarding output is disabled.
TpTrace Warning: 0 : 17248, 10, 2024/01/20, 10:00:56.702, 49506195965, vstest.console.dll, TestHostManagerCallbacks.ErrorReceivedCallback Test host standard error line: 
TpTrace Verbose: 0 : 17248, 10, 2024/01/20, 10:00:56.725, 49506428276, vstest.console.dll, TestHostProvider.ExitCallBack: Host exited starting callback.
TpTrace Information: 0 : 17248, 10, 2024/01/20, 10:00:56.725, 49506430686, vstest.console.dll, TestHostManagerCallbacks.ExitCallBack: Testhost processId: 17112 exited with exitcode: 0 error: ''
TpTrace Verbose: 0 : 17248, 10, 2024/01/20, 10:00:56.725, 49506431357, vstest.console.dll, DotnetTestHostManager.OnHostExited: invoking OnHostExited callback
TpTrace Verbose: 0 : 17248, 10, 2024/01/20, 10:00:56.725, 49506432153, vstest.console.dll, CrossPlatEngine.TestHostManagerHostExited: calling on client process exit callback.
TpTrace Information: 0 : 17248, 10, 2024/01/20, 10:00:56.725, 49506432945, vstest.console.dll, TestRequestSender.OnClientProcessExit: Test host process exited. Standard error: 
TpTrace Information: 0 : 17248, 10, 2024/01/20, 10:00:56.726, 49506433521, vstest.console.dll, SocketServer.Stop: Stop server endPoint: 127.0.0.1:51583
TpTrace Information: 0 : 17248, 10, 2024/01/20, 10:00:56.726, 49506433930, vstest.console.dll, SocketServer.Stop: Cancellation requested. Stopping message loop.
TpTrace Information: 0 : 17248, 11, 2024/01/20, 10:00:56.726, 49506433919, vstest.console.dll, SocketServer.Stop: Stop server endPoint: 127.0.0.1:51583
TpTrace Information: 0 : 17248, 11, 2024/01/20, 10:00:56.726, 49506435796, vstest.console.dll, SocketServer.Stop: Cancellation requested. Stopping message loop.
TpTrace Verbose: 0 : 17248, 10, 2024/01/20, 10:00:56.726, 49506436011, vstest.console.dll, MulticastDelegateUtilities.SafeInvoke: HostProviderEvents.OnHostExited: Invoking callback 1/1 for Microsoft.VisualStudio.TestPlatform.CrossPlatEngine.Client.ProxyOperationManager., took 0 ms.
TpTrace Information: 0 : 17248, 11, 2024/01/20, 10:00:56.726, 49506436686, vstest.console.dll, Closing the connection
TpTrace Verbose: 0 : 17248, 11, 2024/01/20, 10:00:56.726, 49506441184, vstest.console.dll, ProxyDataCollectionManager.InvokeDataCollectionServiceAction: Starting.
TpTrace Information: 0 : 17248, 11, 2024/01/20, 10:00:56.726, 49506441928, vstest.console.dll, ProxyDataCollectionManager.AfterTestRunEnd: Get attachment set and invoked data collectors processId: 24464 port: 51580
TpTrace Verbose: 0 : 17248, 11, 2024/01/20, 10:00:56.726, 49506442669, vstest.console.dll, DataCollectionRequestSender.SendAfterTestRunStartAndGetResult: Send AfterTestRunEnd message with isCancelled: False
TpTrace Verbose: 0 : 17248, 11, 2024/01/20, 10:00:56.738, 49506553864, vstest.console.dll, DataCollectionRequestSender.SendAfterTestRunStartAndGetResult: Received message: (DataCollection.AfterTestRunEndResult) -> {"MessageType":"DataCollection.AfterTestRunEndResult","Payload":{"AttachmentSets":[],"InvokedDataCollectors":[{"Uri":"datacollector://Microsoft/TestPlatform/Extensions/Blame/v1","FriendlyName":"Blame","AssemblyQualifiedName":"Microsoft.TestPlatform.Extensions.BlameDataCollector.BlameCollector, Microsoft.TestPlatform.Extensions.BlameDataCollector, Version=15.0.0.0, Culture=neutral, PublicKeyToken=b03f5f7f11d50a3a","FilePath":"C:\\Program Files\\dotnet\\sdk\\8.0.101\\Extensions\\Microsoft.TestPlatform.Extensions.BlameDataCollector.dll","HasAttachmentProcessor":false}],"Metrics":{}}}
TpTrace Information: 0 : 17248, 11, 2024/01/20, 10:00:56.748, 49506656155, vstest.console.dll, ProxyDataCollectionManager.InvokeDataCollectionServiceAction: Completed.
TpTrace Warning: 0 : 17248, 7, 2024/01/20, 10:00:56.762, 49506801276, vstest.console.dll, DataCollectionLauncher.ErrorReceivedCallback datacollector standard error line: 
TpTrace Information: 0 : 17248, 7, 2024/01/20, 10:00:56.774, 49506918157, vstest.console.dll, DataCollectionLauncher.ExitCallBack: Data collector exited with exitcode: 0 error: ''
TpTrace Verbose: 0 : 17248, 11, 2024/01/20, 10:00:56.822, 49507397986, vstest.console.dll, TestRunRequest:SendTestRunStatsChange: Starting.
TpTrace Verbose: 0 : 17248, 11, 2024/01/20, 10:00:56.822, 49507400225, vstest.console.dll, MulticastDelegateUtilities.SafeInvoke: TestRun.RunStatsChanged: Invoking callbacks was skipped because there are no subscribers.
TpTrace Information: 0 : 17248, 11, 2024/01/20, 10:00:56.822, 49507400739, vstest.console.dll, TestRunRequest:SendTestRunStatsChange: Completed.
TpTrace Verbose: 0 : 17248, 4, 2024/01/20, 10:00:56.822, 49507401324, vstest.console.dll, MulticastDelegateUtilities.SafeInvoke: InternalTestLoggerEvents.SendTestResult: Invoking callback 1/1 for Microsoft.VisualStudio.TestPlatform.CommandLine.Internal.ConsoleLogger., took 0 ms.
TpTrace Verbose: 0 : 17248, 4, 2024/01/20, 10:00:56.822, 49507402533, vstest.console.dll, MulticastDelegateUtilities.SafeInvoke: InternalTestLoggerEvents.SendTestResult: Invoking callback 1/1 for Microsoft.VisualStudio.TestPlatform.CommandLine.Internal.ConsoleLogger., took 0 ms.
TpTrace Verbose: 0 : 17248, 4, 2024/01/20, 10:00:56.822, 49507403206, vstest.console.dll, MulticastDelegateUtilities.SafeInvoke: InternalTestLoggerEvents.SendTestResult: Invoking callback 1/1 for Microsoft.VisualStudio.TestPlatform.CommandLine.Internal.ConsoleLogger., took 0 ms.
TpTrace Verbose: 0 : 17248, 4, 2024/01/20, 10:00:56.823, 49507403808, vstest.console.dll, MulticastDelegateUtilities.SafeInvoke: InternalTestLoggerEvents.SendTestResult: Invoking callback 1/1 for Microsoft.VisualStudio.TestPlatform.CommandLine.Internal.ConsoleLogger., took 0 ms.
TpTrace Verbose: 0 : 17248, 11, 2024/01/20, 10:00:56.823, 49507406285, vstest.console.dll, ParallelProxyExecutionManager: HandlePartialRunComplete: Total workloads = 1, Total started clients = 1 Total completed clients = 1, Run complete = True, Run canceled: False.
TpTrace Verbose: 0 : 17248, 11, 2024/01/20, 10:00:56.823, 49507406996, vstest.console.dll, ParallelProxyExecutionManager: HandlePartialRunComplete: All runs completed stopping all managers.
TpTrace Verbose: 0 : 17248, 11, 2024/01/20, 10:00:56.823, 49507407537, vstest.console.dll, ParallelOperationManager.StopAllManagers: Stopping all managers.
TpTrace Verbose: 0 : 17248, 11, 2024/01/20, 10:00:56.823, 49507408006, vstest.console.dll, ParallelOperationManager.ClearSlots: Clearing all slots. Slots should accept more work: False
TpTrace Verbose: 0 : 17248, 11, 2024/01/20, 10:00:56.823, 49507408776, vstest.console.dll, ParallelOperationManager.SetOccupiedSlotCount: Setting slot counts AvailableSlotCount = 1, OccupiedSlotCount = 0.
TpTrace Verbose: 0 : 17248, 11, 2024/01/20, 10:00:56.823, 49507409576, vstest.console.dll, Occupied slots:

TpTrace Verbose: 0 : 17248, 4, 2024/01/20, 10:00:56.837, 49507547754, vstest.console.dll, MulticastDelegateUtilities.SafeInvoke: InternalTestLoggerEvents.SendTestRunComplete: Invoking callback 1/2 for Microsoft.TestPlatform.Extensions.BlameDataCollector.BlameLogger., took 0 ms.
TpTrace Verbose: 0 : 17248, 4, 2024/01/20, 10:00:56.848, 49507656103, vstest.console.dll, MulticastDelegateUtilities.SafeInvoke: InternalTestLoggerEvents.SendTestRunComplete: Invoking callback 2/2 for Microsoft.VisualStudio.TestPlatform.CommandLine.Internal.ConsoleLogger., took 10 ms.
TpTrace Verbose: 0 : 17248, 11, 2024/01/20, 10:00:56.848, 49507661384, vstest.console.dll, TestRunRequest:TestRunComplete: Starting. IsAborted:False IsCanceled:False.
TpTrace Verbose: 0 : 17248, 11, 2024/01/20, 10:00:56.849, 49507665105, vstest.console.dll, ParallelOperationManager.DoActionOnAllManagers: Calling an action on all managers.
TpTrace Verbose: 0 : 17248, 11, 2024/01/20, 10:00:56.851, 49507688306, vstest.console.dll, TestLoggerManager.HandleTestRunComplete: Ignoring as the object is disposed.
TpTrace Verbose: 0 : 17248, 11, 2024/01/20, 10:00:56.851, 49507692391, vstest.console.dll, MulticastDelegateUtilities.SafeInvoke: TestRun.TestRunComplete: Invoking callback 1/2 for Microsoft.VisualStudio.TestPlatform.CommandLine.TestRunResultAggregator., took 0 ms.
TpTrace Verbose: 0 : 17248, 11, 2024/01/20, 10:00:56.852, 49507694315, vstest.console.dll, MulticastDelegateUtilities.SafeInvoke: TestRun.TestRunComplete: Invoking callback 2/2 for Microsoft.VisualStudio.TestPlatform.CommandLine.Processors.RunTestsArgumentExecutor+TestRunRequestEventsRegistrar., took 0 ms.
TpTrace Information: 0 : 17248, 11, 2024/01/20, 10:00:56.852, 49507695993, vstest.console.dll, TestRunRequest:TestRunComplete: Completed.
TpTrace Verbose: 0 : 17248, 11, 2024/01/20, 10:00:56.852, 49507696597, vstest.console.dll, TestRequestSender.SetOperationComplete: Setting operation complete.
TpTrace Verbose: 0 : 17248, 1, 2024/01/20, 10:00:56.852, 49507696667, vstest.console.dll, TestRunRequest.Dispose: Starting.
TpTrace Information: 0 : 17248, 11, 2024/01/20, 10:00:56.852, 49507697099, vstest.console.dll, SocketServer.Stop: Stop server endPoint: 127.0.0.1:51583
TpTrace Information: 0 : 17248, 1, 2024/01/20, 10:00:56.852, 49507698298, vstest.console.dll, TestRunRequest.Dispose: Completed.
TpTrace Information: 0 : 17248, 11, 2024/01/20, 10:00:56.852, 49507698911, vstest.console.dll, SocketServer.Stop: Cancellation requested. Stopping message loop.
TpTrace Information: 0 : 17248, 1, 2024/01/20, 10:00:56.852, 49507700087, vstest.console.dll, TestRequestManager.RunTests: run tests completed.
TpTrace Verbose: 0 : 17248, 11, 2024/01/20, 10:00:56.852, 49507700823, vstest.console.dll, MulticastDelegateUtilities.SafeInvoke: LengthPrefixCommunicationChannel: MessageReceived: Invoking callback 1/1 for Microsoft.VisualStudio.TestPlatform.CommunicationUtilities.TestRequestSender+<>c__DisplayClass34_0., took 196 ms.
TpTrace Information: 0 : 17248, 1, 2024/01/20, 10:00:56.852, 49507702355, vstest.console.dll, RunTestsArgumentProcessor:Execute: Test run is completed.
TpTrace Information: 0 : 17248, 11, 2024/01/20, 10:00:56.852, 49507702628, vstest.console.dll, SocketServer.PrivateStop: Stopping server endPoint: 127.0.0.1:51583 error: 
TpTrace Verbose: 0 : 17248, 1, 2024/01/20, 10:00:56.853, 49507706215, vstest.console.dll, Executor.Execute: Exiting with exit code of 0
TpTrace Verbose: 0 : 17248, 11, 2024/01/20, 10:00:56.853, 49507709280, vstest.console.dll, LengthPrefixCommunicationChannel.Dispose: Dispose reader and writer.
TpTrace Information: 0 : 17248, 11, 2024/01/20, 10:00:56.853, 49507710509, vstest.console.dll, SocketServer.Stop: Raise disconnected event endPoint: 127.0.0.1:51583 error: 
TpTrace Verbose: 0 : 17248, 11, 2024/01/20, 10:00:56.853, 49507711886, vstest.console.dll, TestRequestSender: OnTestRunAbort: Operation is already complete. Skip error message.
TpTrace Verbose: 0 : 17248, 11, 2024/01/20, 10:00:56.853, 49507712519, vstest.console.dll, MulticastDelegateUtilities.SafeInvoke: SocketServer: ClientDisconnected: Invoking callback 1/1 for Microsoft.VisualStudio.TestPlatform.CommunicationUtilities.TestRequestSender., took 0 ms.
TpTrace Verbose: 0 : 17248, 11, 2024/01/20, 10:00:56.853, 49507712979, vstest.console.dll, TcpClientExtensions.MessageLoopAsync: exiting MessageLoopAsync remoteEndPoint: 127.0.0.1:51584 localEndPoint: 127.0.0.1:51583
