TpTrace Verbose: 0 : 13924, 1, 2023/12/01, 11:30:56.108, 718959990102, vstest.console.dll, Version: 17.7.0-preview-23364-03+bc17bb9693cfc4778ded51aa0ab7f1065433f989 Current process architecture: X64
TpTrace Verbose: 0 : 13924, 1, 2023/12/01, 11:30:56.110, 718960004481, vstest.console.dll, Runtime location: C:\Program Files\dotnet\shared\Microsoft.NETCore.App\7.0.10
TpTrace Verbose: 0 : 13924, 1, 2023/12/01, 11:30:56.112, 718960026202, vstest.console.dll, ArtifactProcessingPostProcessModeProcessorExecutor.Initialize: ArtifactProcessingMode.Collect
TpTrace Verbose: 0 : 13924, 1, 2023/12/01, 11:30:56.112, 718960027727, vstest.console.dll, TestSessionCorrelationIdProcessorModeProcessorExecutor.Initialize: TestSessionCorrelationId '10324_9f5513ef-9f78-46ff-b06b-d2bf9f43b2e4'
TpTrace Information: 0 : 13924, 1, 2023/12/01, 11:30:56.120, 718960101750, vstest.console.dll, FilePatternParser: The given file C:\Pryazha\Labs\course_2\semester_1\oop\lab_5\ProgramTests\bin\Debug\net6.0\fine-code-coverage\build-output\ProgramTests.dll is a full path.
TpTrace Verbose: 0 : 13924, 1, 2023/12/01, 11:30:56.124, 718960142544, vstest.console.dll, TestPluginCache.DiscoverTestExtensions: finding test extensions in assemblies ends with: RuntimeProvider.dll TPluginInfo: Microsoft.VisualStudio.TestPlatform.Common.ExtensionFramework.Utilities.TestRuntimePluginInformation TExtension: Microsoft.VisualStudio.TestPlatform.ObjectModel.Host.ITestRuntimeProvider
TpTrace Verbose: 0 : 13924, 1, 2023/12/01, 11:30:56.124, 718960146360, vstest.console.dll, TestPluginCache.GetExtensionPaths: Filtered extension paths: 
TpTrace Verbose: 0 : 13924, 1, 2023/12/01, 11:30:56.124, 718960147529, vstest.console.dll, TestPluginCache.GetExtensionPaths: Added default extension paths: C:\Program Files\dotnet\sdk\7.0.400\Extensions\Microsoft.Diagnostics.NETCore.Client.dll
C:\Program Files\dotnet\sdk\7.0.400\Extensions\Microsoft.TestPlatform.Extensions.BlameDataCollector.dll
C:\Program Files\dotnet\sdk\7.0.400\Extensions\Microsoft.TestPlatform.Extensions.EventLogCollector.dll
C:\Program Files\dotnet\sdk\7.0.400\Extensions\Microsoft.TestPlatform.TestHostRuntimeProvider.dll
C:\Program Files\dotnet\sdk\7.0.400\Extensions\Microsoft.VisualStudio.TestPlatform.Extensions.Html.TestLogger.dll
C:\Program Files\dotnet\sdk\7.0.400\Extensions\Microsoft.VisualStudio.TestPlatform.Extensions.Trx.TestLogger.dll
TpTrace Verbose: 0 : 13924, 1, 2023/12/01, 11:30:56.124, 718960147767, vstest.console.dll, TestPluginCache.GetExtensionPaths: Added unfilterableExtensionPaths: 
TpTrace Information: 0 : 13924, 1, 2023/12/01, 11:30:56.125, 718960153737, vstest.console.dll, AssemblyResolver.ctor: Creating AssemblyResolver with searchDirectories C:\Program Files\dotnet\sdk\7.0.400\Extensions,C:\Program Files\dotnet\sdk\7.0.400
TpTrace Verbose: 0 : 13924, 1, 2023/12/01, 11:30:56.126, 718960164185, vstest.console.dll, TestPluginCache.DiscoverTestExtensions: Discovering the extensions using extension path.
TpTrace Verbose: 0 : 13924, 1, 2023/12/01, 11:30:56.126, 718960165567, vstest.console.dll, TestPluginCache.GetExtensionPaths: Filtered extension paths: 
TpTrace Verbose: 0 : 13924, 1, 2023/12/01, 11:30:56.126, 718960165882, vstest.console.dll, TestPluginCache.GetExtensionPaths: Added default extension paths: C:\Program Files\dotnet\sdk\7.0.400\Extensions\Microsoft.Diagnostics.NETCore.Client.dll
C:\Program Files\dotnet\sdk\7.0.400\Extensions\Microsoft.TestPlatform.Extensions.BlameDataCollector.dll
C:\Program Files\dotnet\sdk\7.0.400\Extensions\Microsoft.TestPlatform.Extensions.EventLogCollector.dll
C:\Program Files\dotnet\sdk\7.0.400\Extensions\Microsoft.TestPlatform.TestHostRuntimeProvider.dll
C:\Program Files\dotnet\sdk\7.0.400\Extensions\Microsoft.VisualStudio.TestPlatform.Extensions.Html.TestLogger.dll
C:\Program Files\dotnet\sdk\7.0.400\Extensions\Microsoft.VisualStudio.TestPlatform.Extensions.Trx.TestLogger.dll
TpTrace Verbose: 0 : 13924, 1, 2023/12/01, 11:30:56.126, 718960166061, vstest.console.dll, TestPluginCache.GetExtensionPaths: Added unfilterableExtensionPaths: 
TpTrace Verbose: 0 : 13924, 1, 2023/12/01, 11:30:56.126, 718960166864, vstest.console.dll, TestPluginCache.DiscoverTestExtensions: Discovering the extensions using allExtensionPaths: C:\Program Files\dotnet\sdk\7.0.400\Extensions\Microsoft.Diagnostics.NETCore.Client.dll
C:\Program Files\dotnet\sdk\7.0.400\Extensions\Microsoft.TestPlatform.Extensions.BlameDataCollector.dll
C:\Program Files\dotnet\sdk\7.0.400\Extensions\Microsoft.TestPlatform.Extensions.EventLogCollector.dll
C:\Program Files\dotnet\sdk\7.0.400\Extensions\Microsoft.TestPlatform.TestHostRuntimeProvider.dll
C:\Program Files\dotnet\sdk\7.0.400\Extensions\Microsoft.VisualStudio.TestPlatform.Extensions.Html.TestLogger.dll
C:\Program Files\dotnet\sdk\7.0.400\Extensions\Microsoft.VisualStudio.TestPlatform.Extensions.Trx.TestLogger.dll
TpTrace Information: 0 : 13924, 1, 2023/12/01, 11:30:56.126, 718960168377, vstest.console.dll, AssemblyResolver.AddSearchDirectories: Adding more searchDirectories C:\Program Files\dotnet\sdk\7.0.400\Extensions,C:\Program Files\dotnet\sdk\7.0.400
TpTrace Information: 0 : 13924, 1, 2023/12/01, 11:30:56.126, 718960168913, vstest.console.dll, AssemblyResolver.AddSearchDirectories: Adding more searchDirectories C:\Program Files\dotnet\sdk\7.0.400\Extensions,C:\Program Files\dotnet\sdk\7.0.400
TpTrace Information: 0 : 13924, 1, 2023/12/01, 11:30:56.126, 718960169127, vstest.console.dll, AssemblyResolver.AddSearchDirectories: Adding more searchDirectories C:\Program Files\dotnet\sdk\7.0.400\Extensions,C:\Program Files\dotnet\sdk\7.0.400
TpTrace Information: 0 : 13924, 1, 2023/12/01, 11:30:56.126, 718960169297, vstest.console.dll, AssemblyResolver.AddSearchDirectories: Adding more searchDirectories C:\Program Files\dotnet\sdk\7.0.400\Extensions,C:\Program Files\dotnet\sdk\7.0.400
TpTrace Information: 0 : 13924, 1, 2023/12/01, 11:30:56.126, 718960169460, vstest.console.dll, AssemblyResolver.AddSearchDirectories: Adding more searchDirectories C:\Program Files\dotnet\sdk\7.0.400\Extensions,C:\Program Files\dotnet\sdk\7.0.400
TpTrace Information: 0 : 13924, 1, 2023/12/01, 11:30:56.126, 718960169662, vstest.console.dll, AssemblyResolver.AddSearchDirectories: Adding more searchDirectories C:\Program Files\dotnet\sdk\7.0.400\Extensions,C:\Program Files\dotnet\sdk\7.0.400
TpTrace Information: 0 : 13924, 1, 2023/12/01, 11:30:56.127, 718960172958, vstest.console.dll, AssemblyResolver.OnResolve: Microsoft.Diagnostics.NETCore.Client: Resolving assembly.
TpTrace Information: 0 : 13924, 1, 2023/12/01, 11:30:56.127, 718960173574, vstest.console.dll, AssemblyResolver.OnResolve: Microsoft.Diagnostics.NETCore.Client: Searching in: 'C:\Program Files\dotnet\sdk\7.0.400\Extensions'.
TpTrace Information: 0 : 13924, 1, 2023/12/01, 11:30:56.132, 718960226705, vstest.console.dll, AssemblyResolver.OnResolve: Microsoft.Diagnostics.NETCore.Client: Loading assembly 'C:\Program Files\dotnet\sdk\7.0.400\Extensions\Microsoft.Diagnostics.NETCore.Client.dll'.
TpTrace Information: 0 : 13924, 1, 2023/12/01, 11:30:56.133, 718960231543, vstest.console.dll, AssemblyResolver.OnResolve: Resolved assembly: Microsoft.Diagnostics.NETCore.Client, from path: C:\Program Files\dotnet\sdk\7.0.400\Extensions\Microsoft.Diagnostics.NETCore.Client.dll
TpTrace Verbose: 0 : 13924, 1, 2023/12/01, 11:30:56.134, 718960240480, vstest.console.dll, MetadataReaderExtensionsHelper: Discovering extensions inside assembly 'Microsoft.Diagnostics.NETCore.Client, Version=0.2.8.21101, Culture=neutral, PublicKeyToken=31bf3856ad364e35' file path 'C:\Program Files\dotnet\sdk\7.0.400\Extensions\Microsoft.Diagnostics.NETCore.Client.dll'
TpTrace Information: 0 : 13924, 1, 2023/12/01, 11:30:56.136, 718960269156, vstest.console.dll, AssemblyResolver.OnResolve: Microsoft.Bcl.AsyncInterfaces: Resolving assembly.
TpTrace Information: 0 : 13924, 1, 2023/12/01, 11:30:56.136, 718960270115, vstest.console.dll, AssemblyResolver.OnResolve: Microsoft.Bcl.AsyncInterfaces: Searching in: 'C:\Program Files\dotnet\sdk\7.0.400\Extensions'.
TpTrace Information: 0 : 13924, 1, 2023/12/01, 11:30:56.137, 718960270965, vstest.console.dll, AssemblyResolver.OnResolve: Microsoft.Bcl.AsyncInterfaces: Assembly path does not exist: 'C:\Program Files\dotnet\sdk\7.0.400\Extensions\Microsoft.Bcl.AsyncInterfaces.dll', returning.
TpTrace Information: 0 : 13924, 1, 2023/12/01, 11:30:56.137, 718960272012, vstest.console.dll, AssemblyResolver.OnResolve: Microsoft.Bcl.AsyncInterfaces: Assembly path does not exist: 'C:\Program Files\dotnet\sdk\7.0.400\Extensions\Microsoft.Bcl.AsyncInterfaces.exe', returning.
TpTrace Information: 0 : 13924, 1, 2023/12/01, 11:30:56.137, 718960272236, vstest.console.dll, AssemblyResolver.OnResolve: Microsoft.Bcl.AsyncInterfaces: Searching in: 'C:\Program Files\dotnet\sdk\7.0.400'.
TpTrace Information: 0 : 13924, 1, 2023/12/01, 11:30:56.137, 718960272660, vstest.console.dll, AssemblyResolver.OnResolve: Microsoft.Bcl.AsyncInterfaces: Assembly path does not exist: 'C:\Program Files\dotnet\sdk\7.0.400\Microsoft.Bcl.AsyncInterfaces.dll', returning.
TpTrace Information: 0 : 13924, 1, 2023/12/01, 11:30:56.137, 718960273069, vstest.console.dll, AssemblyResolver.OnResolve: Microsoft.Bcl.AsyncInterfaces: Assembly path does not exist: 'C:\Program Files\dotnet\sdk\7.0.400\Microsoft.Bcl.AsyncInterfaces.exe', returning.
TpTrace Information: 0 : 13924, 1, 2023/12/01, 11:30:56.137, 718960273289, vstest.console.dll, AssemblyResolver.OnResolve: Microsoft.Bcl.AsyncInterfaces: Failed to load assembly.
TpTrace Verbose: 0 : 13924, 1, 2023/12/01, 11:30:56.137, 718960273542, vstest.console.dll, CurrentDomainAssemblyResolve: Resolving assembly 'Microsoft.Bcl.AsyncInterfaces'.
TpTrace Information: 0 : 13924, 1, 2023/12/01, 11:30:56.137, 718960274088, vstest.console.dll, AssemblyResolver.OnResolve: Microsoft.Bcl.AsyncInterfaces: Resolving assembly.
TpTrace Information: 0 : 13924, 1, 2023/12/01, 11:30:56.137, 718960274371, vstest.console.dll, AssemblyResolver.OnResolve: Microsoft.Bcl.AsyncInterfaces: Resolved from cache.
TpTrace Verbose: 0 : 13924, 1, 2023/12/01, 11:30:56.137, 718960274533, vstest.console.dll, CurrentDomainAssemblyResolve: Resolving assembly 'Microsoft.Bcl.AsyncInterfaces'.
TpTrace Verbose: 0 : 13924, 1, 2023/12/01, 11:30:56.137, 718960274802, vstest.console.dll, CurrentDomainAssemblyResolve: Failed to resolve assembly 'Microsoft.Bcl.AsyncInterfaces'.
TpTrace Verbose: 0 : 13924, 1, 2023/12/01, 11:30:56.138, 718960281477, vstest.console.dll, CurrentDomainAssemblyResolve: Failed to resolve assembly 'Microsoft.Bcl.AsyncInterfaces'.
TpTrace Warning: 0 : 13924, 1, 2023/12/01, 11:30:56.145, 718960355266, vstest.console.dll, TestPluginDiscoverer: Failed to get types from assembly 'Microsoft.Diagnostics.NETCore.Client, Version=0.2.8.21101, Culture=neutral, PublicKeyToken=31bf3856ad364e35'. Error: System.Reflection.ReflectionTypeLoadException: Unable to load one or more of the requested types.
Could not load file or assembly 'Microsoft.Bcl.AsyncInterfaces, Version=1.0.0.0, Culture=neutral, PublicKeyToken=cc7b13ffcd2ddd51'. The system cannot find the file specified.
   at System.Reflection.RuntimeModule.GetTypes(RuntimeModule module)
   at System.Reflection.Assembly.GetTypes()
   at Microsoft.VisualStudio.TestPlatform.Common.ExtensionFramework.TestPluginDiscoverer.GetTestExtensionsFromAssembly[TPluginInfo,TExtension](Assembly assembly, Dictionary`2 pluginInfos, String filePath) in /_/src/Microsoft.TestPlatform.Common/ExtensionFramework/TestPluginDiscoverer.cs:line 158
System.IO.FileNotFoundException: Could not load file or assembly 'Microsoft.Bcl.AsyncInterfaces, Version=1.0.0.0, Culture=neutral, PublicKeyToken=cc7b13ffcd2ddd51'. The system cannot find the file specified.
File name: 'Microsoft.Bcl.AsyncInterfaces, Version=1.0.0.0, Culture=neutral, PublicKeyToken=cc7b13ffcd2ddd51'
 ---> System.IO.FileNotFoundException: Could not load file or assembly 'Microsoft.Bcl.AsyncInterfaces, Culture=neutral, PublicKeyToken=null'. The system cannot find the file specified.
File name: 'Microsoft.Bcl.AsyncInterfaces, Culture=neutral, PublicKeyToken=null'
   at System.Reflection.RuntimeAssembly.InternalLoad(AssemblyName assemblyName, StackCrawlMark& stackMark, AssemblyLoadContext assemblyLoadContext, RuntimeAssembly requestingAssembly, Boolean throwOnFileNotFound)
   at System.Reflection.Assembly.Load(AssemblyName assemblyRef)
   at Microsoft.VisualStudio.TestPlatform.Common.ExtensionFramework.TestPluginCache.CurrentDomainAssemblyResolve(Object sender, AssemblyResolveEventArgs args) in /_/src/Microsoft.TestPlatform.Common/ExtensionFramework/TestPluginCache.cs:line 513
   at System.Runtime.Loader.AssemblyLoadContext.GetFirstResolvedAssemblyFromResolvingEvent(AssemblyName assemblyName)
   at System.Runtime.Loader.AssemblyLoadContext.ResolveUsingEvent(AssemblyName assemblyName)
   at System.Runtime.Loader.AssemblyLoadContext.ResolveUsingResolvingEvent(IntPtr gchManagedAssemblyLoadContext, AssemblyName assemblyName)
TpTrace Warning: 0 : 13924, 1, 2023/12/01, 11:30:56.145, 718960358828, vstest.console.dll, LoaderExceptions: System.IO.FileNotFoundException: Could not load file or assembly 'Microsoft.Bcl.AsyncInterfaces, Version=1.0.0.0, Culture=neutral, PublicKeyToken=cc7b13ffcd2ddd51'. The system cannot find the file specified.
File name: 'Microsoft.Bcl.AsyncInterfaces, Version=1.0.0.0, Culture=neutral, PublicKeyToken=cc7b13ffcd2ddd51'
 ---> System.IO.FileNotFoundException: Could not load file or assembly 'Microsoft.Bcl.AsyncInterfaces, Culture=neutral, PublicKeyToken=null'. The system cannot find the file specified.
File name: 'Microsoft.Bcl.AsyncInterfaces, Culture=neutral, PublicKeyToken=null'
   at System.Reflection.RuntimeAssembly.InternalLoad(AssemblyName assemblyName, StackCrawlMark& stackMark, AssemblyLoadContext assemblyLoadContext, RuntimeAssembly requestingAssembly, Boolean throwOnFileNotFound)
   at System.Reflection.Assembly.Load(AssemblyName assemblyRef)
   at Microsoft.VisualStudio.TestPlatform.Common.ExtensionFramework.TestPluginCache.CurrentDomainAssemblyResolve(Object sender, AssemblyResolveEventArgs args) in /_/src/Microsoft.TestPlatform.Common/ExtensionFramework/TestPluginCache.cs:line 513
   at System.Runtime.Loader.AssemblyLoadContext.GetFirstResolvedAssemblyFromResolvingEvent(AssemblyName assemblyName)
   at System.Runtime.Loader.AssemblyLoadContext.ResolveUsingEvent(AssemblyName assemblyName)
   at System.Runtime.Loader.AssemblyLoadContext.ResolveUsingResolvingEvent(IntPtr gchManagedAssemblyLoadContext, AssemblyName assemblyName)
TpTrace Information: 0 : 13924, 1, 2023/12/01, 11:30:56.146, 718960360404, vstest.console.dll, AssemblyResolver.OnResolve: Microsoft.TestPlatform.Extensions.BlameDataCollector: Resolving assembly.
TpTrace Information: 0 : 13924, 1, 2023/12/01, 11:30:56.146, 718960360727, vstest.console.dll, AssemblyResolver.OnResolve: Microsoft.TestPlatform.Extensions.BlameDataCollector: Searching in: 'C:\Program Files\dotnet\sdk\7.0.400\Extensions'.
TpTrace Information: 0 : 13924, 1, 2023/12/01, 11:30:56.146, 718960363665, vstest.console.dll, AssemblyResolver.OnResolve: Microsoft.TestPlatform.Extensions.BlameDataCollector: Loading assembly 'C:\Program Files\dotnet\sdk\7.0.400\Extensions\Microsoft.TestPlatform.Extensions.BlameDataCollector.dll'.
TpTrace Information: 0 : 13924, 1, 2023/12/01, 11:30:56.146, 718960367368, vstest.console.dll, AssemblyResolver.OnResolve: Resolved assembly: Microsoft.TestPlatform.Extensions.BlameDataCollector, from path: C:\Program Files\dotnet\sdk\7.0.400\Extensions\Microsoft.TestPlatform.Extensions.BlameDataCollector.dll
TpTrace Verbose: 0 : 13924, 1, 2023/12/01, 11:30:56.146, 718960367993, vstest.console.dll, MetadataReaderExtensionsHelper: Discovering extensions inside assembly 'Microsoft.TestPlatform.Extensions.BlameDataCollector, Version=15.0.0.0, Culture=neutral, PublicKeyToken=b03f5f7f11d50a3a' file path 'C:\Program Files\dotnet\sdk\7.0.400\Extensions\Microsoft.TestPlatform.Extensions.BlameDataCollector.dll'
TpTrace Information: 0 : 13924, 1, 2023/12/01, 11:30:56.147, 718960379679, vstest.console.dll, AssemblyResolver.OnResolve: Microsoft.TestPlatform.Extensions.EventLogCollector: Resolving assembly.
TpTrace Information: 0 : 13924, 1, 2023/12/01, 11:30:56.148, 718960380589, vstest.console.dll, AssemblyResolver.OnResolve: Microsoft.TestPlatform.Extensions.EventLogCollector: Searching in: 'C:\Program Files\dotnet\sdk\7.0.400\Extensions'.
TpTrace Information: 0 : 13924, 1, 2023/12/01, 11:30:56.148, 718960383364, vstest.console.dll, AssemblyResolver.OnResolve: Microsoft.TestPlatform.Extensions.EventLogCollector: Loading assembly 'C:\Program Files\dotnet\sdk\7.0.400\Extensions\Microsoft.TestPlatform.Extensions.EventLogCollector.dll'.
TpTrace Information: 0 : 13924, 1, 2023/12/01, 11:30:56.148, 718960385933, vstest.console.dll, AssemblyResolver.OnResolve: Resolved assembly: Microsoft.TestPlatform.Extensions.EventLogCollector, from path: C:\Program Files\dotnet\sdk\7.0.400\Extensions\Microsoft.TestPlatform.Extensions.EventLogCollector.dll
TpTrace Verbose: 0 : 13924, 1, 2023/12/01, 11:30:56.148, 718960386492, vstest.console.dll, MetadataReaderExtensionsHelper: Discovering extensions inside assembly 'Microsoft.TestPlatform.Extensions.EventLogCollector, Version=15.0.0.0, Culture=neutral, PublicKeyToken=b03f5f7f11d50a3a' file path 'C:\Program Files\dotnet\sdk\7.0.400\Extensions\Microsoft.TestPlatform.Extensions.EventLogCollector.dll'
TpTrace Information: 0 : 13924, 1, 2023/12/01, 11:30:56.149, 718960399350, vstest.console.dll, AssemblyResolver.OnResolve: Microsoft.TestPlatform.TestHostRuntimeProvider: Resolving assembly.
TpTrace Information: 0 : 13924, 1, 2023/12/01, 11:30:56.150, 718960400136, vstest.console.dll, AssemblyResolver.OnResolve: Microsoft.TestPlatform.TestHostRuntimeProvider: Searching in: 'C:\Program Files\dotnet\sdk\7.0.400\Extensions'.
TpTrace Information: 0 : 13924, 1, 2023/12/01, 11:30:56.150, 718960402154, vstest.console.dll, AssemblyResolver.OnResolve: Microsoft.TestPlatform.TestHostRuntimeProvider: Loading assembly 'C:\Program Files\dotnet\sdk\7.0.400\Extensions\Microsoft.TestPlatform.TestHostRuntimeProvider.dll'.
TpTrace Information: 0 : 13924, 1, 2023/12/01, 11:30:56.150, 718960405014, vstest.console.dll, AssemblyResolver.OnResolve: Resolved assembly: Microsoft.TestPlatform.TestHostRuntimeProvider, from path: C:\Program Files\dotnet\sdk\7.0.400\Extensions\Microsoft.TestPlatform.TestHostRuntimeProvider.dll
TpTrace Verbose: 0 : 13924, 1, 2023/12/01, 11:30:56.150, 718960405492, vstest.console.dll, MetadataReaderExtensionsHelper: Discovering extensions inside assembly 'Microsoft.TestPlatform.TestHostRuntimeProvider, Version=15.0.0.0, Culture=neutral, PublicKeyToken=b03f5f7f11d50a3a' file path 'C:\Program Files\dotnet\sdk\7.0.400\Extensions\Microsoft.TestPlatform.TestHostRuntimeProvider.dll'
TpTrace Information: 0 : 13924, 1, 2023/12/01, 11:30:56.151, 718960418814, vstest.console.dll, GetTestExtensionFromType: Register extension with identifier data 'HostProvider://DefaultTestHost' and type 'Microsoft.VisualStudio.TestPlatform.CrossPlatEngine.Hosting.DefaultTestHostManager, Microsoft.TestPlatform.TestHostRuntimeProvider, Version=15.0.0.0, Culture=neutral, PublicKeyToken=b03f5f7f11d50a3a' inside file 'C:\Program Files\dotnet\sdk\7.0.400\Extensions\Microsoft.TestPlatform.TestHostRuntimeProvider.dll'
TpTrace Information: 0 : 13924, 1, 2023/12/01, 11:30:56.152, 718960421487, vstest.console.dll, GetTestExtensionFromType: Register extension with identifier data 'HostProvider://DotnetTestHost' and type 'Microsoft.VisualStudio.TestPlatform.CrossPlatEngine.Hosting.DotnetTestHostManager, Microsoft.TestPlatform.TestHostRuntimeProvider, Version=15.0.0.0, Culture=neutral, PublicKeyToken=b03f5f7f11d50a3a' inside file 'C:\Program Files\dotnet\sdk\7.0.400\Extensions\Microsoft.TestPlatform.TestHostRuntimeProvider.dll'
TpTrace Information: 0 : 13924, 1, 2023/12/01, 11:30:56.152, 718960422204, vstest.console.dll, AssemblyResolver.OnResolve: Microsoft.VisualStudio.TestPlatform.Extensions.Html.TestLogger: Resolving assembly.
TpTrace Information: 0 : 13924, 1, 2023/12/01, 11:30:56.152, 718960422415, vstest.console.dll, AssemblyResolver.OnResolve: Microsoft.VisualStudio.TestPlatform.Extensions.Html.TestLogger: Searching in: 'C:\Program Files\dotnet\sdk\7.0.400\Extensions'.
TpTrace Information: 0 : 13924, 1, 2023/12/01, 11:30:56.152, 718960424800, vstest.console.dll, AssemblyResolver.OnResolve: Microsoft.VisualStudio.TestPlatform.Extensions.Html.TestLogger: Loading assembly 'C:\Program Files\dotnet\sdk\7.0.400\Extensions\Microsoft.VisualStudio.TestPlatform.Extensions.Html.TestLogger.dll'.
TpTrace Information: 0 : 13924, 1, 2023/12/01, 11:30:56.152, 718960427950, vstest.console.dll, AssemblyResolver.OnResolve: Resolved assembly: Microsoft.VisualStudio.TestPlatform.Extensions.Html.TestLogger, from path: C:\Program Files\dotnet\sdk\7.0.400\Extensions\Microsoft.VisualStudio.TestPlatform.Extensions.Html.TestLogger.dll
TpTrace Verbose: 0 : 13924, 1, 2023/12/01, 11:30:56.152, 718960428468, vstest.console.dll, MetadataReaderExtensionsHelper: Discovering extensions inside assembly 'Microsoft.VisualStudio.TestPlatform.Extensions.Html.TestLogger, Version=15.0.0.0, Culture=neutral, PublicKeyToken=b03f5f7f11d50a3a' file path 'C:\Program Files\dotnet\sdk\7.0.400\Extensions\Microsoft.VisualStudio.TestPlatform.Extensions.Html.TestLogger.dll'
TpTrace Information: 0 : 13924, 1, 2023/12/01, 11:30:56.153, 718960435572, vstest.console.dll, AssemblyResolver.OnResolve: Microsoft.VisualStudio.TestPlatform.Extensions.Trx.TestLogger: Resolving assembly.
TpTrace Information: 0 : 13924, 1, 2023/12/01, 11:30:56.153, 718960436494, vstest.console.dll, AssemblyResolver.OnResolve: Microsoft.VisualStudio.TestPlatform.Extensions.Trx.TestLogger: Searching in: 'C:\Program Files\dotnet\sdk\7.0.400\Extensions'.
TpTrace Information: 0 : 13924, 1, 2023/12/01, 11:30:56.153, 718960439060, vstest.console.dll, AssemblyResolver.OnResolve: Microsoft.VisualStudio.TestPlatform.Extensions.Trx.TestLogger: Loading assembly 'C:\Program Files\dotnet\sdk\7.0.400\Extensions\Microsoft.VisualStudio.TestPlatform.Extensions.Trx.TestLogger.dll'.
TpTrace Information: 0 : 13924, 1, 2023/12/01, 11:30:56.154, 718960442648, vstest.console.dll, AssemblyResolver.OnResolve: Resolved assembly: Microsoft.VisualStudio.TestPlatform.Extensions.Trx.TestLogger, from path: C:\Program Files\dotnet\sdk\7.0.400\Extensions\Microsoft.VisualStudio.TestPlatform.Extensions.Trx.TestLogger.dll
TpTrace Verbose: 0 : 13924, 1, 2023/12/01, 11:30:56.154, 718960443243, vstest.console.dll, MetadataReaderExtensionsHelper: Discovering extensions inside assembly 'Microsoft.VisualStudio.TestPlatform.Extensions.Trx.TestLogger, Version=15.0.0.0, Culture=neutral, PublicKeyToken=b03f5f7f11d50a3a' file path 'C:\Program Files\dotnet\sdk\7.0.400\Extensions\Microsoft.VisualStudio.TestPlatform.Extensions.Trx.TestLogger.dll'
TpTrace Verbose: 0 : 13924, 1, 2023/12/01, 11:30:56.155, 718960452373, vstest.console.dll, TestPluginCache: Discovered the extensions using extension path ''.
TpTrace Verbose: 0 : 13924, 1, 2023/12/01, 11:30:56.155, 718960453237, vstest.console.dll, TestPluginCache: Discoverers are ''.
TpTrace Verbose: 0 : 13924, 1, 2023/12/01, 11:30:56.155, 718960453397, vstest.console.dll, TestPluginCache: Executors are ''.
TpTrace Verbose: 0 : 13924, 1, 2023/12/01, 11:30:56.155, 718960453540, vstest.console.dll, TestPluginCache: Executors2 are ''.
TpTrace Verbose: 0 : 13924, 1, 2023/12/01, 11:30:56.155, 718960453677, vstest.console.dll, TestPluginCache: Setting providers are ''.
TpTrace Verbose: 0 : 13924, 1, 2023/12/01, 11:30:56.155, 718960453855, vstest.console.dll, TestPluginCache: Loggers are ''.
TpTrace Verbose: 0 : 13924, 1, 2023/12/01, 11:30:56.155, 718960454740, vstest.console.dll, TestPluginCache: TestHosts are 'HostProvider://DefaultTestHost,HostProvider://DotnetTestHost'.
TpTrace Verbose: 0 : 13924, 1, 2023/12/01, 11:30:56.155, 718960454963, vstest.console.dll, TestPluginCache: DataCollectors are ''.
TpTrace Information: 0 : 13924, 1, 2023/12/01, 11:30:56.162, 718960528424, vstest.console.dll, RunTestsArgumentProcessor:Execute: Test run is starting.
TpTrace Verbose: 0 : 13924, 1, 2023/12/01, 11:30:56.162, 718960529275, vstest.console.dll, RunTestsArgumentProcessor:Execute: Queuing Test run.
TpTrace Information: 0 : 13924, 1, 2023/12/01, 11:30:56.163, 718960530921, vstest.console.dll, TestRequestManager.RunTests: run tests started.
TpTrace Information: 0 : 13924, 1, 2023/12/01, 11:30:56.164, 718960540170, vstest.console.dll, AssemblyMetadataProvider.GetFrameworkName: Determined framework:'.NETCoreApp,Version=v6.0' for source: 'C:\Pryazha\Labs\course_2\semester_1\oop\lab_5\ProgramTests\bin\Debug\net6.0\fine-code-coverage\build-output\ProgramTests.dll'
TpTrace Information: 0 : 13924, 1, 2023/12/01, 11:30:56.164, 718960541924, vstest.console.dll, Determined framework for all sources: .NETCoreApp,Version=v6.0
TpTrace Verbose: 0 : 13924, 1, 2023/12/01, 11:30:56.164, 718960545248, vstest.console.dll, TestRequestManager.UpdateRunSettingsIfRequired: Default architecture: X64 IsDefaultTargetArchitecture: True, Current process architecture: X64 OperatingSystem: Windows.
TpTrace Information: 0 : 13924, 1, 2023/12/01, 11:30:56.165, 718960559907, vstest.console.dll, AssemblyMetadataProvider.GetArchitecture: Determined architecture:AnyCPU info for assembly: C:\Pryazha\Labs\course_2\semester_1\oop\lab_5\ProgramTests\bin\Debug\net6.0\fine-code-coverage\build-output\ProgramTests.dll
TpTrace Information: 0 : 13924, 1, 2023/12/01, 11:30:56.166, 718960560657, vstest.console.dll, Determined platform for source 'C:\Pryazha\Labs\course_2\semester_1\oop\lab_5\ProgramTests\bin\Debug\net6.0\fine-code-coverage\build-output\ProgramTests.dll' was AnyCPU and it will use the default plaform X64.
TpTrace Information: 0 : 13924, 1, 2023/12/01, 11:30:56.166, 718960560915, vstest.console.dll, None of the sources provided any runnable platform, using the default platform: X64
TpTrace Information: 0 : 13924, 1, 2023/12/01, 11:30:56.166, 718960561721, vstest.console.dll, Platform was updated to 'X64'.
TpTrace Information: 0 : 13924, 1, 2023/12/01, 11:30:56.168, 718960587867, vstest.console.dll, InferRunSettingsHelper.IsTestSettingsEnabled: Unable to navigate to RunSettings/MSTest. Current node: RunSettings
TpTrace Information: 0 : 13924, 1, 2023/12/01, 11:30:56.169, 718960593884, vstest.console.dll, AssemblyResolver.OnResolve: Microsoft.VisualStudio.TestPlatform.Fakes: Resolving assembly.
TpTrace Information: 0 : 13924, 1, 2023/12/01, 11:30:56.169, 718960594542, vstest.console.dll, AssemblyResolver.OnResolve: Microsoft.VisualStudio.TestPlatform.Fakes: Searching in: 'C:\Program Files\dotnet\sdk\7.0.400\Extensions'.
TpTrace Information: 0 : 13924, 1, 2023/12/01, 11:30:56.169, 718960595454, vstest.console.dll, AssemblyResolver.OnResolve: Microsoft.VisualStudio.TestPlatform.Fakes: Assembly path does not exist: 'C:\Program Files\dotnet\sdk\7.0.400\Extensions\Microsoft.VisualStudio.TestPlatform.Fakes.dll', returning.
TpTrace Information: 0 : 13924, 1, 2023/12/01, 11:30:56.169, 718960595842, vstest.console.dll, AssemblyResolver.OnResolve: Microsoft.VisualStudio.TestPlatform.Fakes: Assembly path does not exist: 'C:\Program Files\dotnet\sdk\7.0.400\Extensions\Microsoft.VisualStudio.TestPlatform.Fakes.exe', returning.
TpTrace Information: 0 : 13924, 1, 2023/12/01, 11:30:56.169, 718960596014, vstest.console.dll, AssemblyResolver.OnResolve: Microsoft.VisualStudio.TestPlatform.Fakes: Searching in: 'C:\Program Files\dotnet\sdk\7.0.400'.
TpTrace Information: 0 : 13924, 1, 2023/12/01, 11:30:56.169, 718960596478, vstest.console.dll, AssemblyResolver.OnResolve: Microsoft.VisualStudio.TestPlatform.Fakes: Assembly path does not exist: 'C:\Program Files\dotnet\sdk\7.0.400\Microsoft.VisualStudio.TestPlatform.Fakes.dll', returning.
TpTrace Information: 0 : 13924, 1, 2023/12/01, 11:30:56.169, 718960596991, vstest.console.dll, AssemblyResolver.OnResolve: Microsoft.VisualStudio.TestPlatform.Fakes: Assembly path does not exist: 'C:\Program Files\dotnet\sdk\7.0.400\Microsoft.VisualStudio.TestPlatform.Fakes.exe', returning.
TpTrace Information: 0 : 13924, 1, 2023/12/01, 11:30:56.169, 718960597197, vstest.console.dll, AssemblyResolver.OnResolve: Microsoft.VisualStudio.TestPlatform.Fakes: Failed to load assembly.
TpTrace Information: 0 : 13924, 1, 2023/12/01, 11:30:56.169, 718960599471, vstest.console.dll, Failed to load assembly Microsoft.VisualStudio.TestPlatform.Fakes, Version=17.0.0.0, Culture=neutral. Reason:System.IO.FileNotFoundException: Could not load file or assembly 'Microsoft.VisualStudio.TestPlatform.Fakes, Version=17.0.0.0, Culture=neutral, PublicKeyToken=null'. The system cannot find the file specified.
File name: 'Microsoft.VisualStudio.TestPlatform.Fakes, Version=17.0.0.0, Culture=neutral, PublicKeyToken=null'
   at System.Reflection.RuntimeAssembly.InternalLoad(AssemblyName assemblyName, StackCrawlMark& stackMark, AssemblyLoadContext assemblyLoadContext, RuntimeAssembly requestingAssembly, Boolean throwOnFileNotFound)
   at System.Reflection.Assembly.Load(AssemblyName assemblyRef)
   at Microsoft.VisualStudio.TestPlatform.Common.Utilities.FakesUtilities.LoadTestPlatformAssembly() in /_/src/Microsoft.TestPlatform.Common/Utilities/FakesUtilities.cs:line 272
TpTrace Verbose: 0 : 13924, 1, 2023/12/01, 11:30:56.172, 718960628550, vstest.console.dll, TestPluginCache.DiscoverTestExtensions: finding test extensions in assemblies ends with: TestLogger.dll TPluginInfo: Microsoft.VisualStudio.TestPlatform.Common.ExtensionFramework.Utilities.TestLoggerPluginInformation TExtension: Microsoft.VisualStudio.TestPlatform.ObjectModel.Client.ITestLogger
TpTrace Verbose: 0 : 13924, 1, 2023/12/01, 11:30:56.172, 718960629776, vstest.console.dll, TestPluginCache.GetExtensionPaths: Filtered extension paths: 
TpTrace Verbose: 0 : 13924, 1, 2023/12/01, 11:30:56.172, 718960629993, vstest.console.dll, TestPluginCache.GetExtensionPaths: Added default extension paths: C:\Program Files\dotnet\sdk\7.0.400\Extensions\Microsoft.Diagnostics.NETCore.Client.dll
C:\Program Files\dotnet\sdk\7.0.400\Extensions\Microsoft.TestPlatform.Extensions.BlameDataCollector.dll
C:\Program Files\dotnet\sdk\7.0.400\Extensions\Microsoft.TestPlatform.Extensions.EventLogCollector.dll
C:\Program Files\dotnet\sdk\7.0.400\Extensions\Microsoft.TestPlatform.TestHostRuntimeProvider.dll
C:\Program Files\dotnet\sdk\7.0.400\Extensions\Microsoft.VisualStudio.TestPlatform.Extensions.Html.TestLogger.dll
C:\Program Files\dotnet\sdk\7.0.400\Extensions\Microsoft.VisualStudio.TestPlatform.Extensions.Trx.TestLogger.dll
TpTrace Verbose: 0 : 13924, 1, 2023/12/01, 11:30:56.173, 718960630167, vstest.console.dll, TestPluginCache.GetExtensionPaths: Added unfilterableExtensionPaths: 
TpTrace Information: 0 : 13924, 1, 2023/12/01, 11:30:56.173, 718960631478, vstest.console.dll, AssemblyResolver.AddSearchDirectories: Adding more searchDirectories C:\Program Files\dotnet\sdk\7.0.400\Extensions,C:\Program Files\dotnet\sdk\7.0.400
TpTrace Verbose: 0 : 13924, 1, 2023/12/01, 11:30:56.173, 718960631784, vstest.console.dll, TestPluginCache.DiscoverTestExtensions: Discovering the extensions using extension path.
TpTrace Verbose: 0 : 13924, 1, 2023/12/01, 11:30:56.173, 718960632012, vstest.console.dll, TestPluginCache.GetExtensionPaths: Filtered extension paths: 
TpTrace Verbose: 0 : 13924, 1, 2023/12/01, 11:30:56.173, 718960632216, vstest.console.dll, TestPluginCache.GetExtensionPaths: Added default extension paths: C:\Program Files\dotnet\sdk\7.0.400\Extensions\Microsoft.Diagnostics.NETCore.Client.dll
C:\Program Files\dotnet\sdk\7.0.400\Extensions\Microsoft.TestPlatform.Extensions.BlameDataCollector.dll
C:\Program Files\dotnet\sdk\7.0.400\Extensions\Microsoft.TestPlatform.Extensions.EventLogCollector.dll
C:\Program Files\dotnet\sdk\7.0.400\Extensions\Microsoft.TestPlatform.TestHostRuntimeProvider.dll
C:\Program Files\dotnet\sdk\7.0.400\Extensions\Microsoft.VisualStudio.TestPlatform.Extensions.Html.TestLogger.dll
C:\Program Files\dotnet\sdk\7.0.400\Extensions\Microsoft.VisualStudio.TestPlatform.Extensions.Trx.TestLogger.dll
TpTrace Verbose: 0 : 13924, 1, 2023/12/01, 11:30:56.173, 718960632381, vstest.console.dll, TestPluginCache.GetExtensionPaths: Added unfilterableExtensionPaths: 
TpTrace Verbose: 0 : 13924, 1, 2023/12/01, 11:30:56.173, 718960632581, vstest.console.dll, TestPluginCache.DiscoverTestExtensions: Discovering the extensions using allExtensionPaths: C:\Program Files\dotnet\sdk\7.0.400\Extensions\Microsoft.Diagnostics.NETCore.Client.dll
C:\Program Files\dotnet\sdk\7.0.400\Extensions\Microsoft.TestPlatform.Extensions.BlameDataCollector.dll
C:\Program Files\dotnet\sdk\7.0.400\Extensions\Microsoft.TestPlatform.Extensions.EventLogCollector.dll
C:\Program Files\dotnet\sdk\7.0.400\Extensions\Microsoft.TestPlatform.TestHostRuntimeProvider.dll
C:\Program Files\dotnet\sdk\7.0.400\Extensions\Microsoft.VisualStudio.TestPlatform.Extensions.Html.TestLogger.dll
C:\Program Files\dotnet\sdk\7.0.400\Extensions\Microsoft.VisualStudio.TestPlatform.Extensions.Trx.TestLogger.dll
TpTrace Information: 0 : 13924, 1, 2023/12/01, 11:30:56.173, 718960633435, vstest.console.dll, AssemblyResolver.AddSearchDirectories: Adding more searchDirectories C:\Program Files\dotnet\sdk\7.0.400\Extensions,C:\Program Files\dotnet\sdk\7.0.400
TpTrace Information: 0 : 13924, 1, 2023/12/01, 11:30:56.173, 718960633809, vstest.console.dll, AssemblyResolver.AddSearchDirectories: Adding more searchDirectories C:\Program Files\dotnet\sdk\7.0.400\Extensions,C:\Program Files\dotnet\sdk\7.0.400
TpTrace Information: 0 : 13924, 1, 2023/12/01, 11:30:56.173, 718960634015, vstest.console.dll, AssemblyResolver.AddSearchDirectories: Adding more searchDirectories C:\Program Files\dotnet\sdk\7.0.400\Extensions,C:\Program Files\dotnet\sdk\7.0.400
TpTrace Information: 0 : 13924, 1, 2023/12/01, 11:30:56.173, 718960634193, vstest.console.dll, AssemblyResolver.AddSearchDirectories: Adding more searchDirectories C:\Program Files\dotnet\sdk\7.0.400\Extensions,C:\Program Files\dotnet\sdk\7.0.400
TpTrace Information: 0 : 13924, 1, 2023/12/01, 11:30:56.173, 718960634391, vstest.console.dll, AssemblyResolver.AddSearchDirectories: Adding more searchDirectories C:\Program Files\dotnet\sdk\7.0.400\Extensions,C:\Program Files\dotnet\sdk\7.0.400
TpTrace Information: 0 : 13924, 1, 2023/12/01, 11:30:56.173, 718960634557, vstest.console.dll, AssemblyResolver.AddSearchDirectories: Adding more searchDirectories C:\Program Files\dotnet\sdk\7.0.400\Extensions,C:\Program Files\dotnet\sdk\7.0.400
TpTrace Verbose: 0 : 13924, 1, 2023/12/01, 11:30:56.173, 718960635409, vstest.console.dll, MetadataReaderExtensionsHelper: Discovering extensions inside assembly 'Microsoft.Diagnostics.NETCore.Client, Version=0.2.8.21101, Culture=neutral, PublicKeyToken=31bf3856ad364e35' file path 'C:\Program Files\dotnet\sdk\7.0.400\Extensions\Microsoft.Diagnostics.NETCore.Client.dll'
TpTrace Information: 0 : 13924, 1, 2023/12/01, 11:30:56.174, 718960641264, vstest.console.dll, AssemblyResolver.OnResolve: Microsoft.Bcl.AsyncInterfaces: Resolving assembly.
TpTrace Information: 0 : 13924, 1, 2023/12/01, 11:30:56.174, 718960641934, vstest.console.dll, AssemblyResolver.OnResolve: Microsoft.Bcl.AsyncInterfaces: Resolved from cache.
TpTrace Verbose: 0 : 13924, 1, 2023/12/01, 11:30:56.174, 718960642147, vstest.console.dll, CurrentDomainAssemblyResolve: Resolving assembly 'Microsoft.Bcl.AsyncInterfaces'.
TpTrace Information: 0 : 13924, 1, 2023/12/01, 11:30:56.174, 718960642466, vstest.console.dll, AssemblyResolver.OnResolve: Microsoft.Bcl.AsyncInterfaces: Resolving assembly.
TpTrace Information: 0 : 13924, 1, 2023/12/01, 11:30:56.174, 718960642631, vstest.console.dll, AssemblyResolver.OnResolve: Microsoft.Bcl.AsyncInterfaces: Resolved from cache.
TpTrace Verbose: 0 : 13924, 1, 2023/12/01, 11:30:56.174, 718960642778, vstest.console.dll, CurrentDomainAssemblyResolve: Resolving assembly 'Microsoft.Bcl.AsyncInterfaces'.
TpTrace Verbose: 0 : 13924, 1, 2023/12/01, 11:30:56.174, 718960642923, vstest.console.dll, CurrentDomainAssemblyResolve: Failed to resolve assembly 'Microsoft.Bcl.AsyncInterfaces'.
TpTrace Verbose: 0 : 13924, 1, 2023/12/01, 11:30:56.174, 718960644180, vstest.console.dll, CurrentDomainAssemblyResolve: Failed to resolve assembly 'Microsoft.Bcl.AsyncInterfaces'.
TpTrace Warning: 0 : 13924, 1, 2023/12/01, 11:30:56.174, 718960647122, vstest.console.dll, TestPluginDiscoverer: Failed to get types from assembly 'Microsoft.Diagnostics.NETCore.Client, Version=0.2.8.21101, Culture=neutral, PublicKeyToken=31bf3856ad364e35'. Error: System.Reflection.ReflectionTypeLoadException: Unable to load one or more of the requested types.
Could not load file or assembly 'Microsoft.Bcl.AsyncInterfaces, Version=1.0.0.0, Culture=neutral, PublicKeyToken=cc7b13ffcd2ddd51'. The system cannot find the file specified.
   at System.Reflection.RuntimeModule.GetTypes(RuntimeModule module)
   at System.Reflection.Assembly.GetTypes()
   at Microsoft.VisualStudio.TestPlatform.Common.ExtensionFramework.TestPluginDiscoverer.GetTestExtensionsFromAssembly[TPluginInfo,TExtension](Assembly assembly, Dictionary`2 pluginInfos, String filePath) in /_/src/Microsoft.TestPlatform.Common/ExtensionFramework/TestPluginDiscoverer.cs:line 158
System.IO.FileNotFoundException: Could not load file or assembly 'Microsoft.Bcl.AsyncInterfaces, Version=1.0.0.0, Culture=neutral, PublicKeyToken=cc7b13ffcd2ddd51'. The system cannot find the file specified.
File name: 'Microsoft.Bcl.AsyncInterfaces, Version=1.0.0.0, Culture=neutral, PublicKeyToken=cc7b13ffcd2ddd51'
 ---> System.IO.FileNotFoundException: Could not load file or assembly 'Microsoft.Bcl.AsyncInterfaces, Culture=neutral, PublicKeyToken=null'. The system cannot find the file specified.
File name: 'Microsoft.Bcl.AsyncInterfaces, Culture=neutral, PublicKeyToken=null'
   at System.Reflection.RuntimeAssembly.InternalLoad(AssemblyName assemblyName, StackCrawlMark& stackMark, AssemblyLoadContext assemblyLoadContext, RuntimeAssembly requestingAssembly, Boolean throwOnFileNotFound)
   at System.Reflection.Assembly.Load(AssemblyName assemblyRef)
   at Microsoft.VisualStudio.TestPlatform.Common.ExtensionFramework.TestPluginCache.CurrentDomainAssemblyResolve(Object sender, AssemblyResolveEventArgs args) in /_/src/Microsoft.TestPlatform.Common/ExtensionFramework/TestPluginCache.cs:line 513
   at System.Runtime.Loader.AssemblyLoadContext.GetFirstResolvedAssemblyFromResolvingEvent(AssemblyName assemblyName)
   at System.Runtime.Loader.AssemblyLoadContext.ResolveUsingEvent(AssemblyName assemblyName)
   at System.Runtime.Loader.AssemblyLoadContext.ResolveUsingResolvingEvent(IntPtr gchManagedAssemblyLoadContext, AssemblyName assemblyName)
TpTrace Warning: 0 : 13924, 1, 2023/12/01, 11:30:56.174, 718960648340, vstest.console.dll, LoaderExceptions: System.IO.FileNotFoundException: Could not load file or assembly 'Microsoft.Bcl.AsyncInterfaces, Version=1.0.0.0, Culture=neutral, PublicKeyToken=cc7b13ffcd2ddd51'. The system cannot find the file specified.
File name: 'Microsoft.Bcl.AsyncInterfaces, Version=1.0.0.0, Culture=neutral, PublicKeyToken=cc7b13ffcd2ddd51'
 ---> System.IO.FileNotFoundException: Could not load file or assembly 'Microsoft.Bcl.AsyncInterfaces, Culture=neutral, PublicKeyToken=null'. The system cannot find the file specified.
File name: 'Microsoft.Bcl.AsyncInterfaces, Culture=neutral, PublicKeyToken=null'
   at System.Reflection.RuntimeAssembly.InternalLoad(AssemblyName assemblyName, StackCrawlMark& stackMark, AssemblyLoadContext assemblyLoadContext, RuntimeAssembly requestingAssembly, Boolean throwOnFileNotFound)
   at System.Reflection.Assembly.Load(AssemblyName assemblyRef)
   at Microsoft.VisualStudio.TestPlatform.Common.ExtensionFramework.TestPluginCache.CurrentDomainAssemblyResolve(Object sender, AssemblyResolveEventArgs args) in /_/src/Microsoft.TestPlatform.Common/ExtensionFramework/TestPluginCache.cs:line 513
   at System.Runtime.Loader.AssemblyLoadContext.GetFirstResolvedAssemblyFromResolvingEvent(AssemblyName assemblyName)
   at System.Runtime.Loader.AssemblyLoadContext.ResolveUsingEvent(AssemblyName assemblyName)
   at System.Runtime.Loader.AssemblyLoadContext.ResolveUsingResolvingEvent(IntPtr gchManagedAssemblyLoadContext, AssemblyName assemblyName)
TpTrace Verbose: 0 : 13924, 1, 2023/12/01, 11:30:56.174, 718960648990, vstest.console.dll, MetadataReaderExtensionsHelper: Discovering extensions inside assembly 'Microsoft.TestPlatform.Extensions.BlameDataCollector, Version=15.0.0.0, Culture=neutral, PublicKeyToken=b03f5f7f11d50a3a' file path 'C:\Program Files\dotnet\sdk\7.0.400\Extensions\Microsoft.TestPlatform.Extensions.BlameDataCollector.dll'
TpTrace Information: 0 : 13924, 1, 2023/12/01, 11:30:56.175, 718960652935, vstest.console.dll, GetTestExtensionFromType: Register extension with identifier data 'logger://Microsoft/TestPlatform/Extensions/Blame/v1' and type 'Microsoft.TestPlatform.Extensions.BlameDataCollector.BlameLogger, Microsoft.TestPlatform.Extensions.BlameDataCollector, Version=15.0.0.0, Culture=neutral, PublicKeyToken=b03f5f7f11d50a3a' inside file 'C:\Program Files\dotnet\sdk\7.0.400\Extensions\Microsoft.TestPlatform.Extensions.BlameDataCollector.dll'
TpTrace Verbose: 0 : 13924, 1, 2023/12/01, 11:30:56.175, 718960653453, vstest.console.dll, MetadataReaderExtensionsHelper: Discovering extensions inside assembly 'Microsoft.TestPlatform.Extensions.EventLogCollector, Version=15.0.0.0, Culture=neutral, PublicKeyToken=b03f5f7f11d50a3a' file path 'C:\Program Files\dotnet\sdk\7.0.400\Extensions\Microsoft.TestPlatform.Extensions.EventLogCollector.dll'
TpTrace Verbose: 0 : 13924, 1, 2023/12/01, 11:30:56.175, 718960655322, vstest.console.dll, MetadataReaderExtensionsHelper: Discovering extensions inside assembly 'Microsoft.TestPlatform.TestHostRuntimeProvider, Version=15.0.0.0, Culture=neutral, PublicKeyToken=b03f5f7f11d50a3a' file path 'C:\Program Files\dotnet\sdk\7.0.400\Extensions\Microsoft.TestPlatform.TestHostRuntimeProvider.dll'
TpTrace Verbose: 0 : 13924, 1, 2023/12/01, 11:30:56.175, 718960657172, vstest.console.dll, MetadataReaderExtensionsHelper: Discovering extensions inside assembly 'Microsoft.VisualStudio.TestPlatform.Extensions.Html.TestLogger, Version=15.0.0.0, Culture=neutral, PublicKeyToken=b03f5f7f11d50a3a' file path 'C:\Program Files\dotnet\sdk\7.0.400\Extensions\Microsoft.VisualStudio.TestPlatform.Extensions.Html.TestLogger.dll'
TpTrace Information: 0 : 13924, 1, 2023/12/01, 11:30:56.176, 718960661382, vstest.console.dll, GetTestExtensionFromType: Register extension with identifier data 'logger://Microsoft/TestPlatform/HtmlLogger/v1' and type 'Microsoft.VisualStudio.TestPlatform.Extensions.HtmlLogger.HtmlLogger, Microsoft.VisualStudio.TestPlatform.Extensions.Html.TestLogger, Version=15.0.0.0, Culture=neutral, PublicKeyToken=b03f5f7f11d50a3a' inside file 'C:\Program Files\dotnet\sdk\7.0.400\Extensions\Microsoft.VisualStudio.TestPlatform.Extensions.Html.TestLogger.dll'
TpTrace Verbose: 0 : 13924, 1, 2023/12/01, 11:30:56.176, 718960662359, vstest.console.dll, MetadataReaderExtensionsHelper: Discovering extensions inside assembly 'Microsoft.VisualStudio.TestPlatform.Extensions.Trx.TestLogger, Version=15.0.0.0, Culture=neutral, PublicKeyToken=b03f5f7f11d50a3a' file path 'C:\Program Files\dotnet\sdk\7.0.400\Extensions\Microsoft.VisualStudio.TestPlatform.Extensions.Trx.TestLogger.dll'
TpTrace Information: 0 : 13924, 1, 2023/12/01, 11:30:56.176, 718960665617, vstest.console.dll, GetTestExtensionFromType: Register extension with identifier data 'logger://Microsoft/TestPlatform/TrxLogger/v1' and type 'Microsoft.VisualStudio.TestPlatform.Extensions.TrxLogger.TrxLogger, Microsoft.VisualStudio.TestPlatform.Extensions.Trx.TestLogger, Version=15.0.0.0, Culture=neutral, PublicKeyToken=b03f5f7f11d50a3a' inside file 'C:\Program Files\dotnet\sdk\7.0.400\Extensions\Microsoft.VisualStudio.TestPlatform.Extensions.Trx.TestLogger.dll'
TpTrace Verbose: 0 : 13924, 1, 2023/12/01, 11:30:56.176, 718960666374, vstest.console.dll, TestPluginCache: Discovered the extensions using extension path ''.
TpTrace Verbose: 0 : 13924, 1, 2023/12/01, 11:30:56.176, 718960666607, vstest.console.dll, TestPluginCache: Discoverers are ''.
TpTrace Verbose: 0 : 13924, 1, 2023/12/01, 11:30:56.176, 718960666913, vstest.console.dll, TestPluginCache: Executors are ''.
TpTrace Verbose: 0 : 13924, 1, 2023/12/01, 11:30:56.176, 718960667064, vstest.console.dll, TestPluginCache: Executors2 are ''.
TpTrace Verbose: 0 : 13924, 1, 2023/12/01, 11:30:56.176, 718960667202, vstest.console.dll, TestPluginCache: Setting providers are ''.
TpTrace Verbose: 0 : 13924, 1, 2023/12/01, 11:30:56.176, 718960667712, vstest.console.dll, TestPluginCache: Loggers are 'logger://Microsoft/TestPlatform/Extensions/Blame/v1,logger://Microsoft/TestPlatform/HtmlLogger/v1,logger://Microsoft/TestPlatform/TrxLogger/v1'.
TpTrace Verbose: 0 : 13924, 1, 2023/12/01, 11:30:56.176, 718960668039, vstest.console.dll, TestPluginCache: TestHosts are 'HostProvider://DefaultTestHost,HostProvider://DotnetTestHost'.
TpTrace Verbose: 0 : 13924, 1, 2023/12/01, 11:30:56.176, 718960668287, vstest.console.dll, TestPluginCache: DataCollectors are ''.
TpTrace Information: 0 : 13924, 1, 2023/12/01, 11:30:56.177, 718960675612, vstest.console.dll, TestPluginManager.CreateTestExtension: Attempting to load test extension: Microsoft.TestPlatform.Extensions.BlameDataCollector.BlameLogger
TpTrace Verbose: 0 : 13924, 1, 2023/12/01, 11:30:56.183, 718960738304, vstest.console.dll, TestEngine: Initializing Parallel Execution as MaxCpuCount is set to: 1
TpTrace Information: 0 : 13924, 1, 2023/12/01, 11:30:56.186, 718960767086, vstest.console.dll, TestPluginManager.CreateTestExtension: Attempting to load test extension: Microsoft.VisualStudio.TestPlatform.CrossPlatEngine.Hosting.DefaultTestHostManager
TpTrace Information: 0 : 13924, 1, 2023/12/01, 11:30:56.187, 718960774845, vstest.console.dll, TestPluginManager.CreateTestExtension: Attempting to load test extension: Microsoft.VisualStudio.TestPlatform.CrossPlatEngine.Hosting.DotnetTestHostManager
TpTrace Information: 0 : 13924, 1, 2023/12/01, 11:30:56.188, 718960780486, vstest.console.dll, InferRunSettingsHelper.IsTestSettingsEnabled: Unable to navigate to RunSettings/MSTest. Current node: RunSettings
TpTrace Verbose: 0 : 13924, 1, 2023/12/01, 11:30:56.191, 718960813741, vstest.console.dll, TestEngine.GetExecutionManager: Chosen execution manager 'Microsoft.VisualStudio.TestPlatform.CrossPlatEngine.Client.Parallel.ParallelProxyExecutionManager, Microsoft.TestPlatform.CrossPlatEngine, Version=15.0.0.0, Culture=neutral, PublicKeyToken=b03f5f7f11d50a3a' ParallelLevel '1'.
TpTrace Verbose: 0 : 13924, 1, 2023/12/01, 11:30:56.191, 718960815502, vstest.console.dll, TestRunRequest.ExecuteAsync: Creating test run request.
TpTrace Verbose: 0 : 13924, 1, 2023/12/01, 11:30:56.191, 718960817382, vstest.console.dll, TestRunRequest.ExecuteAsync: Starting.
TpTrace Information: 0 : 13924, 1, 2023/12/01, 11:30:56.191, 718960819414, vstest.console.dll, TestRunRequest.ExecuteAsync: Starting run with settings:TestRunCriteria:
   KeepAlive=False,FrequencyOfRunStatsChangeEvent=10,RunStatsChangeEventTimeout=00:00:01.5000000,TestCaseFilter=,TestExecutorLauncher=
   Settingsxml=<RunSettings>
  <RunConfiguration>
    <ResultsDirectory>C:\Pryazha\Labs\course_2\semester_1\oop\lab_5\ProgramTests\bin\Debug\net6.0\fine-code-coverage\coverage-tool-output</ResultsDirectory>
    <TargetPlatform>X64</TargetPlatform>
    <TargetFrameworkVersion>.NETCoreApp,Version=v6.0</TargetFrameworkVersion>
    <DesignMode>False</DesignMode>
    <CollectSourceInformation>False</CollectSourceInformation>
  </RunConfiguration>
  <LoggerRunSettings>
    <Loggers>
      <Logger friendlyName="blame" enabled="True" />
      <Logger friendlyName="Console" uri="logger://microsoft/TestPlatform/ConsoleLogger/v1" assemblyQualifiedName="Microsoft.VisualStudio.TestPlatform.CommandLine.Internal.ConsoleLogger, vstest.console, Version=15.0.0.0, Culture=neutral, PublicKeyToken=b03f5f7f11d50a3a" codeBase="C:\Program Files\dotnet\sdk\7.0.400\vstest.console.dll" enabled="True" />
    </Loggers>
  </LoggerRunSettings>
  <DataCollectionRunSettings>
    <DataCollectors>
      <DataCollector friendlyName="blame" enabled="True">
        <Configuration>
          <ResultsDirectory>C:\Pryazha\Labs\course_2\semester_1\oop\lab_5\ProgramTests\bin\Debug\net6.0\fine-code-coverage\coverage-tool-output</ResultsDirectory>
        </Configuration>
      </DataCollector>
    </DataCollectors>
  </DataCollectionRunSettings>
</RunSettings>

TpTrace Verbose: 0 : 13924, 1, 2023/12/01, 11:30:56.191, 718960819789, vstest.console.dll, TestRunRequest.ExecuteAsync: Wait for the first run request is over.
TpTrace Verbose: 0 : 13924, 1, 2023/12/01, 11:30:56.192, 718960822122, vstest.console.dll, MulticastDelegateUtilities.SafeInvoke: TestRun.TestRunStart: Invoking callbacks was skipped because there are no subscribers.
TpTrace Verbose: 0 : 13924, 4, 2023/12/01, 11:30:56.192, 718960824076, vstest.console.dll, MulticastDelegateUtilities.SafeInvoke: InternalTestLoggerEvents.SendTestRunStart: Invoking callback 1/1 for Microsoft.VisualStudio.TestPlatform.CommandLine.Internal.ConsoleLogger., took 0 ms.
TpTrace Verbose: 0 : 13924, 1, 2023/12/01, 11:30:56.193, 718960831348, vstest.console.dll, ParallelProxyExecutionManager: Start execution. Total sources: 1
TpTrace Verbose: 0 : 13924, 1, 2023/12/01, 11:30:56.194, 718960845790, vstest.console.dll, TestRequestSender is acting as server.
TpTrace Verbose: 0 : 13924, 1, 2023/12/01, 11:30:56.196, 718960863934, vstest.console.dll, ParallelOperationManager.RunWorkInParallel: Started work on a host.
TpTrace Verbose: 0 : 13924, 1, 2023/12/01, 11:30:56.197, 718960872114, vstest.console.dll, ProxyParallelExecutionManager: No sources available for execution.
TpTrace Information: 0 : 13924, 1, 2023/12/01, 11:30:56.197, 718960872788, vstest.console.dll, TestRunRequest.ExecuteAsync: Started.
TpTrace Verbose: 0 : 13924, 1, 2023/12/01, 11:30:56.197, 718960873452, vstest.console.dll, TestRunRequest.WaitForCompletion: Waiting with timeout -1.
TpTrace Verbose: 0 : 13924, 5, 2023/12/01, 11:30:56.197, 718960876032, vstest.console.dll, DataCollectionRequestSender.InitializeCommunication : Initialize communication. 
TpTrace Information: 0 : 13924, 5, 2023/12/01, 11:30:56.200, 718960906078, vstest.console.dll, Listening on Endpoint : 127.0.0.1:57782
TpTrace Verbose: 0 : 13924, 5, 2023/12/01, 11:30:56.206, 718960960162, vstest.console.dll, DotnetDataCollectionLauncher: Adding  --runtimeconfig "C:\Program Files\dotnet\sdk\7.0.400\datacollector.runtimeconfig.json" in args
TpTrace Verbose: 0 : 13924, 5, 2023/12/01, 11:30:56.206, 718960961490, vstest.console.dll, DotnetDataCollectionLauncher: Adding  --depsfile "C:\Program Files\dotnet\sdk\7.0.400\datacollector.deps.json" in args
TpTrace Verbose: 0 : 13924, 5, 2023/12/01, 11:30:56.206, 718960963272, vstest.console.dll, DotnetDataCollectionLauncher: Full path of dotnet.exe is C:\Program Files\dotnet\dotnet.exe
TpTrace Information: 0 : 13924, 5, 2023/12/01, 11:30:56.212, 718961022651, vstest.console.dll, ProxyDataCollectionManager.Initialize: Launched datacollector processId: 12668 port: 57782
TpTrace Information: 0 : 13924, 5, 2023/12/01, 11:30:56.212, 718961023844, vstest.console.dll, ProxyDataCollectionManager.Initialize: waiting for connection with timeout: 90 seconds
TpTrace Verbose: 0 : 13924, 5, 2023/12/01, 11:30:56.212, 718961024155, vstest.console.dll, DataCollectionRequestSender.WaitForRequestHandlerConnection : Waiting for connection with timeout: 90000
TpTrace Information: 0 : 13924, 7, 2023/12/01, 11:30:56.321, 718962110890, vstest.console.dll, Using the buffer size of 16384 bytes
TpTrace Verbose: 0 : 13924, 5, 2023/12/01, 11:30:56.321, 718962111268, vstest.console.dll, SocketCommunicationManager.WaitForClientConnection took: 108 ms, with 90000 ms timeout, and finished with True.
TpTrace Information: 0 : 13924, 7, 2023/12/01, 11:30:56.321, 718962112070, vstest.console.dll, Accepted Client request and set the flag
TpTrace Verbose: 0 : 13924, 5, 2023/12/01, 11:30:56.321, 718962113487, vstest.console.dll, ProxyDataCollectionManager.InvokeDataCollectionServiceAction: Starting.
TpTrace Information: 0 : 13924, 5, 2023/12/01, 11:30:56.321, 718962114113, vstest.console.dll, ProxyDataCollectionManager.BeforeTestRunStart: Get environment variable and port for datacollector processId: 12668 port: 57782
TpTrace Verbose: 0 : 13924, 5, 2023/12/01, 11:30:56.321, 718962115083, vstest.console.dll, DataCollectionRequestSender.SendBeforeTestRunStartAndGetResult: Send BeforeTestRunStart message with settingsXml <RunSettings><RunConfiguration><ResultsDirectory>C:\Pryazha\Labs\course_2\semester_1\oop\lab_5\ProgramTests\bin\Debug\net6.0\fine-code-coverage\coverage-tool-output</ResultsDirectory><TargetPlatform>X64</TargetPlatform><TargetFrameworkVersion>.NETCoreApp,Version=v6.0</TargetFrameworkVersion><DesignMode>False</DesignMode><CollectSourceInformation>False</CollectSourceInformation><TestAdaptersPaths>C:\Program Files\dotnet\sdk\7.0.400\Extensions</TestAdaptersPaths></RunConfiguration><LoggerRunSettings><Loggers><Logger friendlyName="blame" enabled="True" /><Logger friendlyName="Console" uri="logger://microsoft/TestPlatform/ConsoleLogger/v1" assemblyQualifiedName="Microsoft.VisualStudio.TestPlatform.CommandLine.Internal.ConsoleLogger, vstest.console, Version=15.0.0.0, Culture=neutral, PublicKeyToken=b03f5f7f11d50a3a" codeBase="C:\Program Files\dotnet\sdk\7.0.400\vstest.console.dll" enabled="True" /></Loggers></LoggerRunSettings><DataCollectionRunSettings><DataCollectors><DataCollector friendlyName="blame" enabled="True"><Configuration><ResultsDirectory>C:\Pryazha\Labs\course_2\semester_1\oop\lab_5\ProgramTests\bin\Debug\net6.0\fine-code-coverage\coverage-tool-output</ResultsDirectory></Configuration></DataCollector></DataCollectors></DataCollectionRunSettings></RunSettings> and sources System.Collections.Generic.List`1[System.String]: 
TpTrace Verbose: 0 : 13924, 5, 2023/12/01, 11:30:56.380, 718962700617, vstest.console.dll, DataCollectionRequestSender.SendBeforeTestRunStartAndGetResult: Received message: (DataCollection.SendMessage) -> {"MessageType":"DataCollection.SendMessage","Payload":{"FriendlyName":null,"Uri":null,"TestCaseId":"00000000-0000-0000-0000-000000000000","Message":"Logging DataCollector Diagnostics in file: C:\\Pryazha\\Labs\\course_2\\semester_1\\oop\\lab_5\\ProgramTests\\bin\\Debug\\net6.0\\fine-code-coverage\\coverage-tool-output\\diagnostics.datacollector.23-12-01_11-30-56_20573_5.log","Level":0}}
TpTrace Verbose: 0 : 13924, 5, 2023/12/01, 11:30:56.446, 718963369454, vstest.console.dll, DataCollectionRequestSender.SendBeforeTestRunStartAndGetResult: Received message: (DataCollection.BeforeTestRunStartResult) -> {"MessageType":"DataCollection.BeforeTestRunStartResult","Payload":{"EnvironmentVariables":{},"DataCollectionEventsPort":57784}}
TpTrace Information: 0 : 13924, 5, 2023/12/01, 11:30:56.451, 718963410246, vstest.console.dll, ProxyDataCollectionManager.BeforeTestRunStart: SendBeforeTestRunStartAndGetResult successful, env variable from datacollector:   and testhost port: 57784
TpTrace Information: 0 : 13924, 5, 2023/12/01, 11:30:56.451, 718963411445, vstest.console.dll, ProxyDataCollectionManager.InvokeDataCollectionServiceAction: Completed.
TpTrace Verbose: 0 : 13924, 5, 2023/12/01, 11:30:56.451, 718963412343, vstest.console.dll, ProxyExecutionManager: Test host is always Lazy initialize.
TpTrace Verbose: 0 : 13924, 5, 2023/12/01, 11:30:56.451, 718963414547, vstest.console.dll, TestRequestSender.InitializeCommunication: initialize communication. 
TpTrace Information: 0 : 13924, 5, 2023/12/01, 11:30:56.451, 718963418660, vstest.console.dll, SocketServer.Start: Listening on endpoint : 127.0.0.1:57785
TpTrace Verbose: 0 : 13924, 5, 2023/12/01, 11:30:56.452, 718963425527, vstest.console.dll, DotnetTestHostmanager.GetTestHostProcessStartInfo: Platform environment 'X64' target architecture 'X64' framework '.NETCoreApp,Version=v6.0' OS 'Windows'
TpTrace Verbose: 0 : 13924, 5, 2023/12/01, 11:30:56.452, 718963427491, vstest.console.dll, DotnetTestHostmanager: Adding  --runtimeconfig "C:\Pryazha\Labs\course_2\semester_1\oop\lab_5\ProgramTests\bin\Debug\net6.0\fine-code-coverage\build-output\ProgramTests.runtimeconfig.json" in args
TpTrace Verbose: 0 : 13924, 5, 2023/12/01, 11:30:56.452, 718963428116, vstest.console.dll, DotnetTestHostmanager: Adding  --depsfile "C:\Pryazha\Labs\course_2\semester_1\oop\lab_5\ProgramTests\bin\Debug\net6.0\fine-code-coverage\build-output\ProgramTests.deps.json" in args
TpTrace Verbose: 0 : 13924, 5, 2023/12/01, 11:30:56.453, 718963430142, vstest.console.dll, DotnetTestHostmanager.IsWinOnArm: Current PROCESSOR_ARCHITECTURE from environment variable 'AMD64'
TpTrace Verbose: 0 : 13924, 5, 2023/12/01, 11:30:56.453, 718963430591, vstest.console.dll, DotnetTestHostmanager.IsWinOnArm: Is Windows on ARM 'False'
TpTrace Verbose: 0 : 13924, 5, 2023/12/01, 11:30:56.453, 718963431200, vstest.console.dll, DotnetTestHostManager: testhost.exe found at path: C:\Pryazha\Labs\course_2\semester_1\oop\lab_5\ProgramTests\bin\Debug\net6.0\fine-code-coverage\build-output\testhost.exe
TpTrace Verbose: 0 : 13924, 5, 2023/12/01, 11:30:56.453, 718963431490, vstest.console.dll, DotnetTestHostmanager: Full path of host exe is C:\Pryazha\Labs\course_2\semester_1\oop\lab_5\ProgramTests\bin\Debug\net6.0\fine-code-coverage\build-output\testhost.exe
TpTrace Verbose: 0 : 13924, 5, 2023/12/01, 11:30:56.453, 718963432485, vstest.console.dll, DotnetTestHostmanager.LaunchTestHostAsync: Found 'VSTEST_WINAPPHOST_DOTNET_ROOT' in env variables, value 'C:\Program Files\dotnet', forwarding to 'DOTNET_ROOT'
TpTrace Verbose: 0 : 13924, 5, 2023/12/01, 11:30:56.453, 718963433843, vstest.console.dll, DotnetTestHostManager: Starting process 'C:\Pryazha\Labs\course_2\semester_1\oop\lab_5\ProgramTests\bin\Debug\net6.0\fine-code-coverage\build-output\testhost.exe' with command line ' --runtimeconfig "C:\Pryazha\Labs\course_2\semester_1\oop\lab_5\ProgramTests\bin\Debug\net6.0\fine-code-coverage\build-output\ProgramTests.runtimeconfig.json" --depsfile "C:\Pryazha\Labs\course_2\semester_1\oop\lab_5\ProgramTests\bin\Debug\net6.0\fine-code-coverage\build-output\ProgramTests.deps.json" --port 57785 --endpoint 127.0.0.1:057785 --role client --parentprocessid 13924 --diag "C:\Pryazha\Labs\course_2\semester_1\oop\lab_5\ProgramTests\bin\Debug\net6.0\fine-code-coverage\coverage-tool-output\diagnostics.host.23-12-01_11-30-56_45219_5.log" --tracelevel 4 --datacollectionport 57784 --telemetryoptedin false'
TpTrace Verbose: 0 : 13924, 5, 2023/12/01, 11:30:56.461, 718963510638, vstest.console.dll, MulticastDelegateUtilities.SafeInvoke: HostProviderEvents.OnHostLaunched: Invoking callback 1/2 for Microsoft.VisualStudio.TestPlatform.CrossPlatEngine.Client.ProxyExecutionManagerWithDataCollection., took 1 ms.
TpTrace Verbose: 0 : 13924, 5, 2023/12/01, 11:30:56.461, 718963514122, vstest.console.dll, Test Runtime launched
TpTrace Verbose: 0 : 13924, 5, 2023/12/01, 11:30:56.461, 718963514714, vstest.console.dll, MulticastDelegateUtilities.SafeInvoke: HostProviderEvents.OnHostLaunched: Invoking callback 2/2 for Microsoft.VisualStudio.TestPlatform.CrossPlatEngine.Client.ProxyOperationManager., took 0 ms.
TpTrace Verbose: 0 : 13924, 5, 2023/12/01, 11:30:56.461, 718963516116, vstest.console.dll, TestRequestSender.WaitForRequestHandlerConnection: waiting for connection with timeout: 90000.
TpTrace Verbose: 0 : 13924, 5, 2023/12/01, 11:30:56.587, 718964776082, vstest.console.dll, TestRequestSender.WaitForRequestHandlerConnection: waiting took 125 ms, with timeout 90000 ms, and result 0, which is success.
TpTrace Verbose: 0 : 13924, 7, 2023/12/01, 11:30:56.587, 718964776077, vstest.console.dll, MulticastDelegateUtilities.SafeInvoke: SocketServer: ClientConnected: Invoking callback 1/1 for Microsoft.VisualStudio.TestPlatform.CommunicationUtilities.TestRequestSender., took 0 ms.
TpTrace Verbose: 0 : 13924, 7, 2023/12/01, 11:30:56.587, 718964777655, vstest.console.dll, SocketServer.OnClientConnected: Client connected for endPoint: 127.0.0.1:57785, starting MessageLoopAsync:
TpTrace Verbose: 0 : 13924, 7, 2023/12/01, 11:30:56.587, 718964779283, vstest.console.dll, TcpClientExtensions.MessageLoopAsync: Polling on remoteEndPoint: 127.0.0.1:57786 localEndPoint: 127.0.0.1:57785
TpTrace Verbose: 0 : 13924, 5, 2023/12/01, 11:30:56.588, 718964783749, vstest.console.dll, TestRequestSender.CheckVersionWithTestHost: Sending check version message: {"MessageType":"ProtocolVersion","Payload":7}
TpTrace Verbose: 0 : 13924, 7, 2023/12/01, 11:30:56.695, 718965857236, vstest.console.dll, TcpClientExtensions.MessageLoopAsync: NotifyDataAvailable remoteEndPoint: 127.0.0.1:57786 localEndPoint: 127.0.0.1:57785
TpTrace Verbose: 0 : 13924, 7, 2023/12/01, 11:30:56.695, 718965859751, vstest.console.dll, TestRequestSender.CheckVersionWithTestHost: onMessageReceived received message: (ProtocolVersion) -> {"MessageType":"ProtocolVersion","Payload":7}
TpTrace Verbose: 0 : 13924, 7, 2023/12/01, 11:30:56.696, 718965868874, vstest.console.dll, MulticastDelegateUtilities.SafeInvoke: LengthPrefixCommunicationChannel: MessageReceived: Invoking callback 1/1 for Microsoft.VisualStudio.TestPlatform.CommunicationUtilities.TestRequestSender+<>c__DisplayClass29_0., took 0 ms.
TpTrace Verbose: 0 : 13924, 7, 2023/12/01, 11:30:56.697, 718965870374, vstest.console.dll, TcpClientExtensions.MessageLoopAsync: Polling on remoteEndPoint: 127.0.0.1:57786 localEndPoint: 127.0.0.1:57785
TpTrace Verbose: 0 : 13924, 5, 2023/12/01, 11:30:56.697, 718965872572, vstest.console.dll, TestPluginCache.GetExtensionPaths: Filtered extension paths: 
TpTrace Verbose: 0 : 13924, 5, 2023/12/01, 11:30:56.697, 718965874218, vstest.console.dll, TestPluginCache.GetExtensionPaths: Added default extension paths: C:\Program Files\dotnet\sdk\7.0.400\Extensions\Microsoft.Diagnostics.NETCore.Client.dll
C:\Program Files\dotnet\sdk\7.0.400\Extensions\Microsoft.TestPlatform.Extensions.BlameDataCollector.dll
C:\Program Files\dotnet\sdk\7.0.400\Extensions\Microsoft.TestPlatform.Extensions.EventLogCollector.dll
C:\Program Files\dotnet\sdk\7.0.400\Extensions\Microsoft.TestPlatform.TestHostRuntimeProvider.dll
C:\Program Files\dotnet\sdk\7.0.400\Extensions\Microsoft.VisualStudio.TestPlatform.Extensions.Html.TestLogger.dll
C:\Program Files\dotnet\sdk\7.0.400\Extensions\Microsoft.VisualStudio.TestPlatform.Extensions.Trx.TestLogger.dll
TpTrace Verbose: 0 : 13924, 5, 2023/12/01, 11:30:56.697, 718965874806, vstest.console.dll, TestPluginCache.GetExtensionPaths: Added unfilterableExtensionPaths: 
TpTrace Verbose: 0 : 13924, 7, 2023/12/01, 11:30:56.699, 718965899139, vstest.console.dll, TcpClientExtensions.MessageLoopAsync: NotifyDataAvailable remoteEndPoint: 127.0.0.1:57786 localEndPoint: 127.0.0.1:57785
TpTrace Verbose: 0 : 13924, 7, 2023/12/01, 11:30:56.700, 718965901429, vstest.console.dll, LengthPrefixCommunicationChannel.NotifyDataAvailable: New data are waiting to be received, but there is no subscriber to be notified. Not reading them from the stream.
TpTrace Verbose: 0 : 13924, 7, 2023/12/01, 11:30:56.700, 718965901888, vstest.console.dll, TcpClientExtensions.MessageLoopAsync: Polling on remoteEndPoint: 127.0.0.1:57786 localEndPoint: 127.0.0.1:57785
TpTrace Verbose: 0 : 13924, 7, 2023/12/01, 11:30:56.700, 718965902353, vstest.console.dll, TcpClientExtensions.MessageLoopAsync: NotifyDataAvailable remoteEndPoint: 127.0.0.1:57786 localEndPoint: 127.0.0.1:57785
TpTrace Verbose: 0 : 13924, 7, 2023/12/01, 11:30:56.700, 718965902723, vstest.console.dll, LengthPrefixCommunicationChannel.NotifyDataAvailable: New data are waiting to be received, but there is no subscriber to be notified. Not reading them from the stream.
TpTrace Verbose: 0 : 13924, 7, 2023/12/01, 11:30:56.700, 718965903078, vstest.console.dll, TcpClientExtensions.MessageLoopAsync: Polling on remoteEndPoint: 127.0.0.1:57786 localEndPoint: 127.0.0.1:57785
TpTrace Verbose: 0 : 13924, 7, 2023/12/01, 11:30:56.700, 718965903438, vstest.console.dll, TcpClientExtensions.MessageLoopAsync: NotifyDataAvailable remoteEndPoint: 127.0.0.1:57786 localEndPoint: 127.0.0.1:57785
TpTrace Verbose: 0 : 13924, 7, 2023/12/01, 11:30:56.700, 718965903836, vstest.console.dll, LengthPrefixCommunicationChannel.NotifyDataAvailable: New data are waiting to be received, but there is no subscriber to be notified. Not reading them from the stream.
TpTrace Verbose: 0 : 13924, 5, 2023/12/01, 11:30:56.700, 718965903498, vstest.console.dll, TestRequestSender.InitializeExecution: Sending initialize execution with message: {"Version":7,"MessageType":"TestExecution.Initialize","Payload":["C:\\Pryazha\\Labs\\course_2\\semester_1\\oop\\lab_5\\ProgramTests\\bin\\Debug\\net6.0\\fine-code-coverage\\build-output\\xunit.runner.visualstudio.dotnetcore.testadapter.dll"]}
TpTrace Verbose: 0 : 13924, 7, 2023/12/01, 11:30:56.700, 718965904195, vstest.console.dll, TcpClientExtensions.MessageLoopAsync: Polling on remoteEndPoint: 127.0.0.1:57786 localEndPoint: 127.0.0.1:57785
TpTrace Verbose: 0 : 13924, 5, 2023/12/01, 11:30:56.700, 718965905557, vstest.console.dll, ParallelProxyExecutionManager: Execution started. Started clients: 1
TpTrace Verbose: 0 : 13924, 7, 2023/12/01, 11:30:56.700, 718965906590, vstest.console.dll, TcpClientExtensions.MessageLoopAsync: NotifyDataAvailable remoteEndPoint: 127.0.0.1:57786 localEndPoint: 127.0.0.1:57785
TpTrace Verbose: 0 : 13924, 7, 2023/12/01, 11:30:56.700, 718965907603, vstest.console.dll, LengthPrefixCommunicationChannel.NotifyDataAvailable: New data are waiting to be received, but there is no subscriber to be notified. Not reading them from the stream.
TpTrace Verbose: 0 : 13924, 7, 2023/12/01, 11:30:56.700, 718965908087, vstest.console.dll, TcpClientExtensions.MessageLoopAsync: Polling on remoteEndPoint: 127.0.0.1:57786 localEndPoint: 127.0.0.1:57785
TpTrace Verbose: 0 : 13924, 7, 2023/12/01, 11:30:56.700, 718965908513, vstest.console.dll, TcpClientExtensions.MessageLoopAsync: NotifyDataAvailable remoteEndPoint: 127.0.0.1:57786 localEndPoint: 127.0.0.1:57785
TpTrace Verbose: 0 : 13924, 7, 2023/12/01, 11:30:56.700, 718965908833, vstest.console.dll, LengthPrefixCommunicationChannel.NotifyDataAvailable: New data are waiting to be received, but there is no subscriber to be notified. Not reading them from the stream.
TpTrace Verbose: 0 : 13924, 7, 2023/12/01, 11:30:56.700, 718965909148, vstest.console.dll, TcpClientExtensions.MessageLoopAsync: Polling on remoteEndPoint: 127.0.0.1:57786 localEndPoint: 127.0.0.1:57785
TpTrace Verbose: 0 : 13924, 5, 2023/12/01, 11:30:56.700, 718965909295, vstest.console.dll, TestRunRequest:SendTestRunMessage: Starting.
TpTrace Verbose: 0 : 13924, 7, 2023/12/01, 11:30:56.700, 718965910030, vstest.console.dll, TcpClientExtensions.MessageLoopAsync: NotifyDataAvailable remoteEndPoint: 127.0.0.1:57786 localEndPoint: 127.0.0.1:57785
TpTrace Verbose: 0 : 13924, 5, 2023/12/01, 11:30:56.701, 718965910547, vstest.console.dll, MulticastDelegateUtilities.SafeInvoke: TestRun.LogMessages: Invoking callback 1/1 for Microsoft.VisualStudio.TestPlatform.CommandLine.TestRunResultAggregator., took 0 ms.
TpTrace Verbose: 0 : 13924, 7, 2023/12/01, 11:30:56.701, 718965910785, vstest.console.dll, LengthPrefixCommunicationChannel.NotifyDataAvailable: New data are waiting to be received, but there is no subscriber to be notified. Not reading them from the stream.
TpTrace Information: 0 : 13924, 5, 2023/12/01, 11:30:56.701, 718965911175, vstest.console.dll, TestRunRequest:SendTestRunMessage: Completed.
TpTrace Verbose: 0 : 13924, 4, 2023/12/01, 11:30:56.701, 718965912001, vstest.console.dll, MulticastDelegateUtilities.SafeInvoke: InternalTestLoggerEvents.SendTestRunMessage: Invoking callback 1/1 for Microsoft.VisualStudio.TestPlatform.CommandLine.Internal.ConsoleLogger., took 0 ms.
TpTrace Verbose: 0 : 13924, 7, 2023/12/01, 11:30:56.701, 718965912009, vstest.console.dll, TcpClientExtensions.MessageLoopAsync: Polling on remoteEndPoint: 127.0.0.1:57786 localEndPoint: 127.0.0.1:57785
TpTrace Verbose: 0 : 13924, 7, 2023/12/01, 11:30:56.701, 718965914382, vstest.console.dll, TcpClientExtensions.MessageLoopAsync: NotifyDataAvailable remoteEndPoint: 127.0.0.1:57786 localEndPoint: 127.0.0.1:57785
TpTrace Verbose: 0 : 13924, 7, 2023/12/01, 11:30:56.701, 718965914821, vstest.console.dll, LengthPrefixCommunicationChannel.NotifyDataAvailable: New data are waiting to be received, but there is no subscriber to be notified. Not reading them from the stream.
TpTrace Verbose: 0 : 13924, 7, 2023/12/01, 11:30:56.701, 718965915098, vstest.console.dll, TcpClientExtensions.MessageLoopAsync: Polling on remoteEndPoint: 127.0.0.1:57786 localEndPoint: 127.0.0.1:57785
TpTrace Verbose: 0 : 13924, 7, 2023/12/01, 11:30:56.701, 718965915440, vstest.console.dll, TcpClientExtensions.MessageLoopAsync: NotifyDataAvailable remoteEndPoint: 127.0.0.1:57786 localEndPoint: 127.0.0.1:57785
TpTrace Verbose: 0 : 13924, 7, 2023/12/01, 11:30:56.701, 718965915610, vstest.console.dll, LengthPrefixCommunicationChannel.NotifyDataAvailable: New data are waiting to be received, but there is no subscriber to be notified. Not reading them from the stream.
TpTrace Verbose: 0 : 13924, 7, 2023/12/01, 11:30:56.701, 718965915804, vstest.console.dll, TcpClientExtensions.MessageLoopAsync: Polling on remoteEndPoint: 127.0.0.1:57786 localEndPoint: 127.0.0.1:57785
TpTrace Warning: 0 : 13924, 5, 2023/12/01, 11:30:56.701, 718965915885, vstest.console.dll, InferRunSettingsHelper.MakeRunsettingsCompatible: Removing the following settings: TargetPlatform from RunSettings file. To use those settings please move to latest version of Microsoft.NET.Test.Sdk
TpTrace Verbose: 0 : 13924, 7, 2023/12/01, 11:30:56.701, 718965915995, vstest.console.dll, TcpClientExtensions.MessageLoopAsync: NotifyDataAvailable remoteEndPoint: 127.0.0.1:57786 localEndPoint: 127.0.0.1:57785
TpTrace Verbose: 0 : 13924, 7, 2023/12/01, 11:30:56.701, 718965916581, vstest.console.dll, LengthPrefixCommunicationChannel.NotifyDataAvailable: New data are waiting to be received, but there is no subscriber to be notified. Not reading them from the stream.
TpTrace Verbose: 0 : 13924, 7, 2023/12/01, 11:30:56.701, 718965916780, vstest.console.dll, TcpClientExtensions.MessageLoopAsync: Polling on remoteEndPoint: 127.0.0.1:57786 localEndPoint: 127.0.0.1:57785
TpTrace Verbose: 0 : 13924, 7, 2023/12/01, 11:30:56.701, 718965916993, vstest.console.dll, TcpClientExtensions.MessageLoopAsync: NotifyDataAvailable remoteEndPoint: 127.0.0.1:57786 localEndPoint: 127.0.0.1:57785
TpTrace Verbose: 0 : 13924, 7, 2023/12/01, 11:30:56.701, 718965917137, vstest.console.dll, LengthPrefixCommunicationChannel.NotifyDataAvailable: New data are waiting to be received, but there is no subscriber to be notified. Not reading them from the stream.
TpTrace Verbose: 0 : 13924, 7, 2023/12/01, 11:30:56.701, 718965917278, vstest.console.dll, TcpClientExtensions.MessageLoopAsync: Polling on remoteEndPoint: 127.0.0.1:57786 localEndPoint: 127.0.0.1:57785
TpTrace Verbose: 0 : 13924, 7, 2023/12/01, 11:30:56.701, 718965917437, vstest.console.dll, TcpClientExtensions.MessageLoopAsync: NotifyDataAvailable remoteEndPoint: 127.0.0.1:57786 localEndPoint: 127.0.0.1:57785
TpTrace Verbose: 0 : 13924, 7, 2023/12/01, 11:30:56.701, 718965917578, vstest.console.dll, LengthPrefixCommunicationChannel.NotifyDataAvailable: New data are waiting to be received, but there is no subscriber to be notified. Not reading them from the stream.
TpTrace Verbose: 0 : 13924, 7, 2023/12/01, 11:30:56.701, 718965917730, vstest.console.dll, TcpClientExtensions.MessageLoopAsync: Polling on remoteEndPoint: 127.0.0.1:57786 localEndPoint: 127.0.0.1:57785
TpTrace Verbose: 0 : 13924, 7, 2023/12/01, 11:30:56.701, 718965917888, vstest.console.dll, TcpClientExtensions.MessageLoopAsync: NotifyDataAvailable remoteEndPoint: 127.0.0.1:57786 localEndPoint: 127.0.0.1:57785
TpTrace Verbose: 0 : 13924, 7, 2023/12/01, 11:30:56.701, 718965918050, vstest.console.dll, LengthPrefixCommunicationChannel.NotifyDataAvailable: New data are waiting to be received, but there is no subscriber to be notified. Not reading them from the stream.
TpTrace Verbose: 0 : 13924, 7, 2023/12/01, 11:30:56.701, 718965918202, vstest.console.dll, TcpClientExtensions.MessageLoopAsync: Polling on remoteEndPoint: 127.0.0.1:57786 localEndPoint: 127.0.0.1:57785
TpTrace Verbose: 0 : 13924, 7, 2023/12/01, 11:30:56.701, 718965918361, vstest.console.dll, TcpClientExtensions.MessageLoopAsync: NotifyDataAvailable remoteEndPoint: 127.0.0.1:57786 localEndPoint: 127.0.0.1:57785
TpTrace Verbose: 0 : 13924, 7, 2023/12/01, 11:30:56.701, 718965918509, vstest.console.dll, LengthPrefixCommunicationChannel.NotifyDataAvailable: New data are waiting to be received, but there is no subscriber to be notified. Not reading them from the stream.
TpTrace Verbose: 0 : 13924, 7, 2023/12/01, 11:30:56.701, 718965918653, vstest.console.dll, TcpClientExtensions.MessageLoopAsync: Polling on remoteEndPoint: 127.0.0.1:57786 localEndPoint: 127.0.0.1:57785
TpTrace Verbose: 0 : 13924, 7, 2023/12/01, 11:30:56.701, 718965918810, vstest.console.dll, TcpClientExtensions.MessageLoopAsync: NotifyDataAvailable remoteEndPoint: 127.0.0.1:57786 localEndPoint: 127.0.0.1:57785
TpTrace Verbose: 0 : 13924, 7, 2023/12/01, 11:30:56.701, 718965919014, vstest.console.dll, LengthPrefixCommunicationChannel.NotifyDataAvailable: New data are waiting to be received, but there is no subscriber to be notified. Not reading them from the stream.
TpTrace Verbose: 0 : 13924, 7, 2023/12/01, 11:30:56.701, 718965919196, vstest.console.dll, TcpClientExtensions.MessageLoopAsync: Polling on remoteEndPoint: 127.0.0.1:57786 localEndPoint: 127.0.0.1:57785
TpTrace Verbose: 0 : 13924, 7, 2023/12/01, 11:30:56.701, 718965919389, vstest.console.dll, TcpClientExtensions.MessageLoopAsync: NotifyDataAvailable remoteEndPoint: 127.0.0.1:57786 localEndPoint: 127.0.0.1:57785
TpTrace Verbose: 0 : 13924, 7, 2023/12/01, 11:30:56.702, 718965921912, vstest.console.dll, TestRequestSender.OnExecutionMessageReceived: Received message: {"Version":7,"MessageType":"TestSession.Message","Payload":{"MessageLevel":0,"Message":"Logging TestHost Diagnostics in file: C:\\Pryazha\\Labs\\course_2\\semester_1\\oop\\lab_5\\ProgramTests\\bin\\Debug\\net6.0\\fine-code-coverage\\coverage-tool-output\\diagnostics.host.23-12-01_11-30-56_45219_5.log"}}
TpTrace Verbose: 0 : 13924, 7, 2023/12/01, 11:30:56.704, 718965942783, vstest.console.dll, TestRunRequest:SendTestRunMessage: Starting.
TpTrace Verbose: 0 : 13924, 7, 2023/12/01, 11:30:56.704, 718965944730, vstest.console.dll, MulticastDelegateUtilities.SafeInvoke: TestRun.LogMessages: Invoking callback 1/1 for Microsoft.VisualStudio.TestPlatform.CommandLine.TestRunResultAggregator., took 0 ms.
TpTrace Information: 0 : 13924, 7, 2023/12/01, 11:30:56.704, 718965945140, vstest.console.dll, TestRunRequest:SendTestRunMessage: Completed.
TpTrace Verbose: 0 : 13924, 7, 2023/12/01, 11:30:56.704, 718965945602, vstest.console.dll, MulticastDelegateUtilities.SafeInvoke: LengthPrefixCommunicationChannel: MessageReceived: Invoking callback 1/1 for Microsoft.VisualStudio.TestPlatform.CommunicationUtilities.TestRequestSender+<>c__DisplayClass34_0., took 2 ms.
TpTrace Verbose: 0 : 13924, 7, 2023/12/01, 11:30:56.704, 718965945830, vstest.console.dll, TcpClientExtensions.MessageLoopAsync: Polling on remoteEndPoint: 127.0.0.1:57786 localEndPoint: 127.0.0.1:57785
TpTrace Verbose: 0 : 13924, 4, 2023/12/01, 11:30:56.704, 718965945699, vstest.console.dll, MulticastDelegateUtilities.SafeInvoke: InternalTestLoggerEvents.SendTestRunMessage: Invoking callback 1/1 for Microsoft.VisualStudio.TestPlatform.CommandLine.Internal.ConsoleLogger., took 0 ms.
TpTrace Verbose: 0 : 13924, 5, 2023/12/01, 11:30:56.708, 718965985220, vstest.console.dll, TestRequestSender.StartTestRun: Sending test run with message: {"Version":7,"MessageType":"TestExecution.StartWithSources","Payload":{"AdapterSourceMap":{"_none_":["C:\\Pryazha\\Labs\\course_2\\semester_1\\oop\\lab_5\\ProgramTests\\bin\\Debug\\net6.0\\fine-code-coverage\\build-output\\ProgramTests.dll"]},"RunSettings":"<RunSettings>\r\n  <RunConfiguration>\r\n    <ResultsDirectory>C:\\Pryazha\\Labs\\course_2\\semester_1\\oop\\lab_5\\ProgramTests\\bin\\Debug\\net6.0\\fine-code-coverage\\coverage-tool-output</ResultsDirectory>\r\n    <TargetFrameworkVersion>.NETCoreApp,Version=v6.0</TargetFrameworkVersion>\r\n    <DesignMode>False</DesignMode>\r\n    <CollectSourceInformation>False</CollectSourceInformation>\r\n  </RunConfiguration>\r\n  <LoggerRunSettings>\r\n    <Loggers>\r\n      <Logger friendlyName=\"blame\" enabled=\"True\" />\r\n      <Logger friendlyName=\"Console\" uri=\"logger://microsoft/TestPlatform/ConsoleLogger/v1\" assemblyQualifiedName=\"Microsoft.VisualStudio.TestPlatform.CommandLine.Internal.ConsoleLogger, vstest.console, Version=15.0.0.0, Culture=neutral, PublicKeyToken=b03f5f7f11d50a3a\" codeBase=\"C:\\Program Files\\dotnet\\sdk\\7.0.400\\vstest.console.dll\" enabled=\"True\" />\r\n    </Loggers>\r\n  </LoggerRunSettings>\r\n  <DataCollectionRunSettings>\r\n    <DataCollectors>\r\n      <DataCollector friendlyName=\"blame\" enabled=\"True\">\r\n        <Configuration>\r\n          <ResultsDirectory>C:\\Pryazha\\Labs\\course_2\\semester_1\\oop\\lab_5\\ProgramTests\\bin\\Debug\\net6.0\\fine-code-coverage\\coverage-tool-output</ResultsDirectory>\r\n        </Configuration>\r\n      </DataCollector>\r\n    </DataCollectors>\r\n  </DataCollectionRunSettings>\r\n</RunSettings>","TestExecutionContext":{"FrequencyOfRunStatsChangeEvent":10,"RunStatsChangeEventTimeout":"00:00:01.5000000","InIsolation":false,"KeepAlive":false,"AreTestCaseLevelEventsRequired":false,"IsDebug":false,"TestCaseFilter":null,"FilterOptions":null},"Package":null}}
TpTrace Verbose: 0 : 13924, 7, 2023/12/01, 11:30:56.838, 718967284219, vstest.console.dll, TcpClientExtensions.MessageLoopAsync: NotifyDataAvailable remoteEndPoint: 127.0.0.1:57786 localEndPoint: 127.0.0.1:57785
TpTrace Verbose: 0 : 13924, 7, 2023/12/01, 11:30:56.838, 718967286342, vstest.console.dll, TestRequestSender.OnExecutionMessageReceived: Received message: {"Version":7,"MessageType":"TestSession.Message","Payload":{"MessageLevel":0,"Message":"[xUnit.net 00:00:00.00] xUnit.net VSTest Adapter v2.4.5+1caef2f33e (64-bit .NET 6.0.21)"}}
TpTrace Verbose: 0 : 13924, 7, 2023/12/01, 11:30:56.838, 718967289177, vstest.console.dll, TestRunRequest:SendTestRunMessage: Starting.
TpTrace Verbose: 0 : 13924, 7, 2023/12/01, 11:30:56.838, 718967290121, vstest.console.dll, MulticastDelegateUtilities.SafeInvoke: TestRun.LogMessages: Invoking callback 1/1 for Microsoft.VisualStudio.TestPlatform.CommandLine.TestRunResultAggregator., took 0 ms.
TpTrace Information: 0 : 13924, 7, 2023/12/01, 11:30:56.839, 718967290498, vstest.console.dll, TestRunRequest:SendTestRunMessage: Completed.
TpTrace Verbose: 0 : 13924, 7, 2023/12/01, 11:30:56.839, 718967290856, vstest.console.dll, MulticastDelegateUtilities.SafeInvoke: LengthPrefixCommunicationChannel: MessageReceived: Invoking callback 1/1 for Microsoft.VisualStudio.TestPlatform.CommunicationUtilities.TestRequestSender+<>c__DisplayClass34_0., took 0 ms.
TpTrace Verbose: 0 : 13924, 7, 2023/12/01, 11:30:56.839, 718967291217, vstest.console.dll, TcpClientExtensions.MessageLoopAsync: Polling on remoteEndPoint: 127.0.0.1:57786 localEndPoint: 127.0.0.1:57785
TpTrace Verbose: 0 : 13924, 4, 2023/12/01, 11:30:56.839, 718967292377, vstest.console.dll, MulticastDelegateUtilities.SafeInvoke: InternalTestLoggerEvents.SendTestRunMessage: Invoking callback 1/1 for Microsoft.VisualStudio.TestPlatform.CommandLine.Internal.ConsoleLogger., took 0 ms.
TpTrace Verbose: 0 : 13924, 7, 2023/12/01, 11:30:57.134, 718970240996, vstest.console.dll, TcpClientExtensions.MessageLoopAsync: NotifyDataAvailable remoteEndPoint: 127.0.0.1:57786 localEndPoint: 127.0.0.1:57785
TpTrace Verbose: 0 : 13924, 7, 2023/12/01, 11:30:57.134, 718970243591, vstest.console.dll, TestRequestSender.OnExecutionMessageReceived: Received message: {"Version":7,"MessageType":"TestSession.Message","Payload":{"MessageLevel":0,"Message":"[xUnit.net 00:00:00.29]   Discovering: ProgramTests"}}
TpTrace Verbose: 0 : 13924, 7, 2023/12/01, 11:30:57.134, 718970245174, vstest.console.dll, TestRunRequest:SendTestRunMessage: Starting.
TpTrace Verbose: 0 : 13924, 7, 2023/12/01, 11:30:57.134, 718970245967, vstest.console.dll, MulticastDelegateUtilities.SafeInvoke: TestRun.LogMessages: Invoking callback 1/1 for Microsoft.VisualStudio.TestPlatform.CommandLine.TestRunResultAggregator., took 0 ms.
TpTrace Information: 0 : 13924, 7, 2023/12/01, 11:30:57.134, 718970246464, vstest.console.dll, TestRunRequest:SendTestRunMessage: Completed.
TpTrace Verbose: 0 : 13924, 7, 2023/12/01, 11:30:57.134, 718970246954, vstest.console.dll, MulticastDelegateUtilities.SafeInvoke: LengthPrefixCommunicationChannel: MessageReceived: Invoking callback 1/1 for Microsoft.VisualStudio.TestPlatform.CommunicationUtilities.TestRequestSender+<>c__DisplayClass34_0., took 0 ms.
TpTrace Verbose: 0 : 13924, 4, 2023/12/01, 11:30:57.134, 718970246598, vstest.console.dll, MulticastDelegateUtilities.SafeInvoke: InternalTestLoggerEvents.SendTestRunMessage: Invoking callback 1/1 for Microsoft.VisualStudio.TestPlatform.CommandLine.Internal.ConsoleLogger., took 0 ms.
TpTrace Verbose: 0 : 13924, 7, 2023/12/01, 11:30:57.134, 718970247401, vstest.console.dll, TcpClientExtensions.MessageLoopAsync: Polling on remoteEndPoint: 127.0.0.1:57786 localEndPoint: 127.0.0.1:57785
TpTrace Verbose: 0 : 13924, 7, 2023/12/01, 11:30:57.175, 718970657547, vstest.console.dll, TcpClientExtensions.MessageLoopAsync: NotifyDataAvailable remoteEndPoint: 127.0.0.1:57786 localEndPoint: 127.0.0.1:57785
TpTrace Verbose: 0 : 13924, 7, 2023/12/01, 11:30:57.175, 718970659878, vstest.console.dll, TestRequestSender.OnExecutionMessageReceived: Received message: {"Version":7,"MessageType":"TestSession.Message","Payload":{"MessageLevel":0,"Message":"[xUnit.net 00:00:00.34]   Discovered:  ProgramTests"}}
TpTrace Verbose: 0 : 13924, 7, 2023/12/01, 11:30:57.176, 718970661301, vstest.console.dll, TestRunRequest:SendTestRunMessage: Starting.
TpTrace Verbose: 0 : 13924, 7, 2023/12/01, 11:30:57.176, 718970662298, vstest.console.dll, MulticastDelegateUtilities.SafeInvoke: TestRun.LogMessages: Invoking callback 1/1 for Microsoft.VisualStudio.TestPlatform.CommandLine.TestRunResultAggregator., took 0 ms.
TpTrace Information: 0 : 13924, 7, 2023/12/01, 11:30:57.176, 718970662789, vstest.console.dll, TestRunRequest:SendTestRunMessage: Completed.
TpTrace Verbose: 0 : 13924, 4, 2023/12/01, 11:30:57.176, 718970662885, vstest.console.dll, MulticastDelegateUtilities.SafeInvoke: InternalTestLoggerEvents.SendTestRunMessage: Invoking callback 1/1 for Microsoft.VisualStudio.TestPlatform.CommandLine.Internal.ConsoleLogger., took 0 ms.
TpTrace Verbose: 0 : 13924, 7, 2023/12/01, 11:30:57.176, 718970664135, vstest.console.dll, MulticastDelegateUtilities.SafeInvoke: LengthPrefixCommunicationChannel: MessageReceived: Invoking callback 1/1 for Microsoft.VisualStudio.TestPlatform.CommunicationUtilities.TestRequestSender+<>c__DisplayClass34_0., took 0 ms.
TpTrace Verbose: 0 : 13924, 7, 2023/12/01, 11:30:57.176, 718970665118, vstest.console.dll, TcpClientExtensions.MessageLoopAsync: Polling on remoteEndPoint: 127.0.0.1:57786 localEndPoint: 127.0.0.1:57785
TpTrace Verbose: 0 : 13924, 7, 2023/12/01, 11:30:57.177, 718970675559, vstest.console.dll, TcpClientExtensions.MessageLoopAsync: NotifyDataAvailable remoteEndPoint: 127.0.0.1:57786 localEndPoint: 127.0.0.1:57785
TpTrace Verbose: 0 : 13924, 7, 2023/12/01, 11:30:57.177, 718970677099, vstest.console.dll, TestRequestSender.OnExecutionMessageReceived: Received message: {"Version":7,"MessageType":"TestSession.Message","Payload":{"MessageLevel":0,"Message":"[xUnit.net 00:00:00.34]   Starting:    ProgramTests"}}
TpTrace Verbose: 0 : 13924, 7, 2023/12/01, 11:30:57.177, 718970678023, vstest.console.dll, TestRunRequest:SendTestRunMessage: Starting.
TpTrace Verbose: 0 : 13924, 7, 2023/12/01, 11:30:57.177, 718970678450, vstest.console.dll, MulticastDelegateUtilities.SafeInvoke: TestRun.LogMessages: Invoking callback 1/1 for Microsoft.VisualStudio.TestPlatform.CommandLine.TestRunResultAggregator., took 0 ms.
TpTrace Information: 0 : 13924, 7, 2023/12/01, 11:30:57.177, 718970678677, vstest.console.dll, TestRunRequest:SendTestRunMessage: Completed.
TpTrace Verbose: 0 : 13924, 7, 2023/12/01, 11:30:57.177, 718970678852, vstest.console.dll, MulticastDelegateUtilities.SafeInvoke: LengthPrefixCommunicationChannel: MessageReceived: Invoking callback 1/1 for Microsoft.VisualStudio.TestPlatform.CommunicationUtilities.TestRequestSender+<>c__DisplayClass34_0., took 0 ms.
TpTrace Verbose: 0 : 13924, 4, 2023/12/01, 11:30:57.177, 718970678833, vstest.console.dll, MulticastDelegateUtilities.SafeInvoke: InternalTestLoggerEvents.SendTestRunMessage: Invoking callback 1/1 for Microsoft.VisualStudio.TestPlatform.CommandLine.Internal.ConsoleLogger., took 0 ms.
TpTrace Verbose: 0 : 13924, 7, 2023/12/01, 11:30:57.177, 718970679065, vstest.console.dll, TcpClientExtensions.MessageLoopAsync: Polling on remoteEndPoint: 127.0.0.1:57786 localEndPoint: 127.0.0.1:57785
TpTrace Verbose: 0 : 13924, 7, 2023/12/01, 11:30:57.297, 718971871543, vstest.console.dll, TcpClientExtensions.MessageLoopAsync: NotifyDataAvailable remoteEndPoint: 127.0.0.1:57786 localEndPoint: 127.0.0.1:57785
TpTrace Verbose: 0 : 13924, 7, 2023/12/01, 11:30:57.297, 718971875325, vstest.console.dll, TestRequestSender.OnExecutionMessageReceived: Received message: {"Version":7,"MessageType":"TestExecution.StatsChange","Payload":{"NewTestResults":[{"TestCase":{"Id":"b400a6a5-165c-ae6e-90a5-80bcbd29002d","FullyQualifiedName":"ProgramTests.ProgramTests.Program_DeleteWithPos_ReturnsEmptyArr","DisplayName":"ProgramTests.ProgramTests.Program_DeleteWithPos_ReturnsEmptyArr","ExecutorUri":"executor://xunit/VsTestRunner2/netcoreapp","Source":"C:\\Pryazha\\Labs\\course_2\\semester_1\\oop\\lab_5\\ProgramTests\\bin\\Debug\\net6.0\\fine-code-coverage\\build-output\\ProgramTests.dll","CodeFilePath":null,"LineNumber":0,"Properties":[]},"Attachments":[],"Outcome":1,"ErrorMessage":null,"ErrorStackTrace":null,"DisplayName":"ProgramTests.ProgramTests.Program_DeleteWithPos_ReturnsEmptyArr","Messages":[],"ComputerName":"DESKTOP-FSF7RLL","Duration":"00:00:00.0071322","StartTime":"2023-12-01T06:30:57.2377463+00:00","EndTime":"2023-12-01T06:30:57.2377598+00:00","Properties":[]},{"TestCase":{"Id":"60a10462-6e28-fdc9-f9c9-fc5d51565c8d","FullyQualifiedName":"ProgramTests.ProgramTests.Program_AddRowAtEnd_ReturnsArrWithOneNumber","DisplayName":"ProgramTests.ProgramTests.Program_AddRowAtEnd_ReturnsArrWithOneNumber","ExecutorUri":"executor://xunit/VsTestRunner2/netcoreapp","Source":"C:\\Pryazha\\Labs\\course_2\\semester_1\\oop\\lab_5\\ProgramTests\\bin\\Debug\\net6.0\\fine-code-coverage\\build-output\\ProgramTests.dll","CodeFilePath":null,"LineNumber":0,"Properties":[]},"Attachments":[],"Outcome":1,"ErrorMessage":null,"ErrorStackTrace":null,"DisplayName":"ProgramTests.ProgramTests.Program_AddRowAtEnd_ReturnsArrWithOneNumber","Messages":[],"ComputerName":"DESKTOP-FSF7RLL","Duration":"00:00:00.0004461","StartTime":"2023-12-01T06:30:57.2551875+00:00","EndTime":"2023-12-01T06:30:57.2551881+00:00","Properties":[]},{"TestCase":{"Id":"bae5946b-9a8e-9813-76c7-f689e7f716f0","FullyQualifiedName":"ProgramTests.ProgramTests.Program_PrintArray_PrintErrorTwoDimArr","DisplayName":"ProgramTests.ProgramTests.Program_PrintArray_PrintErrorTwoDimArr","ExecutorUri":"executor://xunit/VsTestRunner2/netcoreapp","Source":"C:\\Pryazha\\Labs\\course_2\\semester_1\\oop\\lab_5\\ProgramTests\\bin\\Debug\\net6.0\\fine-code-coverage\\build-output\\ProgramTests.dll","CodeFilePath":null,"LineNumber":0,"Properties":[]},"Attachments":[],"Outcome":1,"ErrorMessage":null,"ErrorStackTrace":null,"DisplayName":"ProgramTests.ProgramTests.Program_PrintArray_PrintErrorTwoDimArr","Messages":[],"ComputerName":"DESKTOP-FSF7RLL","Duration":"00:00:00.0008043","StartTime":"2023-12-01T06:30:57.2578124+00:00","EndTime":"2023-12-01T06:30:57.2578125+00:00","Properties":[]},{"TestCase":{"Id":"83cacaee-c40b-d25e-6104-9f3287099328","FullyQualifiedName":"ProgramTests.ProgramTests.Program_PrintArray_PrintErrorJaggedArr","DisplayName":"ProgramTests.ProgramTests.Program_PrintArray_PrintErrorJaggedArr","ExecutorUri":"executor://xunit/VsTestRunner2/netcoreapp","Source":"C:\\Pryazha\\Labs\\course_2\\semester_1\\oop\\lab_5\\ProgramTests\\bin\\Debug\\net6.0\\fine-code-coverage\\build-output\\ProgramTests.dll","CodeFilePath":null,"LineNumber":0,"Properties":[]},"Attachments":[],"Outcome":1,"ErrorMessage":null,"ErrorStackTrace":null,"DisplayName":"ProgramTests.ProgramTests.Program_PrintArray_PrintErrorJaggedArr","Messages":[],"ComputerName":"DESKTOP-FSF7RLL","Duration":"00:00:00.0002348","StartTime":"2023-12-01T06:30:57.2595009+00:00","EndTime":"2023-12-01T06:30:57.2595009+00:00","Properties":[]},{"TestCase":{"Id":"7d101965-4826-4cf7-eb62-e48c2f0566c7","FullyQualifiedName":"ProgramTests.ProgramTests.Program_AddRowAtEnd_ReturnsEmptyArr","DisplayName":"ProgramTests.ProgramTests.Program_AddRowAtEnd_ReturnsEmptyArr","ExecutorUri":"executor://xunit/VsTestRunner2/netcoreapp","Source":"C:\\Pryazha\\Labs\\course_2\\semester_1\\oop\\lab_5\\ProgramTests\\bin\\Debug\\net6.0\\fine-code-coverage\\build-output\\ProgramTests.dll","CodeFilePath":null,"LineNumber":0,"Properties":[]},"Attachments":[],"Outcome":1,"ErrorMessage":null,"ErrorStackTrace":null,"DisplayName":"ProgramTests.ProgramTests.Program_AddRowAtEnd_ReturnsEmptyArr","Messages":[],"ComputerName":"DESKTOP-FSF7RLL","Duration":"00:00:00.0001649","StartTime":"2023-12-01T06:30:57.2611717+00:00","EndTime":"2023-12-01T06:30:57.2611719+00:00","Properties":[]},{"TestCase":{"Id":"5237e595-16cf-9c0f-629f-5257cfe83ab3","FullyQualifiedName":"ProgramTests.ProgramTests.Program_DeleteWithPos_ReturnsInvalidPos","DisplayName":"ProgramTests.ProgramTests.Program_DeleteWithPos_ReturnsInvalidPos","ExecutorUri":"executor://xunit/VsTestRunner2/netcoreapp","Source":"C:\\Pryazha\\Labs\\course_2\\semester_1\\oop\\lab_5\\ProgramTests\\bin\\Debug\\net6.0\\fine-code-coverage\\build-output\\ProgramTests.dll","CodeFilePath":null,"LineNumber":0,"Properties":[]},"Attachments":[],"Outcome":1,"ErrorMessage":null,"ErrorStackTrace":null,"DisplayName":"ProgramTests.ProgramTests.Program_DeleteWithPos_ReturnsInvalidPos","Messages":[],"ComputerName":"DESKTOP-FSF7RLL","Duration":"00:00:00.0003085","StartTime":"2023-12-01T06:30:57.2680957+00:00","EndTime":"2023-12-01T06:30:57.2680958+00:00","Properties":[]},{"TestCase":{"Id":"92fa016c-657b-2591-a02e-f8c0d071c385","FullyQualifiedName":"ProgramTests.ProgramTests.Program_PrintArray_PrintErrorOneDimArr","DisplayName":"ProgramTests.ProgramTests.Program_PrintArray_PrintErrorOneDimArr","ExecutorUri":"executor://xunit/VsTestRunner2/netcoreapp","Source":"C:\\Pryazha\\Labs\\course_2\\semester_1\\oop\\lab_5\\ProgramTests\\bin\\Debug\\net6.0\\fine-code-coverage\\build-output\\ProgramTests.dll","CodeFilePath":null,"LineNumber":0,"Properties":[]},"Attachments":[],"Outcome":1,"ErrorMessage":null,"ErrorStackTrace":null,"DisplayName":"ProgramTests.ProgramTests.Program_PrintArray_PrintErrorOneDimArr","Messages":[],"ComputerName":"DESKTOP-FSF7RLL","Duration":"00:00:00.0001816","StartTime":"2023-12-01T06:30:57.2709508+00:00","EndTime":"2023-12-01T06:30:57.2709508+00:00","Properties":[]},{"TestCase":{"Id":"69218dea-5ee4-c755-027d-07c3237f6d22","FullyQualifiedName":"ProgramTests.ProgramTests.Program_PrintArray_PrintOneDimArr","DisplayName":"ProgramTests.ProgramTests.Program_PrintArray_PrintOneDimArr(arr: [1, 2, 3])","ExecutorUri":"executor://xunit/VsTestRunner2/netcoreapp","Source":"C:\\Pryazha\\Labs\\course_2\\semester_1\\oop\\lab_5\\ProgramTests\\bin\\Debug\\net6.0\\fine-code-coverage\\build-output\\ProgramTests.dll","CodeFilePath":null,"LineNumber":0,"Properties":[]},"Attachments":[],"Outcome":1,"ErrorMessage":null,"ErrorStackTrace":null,"DisplayName":"ProgramTests.ProgramTests.Program_PrintArray_PrintOneDimArr(arr: [1, 2, 3])","Messages":[],"ComputerName":"DESKTOP-FSF7RLL","Duration":"00:00:00.0001816","StartTime":"2023-12-01T06:30:57.2730235+00:00","EndTime":"2023-12-01T06:30:57.2730235+00:00","Properties":[]},{"TestCase":{"Id":"202d84c1-9c9c-bf1a-2f88-80586f37f1dc","FullyQualifiedName":"ProgramTests.ProgramTests.Program_PrintArray_PrintOneDimArr","DisplayName":"ProgramTests.ProgramTests.Program_PrintArray_PrintOneDimArr(arr: [1])","ExecutorUri":"executor://xunit/VsTestRunner2/netcoreapp","Source":"C:\\Pryazha\\Labs\\course_2\\semester_1\\oop\\lab_5\\ProgramTests\\bin\\Debug\\net6.0\\fine-code-coverage\\build-output\\ProgramTests.dll","CodeFilePath":null,"LineNumber":0,"Properties":[]},"Attachments":[],"Outcome":1,"ErrorMessage":null,"ErrorStackTrace":null,"DisplayName":"ProgramTests.ProgramTests.Program_PrintArray_PrintOneDimArr(arr: [1])","Messages":[],"ComputerName":"DESKTOP-FSF7RLL","Duration":"00:00:00.0000066","StartTime":"2023-12-01T06:30:57.2746544+00:00","EndTime":"2023-12-01T06:30:57.2746544+00:00","Properties":[]}],"TestRunStatistics":{"ExecutedTests":9,"Stats":{"Passed":9}},"ActiveTests":[{"Id":"9766ca74-f410-47ef-6b54-054d3f8cebf4","FullyQualifiedName":"ProgramTests.ProgramTests.Program_PrintArray_PrintTwoDimArr","DisplayName":"ProgramTests.ProgramTests.Program_PrintArray_PrintTwoDimArr","ExecutorUri":"executor://xunit/VsTestRunner2/netcoreapp","Source":"C:\\Pryazha\\Labs\\course_2\\semester_1\\oop\\lab_5\\ProgramTests\\bin\\Debug\\net6.0\\fine-code-coverage\\build-output\\ProgramTests.dll","CodeFilePath":null,"LineNumber":0,"Properties":[]}]}}
TpTrace Verbose: 0 : 13924, 7, 2023/12/01, 11:30:57.320, 718972100383, vstest.console.dll, TestRunRequest:SendTestRunStatsChange: Starting.
TpTrace Verbose: 0 : 13924, 7, 2023/12/01, 11:30:57.320, 718972102746, vstest.console.dll, InProgress is ProgramTests.ProgramTests.Program_PrintArray_PrintTwoDimArr
TpTrace Verbose: 0 : 13924, 7, 2023/12/01, 11:30:57.320, 718972105347, vstest.console.dll, MulticastDelegateUtilities.SafeInvoke: TestRun.RunStatsChanged: Invoking callbacks was skipped because there are no subscribers.
TpTrace Information: 0 : 13924, 7, 2023/12/01, 11:30:57.320, 718972105702, vstest.console.dll, TestRunRequest:SendTestRunStatsChange: Completed.
TpTrace Verbose: 0 : 13924, 7, 2023/12/01, 11:30:57.320, 718972106012, vstest.console.dll, MulticastDelegateUtilities.SafeInvoke: LengthPrefixCommunicationChannel: MessageReceived: Invoking callback 1/1 for Microsoft.VisualStudio.TestPlatform.CommunicationUtilities.TestRequestSender+<>c__DisplayClass34_0., took 23 ms.
TpTrace Verbose: 0 : 13924, 7, 2023/12/01, 11:30:57.320, 718972106231, vstest.console.dll, TcpClientExtensions.MessageLoopAsync: Polling on remoteEndPoint: 127.0.0.1:57786 localEndPoint: 127.0.0.1:57785
TpTrace Verbose: 0 : 13924, 7, 2023/12/01, 11:30:57.320, 718972106591, vstest.console.dll, TcpClientExtensions.MessageLoopAsync: NotifyDataAvailable remoteEndPoint: 127.0.0.1:57786 localEndPoint: 127.0.0.1:57785
TpTrace Verbose: 0 : 13924, 7, 2023/12/01, 11:30:57.320, 718972107020, vstest.console.dll, TestRequestSender.OnExecutionMessageReceived: Received message: {"Version":7,"MessageType":"TestSession.Message","Payload":{"MessageLevel":0,"Message":"[xUnit.net 00:00:00.47]   Finished:    ProgramTests"}}
TpTrace Verbose: 0 : 13924, 7, 2023/12/01, 11:30:57.320, 718972107826, vstest.console.dll, TestRunRequest:SendTestRunMessage: Starting.
TpTrace Verbose: 0 : 13924, 7, 2023/12/01, 11:30:57.320, 718972108103, vstest.console.dll, MulticastDelegateUtilities.SafeInvoke: TestRun.LogMessages: Invoking callback 1/1 for Microsoft.VisualStudio.TestPlatform.CommandLine.TestRunResultAggregator., took 0 ms.
TpTrace Information: 0 : 13924, 7, 2023/12/01, 11:30:57.320, 718972108266, vstest.console.dll, TestRunRequest:SendTestRunMessage: Completed.
TpTrace Verbose: 0 : 13924, 7, 2023/12/01, 11:30:57.320, 718972108417, vstest.console.dll, MulticastDelegateUtilities.SafeInvoke: LengthPrefixCommunicationChannel: MessageReceived: Invoking callback 1/1 for Microsoft.VisualStudio.TestPlatform.CommunicationUtilities.TestRequestSender+<>c__DisplayClass34_0., took 0 ms.
TpTrace Verbose: 0 : 13924, 7, 2023/12/01, 11:30:57.320, 718972108574, vstest.console.dll, TcpClientExtensions.MessageLoopAsync: Polling on remoteEndPoint: 127.0.0.1:57786 localEndPoint: 127.0.0.1:57785
TpTrace Verbose: 0 : 13924, 4, 2023/12/01, 11:30:57.323, 718972135439, vstest.console.dll, MulticastDelegateUtilities.SafeInvoke: InternalTestLoggerEvents.SendTestResult: Invoking callback 1/1 for Microsoft.VisualStudio.TestPlatform.CommandLine.Internal.ConsoleLogger., took 3 ms.
TpTrace Verbose: 0 : 13924, 4, 2023/12/01, 11:30:57.323, 718972138160, vstest.console.dll, MulticastDelegateUtilities.SafeInvoke: InternalTestLoggerEvents.SendTestResult: Invoking callback 1/1 for Microsoft.VisualStudio.TestPlatform.CommandLine.Internal.ConsoleLogger., took 0 ms.
TpTrace Verbose: 0 : 13924, 4, 2023/12/01, 11:30:57.323, 718972138677, vstest.console.dll, MulticastDelegateUtilities.SafeInvoke: InternalTestLoggerEvents.SendTestResult: Invoking callback 1/1 for Microsoft.VisualStudio.TestPlatform.CommandLine.Internal.ConsoleLogger., took 0 ms.
TpTrace Verbose: 0 : 13924, 4, 2023/12/01, 11:30:57.323, 718972139052, vstest.console.dll, MulticastDelegateUtilities.SafeInvoke: InternalTestLoggerEvents.SendTestResult: Invoking callback 1/1 for Microsoft.VisualStudio.TestPlatform.CommandLine.Internal.ConsoleLogger., took 0 ms.
TpTrace Verbose: 0 : 13924, 4, 2023/12/01, 11:30:57.323, 718972139341, vstest.console.dll, MulticastDelegateUtilities.SafeInvoke: InternalTestLoggerEvents.SendTestResult: Invoking callback 1/1 for Microsoft.VisualStudio.TestPlatform.CommandLine.Internal.ConsoleLogger., took 0 ms.
TpTrace Verbose: 0 : 13924, 4, 2023/12/01, 11:30:57.323, 718972139650, vstest.console.dll, MulticastDelegateUtilities.SafeInvoke: InternalTestLoggerEvents.SendTestResult: Invoking callback 1/1 for Microsoft.VisualStudio.TestPlatform.CommandLine.Internal.ConsoleLogger., took 0 ms.
TpTrace Verbose: 0 : 13924, 4, 2023/12/01, 11:30:57.323, 718972139929, vstest.console.dll, MulticastDelegateUtilities.SafeInvoke: InternalTestLoggerEvents.SendTestResult: Invoking callback 1/1 for Microsoft.VisualStudio.TestPlatform.CommandLine.Internal.ConsoleLogger., took 0 ms.
TpTrace Verbose: 0 : 13924, 4, 2023/12/01, 11:30:57.324, 718972140150, vstest.console.dll, MulticastDelegateUtilities.SafeInvoke: InternalTestLoggerEvents.SendTestResult: Invoking callback 1/1 for Microsoft.VisualStudio.TestPlatform.CommandLine.Internal.ConsoleLogger., took 0 ms.
TpTrace Verbose: 0 : 13924, 4, 2023/12/01, 11:30:57.324, 718972140365, vstest.console.dll, MulticastDelegateUtilities.SafeInvoke: InternalTestLoggerEvents.SendTestResult: Invoking callback 1/1 for Microsoft.VisualStudio.TestPlatform.CommandLine.Internal.ConsoleLogger., took 0 ms.
TpTrace Verbose: 0 : 13924, 4, 2023/12/01, 11:30:57.324, 718972140602, vstest.console.dll, MulticastDelegateUtilities.SafeInvoke: InternalTestLoggerEvents.SendTestRunMessage: Invoking callback 1/1 for Microsoft.VisualStudio.TestPlatform.CommandLine.Internal.ConsoleLogger., took 0 ms.
TpTrace Verbose: 0 : 13924, 7, 2023/12/01, 11:30:57.328, 718972181621, vstest.console.dll, TcpClientExtensions.MessageLoopAsync: NotifyDataAvailable remoteEndPoint: 127.0.0.1:57786 localEndPoint: 127.0.0.1:57785
TpTrace Verbose: 0 : 13924, 7, 2023/12/01, 11:30:57.328, 718972185339, vstest.console.dll, TestRequestSender.OnExecutionMessageReceived: Received message: {"Version":7,"MessageType":"TestExecution.Completed","Payload":{"TestRunCompleteArgs":{"TestRunStatistics":{"ExecutedTests":15,"Stats":{"Passed":15}},"IsCanceled":false,"IsAborted":false,"Error":null,"AttachmentSets":[],"InvokedDataCollectors":[],"ElapsedTimeInRunningTests":"00:00:00.4884810","Metrics":{},"DiscoveredExtensions":{"TestDiscoverers":["Xunit.Runner.VisualStudio.VsTestRunner, xunit.runner.visualstudio.dotnetcore.testadapter, Version=2.4.0.0, Culture=neutral, PublicKeyToken=8d05b1bb7a6fdb6c"],"TestExecutors":["executor://xunit/VsTestRunner2/netcoreapp"],"TestExecutors2":[],"TestSettingsProviders":[]}},"LastRunTests":{"NewTestResults":[{"TestCase":{"Id":"9766ca74-f410-47ef-6b54-054d3f8cebf4","FullyQualifiedName":"ProgramTests.ProgramTests.Program_PrintArray_PrintTwoDimArr","DisplayName":"ProgramTests.ProgramTests.Program_PrintArray_PrintTwoDimArr","ExecutorUri":"executor://xunit/VsTestRunner2/netcoreapp","Source":"C:\\Pryazha\\Labs\\course_2\\semester_1\\oop\\lab_5\\ProgramTests\\bin\\Debug\\net6.0\\fine-code-coverage\\build-output\\ProgramTests.dll","CodeFilePath":null,"LineNumber":0,"Properties":[]},"Attachments":[],"Outcome":1,"ErrorMessage":null,"ErrorStackTrace":null,"DisplayName":"ProgramTests.ProgramTests.Program_PrintArray_PrintTwoDimArr","Messages":[],"ComputerName":"DESKTOP-FSF7RLL","Duration":"00:00:00.0006883","StartTime":"2023-12-01T06:30:57.298495+00:00","EndTime":"2023-12-01T06:30:57.2984951+00:00","Properties":[]},{"TestCase":{"Id":"7c5bb7ca-ab07-83a0-3b9c-349fe8b58e74","FullyQualifiedName":"ProgramTests.ProgramTests.Program_InsertRows_ReturnsEmptyArr","DisplayName":"ProgramTests.ProgramTests.Program_InsertRows_ReturnsEmptyArr","ExecutorUri":"executor://xunit/VsTestRunner2/netcoreapp","Source":"C:\\Pryazha\\Labs\\course_2\\semester_1\\oop\\lab_5\\ProgramTests\\bin\\Debug\\net6.0\\fine-code-coverage\\build-output\\ProgramTests.dll","CodeFilePath":null,"LineNumber":0,"Properties":[]},"Attachments":[],"Outcome":1,"ErrorMessage":null,"ErrorStackTrace":null,"DisplayName":"ProgramTests.ProgramTests.Program_InsertRows_ReturnsEmptyArr","Messages":[],"ComputerName":"DESKTOP-FSF7RLL","Duration":"00:00:00.0004432","StartTime":"2023-12-01T06:30:57.3010614+00:00","EndTime":"2023-12-01T06:30:57.3010614+00:00","Properties":[]},{"TestCase":{"Id":"7c81ac83-0688-f397-c114-82e0e180edfc","FullyQualifiedName":"ProgramTests.ProgramTests.Program_DeleteWithPos_ReturnsArr","DisplayName":"ProgramTests.ProgramTests.Program_DeleteWithPos_ReturnsArr","ExecutorUri":"executor://xunit/VsTestRunner2/netcoreapp","Source":"C:\\Pryazha\\Labs\\course_2\\semester_1\\oop\\lab_5\\ProgramTests\\bin\\Debug\\net6.0\\fine-code-coverage\\build-output\\ProgramTests.dll","CodeFilePath":null,"LineNumber":0,"Properties":[]},"Attachments":[],"Outcome":1,"ErrorMessage":null,"ErrorStackTrace":null,"DisplayName":"ProgramTests.ProgramTests.Program_DeleteWithPos_ReturnsArr","Messages":[],"ComputerName":"DESKTOP-FSF7RLL","Duration":"00:00:00.0001937","StartTime":"2023-12-01T06:30:57.303582+00:00","EndTime":"2023-12-01T06:30:57.3035821+00:00","Properties":[]},{"TestCase":{"Id":"22c555d2-28a3-41de-7abc-8bf35e50ce90","FullyQualifiedName":"ProgramTests.ProgramTests.Program_AddRowAtEnd_ReturnsArr","DisplayName":"ProgramTests.ProgramTests.Program_AddRowAtEnd_ReturnsArr","ExecutorUri":"executor://xunit/VsTestRunner2/netcoreapp","Source":"C:\\Pryazha\\Labs\\course_2\\semester_1\\oop\\lab_5\\ProgramTests\\bin\\Debug\\net6.0\\fine-code-coverage\\build-output\\ProgramTests.dll","CodeFilePath":null,"LineNumber":0,"Properties":[]},"Attachments":[],"Outcome":1,"ErrorMessage":null,"ErrorStackTrace":null,"DisplayName":"ProgramTests.ProgramTests.Program_AddRowAtEnd_ReturnsArr","Messages":[],"ComputerName":"DESKTOP-FSF7RLL","Duration":"00:00:00.0001146","StartTime":"2023-12-01T06:30:57.3057554+00:00","EndTime":"2023-12-01T06:30:57.3057555+00:00","Properties":[]},{"TestCase":{"Id":"a7b4dcc5-2a35-ec7e-2168-2732e9d68432","FullyQualifiedName":"ProgramTests.ProgramTests.Program_InsertRows_ReturnsArr","DisplayName":"ProgramTests.ProgramTests.Program_InsertRows_ReturnsArr","ExecutorUri":"executor://xunit/VsTestRunner2/netcoreapp","Source":"C:\\Pryazha\\Labs\\course_2\\semester_1\\oop\\lab_5\\ProgramTests\\bin\\Debug\\net6.0\\fine-code-coverage\\build-output\\ProgramTests.dll","CodeFilePath":null,"LineNumber":0,"Properties":[]},"Attachments":[],"Outcome":1,"ErrorMessage":null,"ErrorStackTrace":null,"DisplayName":"ProgramTests.ProgramTests.Program_InsertRows_ReturnsArr","Messages":[],"ComputerName":"DESKTOP-FSF7RLL","Duration":"00:00:00.0001608","StartTime":"2023-12-01T06:30:57.3080765+00:00","EndTime":"2023-12-01T06:30:57.3080766+00:00","Properties":[]},{"TestCase":{"Id":"1683635b-c03c-4275-b36d-ef44e700c5c1","FullyQualifiedName":"ProgramTests.ProgramTests.Program_PrintArray_PrintJaggedArr","DisplayName":"ProgramTests.ProgramTests.Program_PrintArray_PrintJaggedArr","ExecutorUri":"executor://xunit/VsTestRunner2/netcoreapp","Source":"C:\\Pryazha\\Labs\\course_2\\semester_1\\oop\\lab_5\\ProgramTests\\bin\\Debug\\net6.0\\fine-code-coverage\\build-output\\ProgramTests.dll","CodeFilePath":null,"LineNumber":0,"Properties":[]},"Attachments":[],"Outcome":1,"ErrorMessage":null,"ErrorStackTrace":null,"DisplayName":"ProgramTests.ProgramTests.Program_PrintArray_PrintJaggedArr","Messages":[],"ComputerName":"DESKTOP-FSF7RLL","Duration":"00:00:00.0003166","StartTime":"2023-12-01T06:30:57.3107355+00:00","EndTime":"2023-12-01T06:30:57.3107355+00:00","Properties":[]}],"TestRunStatistics":{"ExecutedTests":15,"Stats":{"Passed":15}},"ActiveTests":[]},"RunAttachments":[],"ExecutorUris":["executor://xunit/VsTestRunner2/netcoreapp"]}}
TpTrace Verbose: 0 : 13924, 7, 2023/12/01, 11:30:57.328, 718972187631, vstest.console.dll, TestRequestSender.EndSession: Sending end session.
TpTrace Verbose: 0 : 13924, 7, 2023/12/01, 11:30:57.328, 718972189461, vstest.console.dll, ProxyOperationManager.Close: waiting for test host to exit for 100 ms
TpTrace Verbose: 0 : 13924, 11, 2023/12/01, 11:30:57.348, 718972384162, vstest.console.dll, TestHostManagerCallbacks.ctor: Experimental forwarding output is disabled.
TpTrace Warning: 0 : 13924, 11, 2023/12/01, 11:30:57.348, 718972385330, vstest.console.dll, TestHostManagerCallbacks.ErrorReceivedCallback Test host standard error line: 
TpTrace Verbose: 0 : 13924, 11, 2023/12/01, 11:30:57.355, 718972459575, vstest.console.dll, TestHostProvider.ExitCallBack: Host exited starting callback.
TpTrace Information: 0 : 13924, 11, 2023/12/01, 11:30:57.356, 718972461500, vstest.console.dll, TestHostManagerCallbacks.ExitCallBack: Testhost processId: 7776 exited with exitcode: 0 error: ''
TpTrace Verbose: 0 : 13924, 11, 2023/12/01, 11:30:57.356, 718972461799, vstest.console.dll, DotnetTestHostManager.OnHostExited: invoking OnHostExited callback
TpTrace Verbose: 0 : 13924, 11, 2023/12/01, 11:30:57.356, 718972462159, vstest.console.dll, CrossPlatEngine.TestHostManagerHostExited: calling on client process exit callback.
TpTrace Information: 0 : 13924, 11, 2023/12/01, 11:30:57.356, 718972462502, vstest.console.dll, TestRequestSender.OnClientProcessExit: Test host process exited. Standard error: 
TpTrace Information: 0 : 13924, 11, 2023/12/01, 11:30:57.356, 718972462731, vstest.console.dll, SocketServer.Stop: Stop server endPoint: 127.0.0.1:57785
TpTrace Information: 0 : 13924, 11, 2023/12/01, 11:30:57.356, 718972462911, vstest.console.dll, SocketServer.Stop: Cancellation requested. Stopping message loop.
TpTrace Information: 0 : 13924, 7, 2023/12/01, 11:30:57.356, 718972463376, vstest.console.dll, SocketServer.Stop: Stop server endPoint: 127.0.0.1:57785
TpTrace Verbose: 0 : 13924, 11, 2023/12/01, 11:30:57.356, 718972463559, vstest.console.dll, MulticastDelegateUtilities.SafeInvoke: HostProviderEvents.OnHostExited: Invoking callback 1/1 for Microsoft.VisualStudio.TestPlatform.CrossPlatEngine.Client.ProxyOperationManager., took 0 ms.
TpTrace Information: 0 : 13924, 7, 2023/12/01, 11:30:57.356, 718972463907, vstest.console.dll, SocketServer.Stop: Cancellation requested. Stopping message loop.
TpTrace Information: 0 : 13924, 7, 2023/12/01, 11:30:57.356, 718972464395, vstest.console.dll, Closing the connection
TpTrace Verbose: 0 : 13924, 7, 2023/12/01, 11:30:57.356, 718972466079, vstest.console.dll, ProxyDataCollectionManager.InvokeDataCollectionServiceAction: Starting.
TpTrace Information: 0 : 13924, 7, 2023/12/01, 11:30:57.356, 718972466370, vstest.console.dll, ProxyDataCollectionManager.AfterTestRunEnd: Get attachment set and invoked data collectors processId: 12668 port: 57782
TpTrace Verbose: 0 : 13924, 7, 2023/12/01, 11:30:57.356, 718972466705, vstest.console.dll, DataCollectionRequestSender.SendAfterTestRunStartAndGetResult: Send AfterTestRunEnd message with isCancelled: False
TpTrace Verbose: 0 : 13924, 7, 2023/12/01, 11:30:57.363, 718972532968, vstest.console.dll, DataCollectionRequestSender.SendAfterTestRunStartAndGetResult: Received message: (DataCollection.AfterTestRunEndResult) -> {"MessageType":"DataCollection.AfterTestRunEndResult","Payload":{"AttachmentSets":[],"InvokedDataCollectors":[{"Uri":"datacollector://Microsoft/TestPlatform/Extensions/Blame/v1","FriendlyName":"Blame","AssemblyQualifiedName":"Microsoft.TestPlatform.Extensions.BlameDataCollector.BlameCollector, Microsoft.TestPlatform.Extensions.BlameDataCollector, Version=15.0.0.0, Culture=neutral, PublicKeyToken=b03f5f7f11d50a3a","FilePath":"C:\\Program Files\\dotnet\\sdk\\7.0.400\\Extensions\\Microsoft.TestPlatform.Extensions.BlameDataCollector.dll","HasAttachmentProcessor":false}],"Metrics":{}}}
TpTrace Information: 0 : 13924, 7, 2023/12/01, 11:30:57.368, 718972589759, vstest.console.dll, ProxyDataCollectionManager.InvokeDataCollectionServiceAction: Completed.
TpTrace Warning: 0 : 13924, 10, 2023/12/01, 11:30:57.379, 718972699427, vstest.console.dll, DataCollectionLauncher.ErrorReceivedCallback datacollector standard error line: 
TpTrace Information: 0 : 13924, 10, 2023/12/01, 11:30:57.380, 718972705728, vstest.console.dll, DataCollectionLauncher.ExitCallBack: Data collector exited with exitcode: 0 error: ''
TpTrace Verbose: 0 : 13924, 7, 2023/12/01, 11:30:57.412, 718973029814, vstest.console.dll, TestRunRequest:SendTestRunStatsChange: Starting.
TpTrace Verbose: 0 : 13924, 7, 2023/12/01, 11:30:57.413, 718973032053, vstest.console.dll, MulticastDelegateUtilities.SafeInvoke: TestRun.RunStatsChanged: Invoking callbacks was skipped because there are no subscribers.
TpTrace Information: 0 : 13924, 7, 2023/12/01, 11:30:57.413, 718973032531, vstest.console.dll, TestRunRequest:SendTestRunStatsChange: Completed.
TpTrace Verbose: 0 : 13924, 4, 2023/12/01, 11:30:57.413, 718973032721, vstest.console.dll, MulticastDelegateUtilities.SafeInvoke: InternalTestLoggerEvents.SendTestResult: Invoking callback 1/1 for Microsoft.VisualStudio.TestPlatform.CommandLine.Internal.ConsoleLogger., took 0 ms.
TpTrace Verbose: 0 : 13924, 4, 2023/12/01, 11:30:57.413, 718973033567, vstest.console.dll, MulticastDelegateUtilities.SafeInvoke: InternalTestLoggerEvents.SendTestResult: Invoking callback 1/1 for Microsoft.VisualStudio.TestPlatform.CommandLine.Internal.ConsoleLogger., took 0 ms.
TpTrace Verbose: 0 : 13924, 4, 2023/12/01, 11:30:57.413, 718973033864, vstest.console.dll, MulticastDelegateUtilities.SafeInvoke: InternalTestLoggerEvents.SendTestResult: Invoking callback 1/1 for Microsoft.VisualStudio.TestPlatform.CommandLine.Internal.ConsoleLogger., took 0 ms.
TpTrace Verbose: 0 : 13924, 7, 2023/12/01, 11:30:57.414, 718973041257, vstest.console.dll, ParallelProxyExecutionManager: HandlePartialRunComplete: Total completed clients = 1, Run complete = True, Run canceled: False.
TpTrace Verbose: 0 : 13924, 4, 2023/12/01, 11:30:57.414, 718973041817, vstest.console.dll, MulticastDelegateUtilities.SafeInvoke: InternalTestLoggerEvents.SendTestResult: Invoking callback 1/1 for Microsoft.VisualStudio.TestPlatform.CommandLine.Internal.ConsoleLogger., took 0 ms.
TpTrace Verbose: 0 : 13924, 4, 2023/12/01, 11:30:57.414, 718973043485, vstest.console.dll, MulticastDelegateUtilities.SafeInvoke: InternalTestLoggerEvents.SendTestResult: Invoking callback 1/1 for Microsoft.VisualStudio.TestPlatform.CommandLine.Internal.ConsoleLogger., took 0 ms.
TpTrace Verbose: 0 : 13924, 4, 2023/12/01, 11:30:57.414, 718973043834, vstest.console.dll, MulticastDelegateUtilities.SafeInvoke: InternalTestLoggerEvents.SendTestResult: Invoking callback 1/1 for Microsoft.VisualStudio.TestPlatform.CommandLine.Internal.ConsoleLogger., took 0 ms.
TpTrace Verbose: 0 : 13924, 4, 2023/12/01, 11:30:57.422, 718973128177, vstest.console.dll, MulticastDelegateUtilities.SafeInvoke: InternalTestLoggerEvents.SendTestRunComplete: Invoking callback 1/2 for Microsoft.TestPlatform.Extensions.BlameDataCollector.BlameLogger., took 0 ms.
TpTrace Verbose: 0 : 13924, 4, 2023/12/01, 11:30:57.427, 718973173012, vstest.console.dll, MulticastDelegateUtilities.SafeInvoke: InternalTestLoggerEvents.SendTestRunComplete: Invoking callback 2/2 for Microsoft.VisualStudio.TestPlatform.CommandLine.Internal.ConsoleLogger., took 4 ms.
TpTrace Verbose: 0 : 13924, 7, 2023/12/01, 11:30:57.427, 718973177150, vstest.console.dll, TestRunRequest:TestRunComplete: Starting. IsAborted:False IsCanceled:False.
TpTrace Verbose: 0 : 13924, 7, 2023/12/01, 11:30:57.429, 718973192555, vstest.console.dll, TestLoggerManager.HandleTestRunComplete: Ignoring as the object is disposed.
TpTrace Verbose: 0 : 13924, 7, 2023/12/01, 11:30:57.429, 718973195654, vstest.console.dll, MulticastDelegateUtilities.SafeInvoke: TestRun.TestRunComplete: Invoking callback 1/2 for Microsoft.VisualStudio.TestPlatform.CommandLine.TestRunResultAggregator., took 0 ms.
TpTrace Verbose: 0 : 13924, 7, 2023/12/01, 11:30:57.429, 718973197112, vstest.console.dll, MulticastDelegateUtilities.SafeInvoke: TestRun.TestRunComplete: Invoking callback 2/2 for Microsoft.VisualStudio.TestPlatform.CommandLine.Processors.RunTestsArgumentExecutor+TestRunRequestEventsRegistrar., took 0 ms.
TpTrace Information: 0 : 13924, 7, 2023/12/01, 11:30:57.429, 718973198289, vstest.console.dll, TestRunRequest:TestRunComplete: Completed.
TpTrace Verbose: 0 : 13924, 7, 2023/12/01, 11:30:57.429, 718973198725, vstest.console.dll, TestRequestSender.SetOperationComplete: Setting operation complete.
TpTrace Information: 0 : 13924, 7, 2023/12/01, 11:30:57.429, 718973199044, vstest.console.dll, SocketServer.Stop: Stop server endPoint: 127.0.0.1:57785
TpTrace Information: 0 : 13924, 7, 2023/12/01, 11:30:57.429, 718973199287, vstest.console.dll, SocketServer.Stop: Cancellation requested. Stopping message loop.
TpTrace Verbose: 0 : 13924, 1, 2023/12/01, 11:30:57.429, 718973199365, vstest.console.dll, TestRunRequest.Dispose: Starting.
TpTrace Verbose: 0 : 13924, 7, 2023/12/01, 11:30:57.429, 718973199542, vstest.console.dll, MulticastDelegateUtilities.SafeInvoke: LengthPrefixCommunicationChannel: MessageReceived: Invoking callback 1/1 for Microsoft.VisualStudio.TestPlatform.CommunicationUtilities.TestRequestSender+<>c__DisplayClass34_0., took 101 ms.
TpTrace Information: 0 : 13924, 1, 2023/12/01, 11:30:57.430, 718973200497, vstest.console.dll, TestRunRequest.Dispose: Completed.
TpTrace Information: 0 : 13924, 7, 2023/12/01, 11:30:57.430, 718973200988, vstest.console.dll, SocketServer.PrivateStop: Stopping server endPoint: 127.0.0.1:57785 error: 
TpTrace Information: 0 : 13924, 1, 2023/12/01, 11:30:57.430, 718973201576, vstest.console.dll, TestRequestManager.RunTests: run tests completed.
TpTrace Information: 0 : 13924, 1, 2023/12/01, 11:30:57.430, 718973202802, vstest.console.dll, RunTestsArgumentProcessor:Execute: Test run is completed.
TpTrace Verbose: 0 : 13924, 1, 2023/12/01, 11:30:57.430, 718973204287, vstest.console.dll, Executor.Execute: Exiting with exit code of 0
TpTrace Verbose: 0 : 13924, 7, 2023/12/01, 11:30:57.430, 718973204915, vstest.console.dll, LengthPrefixCommunicationChannel.Dispose: Dispose reader and writer.
TpTrace Information: 0 : 13924, 7, 2023/12/01, 11:30:57.430, 718973205582, vstest.console.dll, SocketServer.Stop: Raise disconnected event endPoint: 127.0.0.1:57785 error: 
TpTrace Verbose: 0 : 13924, 7, 2023/12/01, 11:30:57.430, 718973206778, vstest.console.dll, TestRequestSender: OnTestRunAbort: Operation is already complete. Skip error message.
TpTrace Verbose: 0 : 13924, 7, 2023/12/01, 11:30:57.430, 718973207099, vstest.console.dll, MulticastDelegateUtilities.SafeInvoke: SocketServer: ClientDisconnected: Invoking callback 1/1 for Microsoft.VisualStudio.TestPlatform.CommunicationUtilities.TestRequestSender., took 0 ms.
TpTrace Verbose: 0 : 13924, 7, 2023/12/01, 11:30:57.430, 718973207318, vstest.console.dll, TcpClientExtensions.MessageLoopAsync: exiting MessageLoopAsync remoteEndPoint: 127.0.0.1:57786 localEndPoint: 127.0.0.1:57785
