<?xml version="1.0" encoding="utf-8"?>
<!DOCTYPE coverage SYSTEM "http://cobertura.sourceforge.net/xml/coverage-04.dtd">
<coverage line-rate="0.936802973977695" branch-rate="0.846153846153846" lines-covered="252" lines-valid="269" branches-covered="22" branches-valid="26" complexity="69" version="0" timestamp="1705745047">
  <sources>
    <source>c:\</source>
    <source>C:\</source>
  </sources>
  <packages>
    <package name="DiapasonLibrary" line-rate="0.850467289719626" branch-rate="0.833333333333333" complexity="40">
      <classes>
        <class name="DiapasonLibrary.Diapason" filename="c:\pryazha\labs\course_2\semester_1\oop\lab_9\DiapasonLibrary\Diapason.cs" line-rate="0.888888888888889" branch-rate="1" complexity="26">
          <methods>
            <method name="get_x" signature="()" line-rate="1" branch-rate="1" complexity="1">
              <lines>
                <line number="5" hits="41" branch="false" />
              </lines>
            </method>
            <method name="get_y" signature="()" line-rate="1" branch-rate="1" complexity="1">
              <lines>
                <line number="6" hits="36" branch="false" />
              </lines>
            </method>
            <method name="Finalize" signature="()" line-rate="1" branch-rate="1" complexity="1">
              <lines>
                <line number="37" hits="138" branch="false" />
                <line number="38" hits="69" branch="false" />
                <line number="39" hits="138" branch="false" />
              </lines>
            </method>
            <method name="Print" signature="()" line-rate="0" branch-rate="1" complexity="1">
              <lines>
                <line number="42" hits="0" branch="false" />
                <line number="43" hits="0" branch="false" />
                <line number="44" hits="0" branch="false" />
              </lines>
            </method>
            <method name="InRange" signature="(...)" line-rate="1" branch-rate="1" complexity="2">
              <lines>
                <line number="47" hits="5" branch="false" />
                <line number="48" hits="5" branch="true" condition-coverage="100% (2/2)" />
                <line number="49" hits="5" branch="false" />
              </lines>
            </method>
            <method name="InRange" signature="(...)" line-rate="1" branch-rate="1" complexity="2">
              <lines>
                <line number="52" hits="5" branch="false" />
                <line number="53" hits="5" branch="true" condition-coverage="100% (2/2)" />
                <line number="54" hits="5" branch="false" />
              </lines>
            </method>
            <method name="op_LogicalNot" signature="(...)" line-rate="1" branch-rate="1" complexity="1">
              <lines>
                <line number="56" hits="2" branch="false" />
              </lines>
            </method>
            <method name="op_Increment" signature="(...)" line-rate="1" branch-rate="1" complexity="1">
              <lines>
                <line number="58" hits="2" branch="false" />
              </lines>
            </method>
            <method name="op_Explicit" signature="(...)" line-rate="1" branch-rate="1" complexity="1">
              <lines>
                <line number="60" hits="1" branch="false" />
              </lines>
            </method>
            <method name="op_Implicit" signature="(...)" line-rate="1" branch-rate="1" complexity="1">
              <lines>
                <line number="62" hits="1" branch="false" />
              </lines>
            </method>
            <method name="op_Addition" signature="(...)" line-rate="1" branch-rate="1" complexity="1">
              <lines>
                <line number="64" hits="1" branch="false" />
              </lines>
            </method>
            <method name="op_LessThan" signature="(...)" line-rate="1" branch-rate="1" complexity="2">
              <lines>
                <line number="66" hits="5" branch="true" condition-coverage="100% (2/2)" />
              </lines>
            </method>
            <method name="op_GreaterThan" signature="(...)" line-rate="1" branch-rate="1" complexity="2">
              <lines>
                <line number="68" hits="5" branch="true" condition-coverage="100% (2/2)" />
              </lines>
            </method>
            <method name="Equals" signature="(...)" line-rate="1" branch-rate="1" complexity="4">
              <lines>
                <line number="71" hits="9" branch="false" />
                <line number="72" hits="9" branch="false" />
                <line number="73" hits="9" branch="true" condition-coverage="100% (2/2)" />
                <line number="74" hits="1" branch="false" />
                <line number="75" hits="8" branch="true" condition-coverage="100% (2/2)" />
                <line number="76" hits="9" branch="false" />
              </lines>
            </method>
            <method name="GetHashCode" signature="()" line-rate="0" branch-rate="1" complexity="1">
              <lines>
                <line number="79" hits="0" branch="false" />
                <line number="80" hits="0" branch="false" />
                <line number="81" hits="0" branch="false" />
              </lines>
            </method>
            <method name=".ctor" signature="()" line-rate="1" branch-rate="1" complexity="1">
              <lines>
                <line number="9" hits="3" branch="false" />
                <line number="10" hits="3" branch="false" />
                <line number="11" hits="3" branch="false" />
                <line number="12" hits="3" branch="false" />
                <line number="13" hits="3" branch="false" />
                <line number="14" hits="3" branch="false" />
              </lines>
            </method>
            <method name=".ctor" signature="(...)" line-rate="1" branch-rate="1" complexity="2">
              <lines>
                <line number="16" hits="65" branch="false" />
                <line number="17" hits="65" branch="false" />
                <line number="18" hits="65" branch="true" condition-coverage="100% (2/2)" />
                <line number="19" hits="6" branch="false" />
                <line number="20" hits="6" branch="false" />
                <line number="21" hits="6" branch="false" />
                <line number="22" hits="6" branch="false" />
                <line number="23" hits="6" branch="false" />
                <line number="24" hits="65" branch="false" />
                <line number="25" hits="65" branch="false" />
                <line number="26" hits="65" branch="false" />
                <line number="27" hits="65" branch="false" />
              </lines>
            </method>
            <method name=".ctor" signature="(...)" line-rate="1" branch-rate="1" complexity="1">
              <lines>
                <line number="29" hits="1" branch="false" />
                <line number="30" hits="1" branch="false" />
                <line number="31" hits="1" branch="false" />
                <line number="32" hits="1" branch="false" />
                <line number="33" hits="1" branch="false" />
                <line number="34" hits="1" branch="false" />
              </lines>
            </method>
          </methods>
          <lines>
            <line number="5" hits="41" branch="false" />
            <line number="6" hits="36" branch="false" />
            <line number="9" hits="3" branch="false" />
            <line number="10" hits="3" branch="false" />
            <line number="11" hits="3" branch="false" />
            <line number="12" hits="3" branch="false" />
            <line number="13" hits="3" branch="false" />
            <line number="14" hits="3" branch="false" />
            <line number="16" hits="65" branch="false" />
            <line number="17" hits="65" branch="false" />
            <line number="18" hits="65" branch="true" condition-coverage="100% (2/2)" />
            <line number="19" hits="6" branch="false" />
            <line number="20" hits="6" branch="false" />
            <line number="21" hits="6" branch="false" />
            <line number="22" hits="6" branch="false" />
            <line number="23" hits="6" branch="false" />
            <line number="24" hits="65" branch="false" />
            <line number="25" hits="65" branch="false" />
            <line number="26" hits="65" branch="false" />
            <line number="27" hits="65" branch="false" />
            <line number="29" hits="1" branch="false" />
            <line number="30" hits="1" branch="false" />
            <line number="31" hits="1" branch="false" />
            <line number="32" hits="1" branch="false" />
            <line number="33" hits="1" branch="false" />
            <line number="34" hits="1" branch="false" />
            <line number="37" hits="138" branch="false" />
            <line number="38" hits="69" branch="false" />
            <line number="39" hits="138" branch="false" />
            <line number="42" hits="0" branch="false" />
            <line number="43" hits="0" branch="false" />
            <line number="44" hits="0" branch="false" />
            <line number="47" hits="5" branch="false" />
            <line number="48" hits="5" branch="true" condition-coverage="100% (2/2)" />
            <line number="49" hits="5" branch="false" />
            <line number="52" hits="5" branch="false" />
            <line number="53" hits="5" branch="true" condition-coverage="100% (2/2)" />
            <line number="54" hits="5" branch="false" />
            <line number="56" hits="2" branch="false" />
            <line number="58" hits="2" branch="false" />
            <line number="60" hits="1" branch="false" />
            <line number="62" hits="1" branch="false" />
            <line number="64" hits="1" branch="false" />
            <line number="66" hits="5" branch="true" condition-coverage="100% (2/2)" />
            <line number="68" hits="5" branch="true" condition-coverage="100% (2/2)" />
            <line number="71" hits="9" branch="false" />
            <line number="72" hits="9" branch="false" />
            <line number="73" hits="9" branch="true" condition-coverage="100% (2/2)" />
            <line number="74" hits="1" branch="false" />
            <line number="75" hits="8" branch="true" condition-coverage="100% (2/2)" />
            <line number="76" hits="9" branch="false" />
            <line number="79" hits="0" branch="false" />
            <line number="80" hits="0" branch="false" />
            <line number="81" hits="0" branch="false" />
          </lines>
        </class>
        <class name="DiapasonLibrary.DiapasonArray" filename="c:\pryazha\labs\course_2\semester_1\oop\lab_9\DiapasonLibrary\Diapason.cs" line-rate="0.811320754716981" branch-rate="0.6" complexity="14">
          <methods>
            <method name="get_Length" signature="()" line-rate="1" branch-rate="1" complexity="1">
              <lines>
                <line number="86" hits="9" branch="false" />
              </lines>
            </method>
            <method name="Print" signature="()" line-rate="0" branch-rate="0" complexity="4">
              <lines>
                <line number="119" hits="0" branch="false" />
                <line number="120" hits="0" branch="true" condition-coverage="0% (0/2)" />
                <line number="121" hits="0" branch="false" />
                <line number="122" hits="0" branch="false" />
                <line number="123" hits="0" branch="false" />
                <line number="125" hits="0" branch="true" condition-coverage="0% (0/2)" />
                <line number="126" hits="0" branch="false" />
                <line number="127" hits="0" branch="false" />
                <line number="128" hits="0" branch="false" />
                <line number="129" hits="0" branch="false" />
              </lines>
            </method>
            <method name="get_Item" signature="(...)" line-rate="1" branch-rate="1" complexity="1">
              <lines>
                <line number="133" hits="5" branch="false" />
                <line number="135" hits="5" branch="false" />
                <line number="136" hits="5" branch="false" />
                <line number="137" hits="1" branch="false" />
                <line number="138" hits="1" branch="false" />
                <line number="139" hits="1" branch="false" />
                <line number="140" hits="1" branch="false" />
                <line number="142" hits="5" branch="false" />
              </lines>
            </method>
            <method name="set_Item" signature="(...)" line-rate="1" branch-rate="1" complexity="1">
              <lines>
                <line number="143" hits="2" branch="false" />
                <line number="145" hits="2" branch="false" />
                <line number="146" hits="2" branch="false" />
                <line number="147" hits="2" branch="false" />
                <line number="148" hits="1" branch="false" />
                <line number="149" hits="1" branch="false" />
                <line number="150" hits="1" branch="false" />
                <line number="151" hits="2" branch="false" />
              </lines>
            </method>
            <method name=".ctor" signature="()" line-rate="1" branch-rate="1" complexity="1">
              <lines>
                <line number="88" hits="1" branch="false" />
                <line number="89" hits="1" branch="false" />
                <line number="90" hits="1" branch="false" />
                <line number="91" hits="1" branch="false" />
              </lines>
            </method>
            <method name=".ctor" signature="(...)" line-rate="1" branch-rate="1" complexity="4">
              <lines>
                <line number="93" hits="5" branch="false" />
                <line number="94" hits="5" branch="false" />
                <line number="95" hits="5" branch="true" condition-coverage="100% (2/2)" />
                <line number="96" hits="2" branch="false" />
                <line number="97" hits="2" branch="false" />
                <line number="98" hits="2" branch="false" />
                <line number="100" hits="3" branch="false" />
                <line number="101" hits="3" branch="false" />
                <line number="102" hits="38" branch="true" condition-coverage="100% (2/2)" />
                <line number="103" hits="16" branch="false" />
                <line number="104" hits="16" branch="false" />
                <line number="105" hits="16" branch="false" />
                <line number="106" hits="16" branch="false" />
                <line number="107" hits="5" branch="false" />
              </lines>
            </method>
            <method name=".ctor" signature="(...)" line-rate="1" branch-rate="1" complexity="2">
              <lines>
                <line number="109" hits="4" branch="false" />
                <line number="110" hits="4" branch="false" />
                <line number="111" hits="4" branch="false" />
                <line number="112" hits="28" branch="true" condition-coverage="100% (2/2)" />
                <line number="113" hits="10" branch="false" />
                <line number="114" hits="10" branch="false" />
                <line number="115" hits="10" branch="false" />
                <line number="116" hits="4" branch="false" />
              </lines>
            </method>
          </methods>
          <lines>
            <line number="86" hits="9" branch="false" />
            <line number="88" hits="1" branch="false" />
            <line number="89" hits="1" branch="false" />
            <line number="90" hits="1" branch="false" />
            <line number="91" hits="1" branch="false" />
            <line number="93" hits="5" branch="false" />
            <line number="94" hits="5" branch="false" />
            <line number="95" hits="5" branch="true" condition-coverage="100% (2/2)" />
            <line number="96" hits="2" branch="false" />
            <line number="97" hits="2" branch="false" />
            <line number="98" hits="2" branch="false" />
            <line number="100" hits="3" branch="false" />
            <line number="101" hits="3" branch="false" />
            <line number="102" hits="38" branch="true" condition-coverage="100% (2/2)" />
            <line number="103" hits="16" branch="false" />
            <line number="104" hits="16" branch="false" />
            <line number="105" hits="16" branch="false" />
            <line number="106" hits="16" branch="false" />
            <line number="107" hits="5" branch="false" />
            <line number="109" hits="4" branch="false" />
            <line number="110" hits="4" branch="false" />
            <line number="111" hits="4" branch="false" />
            <line number="112" hits="28" branch="true" condition-coverage="100% (2/2)" />
            <line number="113" hits="10" branch="false" />
            <line number="114" hits="10" branch="false" />
            <line number="115" hits="10" branch="false" />
            <line number="116" hits="4" branch="false" />
            <line number="119" hits="0" branch="false" />
            <line number="120" hits="0" branch="true" condition-coverage="0% (0/2)" />
            <line number="121" hits="0" branch="false" />
            <line number="122" hits="0" branch="false" />
            <line number="123" hits="0" branch="false" />
            <line number="125" hits="0" branch="true" condition-coverage="0% (0/2)" />
            <line number="126" hits="0" branch="false" />
            <line number="127" hits="0" branch="false" />
            <line number="128" hits="0" branch="false" />
            <line number="129" hits="0" branch="false" />
            <line number="133" hits="5" branch="false" />
            <line number="135" hits="5" branch="false" />
            <line number="136" hits="5" branch="false" />
            <line number="137" hits="1" branch="false" />
            <line number="138" hits="1" branch="false" />
            <line number="139" hits="1" branch="false" />
            <line number="140" hits="1" branch="false" />
            <line number="142" hits="5" branch="false" />
            <line number="143" hits="2" branch="false" />
            <line number="145" hits="2" branch="false" />
            <line number="146" hits="2" branch="false" />
            <line number="147" hits="2" branch="false" />
            <line number="148" hits="1" branch="false" />
            <line number="149" hits="1" branch="false" />
            <line number="150" hits="1" branch="false" />
            <line number="151" hits="2" branch="false" />
          </lines>
        </class>
      </classes>
    </package>
    <package name="DiapasonLibraryTest" line-rate="0.993827160493827" branch-rate="1" complexity="29">
      <classes>
        <class name="AutoGeneratedProgram" filename="c:\Users\user\.nuget\packages\microsoft.net.test.sdk\17.6.0\build\netcoreapp3.1\Microsoft.NET.Test.Sdk.Program.cs" line-rate="0" branch-rate="1" complexity="1">
          <methods>
            <method name="Main" signature="(...)" line-rate="0" branch-rate="1" complexity="1">
              <lines>
                <line number="4" hits="0" branch="false" />
              </lines>
            </method>
          </methods>
          <lines>
            <line number="4" hits="0" branch="false" />
          </lines>
        </class>
        <class name="DiapasonLibraryTest.DiapasonArrayTest" filename="c:\pryazha\labs\course_2\semester_1\oop\lab_9\DiapasonLibraryTest\DiapasonArrayTest.cs" line-rate="1" branch-rate="1" complexity="9">
          <methods>
            <method name="DiapasonArray_LengthProperty_ReturnsValidLength" signature="(...)" line-rate="1" branch-rate="1" complexity="1">
              <lines>
                <line number="11" hits="2" branch="false" />
                <line number="13" hits="2" branch="false" />
                <line number="16" hits="2" branch="false" />
                <line number="19" hits="2" branch="false" />
                <line number="20" hits="2" branch="false" />
              </lines>
            </method>
            <method name="DiapasonArray_ConstructorWithoutParam_ReturnsEmptyArr" signature="()" line-rate="1" branch-rate="1" complexity="1">
              <lines>
                <line number="24" hits="1" branch="false" />
                <line number="26" hits="1" branch="false" />
                <line number="29" hits="1" branch="false" />
                <line number="32" hits="1" branch="false" />
                <line number="33" hits="1" branch="false" />
              </lines>
            </method>
            <method name="DiapasonArray_ConstructorWithSize_ReturnsInvalidSize" signature="()" line-rate="1" branch-rate="1" complexity="1">
              <lines>
                <line number="37" hits="1" branch="false" />
                <line number="39" hits="1" branch="false" />
                <line number="42" hits="1" branch="false" />
                <line number="45" hits="1" branch="false" />
                <line number="46" hits="1" branch="false" />
              </lines>
            </method>
            <method name="DiapasonArray_ConstructorWithSize_ReturnsValidArr" signature="(...)" line-rate="1" branch-rate="1" complexity="1">
              <lines>
                <line number="52" hits="2" branch="false" />
                <line number="54" hits="2" branch="false" />
                <line number="57" hits="2" branch="false" />
                <line number="60" hits="2" branch="false" />
                <line number="61" hits="2" branch="false" />
              </lines>
            </method>
            <method name="DiapasonArray_IndexatorGet_ReturnsError" signature="()" line-rate="1" branch-rate="1" complexity="1">
              <lines>
                <line number="65" hits="1" branch="false" />
                <line number="67" hits="1" branch="false" />
                <line number="68" hits="1" branch="false" />
                <line number="69" hits="1" branch="false" />
                <line number="71" hits="1" branch="false" />
                <line number="73" hits="1" branch="false" />
                <line number="76" hits="1" branch="false" />
                <line number="79" hits="1" branch="false" />
                <line number="80" hits="1" branch="false" />
              </lines>
            </method>
            <method name="DiapasonArray_IndexatorGet_ReturnsValidInt" signature="()" line-rate="1" branch-rate="1" complexity="1">
              <lines>
                <line number="84" hits="1" branch="false" />
                <line number="86" hits="1" branch="false" />
                <line number="87" hits="1" branch="false" />
                <line number="88" hits="1" branch="false" />
                <line number="89" hits="1" branch="false" />
                <line number="90" hits="1" branch="false" />
                <line number="92" hits="1" branch="false" />
                <line number="95" hits="1" branch="false" />
                <line number="98" hits="1" branch="false" />
                <line number="99" hits="1" branch="false" />
              </lines>
            </method>
            <method name="DiapasonArray_IndexatorSet_ReturnsError" signature="()" line-rate="1" branch-rate="1" complexity="2">
              <lines>
                <line number="103" hits="1" branch="false" />
                <line number="105" hits="1" branch="false" />
                <line number="106" hits="1" branch="false" />
                <line number="107" hits="1" branch="false" />
                <line number="109" hits="1" branch="false" />
                <line number="111" hits="1" branch="false" />
                <line number="114" hits="1" branch="false" />
                <line number="117" hits="6" branch="true" condition-coverage="100% (2/2)" />
                <line number="118" hits="2" branch="false" />
                <line number="119" hits="2" branch="false" />
                <line number="120" hits="2" branch="false" />
                <line number="121" hits="1" branch="false" />
              </lines>
            </method>
            <method name="DiapasonArray_IndexatorSet_ReturnsValidSet" signature="()" line-rate="1" branch-rate="1" complexity="1">
              <lines>
                <line number="125" hits="1" branch="false" />
                <line number="127" hits="1" branch="false" />
                <line number="128" hits="1" branch="false" />
                <line number="129" hits="1" branch="false" />
                <line number="131" hits="1" branch="false" />
                <line number="133" hits="1" branch="false" />
                <line number="136" hits="1" branch="false" />
                <line number="139" hits="1" branch="false" />
                <line number="140" hits="1" branch="false" />
              </lines>
            </method>
          </methods>
          <lines>
            <line number="11" hits="2" branch="false" />
            <line number="13" hits="2" branch="false" />
            <line number="16" hits="2" branch="false" />
            <line number="19" hits="2" branch="false" />
            <line number="20" hits="2" branch="false" />
            <line number="24" hits="1" branch="false" />
            <line number="26" hits="1" branch="false" />
            <line number="29" hits="1" branch="false" />
            <line number="32" hits="1" branch="false" />
            <line number="33" hits="1" branch="false" />
            <line number="37" hits="1" branch="false" />
            <line number="39" hits="1" branch="false" />
            <line number="42" hits="1" branch="false" />
            <line number="45" hits="1" branch="false" />
            <line number="46" hits="1" branch="false" />
            <line number="52" hits="2" branch="false" />
            <line number="54" hits="2" branch="false" />
            <line number="57" hits="2" branch="false" />
            <line number="60" hits="2" branch="false" />
            <line number="61" hits="2" branch="false" />
            <line number="65" hits="1" branch="false" />
            <line number="67" hits="1" branch="false" />
            <line number="68" hits="1" branch="false" />
            <line number="69" hits="1" branch="false" />
            <line number="71" hits="1" branch="false" />
            <line number="73" hits="1" branch="false" />
            <line number="76" hits="1" branch="false" />
            <line number="79" hits="1" branch="false" />
            <line number="80" hits="1" branch="false" />
            <line number="84" hits="1" branch="false" />
            <line number="86" hits="1" branch="false" />
            <line number="87" hits="1" branch="false" />
            <line number="88" hits="1" branch="false" />
            <line number="89" hits="1" branch="false" />
            <line number="90" hits="1" branch="false" />
            <line number="92" hits="1" branch="false" />
            <line number="95" hits="1" branch="false" />
            <line number="98" hits="1" branch="false" />
            <line number="99" hits="1" branch="false" />
            <line number="103" hits="1" branch="false" />
            <line number="105" hits="1" branch="false" />
            <line number="106" hits="1" branch="false" />
            <line number="107" hits="1" branch="false" />
            <line number="109" hits="1" branch="false" />
            <line number="111" hits="1" branch="false" />
            <line number="114" hits="1" branch="false" />
            <line number="117" hits="6" branch="true" condition-coverage="100% (2/2)" />
            <line number="118" hits="2" branch="false" />
            <line number="119" hits="2" branch="false" />
            <line number="120" hits="2" branch="false" />
            <line number="121" hits="1" branch="false" />
            <line number="125" hits="1" branch="false" />
            <line number="127" hits="1" branch="false" />
            <line number="128" hits="1" branch="false" />
            <line number="129" hits="1" branch="false" />
            <line number="131" hits="1" branch="false" />
            <line number="133" hits="1" branch="false" />
            <line number="136" hits="1" branch="false" />
            <line number="139" hits="1" branch="false" />
            <line number="140" hits="1" branch="false" />
          </lines>
        </class>
        <class name="DiapasonLibraryTest.DiapasonTest" filename="c:\pryazha\labs\course_2\semester_1\oop\lab_9\DiapasonLibraryTest\DiapasonTest.cs" line-rate="1" branch-rate="1" complexity="19">
          <methods>
            <method name="Diapason_ConstructorWithoutParam_ReturnsValidDiap" signature="()" line-rate="1" branch-rate="1" complexity="1">
              <lines>
                <line number="9" hits="1" branch="false" />
                <line number="11" hits="1" branch="false" />
                <line number="16" hits="1" branch="false" />
                <line number="17" hits="1" branch="false" />
                <line number="18" hits="1" branch="false" />
              </lines>
            </method>
            <method name="Diapason_ConstructorWithXY_ReturnsValidDiap" signature="()" line-rate="1" branch-rate="1" complexity="1">
              <lines>
                <line number="22" hits="1" branch="false" />
                <line number="24" hits="1" branch="false" />
                <line number="25" hits="1" branch="false" />
                <line number="26" hits="1" branch="false" />
                <line number="31" hits="1" branch="false" />
                <line number="32" hits="1" branch="false" />
                <line number="33" hits="1" branch="false" />
              </lines>
            </method>
            <method name="Diapason_ConstructorCopy_ReturnsValidDiap" signature="()" line-rate="1" branch-rate="1" complexity="1">
              <lines>
                <line number="37" hits="1" branch="false" />
                <line number="39" hits="1" branch="false" />
                <line number="40" hits="1" branch="false" />
                <line number="45" hits="1" branch="false" />
                <line number="46" hits="1" branch="false" />
              </lines>
            </method>
            <method name="Diapason_InRange_ReturnsTrue" signature="(...)" line-rate="1" branch-rate="1" complexity="1">
              <lines>
                <line number="53" hits="3" branch="false" />
                <line number="55" hits="3" branch="false" />
                <line number="58" hits="3" branch="false" />
                <line number="61" hits="3" branch="false" />
                <line number="62" hits="3" branch="false" />
              </lines>
            </method>
            <method name="Diapason_InRange_ReturnsFalse" signature="(...)" line-rate="1" branch-rate="1" complexity="1">
              <lines>
                <line number="68" hits="2" branch="false" />
                <line number="70" hits="2" branch="false" />
                <line number="73" hits="2" branch="false" />
                <line number="76" hits="2" branch="false" />
                <line number="77" hits="2" branch="false" />
              </lines>
            </method>
            <method name="Diapason_s_InRange_ReturnsTrue" signature="(...)" line-rate="1" branch-rate="1" complexity="1">
              <lines>
                <line number="84" hits="3" branch="false" />
                <line number="88" hits="3" branch="false" />
                <line number="91" hits="3" branch="false" />
                <line number="92" hits="3" branch="false" />
              </lines>
            </method>
            <method name="Diapason_s_InRange_ReturnsFalse" signature="(...)" line-rate="1" branch-rate="1" complexity="1">
              <lines>
                <line number="98" hits="2" branch="false" />
                <line number="102" hits="2" branch="false" />
                <line number="105" hits="2" branch="false" />
                <line number="106" hits="2" branch="false" />
              </lines>
            </method>
            <method name="Diapason_OperatorExlamationPoint_ReturnsValidLength" signature="(...)" line-rate="1" branch-rate="1" complexity="1">
              <lines>
                <line number="112" hits="2" branch="false" />
                <line number="114" hits="2" branch="false" />
                <line number="117" hits="2" branch="false" />
                <line number="120" hits="2" branch="false" />
                <line number="121" hits="2" branch="false" />
              </lines>
            </method>
            <method name="Diapason_OperatorPlusPlus_ReturnsValidDiap" signature="(...)" line-rate="1" branch-rate="1" complexity="1">
              <lines>
                <line number="127" hits="2" branch="false" />
                <line number="129" hits="2" branch="false" />
                <line number="132" hits="2" branch="false" />
                <line number="135" hits="2" branch="false" />
                <line number="136" hits="2" branch="false" />
                <line number="137" hits="2" branch="false" />
              </lines>
            </method>
            <method name="Diapason_ExplicitIntCasting_ReturnsValidInt" signature="()" line-rate="1" branch-rate="1" complexity="1">
              <lines>
                <line number="141" hits="1" branch="false" />
                <line number="143" hits="1" branch="false" />
                <line number="146" hits="1" branch="false" />
                <line number="149" hits="1" branch="false" />
                <line number="150" hits="1" branch="false" />
              </lines>
            </method>
            <method name="Diapason_ImplicitDoubleCasting_ReturnsValidDouble" signature="()" line-rate="1" branch-rate="1" complexity="1">
              <lines>
                <line number="154" hits="1" branch="false" />
                <line number="156" hits="1" branch="false" />
                <line number="159" hits="1" branch="false" />
                <line number="162" hits="1" branch="false" />
                <line number="163" hits="1" branch="false" />
              </lines>
            </method>
            <method name="Diapason_OperatorSumWithNum_ReturnsValidNum" signature="()" line-rate="1" branch-rate="1" complexity="1">
              <lines>
                <line number="167" hits="1" branch="false" />
                <line number="169" hits="1" branch="false" />
                <line number="170" hits="1" branch="false" />
                <line number="171" hits="1" branch="false" />
                <line number="174" hits="1" branch="false" />
                <line number="177" hits="1" branch="false" />
                <line number="178" hits="1" branch="false" />
              </lines>
            </method>
            <method name="Diapason_OperatorLessThan_ReturnsTrue" signature="(...)" line-rate="1" branch-rate="1" complexity="1">
              <lines>
                <line number="185" hits="3" branch="false" />
                <line number="187" hits="3" branch="false" />
                <line number="190" hits="3" branch="false" />
                <line number="193" hits="3" branch="false" />
                <line number="194" hits="3" branch="false" />
              </lines>
            </method>
            <method name="Diapason_OperatorLessThan_ReturnsFalse" signature="(...)" line-rate="1" branch-rate="1" complexity="1">
              <lines>
                <line number="200" hits="2" branch="false" />
                <line number="202" hits="2" branch="false" />
                <line number="205" hits="2" branch="false" />
                <line number="208" hits="2" branch="false" />
                <line number="209" hits="2" branch="false" />
              </lines>
            </method>
            <method name="Diapason_OperatorGreaterThan_ReturnsTrue" signature="(...)" line-rate="1" branch-rate="1" complexity="1">
              <lines>
                <line number="215" hits="2" branch="false" />
                <line number="217" hits="2" branch="false" />
                <line number="220" hits="2" branch="false" />
                <line number="223" hits="2" branch="false" />
                <line number="224" hits="2" branch="false" />
              </lines>
            </method>
            <method name="Diapason_OperatorGreaterThan_ReturnsFalse" signature="(...)" line-rate="1" branch-rate="1" complexity="1">
              <lines>
                <line number="231" hits="3" branch="false" />
                <line number="233" hits="3" branch="false" />
                <line number="236" hits="3" branch="false" />
                <line number="239" hits="3" branch="false" />
                <line number="240" hits="3" branch="false" />
              </lines>
            </method>
            <method name="Diapason_Equals_ReturnsTrue" signature="()" line-rate="1" branch-rate="1" complexity="1">
              <lines>
                <line number="244" hits="1" branch="false" />
                <line number="246" hits="1" branch="false" />
                <line number="247" hits="1" branch="false" />
                <line number="250" hits="1" branch="false" />
                <line number="253" hits="1" branch="false" />
                <line number="254" hits="1" branch="false" />
              </lines>
            </method>
            <method name="Diapason_Equals_ReturnsFalse" signature="(...)" line-rate="1" branch-rate="1" complexity="1">
              <lines>
                <line number="260" hits="2" branch="false" />
                <line number="262" hits="2" branch="false" />
                <line number="263" hits="2" branch="false" />
                <line number="266" hits="2" branch="false" />
                <line number="269" hits="2" branch="false" />
                <line number="270" hits="2" branch="false" />
              </lines>
            </method>
            <method name="Diapason_EqualsWithNull_ReturnsFalse" signature="()" line-rate="1" branch-rate="1" complexity="1">
              <lines>
                <line number="274" hits="1" branch="false" />
                <line number="276" hits="1" branch="false" />
                <line number="277" hits="1" branch="false" />
                <line number="280" hits="1" branch="false" />
                <line number="283" hits="1" branch="false" />
                <line number="284" hits="1" branch="false" />
              </lines>
            </method>
          </methods>
          <lines>
            <line number="9" hits="1" branch="false" />
            <line number="11" hits="1" branch="false" />
            <line number="16" hits="1" branch="false" />
            <line number="17" hits="1" branch="false" />
            <line number="18" hits="1" branch="false" />
            <line number="22" hits="1" branch="false" />
            <line number="24" hits="1" branch="false" />
            <line number="25" hits="1" branch="false" />
            <line number="26" hits="1" branch="false" />
            <line number="31" hits="1" branch="false" />
            <line number="32" hits="1" branch="false" />
            <line number="33" hits="1" branch="false" />
            <line number="37" hits="1" branch="false" />
            <line number="39" hits="1" branch="false" />
            <line number="40" hits="1" branch="false" />
            <line number="45" hits="1" branch="false" />
            <line number="46" hits="1" branch="false" />
            <line number="53" hits="3" branch="false" />
            <line number="55" hits="3" branch="false" />
            <line number="58" hits="3" branch="false" />
            <line number="61" hits="3" branch="false" />
            <line number="62" hits="3" branch="false" />
            <line number="68" hits="2" branch="false" />
            <line number="70" hits="2" branch="false" />
            <line number="73" hits="2" branch="false" />
            <line number="76" hits="2" branch="false" />
            <line number="77" hits="2" branch="false" />
            <line number="84" hits="3" branch="false" />
            <line number="88" hits="3" branch="false" />
            <line number="91" hits="3" branch="false" />
            <line number="92" hits="3" branch="false" />
            <line number="98" hits="2" branch="false" />
            <line number="102" hits="2" branch="false" />
            <line number="105" hits="2" branch="false" />
            <line number="106" hits="2" branch="false" />
            <line number="112" hits="2" branch="false" />
            <line number="114" hits="2" branch="false" />
            <line number="117" hits="2" branch="false" />
            <line number="120" hits="2" branch="false" />
            <line number="121" hits="2" branch="false" />
            <line number="127" hits="2" branch="false" />
            <line number="129" hits="2" branch="false" />
            <line number="132" hits="2" branch="false" />
            <line number="135" hits="2" branch="false" />
            <line number="136" hits="2" branch="false" />
            <line number="137" hits="2" branch="false" />
            <line number="141" hits="1" branch="false" />
            <line number="143" hits="1" branch="false" />
            <line number="146" hits="1" branch="false" />
            <line number="149" hits="1" branch="false" />
            <line number="150" hits="1" branch="false" />
            <line number="154" hits="1" branch="false" />
            <line number="156" hits="1" branch="false" />
            <line number="159" hits="1" branch="false" />
            <line number="162" hits="1" branch="false" />
            <line number="163" hits="1" branch="false" />
            <line number="167" hits="1" branch="false" />
            <line number="169" hits="1" branch="false" />
            <line number="170" hits="1" branch="false" />
            <line number="171" hits="1" branch="false" />
            <line number="174" hits="1" branch="false" />
            <line number="177" hits="1" branch="false" />
            <line number="178" hits="1" branch="false" />
            <line number="185" hits="3" branch="false" />
            <line number="187" hits="3" branch="false" />
            <line number="190" hits="3" branch="false" />
            <line number="193" hits="3" branch="false" />
            <line number="194" hits="3" branch="false" />
            <line number="200" hits="2" branch="false" />
            <line number="202" hits="2" branch="false" />
            <line number="205" hits="2" branch="false" />
            <line number="208" hits="2" branch="false" />
            <line number="209" hits="2" branch="false" />
            <line number="215" hits="2" branch="false" />
            <line number="217" hits="2" branch="false" />
            <line number="220" hits="2" branch="false" />
            <line number="223" hits="2" branch="false" />
            <line number="224" hits="2" branch="false" />
            <line number="231" hits="3" branch="false" />
            <line number="233" hits="3" branch="false" />
            <line number="236" hits="3" branch="false" />
            <line number="239" hits="3" branch="false" />
            <line number="240" hits="3" branch="false" />
            <line number="244" hits="1" branch="false" />
            <line number="246" hits="1" branch="false" />
            <line number="247" hits="1" branch="false" />
            <line number="250" hits="1" branch="false" />
            <line number="253" hits="1" branch="false" />
            <line number="254" hits="1" branch="false" />
            <line number="260" hits="2" branch="false" />
            <line number="262" hits="2" branch="false" />
            <line number="263" hits="2" branch="false" />
            <line number="266" hits="2" branch="false" />
            <line number="269" hits="2" branch="false" />
            <line number="270" hits="2" branch="false" />
            <line number="274" hits="1" branch="false" />
            <line number="276" hits="1" branch="false" />
            <line number="277" hits="1" branch="false" />
            <line number="280" hits="1" branch="false" />
            <line number="283" hits="1" branch="false" />
            <line number="284" hits="1" branch="false" />
          </lines>
        </class>
      </classes>
    </package>
  </packages>
</coverage>