TpTrace Verbose: 0 : 6892, 1, 2024/01/15, 14:33:42.887, 78728054275, vstest.console.dll, Version: 17.8.0-release-23578-02 Current process architecture: X64
TpTrace Verbose: 0 : 6892, 1, 2024/01/15, 14:33:42.891, 78728101767, vstest.console.dll, Runtime location: C:\Program Files\dotnet\shared\Microsoft.NETCore.App\8.0.1
TpTrace Verbose: 0 : 6892, 1, 2024/01/15, 14:33:42.894, 78728131133, vstest.console.dll, ArtifactProcessingPostProcessModeProcessorExecutor.Initialize: ArtifactProcessingMode.Collect
TpTrace Verbose: 0 : 6892, 1, 2024/01/15, 14:33:42.894, 78728133327, vstest.console.dll, TestSessionCorrelationIdProcessorModeProcessorExecutor.Initialize: TestSessionCorrelationId '2036_e8669623-7b8a-419a-a7c9-98b9b6f233a8'
TpTrace Information: 0 : 6892, 1, 2024/01/15, 14:33:42.910, 78728287043, vstest.console.dll, FilePatternParser: The given file C:\pryazha\labs\course_2\semester_1\oop\lab_9\DiapasonLibraryTest\bin\Debug\net7.0\fine-code-coverage\build-output\DiapasonLibraryTest.dll is a full path.
TpTrace Verbose: 0 : 6892, 1, 2024/01/15, 14:33:42.918, 78728364466, vstest.console.dll, TestPluginCache.DiscoverTestExtensions: finding test extensions in assemblies ends with: RuntimeProvider.dll TPluginInfo: Microsoft.VisualStudio.TestPlatform.Common.ExtensionFramework.Utilities.TestRuntimePluginInformation TExtension: Microsoft.VisualStudio.TestPlatform.ObjectModel.Host.ITestRuntimeProvider
TpTrace Verbose: 0 : 6892, 1, 2024/01/15, 14:33:42.918, 78728369879, vstest.console.dll, TestPluginCache.GetExtensionPaths: Filtered extension paths: 
TpTrace Verbose: 0 : 6892, 1, 2024/01/15, 14:33:42.918, 78728371097, vstest.console.dll, TestPluginCache.GetExtensionPaths: Added default extension paths: C:\Program Files\dotnet\sdk\8.0.101\Extensions\Microsoft.Diagnostics.NETCore.Client.dll
C:\Program Files\dotnet\sdk\8.0.101\Extensions\Microsoft.TestPlatform.Extensions.BlameDataCollector.dll
C:\Program Files\dotnet\sdk\8.0.101\Extensions\Microsoft.TestPlatform.Extensions.EventLogCollector.dll
C:\Program Files\dotnet\sdk\8.0.101\Extensions\Microsoft.TestPlatform.TestHostRuntimeProvider.dll
C:\Program Files\dotnet\sdk\8.0.101\Extensions\Microsoft.VisualStudio.TestPlatform.Extensions.Html.TestLogger.dll
C:\Program Files\dotnet\sdk\8.0.101\Extensions\Microsoft.VisualStudio.TestPlatform.Extensions.Trx.TestLogger.dll
TpTrace Verbose: 0 : 6892, 1, 2024/01/15, 14:33:42.918, 78728371643, vstest.console.dll, TestPluginCache.GetExtensionPaths: Added unfilterableExtensionPaths: 
TpTrace Information: 0 : 6892, 1, 2024/01/15, 14:33:42.919, 78728380348, vstest.console.dll, AssemblyResolver.ctor: Creating AssemblyResolver with searchDirectories C:\Program Files\dotnet\sdk\8.0.101\Extensions,C:\Program Files\dotnet\sdk\8.0.101
TpTrace Verbose: 0 : 6892, 1, 2024/01/15, 14:33:42.921, 78728398720, vstest.console.dll, TestPluginCache.DiscoverTestExtensions: Discovering the extensions using extension path.
TpTrace Verbose: 0 : 6892, 1, 2024/01/15, 14:33:42.921, 78728400801, vstest.console.dll, TestPluginCache.GetExtensionPaths: Filtered extension paths: 
TpTrace Verbose: 0 : 6892, 1, 2024/01/15, 14:33:42.921, 78728401343, vstest.console.dll, TestPluginCache.GetExtensionPaths: Added default extension paths: C:\Program Files\dotnet\sdk\8.0.101\Extensions\Microsoft.Diagnostics.NETCore.Client.dll
C:\Program Files\dotnet\sdk\8.0.101\Extensions\Microsoft.TestPlatform.Extensions.BlameDataCollector.dll
C:\Program Files\dotnet\sdk\8.0.101\Extensions\Microsoft.TestPlatform.Extensions.EventLogCollector.dll
C:\Program Files\dotnet\sdk\8.0.101\Extensions\Microsoft.TestPlatform.TestHostRuntimeProvider.dll
C:\Program Files\dotnet\sdk\8.0.101\Extensions\Microsoft.VisualStudio.TestPlatform.Extensions.Html.TestLogger.dll
C:\Program Files\dotnet\sdk\8.0.101\Extensions\Microsoft.VisualStudio.TestPlatform.Extensions.Trx.TestLogger.dll
TpTrace Verbose: 0 : 6892, 1, 2024/01/15, 14:33:42.921, 78728401847, vstest.console.dll, TestPluginCache.GetExtensionPaths: Added unfilterableExtensionPaths: 
TpTrace Verbose: 0 : 6892, 1, 2024/01/15, 14:33:42.921, 78728402878, vstest.console.dll, TestPluginCache.DiscoverTestExtensions: Discovering the extensions using allExtensionPaths: C:\Program Files\dotnet\sdk\8.0.101\Extensions\Microsoft.Diagnostics.NETCore.Client.dll
C:\Program Files\dotnet\sdk\8.0.101\Extensions\Microsoft.TestPlatform.Extensions.BlameDataCollector.dll
C:\Program Files\dotnet\sdk\8.0.101\Extensions\Microsoft.TestPlatform.Extensions.EventLogCollector.dll
C:\Program Files\dotnet\sdk\8.0.101\Extensions\Microsoft.TestPlatform.TestHostRuntimeProvider.dll
C:\Program Files\dotnet\sdk\8.0.101\Extensions\Microsoft.VisualStudio.TestPlatform.Extensions.Html.TestLogger.dll
C:\Program Files\dotnet\sdk\8.0.101\Extensions\Microsoft.VisualStudio.TestPlatform.Extensions.Trx.TestLogger.dll
TpTrace Information: 0 : 6892, 1, 2024/01/15, 14:33:42.922, 78728405182, vstest.console.dll, AssemblyResolver.AddSearchDirectories: Adding more searchDirectories C:\Program Files\dotnet\sdk\8.0.101\Extensions,C:\Program Files\dotnet\sdk\8.0.101
TpTrace Information: 0 : 6892, 1, 2024/01/15, 14:33:42.922, 78728406059, vstest.console.dll, AssemblyResolver.AddSearchDirectories: Adding more searchDirectories C:\Program Files\dotnet\sdk\8.0.101\Extensions,C:\Program Files\dotnet\sdk\8.0.101
TpTrace Information: 0 : 6892, 1, 2024/01/15, 14:33:42.922, 78728406513, vstest.console.dll, AssemblyResolver.AddSearchDirectories: Adding more searchDirectories C:\Program Files\dotnet\sdk\8.0.101\Extensions,C:\Program Files\dotnet\sdk\8.0.101
TpTrace Information: 0 : 6892, 1, 2024/01/15, 14:33:42.922, 78728406998, vstest.console.dll, AssemblyResolver.AddSearchDirectories: Adding more searchDirectories C:\Program Files\dotnet\sdk\8.0.101\Extensions,C:\Program Files\dotnet\sdk\8.0.101
TpTrace Information: 0 : 6892, 1, 2024/01/15, 14:33:42.922, 78728407413, vstest.console.dll, AssemblyResolver.AddSearchDirectories: Adding more searchDirectories C:\Program Files\dotnet\sdk\8.0.101\Extensions,C:\Program Files\dotnet\sdk\8.0.101
TpTrace Information: 0 : 6892, 1, 2024/01/15, 14:33:42.922, 78728407806, vstest.console.dll, AssemblyResolver.AddSearchDirectories: Adding more searchDirectories C:\Program Files\dotnet\sdk\8.0.101\Extensions,C:\Program Files\dotnet\sdk\8.0.101
TpTrace Information: 0 : 6892, 1, 2024/01/15, 14:33:42.923, 78728414932, vstest.console.dll, AssemblyResolver.OnResolve: Microsoft.Diagnostics.NETCore.Client: Resolving assembly.
TpTrace Information: 0 : 6892, 1, 2024/01/15, 14:33:42.923, 78728416133, vstest.console.dll, AssemblyResolver.OnResolve: Microsoft.Diagnostics.NETCore.Client: Searching in: 'C:\Program Files\dotnet\sdk\8.0.101\Extensions'.
TpTrace Information: 0 : 6892, 1, 2024/01/15, 14:33:42.935, 78728533967, vstest.console.dll, AssemblyResolver.OnResolve: Microsoft.Diagnostics.NETCore.Client: Loading assembly 'C:\Program Files\dotnet\sdk\8.0.101\Extensions\Microsoft.Diagnostics.NETCore.Client.dll'.
TpTrace Information: 0 : 6892, 1, 2024/01/15, 14:33:42.935, 78728543385, vstest.console.dll, AssemblyResolver.OnResolve: Resolved assembly: Microsoft.Diagnostics.NETCore.Client, from path: C:\Program Files\dotnet\sdk\8.0.101\Extensions\Microsoft.Diagnostics.NETCore.Client.dll
TpTrace Verbose: 0 : 6892, 1, 2024/01/15, 14:33:42.943, 78728615625, vstest.console.dll, MetadataReaderExtensionsHelper: Discovering extensions inside assembly 'Microsoft.Diagnostics.NETCore.Client, Version=0.2.8.21101, Culture=neutral, PublicKeyToken=31bf3856ad364e35' file path 'C:\Program Files\dotnet\sdk\8.0.101\Extensions\Microsoft.Diagnostics.NETCore.Client.dll'
TpTrace Information: 0 : 6892, 1, 2024/01/15, 14:33:42.950, 78728689046, vstest.console.dll, AssemblyResolver.OnResolve: Microsoft.Bcl.AsyncInterfaces: Resolving assembly.
TpTrace Information: 0 : 6892, 1, 2024/01/15, 14:33:42.950, 78728690397, vstest.console.dll, AssemblyResolver.OnResolve: Microsoft.Bcl.AsyncInterfaces: Searching in: 'C:\Program Files\dotnet\sdk\8.0.101\Extensions'.
TpTrace Information: 0 : 6892, 1, 2024/01/15, 14:33:42.950, 78728691807, vstest.console.dll, AssemblyResolver.OnResolve: Microsoft.Bcl.AsyncInterfaces: Assembly path does not exist: 'C:\Program Files\dotnet\sdk\8.0.101\Extensions\Microsoft.Bcl.AsyncInterfaces.dll', returning.
TpTrace Information: 0 : 6892, 1, 2024/01/15, 14:33:42.950, 78728693454, vstest.console.dll, AssemblyResolver.OnResolve: Microsoft.Bcl.AsyncInterfaces: Assembly path does not exist: 'C:\Program Files\dotnet\sdk\8.0.101\Extensions\Microsoft.Bcl.AsyncInterfaces.exe', returning.
TpTrace Information: 0 : 6892, 1, 2024/01/15, 14:33:42.951, 78728693969, vstest.console.dll, AssemblyResolver.OnResolve: Microsoft.Bcl.AsyncInterfaces: Searching in: 'C:\Program Files\dotnet\sdk\8.0.101'.
TpTrace Information: 0 : 6892, 1, 2024/01/15, 14:33:42.951, 78728695027, vstest.console.dll, AssemblyResolver.OnResolve: Microsoft.Bcl.AsyncInterfaces: Assembly path does not exist: 'C:\Program Files\dotnet\sdk\8.0.101\Microsoft.Bcl.AsyncInterfaces.dll', returning.
TpTrace Information: 0 : 6892, 1, 2024/01/15, 14:33:42.951, 78728695920, vstest.console.dll, AssemblyResolver.OnResolve: Microsoft.Bcl.AsyncInterfaces: Assembly path does not exist: 'C:\Program Files\dotnet\sdk\8.0.101\Microsoft.Bcl.AsyncInterfaces.exe', returning.
TpTrace Information: 0 : 6892, 1, 2024/01/15, 14:33:42.951, 78728696335, vstest.console.dll, AssemblyResolver.OnResolve: Microsoft.Bcl.AsyncInterfaces: Failed to load assembly.
TpTrace Verbose: 0 : 6892, 1, 2024/01/15, 14:33:42.951, 78728696836, vstest.console.dll, CurrentDomainAssemblyResolve: Resolving assembly 'Microsoft.Bcl.AsyncInterfaces'.
TpTrace Information: 0 : 6892, 1, 2024/01/15, 14:33:42.951, 78728697696, vstest.console.dll, AssemblyResolver.OnResolve: Microsoft.Bcl.AsyncInterfaces: Resolving assembly.
TpTrace Information: 0 : 6892, 1, 2024/01/15, 14:33:42.951, 78728698263, vstest.console.dll, AssemblyResolver.OnResolve: Microsoft.Bcl.AsyncInterfaces: Resolved from cache.
TpTrace Verbose: 0 : 6892, 1, 2024/01/15, 14:33:42.951, 78728698646, vstest.console.dll, CurrentDomainAssemblyResolve: Resolving assembly 'Microsoft.Bcl.AsyncInterfaces'.
TpTrace Verbose: 0 : 6892, 1, 2024/01/15, 14:33:42.951, 78728699268, vstest.console.dll, CurrentDomainAssemblyResolve: Failed to resolve assembly 'Microsoft.Bcl.AsyncInterfaces'.
TpTrace Verbose: 0 : 6892, 1, 2024/01/15, 14:33:42.952, 78728708689, vstest.console.dll, CurrentDomainAssemblyResolve: Failed to resolve assembly 'Microsoft.Bcl.AsyncInterfaces'.
TpTrace Warning: 0 : 6892, 1, 2024/01/15, 14:33:42.967, 78728855891, vstest.console.dll, TestPluginDiscoverer: Failed to get types from assembly 'Microsoft.Diagnostics.NETCore.Client, Version=0.2.8.21101, Culture=neutral, PublicKeyToken=31bf3856ad364e35'. Error: System.Reflection.ReflectionTypeLoadException: Unable to load one or more of the requested types.
Could not load file or assembly 'Microsoft.Bcl.AsyncInterfaces, Version=1.0.0.0, Culture=neutral, PublicKeyToken=cc7b13ffcd2ddd51'. The system cannot find the file specified.
   at System.Reflection.RuntimeModule.GetTypes(RuntimeModule module)
   at System.Reflection.RuntimeModule.GetTypes()
   at Microsoft.VisualStudio.TestPlatform.Common.ExtensionFramework.TestPluginDiscoverer.GetTestExtensionsFromAssembly[TPluginInfo,TExtension](Assembly assembly, Dictionary`2 pluginInfos, String filePath) in /_/src/Microsoft.TestPlatform.Common/ExtensionFramework/TestPluginDiscoverer.cs:line 158
System.IO.FileNotFoundException: Could not load file or assembly 'Microsoft.Bcl.AsyncInterfaces, Version=1.0.0.0, Culture=neutral, PublicKeyToken=cc7b13ffcd2ddd51'. The system cannot find the file specified.
File name: 'Microsoft.Bcl.AsyncInterfaces, Version=1.0.0.0, Culture=neutral, PublicKeyToken=cc7b13ffcd2ddd51'
 ---> System.IO.FileNotFoundException: Could not load file or assembly 'Microsoft.Bcl.AsyncInterfaces, Culture=neutral, PublicKeyToken=null'. The system cannot find the file specified.
File name: 'Microsoft.Bcl.AsyncInterfaces, Culture=neutral, PublicKeyToken=null'
   at System.Reflection.RuntimeAssembly.InternalLoad(AssemblyName assemblyName, StackCrawlMark& stackMark, AssemblyLoadContext assemblyLoadContext, RuntimeAssembly requestingAssembly, Boolean throwOnFileNotFound)
   at System.Reflection.Assembly.Load(AssemblyName assemblyRef)
   at Microsoft.VisualStudio.TestPlatform.Common.ExtensionFramework.TestPluginCache.CurrentDomainAssemblyResolve(Object sender, AssemblyResolveEventArgs args) in /_/src/Microsoft.TestPlatform.Common/ExtensionFramework/TestPluginCache.cs:line 513
   at System.Runtime.Loader.AssemblyLoadContext.GetFirstResolvedAssemblyFromResolvingEvent(AssemblyName assemblyName)
   at System.Runtime.Loader.AssemblyLoadContext.ResolveUsingEvent(AssemblyName assemblyName)
   at System.Runtime.Loader.AssemblyLoadContext.ResolveUsingResolvingEvent(IntPtr gchManagedAssemblyLoadContext, AssemblyName assemblyName)
TpTrace Warning: 0 : 6892, 1, 2024/01/15, 14:33:42.967, 78728861197, vstest.console.dll, LoaderExceptions: System.IO.FileNotFoundException: Could not load file or assembly 'Microsoft.Bcl.AsyncInterfaces, Version=1.0.0.0, Culture=neutral, PublicKeyToken=cc7b13ffcd2ddd51'. The system cannot find the file specified.
File name: 'Microsoft.Bcl.AsyncInterfaces, Version=1.0.0.0, Culture=neutral, PublicKeyToken=cc7b13ffcd2ddd51'
 ---> System.IO.FileNotFoundException: Could not load file or assembly 'Microsoft.Bcl.AsyncInterfaces, Culture=neutral, PublicKeyToken=null'. The system cannot find the file specified.
File name: 'Microsoft.Bcl.AsyncInterfaces, Culture=neutral, PublicKeyToken=null'
   at System.Reflection.RuntimeAssembly.InternalLoad(AssemblyName assemblyName, StackCrawlMark& stackMark, AssemblyLoadContext assemblyLoadContext, RuntimeAssembly requestingAssembly, Boolean throwOnFileNotFound)
   at System.Reflection.Assembly.Load(AssemblyName assemblyRef)
   at Microsoft.VisualStudio.TestPlatform.Common.ExtensionFramework.TestPluginCache.CurrentDomainAssemblyResolve(Object sender, AssemblyResolveEventArgs args) in /_/src/Microsoft.TestPlatform.Common/ExtensionFramework/TestPluginCache.cs:line 513
   at System.Runtime.Loader.AssemblyLoadContext.GetFirstResolvedAssemblyFromResolvingEvent(AssemblyName assemblyName)
   at System.Runtime.Loader.AssemblyLoadContext.ResolveUsingEvent(AssemblyName assemblyName)
   at System.Runtime.Loader.AssemblyLoadContext.ResolveUsingResolvingEvent(IntPtr gchManagedAssemblyLoadContext, AssemblyName assemblyName)
TpTrace Information: 0 : 6892, 1, 2024/01/15, 14:33:42.967, 78728863381, vstest.console.dll, AssemblyResolver.OnResolve: Microsoft.TestPlatform.Extensions.BlameDataCollector: Resolving assembly.
TpTrace Information: 0 : 6892, 1, 2024/01/15, 14:33:42.968, 78728864034, vstest.console.dll, AssemblyResolver.OnResolve: Microsoft.TestPlatform.Extensions.BlameDataCollector: Searching in: 'C:\Program Files\dotnet\sdk\8.0.101\Extensions'.
TpTrace Information: 0 : 6892, 1, 2024/01/15, 14:33:42.968, 78728868696, vstest.console.dll, AssemblyResolver.OnResolve: Microsoft.TestPlatform.Extensions.BlameDataCollector: Loading assembly 'C:\Program Files\dotnet\sdk\8.0.101\Extensions\Microsoft.TestPlatform.Extensions.BlameDataCollector.dll'.
TpTrace Information: 0 : 6892, 1, 2024/01/15, 14:33:42.969, 78728874594, vstest.console.dll, AssemblyResolver.OnResolve: Resolved assembly: Microsoft.TestPlatform.Extensions.BlameDataCollector, from path: C:\Program Files\dotnet\sdk\8.0.101\Extensions\Microsoft.TestPlatform.Extensions.BlameDataCollector.dll
TpTrace Verbose: 0 : 6892, 1, 2024/01/15, 14:33:42.969, 78728875749, vstest.console.dll, MetadataReaderExtensionsHelper: Discovering extensions inside assembly 'Microsoft.TestPlatform.Extensions.BlameDataCollector, Version=15.0.0.0, Culture=neutral, PublicKeyToken=b03f5f7f11d50a3a' file path 'C:\Program Files\dotnet\sdk\8.0.101\Extensions\Microsoft.TestPlatform.Extensions.BlameDataCollector.dll'
TpTrace Information: 0 : 6892, 1, 2024/01/15, 14:33:42.971, 78728894708, vstest.console.dll, AssemblyResolver.OnResolve: Microsoft.TestPlatform.Extensions.EventLogCollector: Resolving assembly.
TpTrace Information: 0 : 6892, 1, 2024/01/15, 14:33:42.971, 78728895990, vstest.console.dll, AssemblyResolver.OnResolve: Microsoft.TestPlatform.Extensions.EventLogCollector: Searching in: 'C:\Program Files\dotnet\sdk\8.0.101\Extensions'.
TpTrace Information: 0 : 6892, 1, 2024/01/15, 14:33:42.971, 78728900576, vstest.console.dll, AssemblyResolver.OnResolve: Microsoft.TestPlatform.Extensions.EventLogCollector: Loading assembly 'C:\Program Files\dotnet\sdk\8.0.101\Extensions\Microsoft.TestPlatform.Extensions.EventLogCollector.dll'.
TpTrace Information: 0 : 6892, 1, 2024/01/15, 14:33:42.972, 78728905047, vstest.console.dll, AssemblyResolver.OnResolve: Resolved assembly: Microsoft.TestPlatform.Extensions.EventLogCollector, from path: C:\Program Files\dotnet\sdk\8.0.101\Extensions\Microsoft.TestPlatform.Extensions.EventLogCollector.dll
TpTrace Verbose: 0 : 6892, 1, 2024/01/15, 14:33:42.972, 78728906000, vstest.console.dll, MetadataReaderExtensionsHelper: Discovering extensions inside assembly 'Microsoft.TestPlatform.Extensions.EventLogCollector, Version=15.0.0.0, Culture=neutral, PublicKeyToken=b03f5f7f11d50a3a' file path 'C:\Program Files\dotnet\sdk\8.0.101\Extensions\Microsoft.TestPlatform.Extensions.EventLogCollector.dll'
TpTrace Information: 0 : 6892, 1, 2024/01/15, 14:33:42.974, 78728931704, vstest.console.dll, AssemblyResolver.OnResolve: Microsoft.TestPlatform.TestHostRuntimeProvider: Resolving assembly.
TpTrace Information: 0 : 6892, 1, 2024/01/15, 14:33:42.974, 78728933024, vstest.console.dll, AssemblyResolver.OnResolve: Microsoft.TestPlatform.TestHostRuntimeProvider: Searching in: 'C:\Program Files\dotnet\sdk\8.0.101\Extensions'.
TpTrace Information: 0 : 6892, 1, 2024/01/15, 14:33:42.975, 78728937495, vstest.console.dll, AssemblyResolver.OnResolve: Microsoft.TestPlatform.TestHostRuntimeProvider: Loading assembly 'C:\Program Files\dotnet\sdk\8.0.101\Extensions\Microsoft.TestPlatform.TestHostRuntimeProvider.dll'.
TpTrace Information: 0 : 6892, 1, 2024/01/15, 14:33:42.975, 78728943054, vstest.console.dll, AssemblyResolver.OnResolve: Resolved assembly: Microsoft.TestPlatform.TestHostRuntimeProvider, from path: C:\Program Files\dotnet\sdk\8.0.101\Extensions\Microsoft.TestPlatform.TestHostRuntimeProvider.dll
TpTrace Verbose: 0 : 6892, 1, 2024/01/15, 14:33:42.976, 78728944083, vstest.console.dll, MetadataReaderExtensionsHelper: Discovering extensions inside assembly 'Microsoft.TestPlatform.TestHostRuntimeProvider, Version=15.0.0.0, Culture=neutral, PublicKeyToken=b03f5f7f11d50a3a' file path 'C:\Program Files\dotnet\sdk\8.0.101\Extensions\Microsoft.TestPlatform.TestHostRuntimeProvider.dll'
TpTrace Information: 0 : 6892, 1, 2024/01/15, 14:33:42.978, 78728965807, vstest.console.dll, GetTestExtensionFromType: Register extension with identifier data 'HostProvider://DefaultTestHost' and type 'Microsoft.VisualStudio.TestPlatform.CrossPlatEngine.Hosting.DefaultTestHostManager, Microsoft.TestPlatform.TestHostRuntimeProvider, Version=15.0.0.0, Culture=neutral, PublicKeyToken=b03f5f7f11d50a3a' inside file 'C:\Program Files\dotnet\sdk\8.0.101\Extensions\Microsoft.TestPlatform.TestHostRuntimeProvider.dll'
TpTrace Information: 0 : 6892, 1, 2024/01/15, 14:33:42.978, 78728970030, vstest.console.dll, GetTestExtensionFromType: Register extension with identifier data 'HostProvider://DotnetTestHost' and type 'Microsoft.VisualStudio.TestPlatform.CrossPlatEngine.Hosting.DotnetTestHostManager, Microsoft.TestPlatform.TestHostRuntimeProvider, Version=15.0.0.0, Culture=neutral, PublicKeyToken=b03f5f7f11d50a3a' inside file 'C:\Program Files\dotnet\sdk\8.0.101\Extensions\Microsoft.TestPlatform.TestHostRuntimeProvider.dll'
TpTrace Information: 0 : 6892, 1, 2024/01/15, 14:33:42.978, 78728971269, vstest.console.dll, AssemblyResolver.OnResolve: Microsoft.VisualStudio.TestPlatform.Extensions.Html.TestLogger: Resolving assembly.
TpTrace Information: 0 : 6892, 1, 2024/01/15, 14:33:42.978, 78728971751, vstest.console.dll, AssemblyResolver.OnResolve: Microsoft.VisualStudio.TestPlatform.Extensions.Html.TestLogger: Searching in: 'C:\Program Files\dotnet\sdk\8.0.101\Extensions'.
TpTrace Information: 0 : 6892, 1, 2024/01/15, 14:33:42.979, 78728975713, vstest.console.dll, AssemblyResolver.OnResolve: Microsoft.VisualStudio.TestPlatform.Extensions.Html.TestLogger: Loading assembly 'C:\Program Files\dotnet\sdk\8.0.101\Extensions\Microsoft.VisualStudio.TestPlatform.Extensions.Html.TestLogger.dll'.
TpTrace Information: 0 : 6892, 1, 2024/01/15, 14:33:42.980, 78728984259, vstest.console.dll, AssemblyResolver.OnResolve: Resolved assembly: Microsoft.VisualStudio.TestPlatform.Extensions.Html.TestLogger, from path: C:\Program Files\dotnet\sdk\8.0.101\Extensions\Microsoft.VisualStudio.TestPlatform.Extensions.Html.TestLogger.dll
TpTrace Verbose: 0 : 6892, 1, 2024/01/15, 14:33:42.980, 78728985350, vstest.console.dll, MetadataReaderExtensionsHelper: Discovering extensions inside assembly 'Microsoft.VisualStudio.TestPlatform.Extensions.Html.TestLogger, Version=15.0.0.0, Culture=neutral, PublicKeyToken=b03f5f7f11d50a3a' file path 'C:\Program Files\dotnet\sdk\8.0.101\Extensions\Microsoft.VisualStudio.TestPlatform.Extensions.Html.TestLogger.dll'
TpTrace Information: 0 : 6892, 1, 2024/01/15, 14:33:42.983, 78729018747, vstest.console.dll, AssemblyResolver.OnResolve: Microsoft.VisualStudio.TestPlatform.Extensions.Trx.TestLogger: Resolving assembly.
TpTrace Information: 0 : 6892, 1, 2024/01/15, 14:33:42.983, 78729020025, vstest.console.dll, AssemblyResolver.OnResolve: Microsoft.VisualStudio.TestPlatform.Extensions.Trx.TestLogger: Searching in: 'C:\Program Files\dotnet\sdk\8.0.101\Extensions'.
TpTrace Information: 0 : 6892, 1, 2024/01/15, 14:33:42.984, 78729023939, vstest.console.dll, AssemblyResolver.OnResolve: Microsoft.VisualStudio.TestPlatform.Extensions.Trx.TestLogger: Loading assembly 'C:\Program Files\dotnet\sdk\8.0.101\Extensions\Microsoft.VisualStudio.TestPlatform.Extensions.Trx.TestLogger.dll'.
TpTrace Information: 0 : 6892, 1, 2024/01/15, 14:33:42.984, 78729033642, vstest.console.dll, AssemblyResolver.OnResolve: Resolved assembly: Microsoft.VisualStudio.TestPlatform.Extensions.Trx.TestLogger, from path: C:\Program Files\dotnet\sdk\8.0.101\Extensions\Microsoft.VisualStudio.TestPlatform.Extensions.Trx.TestLogger.dll
TpTrace Verbose: 0 : 6892, 1, 2024/01/15, 14:33:42.985, 78729034708, vstest.console.dll, MetadataReaderExtensionsHelper: Discovering extensions inside assembly 'Microsoft.VisualStudio.TestPlatform.Extensions.Trx.TestLogger, Version=15.0.0.0, Culture=neutral, PublicKeyToken=b03f5f7f11d50a3a' file path 'C:\Program Files\dotnet\sdk\8.0.101\Extensions\Microsoft.VisualStudio.TestPlatform.Extensions.Trx.TestLogger.dll'
TpTrace Verbose: 0 : 6892, 1, 2024/01/15, 14:33:42.986, 78729049814, vstest.console.dll, TestPluginCache: Discovered the extensions using extension path ''.
TpTrace Verbose: 0 : 6892, 1, 2024/01/15, 14:33:42.986, 78729051170, vstest.console.dll, TestPluginCache: Discoverers are ''.
TpTrace Verbose: 0 : 6892, 1, 2024/01/15, 14:33:42.986, 78729051574, vstest.console.dll, TestPluginCache: Executors are ''.
TpTrace Verbose: 0 : 6892, 1, 2024/01/15, 14:33:42.986, 78729051925, vstest.console.dll, TestPluginCache: Executors2 are ''.
TpTrace Verbose: 0 : 6892, 1, 2024/01/15, 14:33:42.986, 78729052266, vstest.console.dll, TestPluginCache: Setting providers are ''.
TpTrace Verbose: 0 : 6892, 1, 2024/01/15, 14:33:42.986, 78729052608, vstest.console.dll, TestPluginCache: Loggers are ''.
TpTrace Verbose: 0 : 6892, 1, 2024/01/15, 14:33:42.987, 78729055213, vstest.console.dll, TestPluginCache: TestHosts are 'HostProvider://DefaultTestHost,HostProvider://DotnetTestHost'.
TpTrace Verbose: 0 : 6892, 1, 2024/01/15, 14:33:42.987, 78729055776, vstest.console.dll, TestPluginCache: DataCollectors are ''.
TpTrace Information: 0 : 6892, 1, 2024/01/15, 14:33:43.006, 78729246905, vstest.console.dll, RunTestsArgumentProcessor:Execute: Test run is starting.
TpTrace Verbose: 0 : 6892, 1, 2024/01/15, 14:33:43.006, 78729248162, vstest.console.dll, RunTestsArgumentProcessor:Execute: Queuing Test run.
TpTrace Information: 0 : 6892, 1, 2024/01/15, 14:33:43.006, 78729251093, vstest.console.dll, TestRequestManager.RunTests: run tests started.
TpTrace Information: 0 : 6892, 1, 2024/01/15, 14:33:43.008, 78729266826, vstest.console.dll, AssemblyMetadataProvider.GetFrameworkName: Determined framework:'.NETCoreApp,Version=v7.0' for source: 'C:\pryazha\labs\course_2\semester_1\oop\lab_9\DiapasonLibraryTest\bin\Debug\net7.0\fine-code-coverage\build-output\DiapasonLibraryTest.dll'
TpTrace Information: 0 : 6892, 1, 2024/01/15, 14:33:43.008, 78729269976, vstest.console.dll, Determined framework for all sources: .NETCoreApp,Version=v7.0
TpTrace Verbose: 0 : 6892, 1, 2024/01/15, 14:33:43.009, 78729274753, vstest.console.dll, TestRequestManager.UpdateRunSettingsIfRequired: Default architecture: X64 IsDefaultTargetArchitecture: True, Current process architecture: X64 OperatingSystem: Windows.
TpTrace Information: 0 : 6892, 1, 2024/01/15, 14:33:43.011, 78729298126, vstest.console.dll, AssemblyMetadataProvider.GetArchitecture: Determined architecture:AnyCPU info for assembly: C:\pryazha\labs\course_2\semester_1\oop\lab_9\DiapasonLibraryTest\bin\Debug\net7.0\fine-code-coverage\build-output\DiapasonLibraryTest.dll
TpTrace Information: 0 : 6892, 1, 2024/01/15, 14:33:43.011, 78729299088, vstest.console.dll, Determined platform for source 'C:\pryazha\labs\course_2\semester_1\oop\lab_9\DiapasonLibraryTest\bin\Debug\net7.0\fine-code-coverage\build-output\DiapasonLibraryTest.dll' was AnyCPU and it will use the default plaform X64.
TpTrace Information: 0 : 6892, 1, 2024/01/15, 14:33:43.011, 78729299495, vstest.console.dll, None of the sources provided any runnable platform, using the default platform: X64
TpTrace Information: 0 : 6892, 1, 2024/01/15, 14:33:43.011, 78729300872, vstest.console.dll, Platform was updated to 'X64'.
TpTrace Information: 0 : 6892, 1, 2024/01/15, 14:33:43.018, 78729369650, vstest.console.dll, InferRunSettingsHelper.IsTestSettingsEnabled: Unable to navigate to RunSettings/MSTest. Current node: RunSettings
TpTrace Information: 0 : 6892, 1, 2024/01/15, 14:33:43.019, 78729378829, vstest.console.dll, AssemblyResolver.OnResolve: Microsoft.VisualStudio.TestPlatform.Fakes: Resolving assembly.
TpTrace Information: 0 : 6892, 1, 2024/01/15, 14:33:43.019, 78729379786, vstest.console.dll, AssemblyResolver.OnResolve: Microsoft.VisualStudio.TestPlatform.Fakes: Searching in: 'C:\Program Files\dotnet\sdk\8.0.101\Extensions'.
TpTrace Information: 0 : 6892, 1, 2024/01/15, 14:33:43.019, 78729381317, vstest.console.dll, AssemblyResolver.OnResolve: Microsoft.VisualStudio.TestPlatform.Fakes: Assembly path does not exist: 'C:\Program Files\dotnet\sdk\8.0.101\Extensions\Microsoft.VisualStudio.TestPlatform.Fakes.dll', returning.
TpTrace Information: 0 : 6892, 1, 2024/01/15, 14:33:43.019, 78729382292, vstest.console.dll, AssemblyResolver.OnResolve: Microsoft.VisualStudio.TestPlatform.Fakes: Assembly path does not exist: 'C:\Program Files\dotnet\sdk\8.0.101\Extensions\Microsoft.VisualStudio.TestPlatform.Fakes.exe', returning.
TpTrace Information: 0 : 6892, 1, 2024/01/15, 14:33:43.019, 78729382789, vstest.console.dll, AssemblyResolver.OnResolve: Microsoft.VisualStudio.TestPlatform.Fakes: Searching in: 'C:\Program Files\dotnet\sdk\8.0.101'.
TpTrace Information: 0 : 6892, 1, 2024/01/15, 14:33:43.019, 78729383725, vstest.console.dll, AssemblyResolver.OnResolve: Microsoft.VisualStudio.TestPlatform.Fakes: Assembly path does not exist: 'C:\Program Files\dotnet\sdk\8.0.101\Microsoft.VisualStudio.TestPlatform.Fakes.dll', returning.
TpTrace Information: 0 : 6892, 1, 2024/01/15, 14:33:43.020, 78729384602, vstest.console.dll, AssemblyResolver.OnResolve: Microsoft.VisualStudio.TestPlatform.Fakes: Assembly path does not exist: 'C:\Program Files\dotnet\sdk\8.0.101\Microsoft.VisualStudio.TestPlatform.Fakes.exe', returning.
TpTrace Information: 0 : 6892, 1, 2024/01/15, 14:33:43.020, 78729385013, vstest.console.dll, AssemblyResolver.OnResolve: Microsoft.VisualStudio.TestPlatform.Fakes: Failed to load assembly.
TpTrace Information: 0 : 6892, 1, 2024/01/15, 14:33:43.020, 78729388857, vstest.console.dll, Failed to load assembly Microsoft.VisualStudio.TestPlatform.Fakes, Version=17.0.0.0, Culture=neutral. Reason:System.IO.FileNotFoundException: Could not load file or assembly 'Microsoft.VisualStudio.TestPlatform.Fakes, Version=17.0.0.0, Culture=neutral, PublicKeyToken=null'. The system cannot find the file specified.
File name: 'Microsoft.VisualStudio.TestPlatform.Fakes, Version=17.0.0.0, Culture=neutral, PublicKeyToken=null'
   at System.Reflection.RuntimeAssembly.InternalLoad(AssemblyName assemblyName, StackCrawlMark& stackMark, AssemblyLoadContext assemblyLoadContext, RuntimeAssembly requestingAssembly, Boolean throwOnFileNotFound)
   at System.Reflection.Assembly.Load(AssemblyName assemblyRef)
   at Microsoft.VisualStudio.TestPlatform.Common.Utilities.FakesUtilities.LoadTestPlatformAssembly() in /_/src/Microsoft.TestPlatform.Common/Utilities/FakesUtilities.cs:line 272
TpTrace Verbose: 0 : 6892, 1, 2024/01/15, 14:33:43.025, 78729436857, vstest.console.dll, TestPluginCache.DiscoverTestExtensions: finding test extensions in assemblies ends with: TestLogger.dll TPluginInfo: Microsoft.VisualStudio.TestPlatform.Common.ExtensionFramework.Utilities.TestLoggerPluginInformation TExtension: Microsoft.VisualStudio.TestPlatform.ObjectModel.Client.ITestLogger
TpTrace Verbose: 0 : 6892, 1, 2024/01/15, 14:33:43.025, 78729438984, vstest.console.dll, TestPluginCache.GetExtensionPaths: Filtered extension paths: 
TpTrace Verbose: 0 : 6892, 1, 2024/01/15, 14:33:43.025, 78729439773, vstest.console.dll, TestPluginCache.GetExtensionPaths: Added default extension paths: C:\Program Files\dotnet\sdk\8.0.101\Extensions\Microsoft.Diagnostics.NETCore.Client.dll
C:\Program Files\dotnet\sdk\8.0.101\Extensions\Microsoft.TestPlatform.Extensions.BlameDataCollector.dll
C:\Program Files\dotnet\sdk\8.0.101\Extensions\Microsoft.TestPlatform.Extensions.EventLogCollector.dll
C:\Program Files\dotnet\sdk\8.0.101\Extensions\Microsoft.TestPlatform.TestHostRuntimeProvider.dll
C:\Program Files\dotnet\sdk\8.0.101\Extensions\Microsoft.VisualStudio.TestPlatform.Extensions.Html.TestLogger.dll
C:\Program Files\dotnet\sdk\8.0.101\Extensions\Microsoft.VisualStudio.TestPlatform.Extensions.Trx.TestLogger.dll
TpTrace Verbose: 0 : 6892, 1, 2024/01/15, 14:33:43.025, 78729440347, vstest.console.dll, TestPluginCache.GetExtensionPaths: Added unfilterableExtensionPaths: 
TpTrace Information: 0 : 6892, 1, 2024/01/15, 14:33:43.025, 78729443274, vstest.console.dll, AssemblyResolver.AddSearchDirectories: Adding more searchDirectories C:\Program Files\dotnet\sdk\8.0.101\Extensions,C:\Program Files\dotnet\sdk\8.0.101
TpTrace Verbose: 0 : 6892, 1, 2024/01/15, 14:33:43.026, 78729444125, vstest.console.dll, TestPluginCache.DiscoverTestExtensions: Discovering the extensions using extension path.
TpTrace Verbose: 0 : 6892, 1, 2024/01/15, 14:33:43.026, 78729444762, vstest.console.dll, TestPluginCache.GetExtensionPaths: Filtered extension paths: 
TpTrace Verbose: 0 : 6892, 1, 2024/01/15, 14:33:43.026, 78729445395, vstest.console.dll, TestPluginCache.GetExtensionPaths: Added default extension paths: C:\Program Files\dotnet\sdk\8.0.101\Extensions\Microsoft.Diagnostics.NETCore.Client.dll
C:\Program Files\dotnet\sdk\8.0.101\Extensions\Microsoft.TestPlatform.Extensions.BlameDataCollector.dll
C:\Program Files\dotnet\sdk\8.0.101\Extensions\Microsoft.TestPlatform.Extensions.EventLogCollector.dll
C:\Program Files\dotnet\sdk\8.0.101\Extensions\Microsoft.TestPlatform.TestHostRuntimeProvider.dll
C:\Program Files\dotnet\sdk\8.0.101\Extensions\Microsoft.VisualStudio.TestPlatform.Extensions.Html.TestLogger.dll
C:\Program Files\dotnet\sdk\8.0.101\Extensions\Microsoft.VisualStudio.TestPlatform.Extensions.Trx.TestLogger.dll
TpTrace Verbose: 0 : 6892, 1, 2024/01/15, 14:33:43.026, 78729445957, vstest.console.dll, TestPluginCache.GetExtensionPaths: Added unfilterableExtensionPaths: 
TpTrace Verbose: 0 : 6892, 1, 2024/01/15, 14:33:43.026, 78729446578, vstest.console.dll, TestPluginCache.DiscoverTestExtensions: Discovering the extensions using allExtensionPaths: C:\Program Files\dotnet\sdk\8.0.101\Extensions\Microsoft.Diagnostics.NETCore.Client.dll
C:\Program Files\dotnet\sdk\8.0.101\Extensions\Microsoft.TestPlatform.Extensions.BlameDataCollector.dll
C:\Program Files\dotnet\sdk\8.0.101\Extensions\Microsoft.TestPlatform.Extensions.EventLogCollector.dll
C:\Program Files\dotnet\sdk\8.0.101\Extensions\Microsoft.TestPlatform.TestHostRuntimeProvider.dll
C:\Program Files\dotnet\sdk\8.0.101\Extensions\Microsoft.VisualStudio.TestPlatform.Extensions.Html.TestLogger.dll
C:\Program Files\dotnet\sdk\8.0.101\Extensions\Microsoft.VisualStudio.TestPlatform.Extensions.Trx.TestLogger.dll
TpTrace Information: 0 : 6892, 1, 2024/01/15, 14:33:43.026, 78729447375, vstest.console.dll, AssemblyResolver.AddSearchDirectories: Adding more searchDirectories C:\Program Files\dotnet\sdk\8.0.101\Extensions,C:\Program Files\dotnet\sdk\8.0.101
TpTrace Information: 0 : 6892, 1, 2024/01/15, 14:33:43.026, 78729447863, vstest.console.dll, AssemblyResolver.AddSearchDirectories: Adding more searchDirectories C:\Program Files\dotnet\sdk\8.0.101\Extensions,C:\Program Files\dotnet\sdk\8.0.101
TpTrace Information: 0 : 6892, 1, 2024/01/15, 14:33:43.026, 78729448321, vstest.console.dll, AssemblyResolver.AddSearchDirectories: Adding more searchDirectories C:\Program Files\dotnet\sdk\8.0.101\Extensions,C:\Program Files\dotnet\sdk\8.0.101
TpTrace Information: 0 : 6892, 1, 2024/01/15, 14:33:43.026, 78729448722, vstest.console.dll, AssemblyResolver.AddSearchDirectories: Adding more searchDirectories C:\Program Files\dotnet\sdk\8.0.101\Extensions,C:\Program Files\dotnet\sdk\8.0.101
TpTrace Information: 0 : 6892, 1, 2024/01/15, 14:33:43.026, 78729449119, vstest.console.dll, AssemblyResolver.AddSearchDirectories: Adding more searchDirectories C:\Program Files\dotnet\sdk\8.0.101\Extensions,C:\Program Files\dotnet\sdk\8.0.101
TpTrace Information: 0 : 6892, 1, 2024/01/15, 14:33:43.026, 78729449637, vstest.console.dll, AssemblyResolver.AddSearchDirectories: Adding more searchDirectories C:\Program Files\dotnet\sdk\8.0.101\Extensions,C:\Program Files\dotnet\sdk\8.0.101
TpTrace Verbose: 0 : 6892, 1, 2024/01/15, 14:33:43.026, 78729451316, vstest.console.dll, MetadataReaderExtensionsHelper: Discovering extensions inside assembly 'Microsoft.Diagnostics.NETCore.Client, Version=0.2.8.21101, Culture=neutral, PublicKeyToken=31bf3856ad364e35' file path 'C:\Program Files\dotnet\sdk\8.0.101\Extensions\Microsoft.Diagnostics.NETCore.Client.dll'
TpTrace Information: 0 : 6892, 1, 2024/01/15, 14:33:43.027, 78729461992, vstest.console.dll, AssemblyResolver.OnResolve: Microsoft.Bcl.AsyncInterfaces: Resolving assembly.
TpTrace Information: 0 : 6892, 1, 2024/01/15, 14:33:43.028, 78729464640, vstest.console.dll, AssemblyResolver.OnResolve: Microsoft.Bcl.AsyncInterfaces: Resolved from cache.
TpTrace Verbose: 0 : 6892, 1, 2024/01/15, 14:33:43.028, 78729465254, vstest.console.dll, CurrentDomainAssemblyResolve: Resolving assembly 'Microsoft.Bcl.AsyncInterfaces'.
TpTrace Information: 0 : 6892, 1, 2024/01/15, 14:33:43.028, 78729466359, vstest.console.dll, AssemblyResolver.OnResolve: Microsoft.Bcl.AsyncInterfaces: Resolving assembly.
TpTrace Information: 0 : 6892, 1, 2024/01/15, 14:33:43.028, 78729466906, vstest.console.dll, AssemblyResolver.OnResolve: Microsoft.Bcl.AsyncInterfaces: Resolved from cache.
TpTrace Verbose: 0 : 6892, 1, 2024/01/15, 14:33:43.028, 78729467528, vstest.console.dll, CurrentDomainAssemblyResolve: Resolving assembly 'Microsoft.Bcl.AsyncInterfaces'.
TpTrace Verbose: 0 : 6892, 1, 2024/01/15, 14:33:43.028, 78729467959, vstest.console.dll, CurrentDomainAssemblyResolve: Failed to resolve assembly 'Microsoft.Bcl.AsyncInterfaces'.
TpTrace Verbose: 0 : 6892, 1, 2024/01/15, 14:33:43.028, 78729470537, vstest.console.dll, CurrentDomainAssemblyResolve: Failed to resolve assembly 'Microsoft.Bcl.AsyncInterfaces'.
TpTrace Warning: 0 : 6892, 1, 2024/01/15, 14:33:43.029, 78729477118, vstest.console.dll, TestPluginDiscoverer: Failed to get types from assembly 'Microsoft.Diagnostics.NETCore.Client, Version=0.2.8.21101, Culture=neutral, PublicKeyToken=31bf3856ad364e35'. Error: System.Reflection.ReflectionTypeLoadException: Unable to load one or more of the requested types.
Could not load file or assembly 'Microsoft.Bcl.AsyncInterfaces, Version=1.0.0.0, Culture=neutral, PublicKeyToken=cc7b13ffcd2ddd51'. The system cannot find the file specified.
   at System.Reflection.RuntimeModule.GetTypes(RuntimeModule module)
   at System.Reflection.RuntimeModule.GetTypes()
   at Microsoft.VisualStudio.TestPlatform.Common.ExtensionFramework.TestPluginDiscoverer.GetTestExtensionsFromAssembly[TPluginInfo,TExtension](Assembly assembly, Dictionary`2 pluginInfos, String filePath) in /_/src/Microsoft.TestPlatform.Common/ExtensionFramework/TestPluginDiscoverer.cs:line 158
System.IO.FileNotFoundException: Could not load file or assembly 'Microsoft.Bcl.AsyncInterfaces, Version=1.0.0.0, Culture=neutral, PublicKeyToken=cc7b13ffcd2ddd51'. The system cannot find the file specified.
File name: 'Microsoft.Bcl.AsyncInterfaces, Version=1.0.0.0, Culture=neutral, PublicKeyToken=cc7b13ffcd2ddd51'
 ---> System.IO.FileNotFoundException: Could not load file or assembly 'Microsoft.Bcl.AsyncInterfaces, Culture=neutral, PublicKeyToken=null'. The system cannot find the file specified.
File name: 'Microsoft.Bcl.AsyncInterfaces, Culture=neutral, PublicKeyToken=null'
   at System.Reflection.RuntimeAssembly.InternalLoad(AssemblyName assemblyName, StackCrawlMark& stackMark, AssemblyLoadContext assemblyLoadContext, RuntimeAssembly requestingAssembly, Boolean throwOnFileNotFound)
   at System.Reflection.Assembly.Load(AssemblyName assemblyRef)
   at Microsoft.VisualStudio.TestPlatform.Common.ExtensionFramework.TestPluginCache.CurrentDomainAssemblyResolve(Object sender, AssemblyResolveEventArgs args) in /_/src/Microsoft.TestPlatform.Common/ExtensionFramework/TestPluginCache.cs:line 513
   at System.Runtime.Loader.AssemblyLoadContext.GetFirstResolvedAssemblyFromResolvingEvent(AssemblyName assemblyName)
   at System.Runtime.Loader.AssemblyLoadContext.ResolveUsingEvent(AssemblyName assemblyName)
   at System.Runtime.Loader.AssemblyLoadContext.ResolveUsingResolvingEvent(IntPtr gchManagedAssemblyLoadContext, AssemblyName assemblyName)
TpTrace Warning: 0 : 6892, 1, 2024/01/15, 14:33:43.029, 78729480103, vstest.console.dll, LoaderExceptions: System.IO.FileNotFoundException: Could not load file or assembly 'Microsoft.Bcl.AsyncInterfaces, Version=1.0.0.0, Culture=neutral, PublicKeyToken=cc7b13ffcd2ddd51'. The system cannot find the file specified.
File name: 'Microsoft.Bcl.AsyncInterfaces, Version=1.0.0.0, Culture=neutral, PublicKeyToken=cc7b13ffcd2ddd51'
 ---> System.IO.FileNotFoundException: Could not load file or assembly 'Microsoft.Bcl.AsyncInterfaces, Culture=neutral, PublicKeyToken=null'. The system cannot find the file specified.
File name: 'Microsoft.Bcl.AsyncInterfaces, Culture=neutral, PublicKeyToken=null'
   at System.Reflection.RuntimeAssembly.InternalLoad(AssemblyName assemblyName, StackCrawlMark& stackMark, AssemblyLoadContext assemblyLoadContext, RuntimeAssembly requestingAssembly, Boolean throwOnFileNotFound)
   at System.Reflection.Assembly.Load(AssemblyName assemblyRef)
   at Microsoft.VisualStudio.TestPlatform.Common.ExtensionFramework.TestPluginCache.CurrentDomainAssemblyResolve(Object sender, AssemblyResolveEventArgs args) in /_/src/Microsoft.TestPlatform.Common/ExtensionFramework/TestPluginCache.cs:line 513
   at System.Runtime.Loader.AssemblyLoadContext.GetFirstResolvedAssemblyFromResolvingEvent(AssemblyName assemblyName)
   at System.Runtime.Loader.AssemblyLoadContext.ResolveUsingEvent(AssemblyName assemblyName)
   at System.Runtime.Loader.AssemblyLoadContext.ResolveUsingResolvingEvent(IntPtr gchManagedAssemblyLoadContext, AssemblyName assemblyName)
TpTrace Verbose: 0 : 6892, 1, 2024/01/15, 14:33:43.029, 78729481549, vstest.console.dll, MetadataReaderExtensionsHelper: Discovering extensions inside assembly 'Microsoft.TestPlatform.Extensions.BlameDataCollector, Version=15.0.0.0, Culture=neutral, PublicKeyToken=b03f5f7f11d50a3a' file path 'C:\Program Files\dotnet\sdk\8.0.101\Extensions\Microsoft.TestPlatform.Extensions.BlameDataCollector.dll'
TpTrace Information: 0 : 6892, 1, 2024/01/15, 14:33:43.030, 78729491687, vstest.console.dll, GetTestExtensionFromType: Register extension with identifier data 'logger://Microsoft/TestPlatform/Extensions/Blame/v1' and type 'Microsoft.TestPlatform.Extensions.BlameDataCollector.BlameLogger, Microsoft.TestPlatform.Extensions.BlameDataCollector, Version=15.0.0.0, Culture=neutral, PublicKeyToken=b03f5f7f11d50a3a' inside file 'C:\Program Files\dotnet\sdk\8.0.101\Extensions\Microsoft.TestPlatform.Extensions.BlameDataCollector.dll'
TpTrace Verbose: 0 : 6892, 1, 2024/01/15, 14:33:43.031, 78729494460, vstest.console.dll, MetadataReaderExtensionsHelper: Discovering extensions inside assembly 'Microsoft.TestPlatform.Extensions.EventLogCollector, Version=15.0.0.0, Culture=neutral, PublicKeyToken=b03f5f7f11d50a3a' file path 'C:\Program Files\dotnet\sdk\8.0.101\Extensions\Microsoft.TestPlatform.Extensions.EventLogCollector.dll'
TpTrace Verbose: 0 : 6892, 1, 2024/01/15, 14:33:43.032, 78729505369, vstest.console.dll, MetadataReaderExtensionsHelper: Discovering extensions inside assembly 'Microsoft.TestPlatform.TestHostRuntimeProvider, Version=15.0.0.0, Culture=neutral, PublicKeyToken=b03f5f7f11d50a3a' file path 'C:\Program Files\dotnet\sdk\8.0.101\Extensions\Microsoft.TestPlatform.TestHostRuntimeProvider.dll'
TpTrace Verbose: 0 : 6892, 1, 2024/01/15, 14:33:43.033, 78729516618, vstest.console.dll, MetadataReaderExtensionsHelper: Discovering extensions inside assembly 'Microsoft.VisualStudio.TestPlatform.Extensions.Html.TestLogger, Version=15.0.0.0, Culture=neutral, PublicKeyToken=b03f5f7f11d50a3a' file path 'C:\Program Files\dotnet\sdk\8.0.101\Extensions\Microsoft.VisualStudio.TestPlatform.Extensions.Html.TestLogger.dll'
TpTrace Information: 0 : 6892, 1, 2024/01/15, 14:33:43.034, 78729525899, vstest.console.dll, GetTestExtensionFromType: Register extension with identifier data 'logger://Microsoft/TestPlatform/HtmlLogger/v1' and type 'Microsoft.VisualStudio.TestPlatform.Extensions.HtmlLogger.HtmlLogger, Microsoft.VisualStudio.TestPlatform.Extensions.Html.TestLogger, Version=15.0.0.0, Culture=neutral, PublicKeyToken=b03f5f7f11d50a3a' inside file 'C:\Program Files\dotnet\sdk\8.0.101\Extensions\Microsoft.VisualStudio.TestPlatform.Extensions.Html.TestLogger.dll'
TpTrace Verbose: 0 : 6892, 1, 2024/01/15, 14:33:43.034, 78729527216, vstest.console.dll, MetadataReaderExtensionsHelper: Discovering extensions inside assembly 'Microsoft.VisualStudio.TestPlatform.Extensions.Trx.TestLogger, Version=15.0.0.0, Culture=neutral, PublicKeyToken=b03f5f7f11d50a3a' file path 'C:\Program Files\dotnet\sdk\8.0.101\Extensions\Microsoft.VisualStudio.TestPlatform.Extensions.Trx.TestLogger.dll'
TpTrace Information: 0 : 6892, 1, 2024/01/15, 14:33:43.034, 78729532581, vstest.console.dll, GetTestExtensionFromType: Register extension with identifier data 'logger://Microsoft/TestPlatform/TrxLogger/v1' and type 'Microsoft.VisualStudio.TestPlatform.Extensions.TrxLogger.TrxLogger, Microsoft.VisualStudio.TestPlatform.Extensions.Trx.TestLogger, Version=15.0.0.0, Culture=neutral, PublicKeyToken=b03f5f7f11d50a3a' inside file 'C:\Program Files\dotnet\sdk\8.0.101\Extensions\Microsoft.VisualStudio.TestPlatform.Extensions.Trx.TestLogger.dll'
TpTrace Verbose: 0 : 6892, 1, 2024/01/15, 14:33:43.035, 78729534536, vstest.console.dll, TestPluginCache: Discovered the extensions using extension path ''.
TpTrace Verbose: 0 : 6892, 1, 2024/01/15, 14:33:43.035, 78729535112, vstest.console.dll, TestPluginCache: Discoverers are ''.
TpTrace Verbose: 0 : 6892, 1, 2024/01/15, 14:33:43.035, 78729535481, vstest.console.dll, TestPluginCache: Executors are ''.
TpTrace Verbose: 0 : 6892, 1, 2024/01/15, 14:33:43.035, 78729535827, vstest.console.dll, TestPluginCache: Executors2 are ''.
TpTrace Verbose: 0 : 6892, 1, 2024/01/15, 14:33:43.035, 78729536167, vstest.console.dll, TestPluginCache: Setting providers are ''.
TpTrace Verbose: 0 : 6892, 1, 2024/01/15, 14:33:43.035, 78729537224, vstest.console.dll, TestPluginCache: Loggers are 'logger://Microsoft/TestPlatform/Extensions/Blame/v1,logger://Microsoft/TestPlatform/HtmlLogger/v1,logger://Microsoft/TestPlatform/TrxLogger/v1'.
TpTrace Verbose: 0 : 6892, 1, 2024/01/15, 14:33:43.035, 78729537837, vstest.console.dll, TestPluginCache: TestHosts are 'HostProvider://DefaultTestHost,HostProvider://DotnetTestHost'.
TpTrace Verbose: 0 : 6892, 1, 2024/01/15, 14:33:43.035, 78729538335, vstest.console.dll, TestPluginCache: DataCollectors are ''.
TpTrace Information: 0 : 6892, 1, 2024/01/15, 14:33:43.036, 78729552103, vstest.console.dll, TestPluginManager.CreateTestExtension: Attempting to load test extension: Microsoft.TestPlatform.Extensions.BlameDataCollector.BlameLogger
TpTrace Verbose: 0 : 6892, 1, 2024/01/15, 14:33:43.051, 78729694805, vstest.console.dll, TestEngine: Initializing Parallel Execution as MaxCpuCount is set to: 1
TpTrace Information: 0 : 6892, 1, 2024/01/15, 14:33:43.053, 78729718889, vstest.console.dll, TestPluginManager.CreateTestExtension: Attempting to load test extension: Microsoft.VisualStudio.TestPlatform.CrossPlatEngine.Hosting.DefaultTestHostManager
TpTrace Information: 0 : 6892, 1, 2024/01/15, 14:33:43.055, 78729734977, vstest.console.dll, TestPluginManager.CreateTestExtension: Attempting to load test extension: Microsoft.VisualStudio.TestPlatform.CrossPlatEngine.Hosting.DotnetTestHostManager
TpTrace Information: 0 : 6892, 1, 2024/01/15, 14:33:43.056, 78729753289, vstest.console.dll, InferRunSettingsHelper.IsTestSettingsEnabled: Unable to navigate to RunSettings/MSTest. Current node: RunSettings
TpTrace Verbose: 0 : 6892, 1, 2024/01/15, 14:33:43.057, 78729762817, vstest.console.dll, ParallelOperationManager.ClearSlots: Clearing all slots. Slots should accept more work: True
TpTrace Verbose: 0 : 6892, 1, 2024/01/15, 14:33:43.058, 78729773135, vstest.console.dll, ParallelOperationManager.SetOccupiedSlotCount: Setting slot counts AvailableSlotCount = 1, OccupiedSlotCount = 0.
TpTrace Verbose: 0 : 6892, 1, 2024/01/15, 14:33:43.059, 78729779244, vstest.console.dll, Occupied slots:

TpTrace Verbose: 0 : 6892, 1, 2024/01/15, 14:33:43.067, 78729862847, vstest.console.dll, TestEngine.GetExecutionManager: Chosen execution manager 'Microsoft.VisualStudio.TestPlatform.CrossPlatEngine.Client.Parallel.ParallelProxyExecutionManager, Microsoft.TestPlatform.CrossPlatEngine, Version=15.0.0.0, Culture=neutral, PublicKeyToken=b03f5f7f11d50a3a' ParallelLevel '1'.
TpTrace Verbose: 0 : 6892, 1, 2024/01/15, 14:33:43.068, 78729865097, vstest.console.dll, TestRunRequest.ExecuteAsync: Creating test run request.
TpTrace Verbose: 0 : 6892, 1, 2024/01/15, 14:33:43.068, 78729868199, vstest.console.dll, TestRunRequest.ExecuteAsync: Starting.
TpTrace Information: 0 : 6892, 1, 2024/01/15, 14:33:43.070, 78729887964, vstest.console.dll, TestRunRequest.ExecuteAsync: Starting run with settings:TestRunCriteria:
   KeepAlive=False,FrequencyOfRunStatsChangeEvent=10,RunStatsChangeEventTimeout=00:00:01.5000000,TestCaseFilter=,TestExecutorLauncher=
   Settingsxml=<RunSettings>
  <RunConfiguration>
    <ResultsDirectory>C:\pryazha\labs\course_2\semester_1\oop\lab_9\DiapasonLibraryTest\bin\Debug\net7.0\fine-code-coverage\coverage-tool-output</ResultsDirectory>
    <TargetPlatform>X64</TargetPlatform>
    <TargetFrameworkVersion>.NETCoreApp,Version=v7.0</TargetFrameworkVersion>
    <DesignMode>False</DesignMode>
    <CollectSourceInformation>False</CollectSourceInformation>
  </RunConfiguration>
  <LoggerRunSettings>
    <Loggers>
      <Logger friendlyName="blame" enabled="True" />
      <Logger friendlyName="Console" uri="logger://microsoft/TestPlatform/ConsoleLogger/v1" assemblyQualifiedName="Microsoft.VisualStudio.TestPlatform.CommandLine.Internal.ConsoleLogger, vstest.console, Version=15.0.0.0, Culture=neutral, PublicKeyToken=b03f5f7f11d50a3a" codeBase="C:\Program Files\dotnet\sdk\8.0.101\vstest.console.dll" enabled="True" />
    </Loggers>
  </LoggerRunSettings>
  <DataCollectionRunSettings>
    <DataCollectors>
      <DataCollector friendlyName="blame" enabled="True">
        <Configuration>
          <ResultsDirectory>C:\pryazha\labs\course_2\semester_1\oop\lab_9\DiapasonLibraryTest\bin\Debug\net7.0\fine-code-coverage\coverage-tool-output</ResultsDirectory>
        </Configuration>
      </DataCollector>
    </DataCollectors>
  </DataCollectionRunSettings>
</RunSettings>

TpTrace Verbose: 0 : 6892, 1, 2024/01/15, 14:33:43.070, 78729889078, vstest.console.dll, TestRunRequest.ExecuteAsync: Wait for the first run request is over.
TpTrace Verbose: 0 : 6892, 1, 2024/01/15, 14:33:43.070, 78729893164, vstest.console.dll, MulticastDelegateUtilities.SafeInvoke: TestRun.TestRunStart: Invoking callbacks was skipped because there are no subscribers.
TpTrace Verbose: 0 : 6892, 4, 2024/01/15, 14:33:43.071, 78729896306, vstest.console.dll, MulticastDelegateUtilities.SafeInvoke: InternalTestLoggerEvents.SendTestRunStart: Invoking callback 1/1 for Microsoft.VisualStudio.TestPlatform.CommandLine.Internal.ConsoleLogger., took 0 ms.
TpTrace Verbose: 0 : 6892, 1, 2024/01/15, 14:33:43.074, 78729930428, vstest.console.dll, ParallelProxyExecutionManager: Start execution. Total sources: 1
TpTrace Verbose: 0 : 6892, 1, 2024/01/15, 14:33:43.075, 78729938057, vstest.console.dll, ParallelOperationManager.StartWork: Starting adding 1 workloads.
TpTrace Verbose: 0 : 6892, 1, 2024/01/15, 14:33:43.075, 78729940097, vstest.console.dll, ParallelOperationManager.ClearSlots: Clearing all slots. Slots should accept more work: True
TpTrace Verbose: 0 : 6892, 1, 2024/01/15, 14:33:43.075, 78729941663, vstest.console.dll, ParallelOperationManager.SetOccupiedSlotCount: Setting slot counts AvailableSlotCount = 1, OccupiedSlotCount = 0.
TpTrace Verbose: 0 : 6892, 1, 2024/01/15, 14:33:43.075, 78729943153, vstest.console.dll, Occupied slots:

TpTrace Verbose: 0 : 6892, 1, 2024/01/15, 14:33:43.078, 78729965499, vstest.console.dll, TestRequestSender is acting as server.
TpTrace Verbose: 0 : 6892, 1, 2024/01/15, 14:33:43.079, 78729981244, vstest.console.dll, ParallelOperationManager.RunWorkInParallel: Adding 1 workload to slot, remaining workloads 0.
TpTrace Verbose: 0 : 6892, 1, 2024/01/15, 14:33:43.079, 78729982501, vstest.console.dll, ParallelOperationManager.SetOccupiedSlotCount: Setting slot counts AvailableSlotCount = 0, OccupiedSlotCount = 1.
TpTrace Verbose: 0 : 6892, 1, 2024/01/15, 14:33:43.080, 78729984257, vstest.console.dll, Occupied slots:
0: C:\pryazha\labs\course_2\semester_1\oop\lab_9\DiapasonLibraryTest\bin\Debug\net7.0\fine-code-coverage\build-output\DiapasonLibraryTest.dll
TpTrace Verbose: 0 : 6892, 1, 2024/01/15, 14:33:43.083, 78730019492, vstest.console.dll, ParallelOperationManager.RunWorkInParallel: Started host in slot number 0 for work (source): C:\pryazha\labs\course_2\semester_1\oop\lab_9\DiapasonLibraryTest\bin\Debug\net7.0\fine-code-coverage\build-output\DiapasonLibraryTest.dll.
TpTrace Verbose: 0 : 6892, 1, 2024/01/15, 14:33:43.084, 78730030633, vstest.console.dll, ParallelOperationManager.RunWorkInParallel: We started 1 work items, which is the max parallel level. Won't start more work.
TpTrace Verbose: 0 : 6892, 1, 2024/01/15, 14:33:43.084, 78730031740, vstest.console.dll, ParallelOperationManager.RunWorkInParallel: We started 1 work items in here, returning True.
TpTrace Information: 0 : 6892, 1, 2024/01/15, 14:33:43.084, 78730032235, vstest.console.dll, TestRunRequest.ExecuteAsync: Started.
TpTrace Verbose: 0 : 6892, 5, 2024/01/15, 14:33:43.085, 78730033914, vstest.console.dll, ParallelProxyExecutionManager.StartTestRunOnConcurrentManager: Initializing uninitialized client. Started clients: 0
TpTrace Verbose: 0 : 6892, 5, 2024/01/15, 14:33:43.085, 78730036140, vstest.console.dll, DataCollectionRequestSender.InitializeCommunication : Initialize communication. 
TpTrace Verbose: 0 : 6892, 1, 2024/01/15, 14:33:43.085, 78730041444, vstest.console.dll, TestRunRequest.WaitForCompletion: Waiting with timeout -1.
TpTrace Information: 0 : 6892, 5, 2024/01/15, 14:33:43.095, 78730137919, vstest.console.dll, Listening on Endpoint : 127.0.0.1:51744
TpTrace Verbose: 0 : 6892, 5, 2024/01/15, 14:33:43.104, 78730229631, vstest.console.dll, DotnetDataCollectionLauncher: Adding  --runtimeconfig "C:\Program Files\dotnet\sdk\8.0.101\datacollector.runtimeconfig.json" in args
TpTrace Verbose: 0 : 6892, 5, 2024/01/15, 14:33:43.104, 78730231351, vstest.console.dll, DotnetDataCollectionLauncher: Adding  --depsfile "C:\Program Files\dotnet\sdk\8.0.101\datacollector.deps.json" in args
TpTrace Verbose: 0 : 6892, 5, 2024/01/15, 14:33:43.105, 78730233836, vstest.console.dll, DotnetDataCollectionLauncher: Full path of dotnet.exe is C:\Program Files\dotnet\dotnet.exe
TpTrace Information: 0 : 6892, 5, 2024/01/15, 14:33:43.113, 78730321707, vstest.console.dll, ProxyDataCollectionManager.Initialize: Launched datacollector processId: 9732 port: 51744
TpTrace Information: 0 : 6892, 5, 2024/01/15, 14:33:43.114, 78730323936, vstest.console.dll, ProxyDataCollectionManager.Initialize: waiting for connection with timeout: 90 seconds
TpTrace Verbose: 0 : 6892, 5, 2024/01/15, 14:33:43.114, 78730324613, vstest.console.dll, DataCollectionRequestSender.WaitForRequestHandlerConnection : Waiting for connection with timeout: 90000
TpTrace Information: 0 : 6892, 7, 2024/01/15, 14:33:43.340, 78732585884, vstest.console.dll, Using the buffer size of 16384 bytes
TpTrace Verbose: 0 : 6892, 5, 2024/01/15, 14:33:43.340, 78732586344, vstest.console.dll, SocketCommunicationManager.WaitForClientConnection took: 226 ms, with 90000 ms timeout, and finished with True.
TpTrace Information: 0 : 6892, 7, 2024/01/15, 14:33:43.340, 78732587604, vstest.console.dll, Accepted Client request and set the flag
TpTrace Verbose: 0 : 6892, 5, 2024/01/15, 14:33:43.340, 78732589499, vstest.console.dll, ProxyDataCollectionManager.InvokeDataCollectionServiceAction: Starting.
TpTrace Information: 0 : 6892, 5, 2024/01/15, 14:33:43.340, 78732592057, vstest.console.dll, ProxyDataCollectionManager.BeforeTestRunStart: Get environment variable and port for datacollector processId: 9732 port: 51744
TpTrace Verbose: 0 : 6892, 5, 2024/01/15, 14:33:43.341, 78732594043, vstest.console.dll, DataCollectionRequestSender.SendBeforeTestRunStartAndGetResult: Send BeforeTestRunStart message with settingsXml <RunSettings><RunConfiguration><ResultsDirectory>C:\pryazha\labs\course_2\semester_1\oop\lab_9\DiapasonLibraryTest\bin\Debug\net7.0\fine-code-coverage\coverage-tool-output</ResultsDirectory><TargetPlatform>X64</TargetPlatform><TargetFrameworkVersion>.NETCoreApp,Version=v7.0</TargetFrameworkVersion><DesignMode>False</DesignMode><CollectSourceInformation>False</CollectSourceInformation><TestAdaptersPaths>C:\Program Files\dotnet\sdk\8.0.101\Extensions</TestAdaptersPaths></RunConfiguration><LoggerRunSettings><Loggers><Logger friendlyName="blame" enabled="True" /><Logger friendlyName="Console" uri="logger://microsoft/TestPlatform/ConsoleLogger/v1" assemblyQualifiedName="Microsoft.VisualStudio.TestPlatform.CommandLine.Internal.ConsoleLogger, vstest.console, Version=15.0.0.0, Culture=neutral, PublicKeyToken=b03f5f7f11d50a3a" codeBase="C:\Program Files\dotnet\sdk\8.0.101\vstest.console.dll" enabled="True" /></Loggers></LoggerRunSettings><DataCollectionRunSettings><DataCollectors><DataCollector friendlyName="blame" enabled="True"><Configuration><ResultsDirectory>C:\pryazha\labs\course_2\semester_1\oop\lab_9\DiapasonLibraryTest\bin\Debug\net7.0\fine-code-coverage\coverage-tool-output</ResultsDirectory></Configuration></DataCollector></DataCollectors></DataCollectionRunSettings></RunSettings> and sources System.Collections.Generic.List`1[System.String]: 
TpTrace Verbose: 0 : 6892, 5, 2024/01/15, 14:33:43.462, 78733807222, vstest.console.dll, DataCollectionRequestSender.SendBeforeTestRunStartAndGetResult: Received message: (DataCollection.SendMessage) -> {"MessageType":"DataCollection.SendMessage","Payload":{"FriendlyName":null,"Uri":null,"TestCaseId":"00000000-0000-0000-0000-000000000000","Message":"Logging DataCollector Diagnostics in file: C:\\pryazha\\labs\\course_2\\semester_1\\oop\\lab_9\\DiapasonLibraryTest\\bin\\Debug\\net7.0\\fine-code-coverage\\coverage-tool-output\\diagnostics.datacollector.24-01-15_14-33-43_10423_5.log","Level":0}}
TpTrace Verbose: 0 : 6892, 5, 2024/01/15, 14:33:43.612, 78735305186, vstest.console.dll, DataCollectionRequestSender.SendBeforeTestRunStartAndGetResult: Received message: (DataCollection.BeforeTestRunStartResult) -> {"MessageType":"DataCollection.BeforeTestRunStartResult","Payload":{"EnvironmentVariables":{},"DataCollectionEventsPort":51746}}
TpTrace Information: 0 : 6892, 5, 2024/01/15, 14:33:43.620, 78735384151, vstest.console.dll, ProxyDataCollectionManager.BeforeTestRunStart: SendBeforeTestRunStartAndGetResult successful, env variable from datacollector:   and testhost port: 51746
TpTrace Information: 0 : 6892, 5, 2024/01/15, 14:33:43.620, 78735385922, vstest.console.dll, ProxyDataCollectionManager.InvokeDataCollectionServiceAction: Completed.
TpTrace Verbose: 0 : 6892, 5, 2024/01/15, 14:33:43.620, 78735386517, vstest.console.dll, ParallelProxyExecutionManager.StartTestRunOnConcurrentManager: Initializing test run. Started clients: 0
TpTrace Verbose: 0 : 6892, 5, 2024/01/15, 14:33:43.620, 78735387855, vstest.console.dll, ProxyExecutionManager: Test host is always Lazy initialize.
TpTrace Verbose: 0 : 6892, 5, 2024/01/15, 14:33:43.620, 78735390769, vstest.console.dll, TestRequestSender.InitializeCommunication: initialize communication. 
TpTrace Information: 0 : 6892, 5, 2024/01/15, 14:33:43.621, 78735397391, vstest.console.dll, SocketServer.Start: Listening on endpoint : 127.0.0.1:51747
TpTrace Verbose: 0 : 6892, 5, 2024/01/15, 14:33:43.622, 78735407444, vstest.console.dll, DotnetTestHostmanager.GetTestHostProcessStartInfo: Platform environment 'X64' target architecture 'X64' framework '.NETCoreApp,Version=v7.0' OS 'Windows'
TpTrace Verbose: 0 : 6892, 5, 2024/01/15, 14:33:43.622, 78735410811, vstest.console.dll, DotnetTestHostmanager: Adding  --runtimeconfig "C:\pryazha\labs\course_2\semester_1\oop\lab_9\DiapasonLibraryTest\bin\Debug\net7.0\fine-code-coverage\build-output\DiapasonLibraryTest.runtimeconfig.json" in args
TpTrace Verbose: 0 : 6892, 5, 2024/01/15, 14:33:43.622, 78735412281, vstest.console.dll, DotnetTestHostmanager: Adding  --depsfile "C:\pryazha\labs\course_2\semester_1\oop\lab_9\DiapasonLibraryTest\bin\Debug\net7.0\fine-code-coverage\build-output\DiapasonLibraryTest.deps.json" in args
TpTrace Verbose: 0 : 6892, 5, 2024/01/15, 14:33:43.623, 78735416275, vstest.console.dll, DotnetTestHostmanager.IsWinOnArm: Current PROCESSOR_ARCHITECTURE from environment variable 'AMD64'
TpTrace Verbose: 0 : 6892, 5, 2024/01/15, 14:33:43.623, 78735417252, vstest.console.dll, DotnetTestHostmanager.IsWinOnArm: Is Windows on ARM 'False'
TpTrace Verbose: 0 : 6892, 5, 2024/01/15, 14:33:43.623, 78735418573, vstest.console.dll, DotnetTestHostManager: testhost.exe found at path: C:\pryazha\labs\course_2\semester_1\oop\lab_9\DiapasonLibraryTest\bin\Debug\net7.0\fine-code-coverage\build-output\testhost.exe
TpTrace Verbose: 0 : 6892, 5, 2024/01/15, 14:33:43.623, 78735419196, vstest.console.dll, DotnetTestHostmanager: Full path of host exe is C:\pryazha\labs\course_2\semester_1\oop\lab_9\DiapasonLibraryTest\bin\Debug\net7.0\fine-code-coverage\build-output\testhost.exe
TpTrace Verbose: 0 : 6892, 5, 2024/01/15, 14:33:43.623, 78735421024, vstest.console.dll, DotnetTestHostmanager.LaunchTestHostAsync: Found 'VSTEST_WINAPPHOST_DOTNET_ROOT' in env variables, value 'C:\Program Files\dotnet', forwarding to 'DOTNET_ROOT'
TpTrace Verbose: 0 : 6892, 5, 2024/01/15, 14:33:43.623, 78735423087, vstest.console.dll, DotnetTestHostManager: Starting process 'C:\pryazha\labs\course_2\semester_1\oop\lab_9\DiapasonLibraryTest\bin\Debug\net7.0\fine-code-coverage\build-output\testhost.exe' with command line ' --runtimeconfig "C:\pryazha\labs\course_2\semester_1\oop\lab_9\DiapasonLibraryTest\bin\Debug\net7.0\fine-code-coverage\build-output\DiapasonLibraryTest.runtimeconfig.json" --depsfile "C:\pryazha\labs\course_2\semester_1\oop\lab_9\DiapasonLibraryTest\bin\Debug\net7.0\fine-code-coverage\build-output\DiapasonLibraryTest.deps.json" --port 51747 --endpoint 127.0.0.1:051747 --role client --parentprocessid 6892 --diag "C:\pryazha\labs\course_2\semester_1\oop\lab_9\DiapasonLibraryTest\bin\Debug\net7.0\fine-code-coverage\coverage-tool-output\diagnostics.host.24-01-15_14-33-43_62186_5.log" --tracelevel 4 --datacollectionport 51746 --telemetryoptedin false'
TpTrace Verbose: 0 : 6892, 5, 2024/01/15, 14:33:43.635, 78735539863, vstest.console.dll, MulticastDelegateUtilities.SafeInvoke: HostProviderEvents.OnHostLaunched: Invoking callback 1/2 for Microsoft.VisualStudio.TestPlatform.CrossPlatEngine.Client.ProxyExecutionManagerWithDataCollection., took 1 ms.
TpTrace Verbose: 0 : 6892, 5, 2024/01/15, 14:33:43.636, 78735544512, vstest.console.dll, Test Runtime launched
TpTrace Verbose: 0 : 6892, 5, 2024/01/15, 14:33:43.636, 78735545582, vstest.console.dll, MulticastDelegateUtilities.SafeInvoke: HostProviderEvents.OnHostLaunched: Invoking callback 2/2 for Microsoft.VisualStudio.TestPlatform.CrossPlatEngine.Client.ProxyOperationManager., took 0 ms.
TpTrace Verbose: 0 : 6892, 5, 2024/01/15, 14:33:43.636, 78735547584, vstest.console.dll, TestRequestSender.WaitForRequestHandlerConnection: waiting for connection with timeout: 90000.
TpTrace Verbose: 0 : 6892, 5, 2024/01/15, 14:33:43.935, 78738536701, vstest.console.dll, TestRequestSender.WaitForRequestHandlerConnection: waiting took 298 ms, with timeout 90000 ms, and result 0, which is success.
TpTrace Verbose: 0 : 6892, 7, 2024/01/15, 14:33:43.935, 78738536570, vstest.console.dll, MulticastDelegateUtilities.SafeInvoke: SocketServer: ClientConnected: Invoking callback 1/1 for Microsoft.VisualStudio.TestPlatform.CommunicationUtilities.TestRequestSender., took 0 ms.
TpTrace Verbose: 0 : 6892, 7, 2024/01/15, 14:33:43.935, 78738540263, vstest.console.dll, SocketServer.OnClientConnected: Client connected for endPoint: 127.0.0.1:51747, starting MessageLoopAsync:
TpTrace Verbose: 0 : 6892, 7, 2024/01/15, 14:33:43.936, 78738550188, vstest.console.dll, TcpClientExtensions.MessageLoopAsync: Polling on remoteEndPoint: 127.0.0.1:51748 localEndPoint: 127.0.0.1:51747
TpTrace Verbose: 0 : 6892, 5, 2024/01/15, 14:33:43.937, 78738557806, vstest.console.dll, TestRequestSender.CheckVersionWithTestHost: Sending check version message: {"MessageType":"ProtocolVersion","Payload":7}
TpTrace Verbose: 0 : 6892, 7, 2024/01/15, 14:33:44.176, 78740945096, vstest.console.dll, TcpClientExtensions.MessageLoopAsync: NotifyDataAvailable remoteEndPoint: 127.0.0.1:51748 localEndPoint: 127.0.0.1:51747
TpTrace Verbose: 0 : 6892, 7, 2024/01/15, 14:33:44.176, 78740950075, vstest.console.dll, TestRequestSender.CheckVersionWithTestHost: onMessageReceived received message: (ProtocolVersion) -> {"MessageType":"ProtocolVersion","Payload":7}
TpTrace Verbose: 0 : 6892, 7, 2024/01/15, 14:33:44.177, 78740960900, vstest.console.dll, MulticastDelegateUtilities.SafeInvoke: LengthPrefixCommunicationChannel: MessageReceived: Invoking callback 1/1 for Microsoft.VisualStudio.TestPlatform.CommunicationUtilities.TestRequestSender+<>c__DisplayClass29_0., took 1 ms.
TpTrace Verbose: 0 : 6892, 5, 2024/01/15, 14:33:44.177, 78740962119, vstest.console.dll, TestPluginCache.GetExtensionPaths: Filtered extension paths: 
TpTrace Verbose: 0 : 6892, 7, 2024/01/15, 14:33:44.177, 78740962508, vstest.console.dll, TcpClientExtensions.MessageLoopAsync: Polling on remoteEndPoint: 127.0.0.1:51748 localEndPoint: 127.0.0.1:51747
TpTrace Verbose: 0 : 6892, 5, 2024/01/15, 14:33:44.177, 78740963249, vstest.console.dll, TestPluginCache.GetExtensionPaths: Added default extension paths: C:\Program Files\dotnet\sdk\8.0.101\Extensions\Microsoft.Diagnostics.NETCore.Client.dll
C:\Program Files\dotnet\sdk\8.0.101\Extensions\Microsoft.TestPlatform.Extensions.BlameDataCollector.dll
C:\Program Files\dotnet\sdk\8.0.101\Extensions\Microsoft.TestPlatform.Extensions.EventLogCollector.dll
C:\Program Files\dotnet\sdk\8.0.101\Extensions\Microsoft.TestPlatform.TestHostRuntimeProvider.dll
C:\Program Files\dotnet\sdk\8.0.101\Extensions\Microsoft.VisualStudio.TestPlatform.Extensions.Html.TestLogger.dll
C:\Program Files\dotnet\sdk\8.0.101\Extensions\Microsoft.VisualStudio.TestPlatform.Extensions.Trx.TestLogger.dll
TpTrace Verbose: 0 : 6892, 5, 2024/01/15, 14:33:44.178, 78740965339, vstest.console.dll, TestPluginCache.GetExtensionPaths: Added unfilterableExtensionPaths: 
TpTrace Verbose: 0 : 6892, 5, 2024/01/15, 14:33:44.184, 78741030109, vstest.console.dll, TestRequestSender.InitializeExecution: Sending initialize execution with message: {"Version":7,"MessageType":"TestExecution.Initialize","Payload":["C:\\pryazha\\labs\\course_2\\semester_1\\oop\\lab_9\\DiapasonLibraryTest\\bin\\Debug\\net7.0\\fine-code-coverage\\build-output\\xunit.runner.visualstudio.dotnetcore.testadapter.dll"]}
TpTrace Verbose: 0 : 6892, 5, 2024/01/15, 14:33:44.184, 78741033109, vstest.console.dll, ParallelProxyExecutionManager.StartTestRunOnConcurrentManager: Execution starting. Started clients: 1
TpTrace Verbose: 0 : 6892, 5, 2024/01/15, 14:33:44.185, 78741037286, vstest.console.dll, TestRunRequest:SendTestRunMessage: Starting.
TpTrace Verbose: 0 : 6892, 5, 2024/01/15, 14:33:44.185, 78741039631, vstest.console.dll, MulticastDelegateUtilities.SafeInvoke: TestRun.LogMessages: Invoking callback 1/1 for Microsoft.VisualStudio.TestPlatform.CommandLine.TestRunResultAggregator., took 0 ms.
TpTrace Information: 0 : 6892, 5, 2024/01/15, 14:33:44.185, 78741040203, vstest.console.dll, TestRunRequest:SendTestRunMessage: Completed.
TpTrace Verbose: 0 : 6892, 4, 2024/01/15, 14:33:44.186, 78741045181, vstest.console.dll, MulticastDelegateUtilities.SafeInvoke: InternalTestLoggerEvents.SendTestRunMessage: Invoking callback 1/1 for Microsoft.VisualStudio.TestPlatform.CommandLine.Internal.ConsoleLogger., took 0 ms.
TpTrace Warning: 0 : 6892, 5, 2024/01/15, 14:33:44.186, 78741046338, vstest.console.dll, InferRunSettingsHelper.MakeRunsettingsCompatible: Removing the following settings: TargetPlatform from RunSettings file. To use those settings please move to latest version of Microsoft.NET.Test.Sdk
TpTrace Verbose: 0 : 6892, 7, 2024/01/15, 14:33:44.189, 78741080182, vstest.console.dll, TcpClientExtensions.MessageLoopAsync: NotifyDataAvailable remoteEndPoint: 127.0.0.1:51748 localEndPoint: 127.0.0.1:51747
TpTrace Verbose: 0 : 6892, 7, 2024/01/15, 14:33:44.190, 78741087079, vstest.console.dll, TestRequestSender.OnExecutionMessageReceived: Received message: {"Version":7,"MessageType":"TestSession.Message","Payload":{"MessageLevel":0,"Message":"Logging TestHost Diagnostics in file: C:\\pryazha\\labs\\course_2\\semester_1\\oop\\lab_9\\DiapasonLibraryTest\\bin\\Debug\\net7.0\\fine-code-coverage\\coverage-tool-output\\diagnostics.host.24-01-15_14-33-43_62186_5.log"}}
TpTrace Verbose: 0 : 6892, 7, 2024/01/15, 14:33:44.194, 78741126688, vstest.console.dll, TestRunRequest:SendTestRunMessage: Starting.
TpTrace Verbose: 0 : 6892, 7, 2024/01/15, 14:33:44.194, 78741128814, vstest.console.dll, MulticastDelegateUtilities.SafeInvoke: TestRun.LogMessages: Invoking callback 1/1 for Microsoft.VisualStudio.TestPlatform.CommandLine.TestRunResultAggregator., took 0 ms.
TpTrace Verbose: 0 : 6892, 4, 2024/01/15, 14:33:44.194, 78741129170, vstest.console.dll, MulticastDelegateUtilities.SafeInvoke: InternalTestLoggerEvents.SendTestRunMessage: Invoking callback 1/1 for Microsoft.VisualStudio.TestPlatform.CommandLine.Internal.ConsoleLogger., took 0 ms.
TpTrace Information: 0 : 6892, 7, 2024/01/15, 14:33:44.194, 78741129362, vstest.console.dll, TestRunRequest:SendTestRunMessage: Completed.
TpTrace Verbose: 0 : 6892, 7, 2024/01/15, 14:33:44.194, 78741132498, vstest.console.dll, MulticastDelegateUtilities.SafeInvoke: LengthPrefixCommunicationChannel: MessageReceived: Invoking callback 1/1 for Microsoft.VisualStudio.TestPlatform.CommunicationUtilities.TestRequestSender+<>c__DisplayClass34_0., took 4 ms.
TpTrace Verbose: 0 : 6892, 7, 2024/01/15, 14:33:44.194, 78741133309, vstest.console.dll, TcpClientExtensions.MessageLoopAsync: Polling on remoteEndPoint: 127.0.0.1:51748 localEndPoint: 127.0.0.1:51747
TpTrace Verbose: 0 : 6892, 5, 2024/01/15, 14:33:44.202, 78741207391, vstest.console.dll, TestRequestSender.StartTestRun: Sending test run with message: {"Version":7,"MessageType":"TestExecution.StartWithSources","Payload":{"AdapterSourceMap":{"_none_":["C:\\pryazha\\labs\\course_2\\semester_1\\oop\\lab_9\\DiapasonLibraryTest\\bin\\Debug\\net7.0\\fine-code-coverage\\build-output\\DiapasonLibraryTest.dll"]},"RunSettings":"<RunSettings>\r\n  <RunConfiguration>\r\n    <ResultsDirectory>C:\\pryazha\\labs\\course_2\\semester_1\\oop\\lab_9\\DiapasonLibraryTest\\bin\\Debug\\net7.0\\fine-code-coverage\\coverage-tool-output</ResultsDirectory>\r\n    <TargetFrameworkVersion>.NETCoreApp,Version=v7.0</TargetFrameworkVersion>\r\n    <DesignMode>False</DesignMode>\r\n    <CollectSourceInformation>False</CollectSourceInformation>\r\n  </RunConfiguration>\r\n  <LoggerRunSettings>\r\n    <Loggers>\r\n      <Logger friendlyName=\"blame\" enabled=\"True\" />\r\n      <Logger friendlyName=\"Console\" uri=\"logger://microsoft/TestPlatform/ConsoleLogger/v1\" assemblyQualifiedName=\"Microsoft.VisualStudio.TestPlatform.CommandLine.Internal.ConsoleLogger, vstest.console, Version=15.0.0.0, Culture=neutral, PublicKeyToken=b03f5f7f11d50a3a\" codeBase=\"C:\\Program Files\\dotnet\\sdk\\8.0.101\\vstest.console.dll\" enabled=\"True\" />\r\n    </Loggers>\r\n  </LoggerRunSettings>\r\n  <DataCollectionRunSettings>\r\n    <DataCollectors>\r\n      <DataCollector friendlyName=\"blame\" enabled=\"True\">\r\n        <Configuration>\r\n          <ResultsDirectory>C:\\pryazha\\labs\\course_2\\semester_1\\oop\\lab_9\\DiapasonLibraryTest\\bin\\Debug\\net7.0\\fine-code-coverage\\coverage-tool-output</ResultsDirectory>\r\n        </Configuration>\r\n      </DataCollector>\r\n    </DataCollectors>\r\n  </DataCollectionRunSettings>\r\n</RunSettings>","TestExecutionContext":{"FrequencyOfRunStatsChangeEvent":10,"RunStatsChangeEventTimeout":"00:00:01.5000000","InIsolation":false,"KeepAlive":false,"AreTestCaseLevelEventsRequired":false,"IsDebug":false,"TestCaseFilter":null,"FilterOptions":null},"Package":null}}
TpTrace Verbose: 0 : 6892, 5, 2024/01/15, 14:33:44.202, 78741210349, vstest.console.dll, ParallelProxyExecutionManager.StartTestRunOnConcurrentManager: Execution started. Started clients: 1
TpTrace Verbose: 0 : 6892, 7, 2024/01/15, 14:33:44.452, 78743712312, vstest.console.dll, TcpClientExtensions.MessageLoopAsync: NotifyDataAvailable remoteEndPoint: 127.0.0.1:51748 localEndPoint: 127.0.0.1:51747
TpTrace Verbose: 0 : 6892, 7, 2024/01/15, 14:33:44.453, 78743715176, vstest.console.dll, TestRequestSender.OnExecutionMessageReceived: Received message: {"Version":7,"MessageType":"TestSession.Message","Payload":{"MessageLevel":0,"Message":"[xUnit.net 00:00:00.00] xUnit.net VSTest Adapter v2.4.5+1caef2f33e (64-bit .NET 7.0.15)"}}
TpTrace Verbose: 0 : 6892, 7, 2024/01/15, 14:33:44.453, 78743718733, vstest.console.dll, TestRunRequest:SendTestRunMessage: Starting.
TpTrace Verbose: 0 : 6892, 7, 2024/01/15, 14:33:44.453, 78743719885, vstest.console.dll, MulticastDelegateUtilities.SafeInvoke: TestRun.LogMessages: Invoking callback 1/1 for Microsoft.VisualStudio.TestPlatform.CommandLine.TestRunResultAggregator., took 0 ms.
TpTrace Information: 0 : 6892, 7, 2024/01/15, 14:33:44.453, 78743720480, vstest.console.dll, TestRunRequest:SendTestRunMessage: Completed.
TpTrace Verbose: 0 : 6892, 4, 2024/01/15, 14:33:44.453, 78743720465, vstest.console.dll, MulticastDelegateUtilities.SafeInvoke: InternalTestLoggerEvents.SendTestRunMessage: Invoking callback 1/1 for Microsoft.VisualStudio.TestPlatform.CommandLine.Internal.ConsoleLogger., took 0 ms.
TpTrace Verbose: 0 : 6892, 7, 2024/01/15, 14:33:44.453, 78743721139, vstest.console.dll, MulticastDelegateUtilities.SafeInvoke: LengthPrefixCommunicationChannel: MessageReceived: Invoking callback 1/1 for Microsoft.VisualStudio.TestPlatform.CommunicationUtilities.TestRequestSender+<>c__DisplayClass34_0., took 0 ms.
TpTrace Verbose: 0 : 6892, 7, 2024/01/15, 14:33:44.453, 78743723148, vstest.console.dll, TcpClientExtensions.MessageLoopAsync: Polling on remoteEndPoint: 127.0.0.1:51748 localEndPoint: 127.0.0.1:51747
TpTrace Verbose: 0 : 6892, 7, 2024/01/15, 14:33:45.206, 78751247658, vstest.console.dll, TcpClientExtensions.MessageLoopAsync: NotifyDataAvailable remoteEndPoint: 127.0.0.1:51748 localEndPoint: 127.0.0.1:51747
TpTrace Verbose: 0 : 6892, 7, 2024/01/15, 14:33:45.206, 78751250497, vstest.console.dll, TestRequestSender.OnExecutionMessageReceived: Received message: {"Version":7,"MessageType":"TestSession.Message","Payload":{"MessageLevel":0,"Message":"[xUnit.net 00:00:00.76]   Discovering: DiapasonLibraryTest"}}
TpTrace Verbose: 0 : 6892, 7, 2024/01/15, 14:33:45.206, 78751252474, vstest.console.dll, TestRunRequest:SendTestRunMessage: Starting.
TpTrace Verbose: 0 : 6892, 7, 2024/01/15, 14:33:45.206, 78751253440, vstest.console.dll, MulticastDelegateUtilities.SafeInvoke: TestRun.LogMessages: Invoking callback 1/1 for Microsoft.VisualStudio.TestPlatform.CommandLine.TestRunResultAggregator., took 0 ms.
TpTrace Information: 0 : 6892, 7, 2024/01/15, 14:33:45.207, 78751253945, vstest.console.dll, TestRunRequest:SendTestRunMessage: Completed.
TpTrace Verbose: 0 : 6892, 4, 2024/01/15, 14:33:45.207, 78751254014, vstest.console.dll, MulticastDelegateUtilities.SafeInvoke: InternalTestLoggerEvents.SendTestRunMessage: Invoking callback 1/1 for Microsoft.VisualStudio.TestPlatform.CommandLine.Internal.ConsoleLogger., took 0 ms.
TpTrace Verbose: 0 : 6892, 7, 2024/01/15, 14:33:45.207, 78751254438, vstest.console.dll, MulticastDelegateUtilities.SafeInvoke: LengthPrefixCommunicationChannel: MessageReceived: Invoking callback 1/1 for Microsoft.VisualStudio.TestPlatform.CommunicationUtilities.TestRequestSender+<>c__DisplayClass34_0., took 0 ms.
TpTrace Verbose: 0 : 6892, 7, 2024/01/15, 14:33:45.207, 78751256364, vstest.console.dll, TcpClientExtensions.MessageLoopAsync: Polling on remoteEndPoint: 127.0.0.1:51748 localEndPoint: 127.0.0.1:51747
TpTrace Verbose: 0 : 6892, 7, 2024/01/15, 14:33:45.294, 78752132256, vstest.console.dll, TcpClientExtensions.MessageLoopAsync: NotifyDataAvailable remoteEndPoint: 127.0.0.1:51748 localEndPoint: 127.0.0.1:51747
TpTrace Verbose: 0 : 6892, 7, 2024/01/15, 14:33:45.295, 78752134749, vstest.console.dll, TestRequestSender.OnExecutionMessageReceived: Received message: {"Version":7,"MessageType":"TestSession.Message","Payload":{"MessageLevel":0,"Message":"[xUnit.net 00:00:00.84]   Discovered:  DiapasonLibraryTest"}}
TpTrace Verbose: 0 : 6892, 7, 2024/01/15, 14:33:45.295, 78752136411, vstest.console.dll, TestRunRequest:SendTestRunMessage: Starting.
TpTrace Verbose: 0 : 6892, 7, 2024/01/15, 14:33:45.295, 78752137258, vstest.console.dll, MulticastDelegateUtilities.SafeInvoke: TestRun.LogMessages: Invoking callback 1/1 for Microsoft.VisualStudio.TestPlatform.CommandLine.TestRunResultAggregator., took 0 ms.
TpTrace Verbose: 0 : 6892, 4, 2024/01/15, 14:33:45.295, 78752137818, vstest.console.dll, MulticastDelegateUtilities.SafeInvoke: InternalTestLoggerEvents.SendTestRunMessage: Invoking callback 1/1 for Microsoft.VisualStudio.TestPlatform.CommandLine.Internal.ConsoleLogger., took 0 ms.
TpTrace Information: 0 : 6892, 7, 2024/01/15, 14:33:45.295, 78752137878, vstest.console.dll, TestRunRequest:SendTestRunMessage: Completed.
TpTrace Verbose: 0 : 6892, 7, 2024/01/15, 14:33:45.295, 78752139926, vstest.console.dll, MulticastDelegateUtilities.SafeInvoke: LengthPrefixCommunicationChannel: MessageReceived: Invoking callback 1/1 for Microsoft.VisualStudio.TestPlatform.CommunicationUtilities.TestRequestSender+<>c__DisplayClass34_0., took 0 ms.
TpTrace Verbose: 0 : 6892, 7, 2024/01/15, 14:33:45.295, 78752140628, vstest.console.dll, TcpClientExtensions.MessageLoopAsync: Polling on remoteEndPoint: 127.0.0.1:51748 localEndPoint: 127.0.0.1:51747
TpTrace Verbose: 0 : 6892, 7, 2024/01/15, 14:33:45.301, 78752199393, vstest.console.dll, TcpClientExtensions.MessageLoopAsync: NotifyDataAvailable remoteEndPoint: 127.0.0.1:51748 localEndPoint: 127.0.0.1:51747
TpTrace Verbose: 0 : 6892, 7, 2024/01/15, 14:33:45.301, 78752201735, vstest.console.dll, TestRequestSender.OnExecutionMessageReceived: Received message: {"Version":7,"MessageType":"TestSession.Message","Payload":{"MessageLevel":0,"Message":"[xUnit.net 00:00:00.85]   Starting:    DiapasonLibraryTest"}}
TpTrace Verbose: 0 : 6892, 7, 2024/01/15, 14:33:45.301, 78752203455, vstest.console.dll, TestRunRequest:SendTestRunMessage: Starting.
TpTrace Verbose: 0 : 6892, 7, 2024/01/15, 14:33:45.302, 78752204281, vstest.console.dll, MulticastDelegateUtilities.SafeInvoke: TestRun.LogMessages: Invoking callback 1/1 for Microsoft.VisualStudio.TestPlatform.CommandLine.TestRunResultAggregator., took 0 ms.
TpTrace Information: 0 : 6892, 7, 2024/01/15, 14:33:45.302, 78752204888, vstest.console.dll, TestRunRequest:SendTestRunMessage: Completed.
TpTrace Verbose: 0 : 6892, 4, 2024/01/15, 14:33:45.302, 78752204861, vstest.console.dll, MulticastDelegateUtilities.SafeInvoke: InternalTestLoggerEvents.SendTestRunMessage: Invoking callback 1/1 for Microsoft.VisualStudio.TestPlatform.CommandLine.Internal.ConsoleLogger., took 0 ms.
TpTrace Verbose: 0 : 6892, 7, 2024/01/15, 14:33:45.302, 78752205451, vstest.console.dll, MulticastDelegateUtilities.SafeInvoke: LengthPrefixCommunicationChannel: MessageReceived: Invoking callback 1/1 for Microsoft.VisualStudio.TestPlatform.CommunicationUtilities.TestRequestSender+<>c__DisplayClass34_0., took 0 ms.
TpTrace Verbose: 0 : 6892, 7, 2024/01/15, 14:33:45.302, 78752207351, vstest.console.dll, TcpClientExtensions.MessageLoopAsync: Polling on remoteEndPoint: 127.0.0.1:51748 localEndPoint: 127.0.0.1:51747
TpTrace Verbose: 0 : 6892, 7, 2024/01/15, 14:33:45.534, 78754529713, vstest.console.dll, TcpClientExtensions.MessageLoopAsync: NotifyDataAvailable remoteEndPoint: 127.0.0.1:51748 localEndPoint: 127.0.0.1:51747
TpTrace Verbose: 0 : 6892, 7, 2024/01/15, 14:33:45.535, 78754534236, vstest.console.dll, TestRequestSender.OnExecutionMessageReceived: Received message: {"Version":7,"MessageType":"TestExecution.StatsChange","Payload":{"NewTestResults":[{"TestCase":{"Id":"729350aa-6be7-75ca-d740-a1140149e4a0","FullyQualifiedName":"DiapasonLibraryTest.DiapasonArrayTest.DiapasonArray_ConstructorWithoutParam_ReturnsEmptyArr","DisplayName":"DiapasonLibraryTest.DiapasonArrayTest.DiapasonArray_ConstructorWithoutParam_ReturnsEmptyArr","ExecutorUri":"executor://xunit/VsTestRunner2/netcoreapp","Source":"C:\\pryazha\\labs\\course_2\\semester_1\\oop\\lab_9\\DiapasonLibraryTest\\bin\\Debug\\net7.0\\fine-code-coverage\\build-output\\DiapasonLibraryTest.dll","CodeFilePath":null,"LineNumber":0,"Properties":[]},"Attachments":[],"Outcome":1,"ErrorMessage":null,"ErrorStackTrace":null,"DisplayName":"DiapasonLibraryTest.DiapasonArrayTest.DiapasonArray_ConstructorWithoutParam_ReturnsEmptyArr","Messages":[],"ComputerName":"WIN-9PJ6D3I9SIT","Duration":"00:00:00.0090398","StartTime":"2024-01-15T09:33:45.4283527+00:00","EndTime":"2024-01-15T09:33:45.4283893+00:00","Properties":[]},{"TestCase":{"Id":"b957eea5-75ef-5451-622b-b805a5f684d3","FullyQualifiedName":"DiapasonLibraryTest.DiapasonTest.Diapason_OperatorExlamationPoint_ReturnsValidLength","DisplayName":"DiapasonLibraryTest.DiapasonTest.Diapason_OperatorExlamationPoint_ReturnsValidLength(expected: 4, x: 1, y: 5)","ExecutorUri":"executor://xunit/VsTestRunner2/netcoreapp","Source":"C:\\pryazha\\labs\\course_2\\semester_1\\oop\\lab_9\\DiapasonLibraryTest\\bin\\Debug\\net7.0\\fine-code-coverage\\build-output\\DiapasonLibraryTest.dll","CodeFilePath":null,"LineNumber":0,"Properties":[]},"Attachments":[],"Outcome":1,"ErrorMessage":null,"ErrorStackTrace":null,"DisplayName":"DiapasonLibraryTest.DiapasonTest.Diapason_OperatorExlamationPoint_ReturnsValidLength(expected: 4, x: 1, y: 5)","Messages":[],"ComputerName":"WIN-9PJ6D3I9SIT","Duration":"00:00:00.0090414","StartTime":"2024-01-15T09:33:45.4557606+00:00","EndTime":"2024-01-15T09:33:45.4557607+00:00","Properties":[]},{"TestCase":{"Id":"f3a13532-9e7f-2a71-ca4f-9656f8818fb3","FullyQualifiedName":"DiapasonLibraryTest.DiapasonTest.Diapason_OperatorExlamationPoint_ReturnsValidLength","DisplayName":"DiapasonLibraryTest.DiapasonTest.Diapason_OperatorExlamationPoint_ReturnsValidLength(expected: 4.5, x: 0.5, y: 5)","ExecutorUri":"executor://xunit/VsTestRunner2/netcoreapp","Source":"C:\\pryazha\\labs\\course_2\\semester_1\\oop\\lab_9\\DiapasonLibraryTest\\bin\\Debug\\net7.0\\fine-code-coverage\\build-output\\DiapasonLibraryTest.dll","CodeFilePath":null,"LineNumber":0,"Properties":[]},"Attachments":[],"Outcome":1,"ErrorMessage":null,"ErrorStackTrace":null,"DisplayName":"DiapasonLibraryTest.DiapasonTest.Diapason_OperatorExlamationPoint_ReturnsValidLength(expected: 4.5, x: 0.5, y: 5)","Messages":[],"ComputerName":"WIN-9PJ6D3I9SIT","Duration":"00:00:00.0011374","StartTime":"2024-01-15T09:33:45.4672227+00:00","EndTime":"2024-01-15T09:33:45.4672228+00:00","Properties":[]},{"TestCase":{"Id":"191684b0-a3c3-76bf-a61c-8575e5e76fc5","FullyQualifiedName":"DiapasonLibraryTest.DiapasonTest.Diapason_InRange_ReturnsTrue","DisplayName":"DiapasonLibraryTest.DiapasonTest.Diapason_InRange_ReturnsTrue(num: 0, x: -1.3999999999999999, y: 0.40000000000000002)","ExecutorUri":"executor://xunit/VsTestRunner2/netcoreapp","Source":"C:\\pryazha\\labs\\course_2\\semester_1\\oop\\lab_9\\DiapasonLibraryTest\\bin\\Debug\\net7.0\\fine-code-coverage\\build-output\\DiapasonLibraryTest.dll","CodeFilePath":null,"LineNumber":0,"Properties":[]},"Attachments":[],"Outcome":1,"ErrorMessage":null,"ErrorStackTrace":null,"DisplayName":"DiapasonLibraryTest.DiapasonTest.Diapason_InRange_ReturnsTrue(num: 0, x: -1.3999999999999999, y: 0.40000000000000002)","Messages":[],"ComputerName":"WIN-9PJ6D3I9SIT","Duration":"00:00:00.0005613","StartTime":"2024-01-15T09:33:45.4717137+00:00","EndTime":"2024-01-15T09:33:45.4717139+00:00","Properties":[]},{"TestCase":{"Id":"4f214197-ffa5-a831-aea4-5aecd967d3b1","FullyQualifiedName":"DiapasonLibraryTest.DiapasonTest.Diapason_InRange_ReturnsTrue","DisplayName":"DiapasonLibraryTest.DiapasonTest.Diapason_InRange_ReturnsTrue(num: 5, x: 1.3999999999999999, y: 5)","ExecutorUri":"executor://xunit/VsTestRunner2/netcoreapp","Source":"C:\\pryazha\\labs\\course_2\\semester_1\\oop\\lab_9\\DiapasonLibraryTest\\bin\\Debug\\net7.0\\fine-code-coverage\\build-output\\DiapasonLibraryTest.dll","CodeFilePath":null,"LineNumber":0,"Properties":[]},"Attachments":[],"Outcome":1,"ErrorMessage":null,"ErrorStackTrace":null,"DisplayName":"DiapasonLibraryTest.DiapasonTest.Diapason_InRange_ReturnsTrue(num: 5, x: 1.3999999999999999, y: 5)","Messages":[],"ComputerName":"WIN-9PJ6D3I9SIT","Duration":"00:00:00.0002901","StartTime":"2024-01-15T09:33:45.4751002+00:00","EndTime":"2024-01-15T09:33:45.4751004+00:00","Properties":[]},{"TestCase":{"Id":"4738f9f9-952f-bb95-ca61-4c2f4e1e2f99","FullyQualifiedName":"DiapasonLibraryTest.DiapasonTest.Diapason_InRange_ReturnsTrue","DisplayName":"DiapasonLibraryTest.DiapasonTest.Diapason_InRange_ReturnsTrue(num: 3.2999999999999998, x: 1.3999999999999999, y: 5)","ExecutorUri":"executor://xunit/VsTestRunner2/netcoreapp","Source":"C:\\pryazha\\labs\\course_2\\semester_1\\oop\\lab_9\\DiapasonLibraryTest\\bin\\Debug\\net7.0\\fine-code-coverage\\build-output\\DiapasonLibraryTest.dll","CodeFilePath":null,"LineNumber":0,"Properties":[]},"Attachments":[],"Outcome":1,"ErrorMessage":null,"ErrorStackTrace":null,"DisplayName":"DiapasonLibraryTest.DiapasonTest.Diapason_InRange_ReturnsTrue(num: 3.2999999999999998, x: 1.3999999999999999, y: 5)","Messages":[],"ComputerName":"WIN-9PJ6D3I9SIT","Duration":"00:00:00.0000110","StartTime":"2024-01-15T09:33:45.4787604+00:00","EndTime":"2024-01-15T09:33:45.4787605+00:00","Properties":[]},{"TestCase":{"Id":"6654bd36-7f44-5fbe-f91f-0185da833c89","FullyQualifiedName":"DiapasonLibraryTest.DiapasonTest.Diapason_Equals_ReturnsFalse","DisplayName":"DiapasonLibraryTest.DiapasonTest.Diapason_Equals_ReturnsFalse(x1: 1, y1: 2, x2: 2, y2: 3)","ExecutorUri":"executor://xunit/VsTestRunner2/netcoreapp","Source":"C:\\pryazha\\labs\\course_2\\semester_1\\oop\\lab_9\\DiapasonLibraryTest\\bin\\Debug\\net7.0\\fine-code-coverage\\build-output\\DiapasonLibraryTest.dll","CodeFilePath":null,"LineNumber":0,"Properties":[]},"Attachments":[],"Outcome":1,"ErrorMessage":null,"ErrorStackTrace":null,"DisplayName":"DiapasonLibraryTest.DiapasonTest.Diapason_Equals_ReturnsFalse(x1: 1, y1: 2, x2: 2, y2: 3)","Messages":[],"ComputerName":"WIN-9PJ6D3I9SIT","Duration":"00:00:00.0005649","StartTime":"2024-01-15T09:33:45.4837742+00:00","EndTime":"2024-01-15T09:33:45.4837743+00:00","Properties":[]},{"TestCase":{"Id":"29c0683e-7ddc-473d-7d75-1873fdf5ad01","FullyQualifiedName":"DiapasonLibraryTest.DiapasonTest.Diapason_Equals_ReturnsFalse","DisplayName":"DiapasonLibraryTest.DiapasonTest.Diapason_Equals_ReturnsFalse(x1: 1, y1: 2, x2: 1, y2: 3)","ExecutorUri":"executor://xunit/VsTestRunner2/netcoreapp","Source":"C:\\pryazha\\labs\\course_2\\semester_1\\oop\\lab_9\\DiapasonLibraryTest\\bin\\Debug\\net7.0\\fine-code-coverage\\build-output\\DiapasonLibraryTest.dll","CodeFilePath":null,"LineNumber":0,"Properties":[]},"Attachments":[],"Outcome":1,"ErrorMessage":null,"ErrorStackTrace":null,"DisplayName":"DiapasonLibraryTest.DiapasonTest.Diapason_Equals_ReturnsFalse(x1: 1, y1: 2, x2: 1, y2: 3)","Messages":[],"ComputerName":"WIN-9PJ6D3I9SIT","Duration":"00:00:00.0003181","StartTime":"2024-01-15T09:33:45.4875278+00:00","EndTime":"2024-01-15T09:33:45.4875279+00:00","Properties":[]}],"TestRunStatistics":{"ExecutedTests":8,"Stats":{"Passed":8}},"ActiveTests":[{"Id":"679a7c7b-9f8d-d442-7ed5-ec5dce365865","FullyQualifiedName":"DiapasonLibraryTest.DiapasonArrayTest.DiapasonArray_IndexatorSet_ReturnsValidSet","DisplayName":"DiapasonLibraryTest.DiapasonArrayTest.DiapasonArray_IndexatorSet_ReturnsValidSet","ExecutorUri":"executor://xunit/VsTestRunner2/netcoreapp","Source":"C:\\pryazha\\labs\\course_2\\semester_1\\oop\\lab_9\\DiapasonLibraryTest\\bin\\Debug\\net7.0\\fine-code-coverage\\build-output\\DiapasonLibraryTest.dll","CodeFilePath":null,"LineNumber":0,"Properties":[]},{"Id":"94b3b0d5-8aeb-d015-1792-a6aee2592b9c","FullyQualifiedName":"DiapasonLibraryTest.DiapasonTest.Diapason_OperatorLessThan_ReturnsTrue","DisplayName":"DiapasonLibraryTest.DiapasonTest.Diapason_OperatorLessThan_ReturnsTrue(x: 1, y: 5, num: 5)","ExecutorUri":"executor://xunit/VsTestRunner2/netcoreapp","Source":"C:\\pryazha\\labs\\course_2\\semester_1\\oop\\lab_9\\DiapasonLibraryTest\\bin\\Debug\\net7.0\\fine-code-coverage\\build-output\\DiapasonLibraryTest.dll","CodeFilePath":null,"LineNumber":0,"Properties":[]}]}}
TpTrace Verbose: 0 : 6892, 7, 2024/01/15, 14:33:45.567, 78754860274, vstest.console.dll, TestRunRequest:SendTestRunStatsChange: Starting.
TpTrace Verbose: 0 : 6892, 7, 2024/01/15, 14:33:45.567, 78754863316, vstest.console.dll, InProgress is DiapasonLibraryTest.DiapasonArrayTest.DiapasonArray_IndexatorSet_ReturnsValidSet
TpTrace Verbose: 0 : 6892, 7, 2024/01/15, 14:33:45.568, 78754863876, vstest.console.dll, InProgress is DiapasonLibraryTest.DiapasonTest.Diapason_OperatorLessThan_ReturnsTrue(x: 1, y: 5, num: 5)
TpTrace Verbose: 0 : 6892, 7, 2024/01/15, 14:33:45.568, 78754867112, vstest.console.dll, MulticastDelegateUtilities.SafeInvoke: TestRun.RunStatsChanged: Invoking callbacks was skipped because there are no subscribers.
TpTrace Information: 0 : 6892, 7, 2024/01/15, 14:33:45.568, 78754867943, vstest.console.dll, TestRunRequest:SendTestRunStatsChange: Completed.
TpTrace Verbose: 0 : 6892, 7, 2024/01/15, 14:33:45.568, 78754868391, vstest.console.dll, MulticastDelegateUtilities.SafeInvoke: LengthPrefixCommunicationChannel: MessageReceived: Invoking callback 1/1 for Microsoft.VisualStudio.TestPlatform.CommunicationUtilities.TestRequestSender+<>c__DisplayClass34_0., took 33 ms.
TpTrace Verbose: 0 : 6892, 7, 2024/01/15, 14:33:45.568, 78754868802, vstest.console.dll, TcpClientExtensions.MessageLoopAsync: Polling on remoteEndPoint: 127.0.0.1:51748 localEndPoint: 127.0.0.1:51747
TpTrace Verbose: 0 : 6892, 4, 2024/01/15, 14:33:45.572, 78754912288, vstest.console.dll, MulticastDelegateUtilities.SafeInvoke: InternalTestLoggerEvents.SendTestResult: Invoking callback 1/1 for Microsoft.VisualStudio.TestPlatform.CommandLine.Internal.ConsoleLogger., took 4 ms.
TpTrace Verbose: 0 : 6892, 4, 2024/01/15, 14:33:45.573, 78754916981, vstest.console.dll, MulticastDelegateUtilities.SafeInvoke: InternalTestLoggerEvents.SendTestResult: Invoking callback 1/1 for Microsoft.VisualStudio.TestPlatform.CommandLine.Internal.ConsoleLogger., took 0 ms.
TpTrace Verbose: 0 : 6892, 4, 2024/01/15, 14:33:45.573, 78754917969, vstest.console.dll, MulticastDelegateUtilities.SafeInvoke: InternalTestLoggerEvents.SendTestResult: Invoking callback 1/1 for Microsoft.VisualStudio.TestPlatform.CommandLine.Internal.ConsoleLogger., took 0 ms.
TpTrace Verbose: 0 : 6892, 4, 2024/01/15, 14:33:45.573, 78754918599, vstest.console.dll, MulticastDelegateUtilities.SafeInvoke: InternalTestLoggerEvents.SendTestResult: Invoking callback 1/1 for Microsoft.VisualStudio.TestPlatform.CommandLine.Internal.ConsoleLogger., took 0 ms.
TpTrace Verbose: 0 : 6892, 4, 2024/01/15, 14:33:45.573, 78754919137, vstest.console.dll, MulticastDelegateUtilities.SafeInvoke: InternalTestLoggerEvents.SendTestResult: Invoking callback 1/1 for Microsoft.VisualStudio.TestPlatform.CommandLine.Internal.ConsoleLogger., took 0 ms.
TpTrace Verbose: 0 : 6892, 4, 2024/01/15, 14:33:45.573, 78754919673, vstest.console.dll, MulticastDelegateUtilities.SafeInvoke: InternalTestLoggerEvents.SendTestResult: Invoking callback 1/1 for Microsoft.VisualStudio.TestPlatform.CommandLine.Internal.ConsoleLogger., took 0 ms.
TpTrace Verbose: 0 : 6892, 4, 2024/01/15, 14:33:45.573, 78754920191, vstest.console.dll, MulticastDelegateUtilities.SafeInvoke: InternalTestLoggerEvents.SendTestResult: Invoking callback 1/1 for Microsoft.VisualStudio.TestPlatform.CommandLine.Internal.ConsoleLogger., took 0 ms.
TpTrace Verbose: 0 : 6892, 4, 2024/01/15, 14:33:45.573, 78754920746, vstest.console.dll, MulticastDelegateUtilities.SafeInvoke: InternalTestLoggerEvents.SendTestResult: Invoking callback 1/1 for Microsoft.VisualStudio.TestPlatform.CommandLine.Internal.ConsoleLogger., took 0 ms.
TpTrace Verbose: 0 : 6892, 7, 2024/01/15, 14:33:45.574, 78754927036, vstest.console.dll, TcpClientExtensions.MessageLoopAsync: NotifyDataAvailable remoteEndPoint: 127.0.0.1:51748 localEndPoint: 127.0.0.1:51747
TpTrace Verbose: 0 : 6892, 7, 2024/01/15, 14:33:45.574, 78754930425, vstest.console.dll, TestRequestSender.OnExecutionMessageReceived: Received message: {"Version":7,"MessageType":"TestExecution.StatsChange","Payload":{"NewTestResults":[{"TestCase":{"Id":"94b3b0d5-8aeb-d015-1792-a6aee2592b9c","FullyQualifiedName":"DiapasonLibraryTest.DiapasonTest.Diapason_OperatorLessThan_ReturnsTrue","DisplayName":"DiapasonLibraryTest.DiapasonTest.Diapason_OperatorLessThan_ReturnsTrue(x: 1, y: 5, num: 5)","ExecutorUri":"executor://xunit/VsTestRunner2/netcoreapp","Source":"C:\\pryazha\\labs\\course_2\\semester_1\\oop\\lab_9\\DiapasonLibraryTest\\bin\\Debug\\net7.0\\fine-code-coverage\\build-output\\DiapasonLibraryTest.dll","CodeFilePath":null,"LineNumber":0,"Properties":[]},"Attachments":[],"Outcome":1,"ErrorMessage":null,"ErrorStackTrace":null,"DisplayName":"DiapasonLibraryTest.DiapasonTest.Diapason_OperatorLessThan_ReturnsTrue(x: 1, y: 5, num: 5)","Messages":[],"ComputerName":"WIN-9PJ6D3I9SIT","Duration":"00:00:00.0003359","StartTime":"2024-01-15T09:33:45.5367197+00:00","EndTime":"2024-01-15T09:33:45.5367198+00:00","Properties":[]},{"TestCase":{"Id":"19ca4b11-8c0b-d9be-7e09-0e308f1ca0e5","FullyQualifiedName":"DiapasonLibraryTest.DiapasonTest.Diapason_OperatorLessThan_ReturnsTrue","DisplayName":"DiapasonLibraryTest.DiapasonTest.Diapason_OperatorLessThan_ReturnsTrue(x: 1, y: 5, num: 1)","ExecutorUri":"executor://xunit/VsTestRunner2/netcoreapp","Source":"C:\\pryazha\\labs\\course_2\\semester_1\\oop\\lab_9\\DiapasonLibraryTest\\bin\\Debug\\net7.0\\fine-code-coverage\\build-output\\DiapasonLibraryTest.dll","CodeFilePath":null,"LineNumber":0,"Properties":[]},"Attachments":[],"Outcome":1,"ErrorMessage":null,"ErrorStackTrace":null,"DisplayName":"DiapasonLibraryTest.DiapasonTest.Diapason_OperatorLessThan_ReturnsTrue(x: 1, y: 5, num: 1)","Messages":[],"ComputerName":"WIN-9PJ6D3I9SIT","Duration":"00:00:00.0002637","StartTime":"2024-01-15T09:33:45.5407519+00:00","EndTime":"2024-01-15T09:33:45.540752+00:00","Properties":[]},{"TestCase":{"Id":"ea742080-c2ab-80f5-66ad-dfe9c8e0ac55","FullyQualifiedName":"DiapasonLibraryTest.DiapasonTest.Diapason_OperatorLessThan_ReturnsTrue","DisplayName":"DiapasonLibraryTest.DiapasonTest.Diapason_OperatorLessThan_ReturnsTrue(x: 1, y: 5, num: 3)","ExecutorUri":"executor://xunit/VsTestRunner2/netcoreapp","Source":"C:\\pryazha\\labs\\course_2\\semester_1\\oop\\lab_9\\DiapasonLibraryTest\\bin\\Debug\\net7.0\\fine-code-coverage\\build-output\\DiapasonLibraryTest.dll","CodeFilePath":null,"LineNumber":0,"Properties":[]},"Attachments":[],"Outcome":1,"ErrorMessage":null,"ErrorStackTrace":null,"DisplayName":"DiapasonLibraryTest.DiapasonTest.Diapason_OperatorLessThan_ReturnsTrue(x: 1, y: 5, num: 3)","Messages":[],"ComputerName":"WIN-9PJ6D3I9SIT","Duration":"00:00:00.0000088","StartTime":"2024-01-15T09:33:45.5442267+00:00","EndTime":"2024-01-15T09:33:45.5442268+00:00","Properties":[]},{"TestCase":{"Id":"6d50ea69-a43b-6126-ec72-b4dc451bdf54","FullyQualifiedName":"DiapasonLibraryTest.DiapasonTest.Diapason_EqualsWithNull_ReturnsFalse","DisplayName":"DiapasonLibraryTest.DiapasonTest.Diapason_EqualsWithNull_ReturnsFalse","ExecutorUri":"executor://xunit/VsTestRunner2/netcoreapp","Source":"C:\\pryazha\\labs\\course_2\\semester_1\\oop\\lab_9\\DiapasonLibraryTest\\bin\\Debug\\net7.0\\fine-code-coverage\\build-output\\DiapasonLibraryTest.dll","CodeFilePath":null,"LineNumber":0,"Properties":[]},"Attachments":[],"Outcome":1,"ErrorMessage":null,"ErrorStackTrace":null,"DisplayName":"DiapasonLibraryTest.DiapasonTest.Diapason_EqualsWithNull_ReturnsFalse","Messages":[],"ComputerName":"WIN-9PJ6D3I9SIT","Duration":"00:00:00.0002355","StartTime":"2024-01-15T09:33:45.5487352+00:00","EndTime":"2024-01-15T09:33:45.5487353+00:00","Properties":[]},{"TestCase":{"Id":"3c5438d4-78ff-f82f-aba5-c8af846a7e2f","FullyQualifiedName":"DiapasonLibraryTest.DiapasonTest.Diapason_OperatorGreaterThan_ReturnsTrue","DisplayName":"DiapasonLibraryTest.DiapasonTest.Diapason_OperatorGreaterThan_ReturnsTrue(x: 1, y: 5, num: 0)","ExecutorUri":"executor://xunit/VsTestRunner2/netcoreapp","Source":"C:\\pryazha\\labs\\course_2\\semester_1\\oop\\lab_9\\DiapasonLibraryTest\\bin\\Debug\\net7.0\\fine-code-coverage\\build-output\\DiapasonLibraryTest.dll","CodeFilePath":null,"LineNumber":0,"Properties":[]},"Attachments":[],"Outcome":1,"ErrorMessage":null,"ErrorStackTrace":null,"DisplayName":"DiapasonLibraryTest.DiapasonTest.Diapason_OperatorGreaterThan_ReturnsTrue(x: 1, y: 5, num: 0)","Messages":[],"ComputerName":"WIN-9PJ6D3I9SIT","Duration":"00:00:00.0003190","StartTime":"2024-01-15T09:33:45.5527407+00:00","EndTime":"2024-01-15T09:33:45.5527408+00:00","Properties":[]},{"TestCase":{"Id":"411ed019-655d-d353-de91-00ef35cbbe79","FullyQualifiedName":"DiapasonLibraryTest.DiapasonTest.Diapason_OperatorGreaterThan_ReturnsTrue","DisplayName":"DiapasonLibraryTest.DiapasonTest.Diapason_OperatorGreaterThan_ReturnsTrue(x: 1, y: 5, num: 6)","ExecutorUri":"executor://xunit/VsTestRunner2/netcoreapp","Source":"C:\\pryazha\\labs\\course_2\\semester_1\\oop\\lab_9\\DiapasonLibraryTest\\bin\\Debug\\net7.0\\fine-code-coverage\\build-output\\DiapasonLibraryTest.dll","CodeFilePath":null,"LineNumber":0,"Properties":[]},"Attachments":[],"Outcome":1,"ErrorMessage":null,"ErrorStackTrace":null,"DisplayName":"DiapasonLibraryTest.DiapasonTest.Diapason_OperatorGreaterThan_ReturnsTrue(x: 1, y: 5, num: 6)","Messages":[],"ComputerName":"WIN-9PJ6D3I9SIT","Duration":"00:00:00.0002794","StartTime":"2024-01-15T09:33:45.5564013+00:00","EndTime":"2024-01-15T09:33:45.5564014+00:00","Properties":[]},{"TestCase":{"Id":"aa082d8c-72f4-a30a-7bcd-5eaa9d3cf409","FullyQualifiedName":"DiapasonLibraryTest.DiapasonTest.Diapason_Equals_ReturnsTrue","DisplayName":"DiapasonLibraryTest.DiapasonTest.Diapason_Equals_ReturnsTrue","ExecutorUri":"executor://xunit/VsTestRunner2/netcoreapp","Source":"C:\\pryazha\\labs\\course_2\\semester_1\\oop\\lab_9\\DiapasonLibraryTest\\bin\\Debug\\net7.0\\fine-code-coverage\\build-output\\DiapasonLibraryTest.dll","CodeFilePath":null,"LineNumber":0,"Properties":[]},"Attachments":[],"Outcome":1,"ErrorMessage":null,"ErrorStackTrace":null,"DisplayName":"DiapasonLibraryTest.DiapasonTest.Diapason_Equals_ReturnsTrue","Messages":[],"ComputerName":"WIN-9PJ6D3I9SIT","Duration":"00:00:00.0002344","StartTime":"2024-01-15T09:33:45.560157+00:00","EndTime":"2024-01-15T09:33:45.5601571+00:00","Properties":[]},{"TestCase":{"Id":"99a6222d-ef3a-4509-6f4c-429d0013e965","FullyQualifiedName":"DiapasonLibraryTest.DiapasonTest.Diapason_s_InRange_ReturnsTrue","DisplayName":"DiapasonLibraryTest.DiapasonTest.Diapason_s_InRange_ReturnsTrue(num: 1.3999999999999999, x: 1.3999999999999999, y: 5)","ExecutorUri":"executor://xunit/VsTestRunner2/netcoreapp","Source":"C:\\pryazha\\labs\\course_2\\semester_1\\oop\\lab_9\\DiapasonLibraryTest\\bin\\Debug\\net7.0\\fine-code-coverage\\build-output\\DiapasonLibraryTest.dll","CodeFilePath":null,"LineNumber":0,"Properties":[]},"Attachments":[],"Outcome":1,"ErrorMessage":null,"ErrorStackTrace":null,"DisplayName":"DiapasonLibraryTest.DiapasonTest.Diapason_s_InRange_ReturnsTrue(num: 1.3999999999999999, x: 1.3999999999999999, y: 5)","Messages":[],"ComputerName":"WIN-9PJ6D3I9SIT","Duration":"00:00:00.0002461","StartTime":"2024-01-15T09:33:45.5645144+00:00","EndTime":"2024-01-15T09:33:45.5645146+00:00","Properties":[]},{"TestCase":{"Id":"b8c435d7-51fd-d58a-0ef2-27dd54bd8344","FullyQualifiedName":"DiapasonLibraryTest.DiapasonTest.Diapason_s_InRange_ReturnsTrue","DisplayName":"DiapasonLibraryTest.DiapasonTest.Diapason_s_InRange_ReturnsTrue(num: 5, x: 1.3999999999999999, y: 5)","ExecutorUri":"executor://xunit/VsTestRunner2/netcoreapp","Source":"C:\\pryazha\\labs\\course_2\\semester_1\\oop\\lab_9\\DiapasonLibraryTest\\bin\\Debug\\net7.0\\fine-code-coverage\\build-output\\DiapasonLibraryTest.dll","CodeFilePath":null,"LineNumber":0,"Properties":[]},"Attachments":[],"Outcome":1,"ErrorMessage":null,"ErrorStackTrace":null,"DisplayName":"DiapasonLibraryTest.DiapasonTest.Diapason_s_InRange_ReturnsTrue(num: 5, x: 1.3999999999999999, y: 5)","Messages":[],"ComputerName":"WIN-9PJ6D3I9SIT","Duration":"00:00:00.0003118","StartTime":"2024-01-15T09:33:45.569502+00:00","EndTime":"2024-01-15T09:33:45.5695021+00:00","Properties":[]}],"TestRunStatistics":{"ExecutedTests":17,"Stats":{"Passed":17}},"ActiveTests":[{"Id":"7fb5679f-0c8f-6d25-05bf-253098823c4d","FullyQualifiedName":"DiapasonLibraryTest.DiapasonTest.Diapason_s_InRange_ReturnsTrue","DisplayName":"DiapasonLibraryTest.DiapasonTest.Diapason_s_InRange_ReturnsTrue(num: 0, x: -1.3999999999999999, y: 0.40000000000000002)","ExecutorUri":"executor://xunit/VsTestRunner2/netcoreapp","Source":"C:\\pryazha\\labs\\course_2\\semester_1\\oop\\lab_9\\DiapasonLibraryTest\\bin\\Debug\\net7.0\\fine-code-coverage\\build-output\\DiapasonLibraryTest.dll","CodeFilePath":null,"LineNumber":0,"Properties":[]}]}}
TpTrace Verbose: 0 : 6892, 7, 2024/01/15, 14:33:45.576, 78754952080, vstest.console.dll, TestRunRequest:SendTestRunStatsChange: Starting.
TpTrace Verbose: 0 : 6892, 7, 2024/01/15, 14:33:45.576, 78754953070, vstest.console.dll, InProgress is DiapasonLibraryTest.DiapasonTest.Diapason_s_InRange_ReturnsTrue(num: 0, x: -1.3999999999999999, y: 0.40000000000000002)
TpTrace Verbose: 0 : 6892, 7, 2024/01/15, 14:33:45.577, 78754953768, vstest.console.dll, MulticastDelegateUtilities.SafeInvoke: TestRun.RunStatsChanged: Invoking callbacks was skipped because there are no subscribers.
TpTrace Information: 0 : 6892, 7, 2024/01/15, 14:33:45.577, 78754954167, vstest.console.dll, TestRunRequest:SendTestRunStatsChange: Completed.
TpTrace Verbose: 0 : 6892, 7, 2024/01/15, 14:33:45.577, 78754954564, vstest.console.dll, MulticastDelegateUtilities.SafeInvoke: LengthPrefixCommunicationChannel: MessageReceived: Invoking callback 1/1 for Microsoft.VisualStudio.TestPlatform.CommunicationUtilities.TestRequestSender+<>c__DisplayClass34_0., took 2 ms.
TpTrace Verbose: 0 : 6892, 4, 2024/01/15, 14:33:45.577, 78754954821, vstest.console.dll, MulticastDelegateUtilities.SafeInvoke: InternalTestLoggerEvents.SendTestResult: Invoking callback 1/1 for Microsoft.VisualStudio.TestPlatform.CommandLine.Internal.ConsoleLogger., took 0 ms.
TpTrace Verbose: 0 : 6892, 7, 2024/01/15, 14:33:45.577, 78754954968, vstest.console.dll, TcpClientExtensions.MessageLoopAsync: Polling on remoteEndPoint: 127.0.0.1:51748 localEndPoint: 127.0.0.1:51747
TpTrace Verbose: 0 : 6892, 4, 2024/01/15, 14:33:45.577, 78754956201, vstest.console.dll, MulticastDelegateUtilities.SafeInvoke: InternalTestLoggerEvents.SendTestResult: Invoking callback 1/1 for Microsoft.VisualStudio.TestPlatform.CommandLine.Internal.ConsoleLogger., took 0 ms.
TpTrace Verbose: 0 : 6892, 4, 2024/01/15, 14:33:45.577, 78754958000, vstest.console.dll, MulticastDelegateUtilities.SafeInvoke: InternalTestLoggerEvents.SendTestResult: Invoking callback 1/1 for Microsoft.VisualStudio.TestPlatform.CommandLine.Internal.ConsoleLogger., took 0 ms.
TpTrace Verbose: 0 : 6892, 4, 2024/01/15, 14:33:45.577, 78754958659, vstest.console.dll, MulticastDelegateUtilities.SafeInvoke: InternalTestLoggerEvents.SendTestResult: Invoking callback 1/1 for Microsoft.VisualStudio.TestPlatform.CommandLine.Internal.ConsoleLogger., took 0 ms.
TpTrace Verbose: 0 : 6892, 4, 2024/01/15, 14:33:45.577, 78754959168, vstest.console.dll, MulticastDelegateUtilities.SafeInvoke: InternalTestLoggerEvents.SendTestResult: Invoking callback 1/1 for Microsoft.VisualStudio.TestPlatform.CommandLine.Internal.ConsoleLogger., took 0 ms.
TpTrace Verbose: 0 : 6892, 4, 2024/01/15, 14:33:45.577, 78754959668, vstest.console.dll, MulticastDelegateUtilities.SafeInvoke: InternalTestLoggerEvents.SendTestResult: Invoking callback 1/1 for Microsoft.VisualStudio.TestPlatform.CommandLine.Internal.ConsoleLogger., took 0 ms.
TpTrace Verbose: 0 : 6892, 4, 2024/01/15, 14:33:45.579, 78754976029, vstest.console.dll, MulticastDelegateUtilities.SafeInvoke: InternalTestLoggerEvents.SendTestResult: Invoking callback 1/1 for Microsoft.VisualStudio.TestPlatform.CommandLine.Internal.ConsoleLogger., took 1 ms.
TpTrace Verbose: 0 : 6892, 4, 2024/01/15, 14:33:45.579, 78754977095, vstest.console.dll, MulticastDelegateUtilities.SafeInvoke: InternalTestLoggerEvents.SendTestResult: Invoking callback 1/1 for Microsoft.VisualStudio.TestPlatform.CommandLine.Internal.ConsoleLogger., took 0 ms.
TpTrace Verbose: 0 : 6892, 4, 2024/01/15, 14:33:45.579, 78754977677, vstest.console.dll, MulticastDelegateUtilities.SafeInvoke: InternalTestLoggerEvents.SendTestResult: Invoking callback 1/1 for Microsoft.VisualStudio.TestPlatform.CommandLine.Internal.ConsoleLogger., took 0 ms.
TpTrace Verbose: 0 : 6892, 7, 2024/01/15, 14:33:45.623, 78755414480, vstest.console.dll, TcpClientExtensions.MessageLoopAsync: NotifyDataAvailable remoteEndPoint: 127.0.0.1:51748 localEndPoint: 127.0.0.1:51747
TpTrace Verbose: 0 : 6892, 7, 2024/01/15, 14:33:45.623, 78755418458, vstest.console.dll, TestRequestSender.OnExecutionMessageReceived: Received message: {"Version":7,"MessageType":"TestExecution.StatsChange","Payload":{"NewTestResults":[{"TestCase":{"Id":"7fb5679f-0c8f-6d25-05bf-253098823c4d","FullyQualifiedName":"DiapasonLibraryTest.DiapasonTest.Diapason_s_InRange_ReturnsTrue","DisplayName":"DiapasonLibraryTest.DiapasonTest.Diapason_s_InRange_ReturnsTrue(num: 0, x: -1.3999999999999999, y: 0.40000000000000002)","ExecutorUri":"executor://xunit/VsTestRunner2/netcoreapp","Source":"C:\\pryazha\\labs\\course_2\\semester_1\\oop\\lab_9\\DiapasonLibraryTest\\bin\\Debug\\net7.0\\fine-code-coverage\\build-output\\DiapasonLibraryTest.dll","CodeFilePath":null,"LineNumber":0,"Properties":[]},"Attachments":[],"Outcome":1,"ErrorMessage":null,"ErrorStackTrace":null,"DisplayName":"DiapasonLibraryTest.DiapasonTest.Diapason_s_InRange_ReturnsTrue(num: 0, x: -1.3999999999999999, y: 0.40000000000000002)","Messages":[],"ComputerName":"WIN-9PJ6D3I9SIT","Duration":"00:00:00.0000098","StartTime":"2024-01-15T09:33:45.5767006+00:00","EndTime":"2024-01-15T09:33:45.5767007+00:00","Properties":[]},{"TestCase":{"Id":"43751f44-e50c-ac26-d14c-ba13375f532e","FullyQualifiedName":"DiapasonLibraryTest.DiapasonTest.Diapason_ConstructorWithoutParam_ReturnsValidDiap","DisplayName":"DiapasonLibraryTest.DiapasonTest.Diapason_ConstructorWithoutParam_ReturnsValidDiap","ExecutorUri":"executor://xunit/VsTestRunner2/netcoreapp","Source":"C:\\pryazha\\labs\\course_2\\semester_1\\oop\\lab_9\\DiapasonLibraryTest\\bin\\Debug\\net7.0\\fine-code-coverage\\build-output\\DiapasonLibraryTest.dll","CodeFilePath":null,"LineNumber":0,"Properties":[]},"Attachments":[],"Outcome":1,"ErrorMessage":null,"ErrorStackTrace":null,"DisplayName":"DiapasonLibraryTest.DiapasonTest.Diapason_ConstructorWithoutParam_ReturnsValidDiap","Messages":[],"ComputerName":"WIN-9PJ6D3I9SIT","Duration":"00:00:00.0003968","StartTime":"2024-01-15T09:33:45.5943451+00:00","EndTime":"2024-01-15T09:33:45.5943452+00:00","Properties":[]},{"TestCase":{"Id":"679a7c7b-9f8d-d442-7ed5-ec5dce365865","FullyQualifiedName":"DiapasonLibraryTest.DiapasonArrayTest.DiapasonArray_IndexatorSet_ReturnsValidSet","DisplayName":"DiapasonLibraryTest.DiapasonArrayTest.DiapasonArray_IndexatorSet_ReturnsValidSet","ExecutorUri":"executor://xunit/VsTestRunner2/netcoreapp","Source":"C:\\pryazha\\labs\\course_2\\semester_1\\oop\\lab_9\\DiapasonLibraryTest\\bin\\Debug\\net7.0\\fine-code-coverage\\build-output\\DiapasonLibraryTest.dll","CodeFilePath":null,"LineNumber":0,"Properties":[]},"Attachments":[],"Outcome":1,"ErrorMessage":null,"ErrorStackTrace":null,"DisplayName":"DiapasonLibraryTest.DiapasonArrayTest.DiapasonArray_IndexatorSet_ReturnsValidSet","Messages":[],"ComputerName":"WIN-9PJ6D3I9SIT","Duration":"00:00:00.0065998","StartTime":"2024-01-15T09:33:45.5994959+00:00","EndTime":"2024-01-15T09:33:45.599496+00:00","Properties":[]},{"TestCase":{"Id":"31b1e230-b67f-3bb8-f0da-6be1b158a934","FullyQualifiedName":"DiapasonLibraryTest.DiapasonTest.Diapason_s_InRange_ReturnsFalse","DisplayName":"DiapasonLibraryTest.DiapasonTest.Diapason_s_InRange_ReturnsFalse(num: 6, x: 1.3999999999999999, y: 5)","ExecutorUri":"executor://xunit/VsTestRunner2/netcoreapp","Source":"C:\\pryazha\\labs\\course_2\\semester_1\\oop\\lab_9\\DiapasonLibraryTest\\bin\\Debug\\net7.0\\fine-code-coverage\\build-output\\DiapasonLibraryTest.dll","CodeFilePath":null,"LineNumber":0,"Properties":[]},"Attachments":[],"Outcome":1,"ErrorMessage":null,"ErrorStackTrace":null,"DisplayName":"DiapasonLibraryTest.DiapasonTest.Diapason_s_InRange_ReturnsFalse(num: 6, x: 1.3999999999999999, y: 5)","Messages":[],"ComputerName":"WIN-9PJ6D3I9SIT","Duration":"00:00:00.0001367","StartTime":"2024-01-15T09:33:45.6031683+00:00","EndTime":"2024-01-15T09:33:45.6031684+00:00","Properties":[]},{"TestCase":{"Id":"bc1f6105-1dc5-3b49-986b-0f88a45391fa","FullyQualifiedName":"DiapasonLibraryTest.DiapasonTest.Diapason_s_InRange_ReturnsFalse","DisplayName":"DiapasonLibraryTest.DiapasonTest.Diapason_s_InRange_ReturnsFalse(num: 0, x: 1.3999999999999999, y: 5)","ExecutorUri":"executor://xunit/VsTestRunner2/netcoreapp","Source":"C:\\pryazha\\labs\\course_2\\semester_1\\oop\\lab_9\\DiapasonLibraryTest\\bin\\Debug\\net7.0\\fine-code-coverage\\build-output\\DiapasonLibraryTest.dll","CodeFilePath":null,"LineNumber":0,"Properties":[]},"Attachments":[],"Outcome":1,"ErrorMessage":null,"ErrorStackTrace":null,"DisplayName":"DiapasonLibraryTest.DiapasonTest.Diapason_s_InRange_ReturnsFalse(num: 0, x: 1.3999999999999999, y: 5)","Messages":[],"ComputerName":"WIN-9PJ6D3I9SIT","Duration":"00:00:00.0002826","StartTime":"2024-01-15T09:33:45.6068675+00:00","EndTime":"2024-01-15T09:33:45.6068676+00:00","Properties":[]},{"TestCase":{"Id":"d5e454a9-3113-431c-8f2b-6e6043104e1f","FullyQualifiedName":"DiapasonLibraryTest.DiapasonArrayTest.DiapasonArray_ConstructorWithSize_ReturnsValidArr","DisplayName":"DiapasonLibraryTest.DiapasonArrayTest.DiapasonArray_ConstructorWithSize_ReturnsValidArr(size: 1)","ExecutorUri":"executor://xunit/VsTestRunner2/netcoreapp","Source":"C:\\pryazha\\labs\\course_2\\semester_1\\oop\\lab_9\\DiapasonLibraryTest\\bin\\Debug\\net7.0\\fine-code-coverage\\build-output\\DiapasonLibraryTest.dll","CodeFilePath":null,"LineNumber":0,"Properties":[]},"Attachments":[],"Outcome":1,"ErrorMessage":null,"ErrorStackTrace":null,"DisplayName":"DiapasonLibraryTest.DiapasonArrayTest.DiapasonArray_ConstructorWithSize_ReturnsValidArr(size: 1)","Messages":[],"ComputerName":"WIN-9PJ6D3I9SIT","Duration":"00:00:00.0006914","StartTime":"2024-01-15T09:33:45.6104787+00:00","EndTime":"2024-01-15T09:33:45.6104788+00:00","Properties":[]},{"TestCase":{"Id":"bfc8b461-cb23-02a5-b48e-9678ebea21e3","FullyQualifiedName":"DiapasonLibraryTest.DiapasonTest.Diapason_OperatorPlusPlus_ReturnsValidDiap","DisplayName":"DiapasonLibraryTest.DiapasonTest.Diapason_OperatorPlusPlus_ReturnsValidDiap(x: -0.5, y: 4.5, exp_x: 0.5, exp_y: 5.5)","ExecutorUri":"executor://xunit/VsTestRunner2/netcoreapp","Source":"C:\\pryazha\\labs\\course_2\\semester_1\\oop\\lab_9\\DiapasonLibraryTest\\bin\\Debug\\net7.0\\fine-code-coverage\\build-output\\DiapasonLibraryTest.dll","CodeFilePath":null,"LineNumber":0,"Properties":[]},"Attachments":[],"Outcome":1,"ErrorMessage":null,"ErrorStackTrace":null,"DisplayName":"DiapasonLibraryTest.DiapasonTest.Diapason_OperatorPlusPlus_ReturnsValidDiap(x: -0.5, y: 4.5, exp_x: 0.5, exp_y: 5.5)","Messages":[],"ComputerName":"WIN-9PJ6D3I9SIT","Duration":"00:00:00.0003601","StartTime":"2024-01-15T09:33:45.6146744+00:00","EndTime":"2024-01-15T09:33:45.6146745+00:00","Properties":[]},{"TestCase":{"Id":"e7e91b10-de94-4122-a15c-ea0da39f25a5","FullyQualifiedName":"DiapasonLibraryTest.DiapasonArrayTest.DiapasonArray_ConstructorWithSize_ReturnsValidArr","DisplayName":"DiapasonLibraryTest.DiapasonArrayTest.DiapasonArray_ConstructorWithSize_ReturnsValidArr(size: 10)","ExecutorUri":"executor://xunit/VsTestRunner2/netcoreapp","Source":"C:\\pryazha\\labs\\course_2\\semester_1\\oop\\lab_9\\DiapasonLibraryTest\\bin\\Debug\\net7.0\\fine-code-coverage\\build-output\\DiapasonLibraryTest.dll","CodeFilePath":null,"LineNumber":0,"Properties":[]},"Attachments":[],"Outcome":1,"ErrorMessage":null,"ErrorStackTrace":null,"DisplayName":"DiapasonLibraryTest.DiapasonArrayTest.DiapasonArray_ConstructorWithSize_ReturnsValidArr(size: 10)","Messages":[],"ComputerName":"WIN-9PJ6D3I9SIT","Duration":"00:00:00.0002329","StartTime":"2024-01-15T09:33:45.6202853+00:00","EndTime":"2024-01-15T09:33:45.6202854+00:00","Properties":[]}],"TestRunStatistics":{"ExecutedTests":25,"Stats":{"Passed":25}},"ActiveTests":[{"Id":"fbba6e75-dd2d-083d-046e-a7ed67ee185d","FullyQualifiedName":"DiapasonLibraryTest.DiapasonTest.Diapason_OperatorPlusPlus_ReturnsValidDiap","DisplayName":"DiapasonLibraryTest.DiapasonTest.Diapason_OperatorPlusPlus_ReturnsValidDiap(x: 1, y: 4, exp_x: 2, exp_y: 5)","ExecutorUri":"executor://xunit/VsTestRunner2/netcoreapp","Source":"C:\\pryazha\\labs\\course_2\\semester_1\\oop\\lab_9\\DiapasonLibraryTest\\bin\\Debug\\net7.0\\fine-code-coverage\\build-output\\DiapasonLibraryTest.dll","CodeFilePath":null,"LineNumber":0,"Properties":[]},{"Id":"0577879d-4136-3b7f-889e-55d043f7254b","FullyQualifiedName":"DiapasonLibraryTest.DiapasonArrayTest.DiapasonArray_IndexatorGet_ReturnsError","DisplayName":"DiapasonLibraryTest.DiapasonArrayTest.DiapasonArray_IndexatorGet_ReturnsError","ExecutorUri":"executor://xunit/VsTestRunner2/netcoreapp","Source":"C:\\pryazha\\labs\\course_2\\semester_1\\oop\\lab_9\\DiapasonLibraryTest\\bin\\Debug\\net7.0\\fine-code-coverage\\build-output\\DiapasonLibraryTest.dll","CodeFilePath":null,"LineNumber":0,"Properties":[]}]}}
TpTrace Verbose: 0 : 6892, 7, 2024/01/15, 14:33:45.624, 78755432402, vstest.console.dll, TestRunRequest:SendTestRunStatsChange: Starting.
TpTrace Verbose: 0 : 6892, 7, 2024/01/15, 14:33:45.624, 78755433217, vstest.console.dll, InProgress is DiapasonLibraryTest.DiapasonTest.Diapason_OperatorPlusPlus_ReturnsValidDiap(x: 1, y: 4, exp_x: 2, exp_y: 5)
TpTrace Verbose: 0 : 6892, 7, 2024/01/15, 14:33:45.624, 78755433656, vstest.console.dll, InProgress is DiapasonLibraryTest.DiapasonArrayTest.DiapasonArray_IndexatorGet_ReturnsError
TpTrace Verbose: 0 : 6892, 7, 2024/01/15, 14:33:45.625, 78755434400, vstest.console.dll, MulticastDelegateUtilities.SafeInvoke: TestRun.RunStatsChanged: Invoking callbacks was skipped because there are no subscribers.
TpTrace Information: 0 : 6892, 7, 2024/01/15, 14:33:45.625, 78755434839, vstest.console.dll, TestRunRequest:SendTestRunStatsChange: Completed.
TpTrace Verbose: 0 : 6892, 7, 2024/01/15, 14:33:45.625, 78755435295, vstest.console.dll, MulticastDelegateUtilities.SafeInvoke: LengthPrefixCommunicationChannel: MessageReceived: Invoking callback 1/1 for Microsoft.VisualStudio.TestPlatform.CommunicationUtilities.TestRequestSender+<>c__DisplayClass34_0., took 1 ms.
TpTrace Verbose: 0 : 6892, 4, 2024/01/15, 14:33:45.625, 78755435289, vstest.console.dll, MulticastDelegateUtilities.SafeInvoke: InternalTestLoggerEvents.SendTestResult: Invoking callback 1/1 for Microsoft.VisualStudio.TestPlatform.CommandLine.Internal.ConsoleLogger., took 0 ms.
TpTrace Verbose: 0 : 6892, 7, 2024/01/15, 14:33:45.625, 78755435787, vstest.console.dll, TcpClientExtensions.MessageLoopAsync: Polling on remoteEndPoint: 127.0.0.1:51748 localEndPoint: 127.0.0.1:51747
TpTrace Verbose: 0 : 6892, 4, 2024/01/15, 14:33:45.625, 78755437281, vstest.console.dll, MulticastDelegateUtilities.SafeInvoke: InternalTestLoggerEvents.SendTestResult: Invoking callback 1/1 for Microsoft.VisualStudio.TestPlatform.CommandLine.Internal.ConsoleLogger., took 0 ms.
TpTrace Verbose: 0 : 6892, 4, 2024/01/15, 14:33:45.625, 78755438266, vstest.console.dll, MulticastDelegateUtilities.SafeInvoke: InternalTestLoggerEvents.SendTestResult: Invoking callback 1/1 for Microsoft.VisualStudio.TestPlatform.CommandLine.Internal.ConsoleLogger., took 0 ms.
TpTrace Verbose: 0 : 6892, 4, 2024/01/15, 14:33:45.625, 78755438947, vstest.console.dll, MulticastDelegateUtilities.SafeInvoke: InternalTestLoggerEvents.SendTestResult: Invoking callback 1/1 for Microsoft.VisualStudio.TestPlatform.CommandLine.Internal.ConsoleLogger., took 0 ms.
TpTrace Verbose: 0 : 6892, 4, 2024/01/15, 14:33:45.625, 78755439607, vstest.console.dll, MulticastDelegateUtilities.SafeInvoke: InternalTestLoggerEvents.SendTestResult: Invoking callback 1/1 for Microsoft.VisualStudio.TestPlatform.CommandLine.Internal.ConsoleLogger., took 0 ms.
TpTrace Verbose: 0 : 6892, 4, 2024/01/15, 14:33:45.625, 78755440245, vstest.console.dll, MulticastDelegateUtilities.SafeInvoke: InternalTestLoggerEvents.SendTestResult: Invoking callback 1/1 for Microsoft.VisualStudio.TestPlatform.CommandLine.Internal.ConsoleLogger., took 0 ms.
TpTrace Verbose: 0 : 6892, 4, 2024/01/15, 14:33:45.625, 78755440898, vstest.console.dll, MulticastDelegateUtilities.SafeInvoke: InternalTestLoggerEvents.SendTestResult: Invoking callback 1/1 for Microsoft.VisualStudio.TestPlatform.CommandLine.Internal.ConsoleLogger., took 0 ms.
TpTrace Verbose: 0 : 6892, 4, 2024/01/15, 14:33:45.625, 78755441521, vstest.console.dll, MulticastDelegateUtilities.SafeInvoke: InternalTestLoggerEvents.SendTestResult: Invoking callback 1/1 for Microsoft.VisualStudio.TestPlatform.CommandLine.Internal.ConsoleLogger., took 0 ms.
TpTrace Verbose: 0 : 6892, 7, 2024/01/15, 14:33:45.655, 78755739767, vstest.console.dll, TcpClientExtensions.MessageLoopAsync: NotifyDataAvailable remoteEndPoint: 127.0.0.1:51748 localEndPoint: 127.0.0.1:51747
TpTrace Verbose: 0 : 6892, 7, 2024/01/15, 14:33:45.656, 78755743803, vstest.console.dll, TestRequestSender.OnExecutionMessageReceived: Received message: {"Version":7,"MessageType":"TestExecution.StatsChange","Payload":{"NewTestResults":[{"TestCase":{"Id":"fbba6e75-dd2d-083d-046e-a7ed67ee185d","FullyQualifiedName":"DiapasonLibraryTest.DiapasonTest.Diapason_OperatorPlusPlus_ReturnsValidDiap","DisplayName":"DiapasonLibraryTest.DiapasonTest.Diapason_OperatorPlusPlus_ReturnsValidDiap(x: 1, y: 4, exp_x: 2, exp_y: 5)","ExecutorUri":"executor://xunit/VsTestRunner2/netcoreapp","Source":"C:\\pryazha\\labs\\course_2\\semester_1\\oop\\lab_9\\DiapasonLibraryTest\\bin\\Debug\\net7.0\\fine-code-coverage\\build-output\\DiapasonLibraryTest.dll","CodeFilePath":null,"LineNumber":0,"Properties":[]},"Attachments":[],"Outcome":1,"ErrorMessage":null,"ErrorStackTrace":null,"DisplayName":"DiapasonLibraryTest.DiapasonTest.Diapason_OperatorPlusPlus_ReturnsValidDiap(x: 1, y: 4, exp_x: 2, exp_y: 5)","Messages":[],"ComputerName":"WIN-9PJ6D3I9SIT","Duration":"00:00:00.0002038","StartTime":"2024-01-15T09:33:45.6249143+00:00","EndTime":"2024-01-15T09:33:45.6249144+00:00","Properties":[]},{"TestCase":{"Id":"5f1cecc3-9431-fac5-4039-937c86e43b4f","FullyQualifiedName":"DiapasonLibraryTest.DiapasonTest.Diapason_OperatorLessThan_ReturnsFalse","DisplayName":"DiapasonLibraryTest.DiapasonTest.Diapason_OperatorLessThan_ReturnsFalse(x: 1, y: 5, num: 6)","ExecutorUri":"executor://xunit/VsTestRunner2/netcoreapp","Source":"C:\\pryazha\\labs\\course_2\\semester_1\\oop\\lab_9\\DiapasonLibraryTest\\bin\\Debug\\net7.0\\fine-code-coverage\\build-output\\DiapasonLibraryTest.dll","CodeFilePath":null,"LineNumber":0,"Properties":[]},"Attachments":[],"Outcome":1,"ErrorMessage":null,"ErrorStackTrace":null,"DisplayName":"DiapasonLibraryTest.DiapasonTest.Diapason_OperatorLessThan_ReturnsFalse(x: 1, y: 5, num: 6)","Messages":[],"ComputerName":"WIN-9PJ6D3I9SIT","Duration":"00:00:00.0002088","StartTime":"2024-01-15T09:33:45.628608+00:00","EndTime":"2024-01-15T09:33:45.6286082+00:00","Properties":[]},{"TestCase":{"Id":"2b82f4ed-9b3d-7007-9fe4-4ce139096646","FullyQualifiedName":"DiapasonLibraryTest.DiapasonTest.Diapason_OperatorLessThan_ReturnsFalse","DisplayName":"DiapasonLibraryTest.DiapasonTest.Diapason_OperatorLessThan_ReturnsFalse(x: 1, y: 5, num: 0)","ExecutorUri":"executor://xunit/VsTestRunner2/netcoreapp","Source":"C:\\pryazha\\labs\\course_2\\semester_1\\oop\\lab_9\\DiapasonLibraryTest\\bin\\Debug\\net7.0\\fine-code-coverage\\build-output\\DiapasonLibraryTest.dll","CodeFilePath":null,"LineNumber":0,"Properties":[]},"Attachments":[],"Outcome":1,"ErrorMessage":null,"ErrorStackTrace":null,"DisplayName":"DiapasonLibraryTest.DiapasonTest.Diapason_OperatorLessThan_ReturnsFalse(x: 1, y: 5, num: 0)","Messages":[],"ComputerName":"WIN-9PJ6D3I9SIT","Duration":"00:00:00.0002328","StartTime":"2024-01-15T09:33:45.6329577+00:00","EndTime":"2024-01-15T09:33:45.6329578+00:00","Properties":[]},{"TestCase":{"Id":"48e7950c-7f44-c502-6fc7-1cb14ae742fb","FullyQualifiedName":"DiapasonLibraryTest.DiapasonTest.Diapason_OperatorSumWithNum_ReturnsValidNum","DisplayName":"DiapasonLibraryTest.DiapasonTest.Diapason_OperatorSumWithNum_ReturnsValidNum","ExecutorUri":"executor://xunit/VsTestRunner2/netcoreapp","Source":"C:\\pryazha\\labs\\course_2\\semester_1\\oop\\lab_9\\DiapasonLibraryTest\\bin\\Debug\\net7.0\\fine-code-coverage\\build-output\\DiapasonLibraryTest.dll","CodeFilePath":null,"LineNumber":0,"Properties":[]},"Attachments":[],"Outcome":1,"ErrorMessage":null,"ErrorStackTrace":null,"DisplayName":"DiapasonLibraryTest.DiapasonTest.Diapason_OperatorSumWithNum_ReturnsValidNum","Messages":[],"ComputerName":"WIN-9PJ6D3I9SIT","Duration":"00:00:00.0004134","StartTime":"2024-01-15T09:33:45.6365265+00:00","EndTime":"2024-01-15T09:33:45.6365266+00:00","Properties":[]},{"TestCase":{"Id":"0577879d-4136-3b7f-889e-55d043f7254b","FullyQualifiedName":"DiapasonLibraryTest.DiapasonArrayTest.DiapasonArray_IndexatorGet_ReturnsError","DisplayName":"DiapasonLibraryTest.DiapasonArrayTest.DiapasonArray_IndexatorGet_ReturnsError","ExecutorUri":"executor://xunit/VsTestRunner2/netcoreapp","Source":"C:\\pryazha\\labs\\course_2\\semester_1\\oop\\lab_9\\DiapasonLibraryTest\\bin\\Debug\\net7.0\\fine-code-coverage\\build-output\\DiapasonLibraryTest.dll","CodeFilePath":null,"LineNumber":0,"Properties":[]},"Attachments":[],"Outcome":1,"ErrorMessage":null,"ErrorStackTrace":null,"DisplayName":"DiapasonLibraryTest.DiapasonArrayTest.DiapasonArray_IndexatorGet_ReturnsError","Messages":[],"ComputerName":"WIN-9PJ6D3I9SIT","Duration":"00:00:00.0011241","StartTime":"2024-01-15T09:33:45.6400124+00:00","EndTime":"2024-01-15T09:33:45.6400125+00:00","Properties":[]},{"TestCase":{"Id":"01698b25-23f3-6f25-eb51-05c3809cfa85","FullyQualifiedName":"DiapasonLibraryTest.DiapasonTest.Diapason_OperatorGreaterThan_ReturnsFalse","DisplayName":"DiapasonLibraryTest.DiapasonTest.Diapason_OperatorGreaterThan_ReturnsFalse(x: 1, y: 5, num: 1)","ExecutorUri":"executor://xunit/VsTestRunner2/netcoreapp","Source":"C:\\pryazha\\labs\\course_2\\semester_1\\oop\\lab_9\\DiapasonLibraryTest\\bin\\Debug\\net7.0\\fine-code-coverage\\build-output\\DiapasonLibraryTest.dll","CodeFilePath":null,"LineNumber":0,"Properties":[]},"Attachments":[],"Outcome":1,"ErrorMessage":null,"ErrorStackTrace":null,"DisplayName":"DiapasonLibraryTest.DiapasonTest.Diapason_OperatorGreaterThan_ReturnsFalse(x: 1, y: 5, num: 1)","Messages":[],"ComputerName":"WIN-9PJ6D3I9SIT","Duration":"00:00:00.0001764","StartTime":"2024-01-15T09:33:45.6436247+00:00","EndTime":"2024-01-15T09:33:45.6436248+00:00","Properties":[]},{"TestCase":{"Id":"b774911e-4cf5-77cf-fbea-748bd71f210c","FullyQualifiedName":"DiapasonLibraryTest.DiapasonTest.Diapason_OperatorGreaterThan_ReturnsFalse","DisplayName":"DiapasonLibraryTest.DiapasonTest.Diapason_OperatorGreaterThan_ReturnsFalse(x: 1, y: 5, num: 3)","ExecutorUri":"executor://xunit/VsTestRunner2/netcoreapp","Source":"C:\\pryazha\\labs\\course_2\\semester_1\\oop\\lab_9\\DiapasonLibraryTest\\bin\\Debug\\net7.0\\fine-code-coverage\\build-output\\DiapasonLibraryTest.dll","CodeFilePath":null,"LineNumber":0,"Properties":[]},"Attachments":[],"Outcome":1,"ErrorMessage":null,"ErrorStackTrace":null,"DisplayName":"DiapasonLibraryTest.DiapasonTest.Diapason_OperatorGreaterThan_ReturnsFalse(x: 1, y: 5, num: 3)","Messages":[],"ComputerName":"WIN-9PJ6D3I9SIT","Duration":"00:00:00.0003279","StartTime":"2024-01-15T09:33:45.6480774+00:00","EndTime":"2024-01-15T09:33:45.6480776+00:00","Properties":[]},{"TestCase":{"Id":"df1c1179-bdcc-23a6-d028-a5dd2cba2820","FullyQualifiedName":"DiapasonLibraryTest.DiapasonArrayTest.DiapasonArray_IndexatorGet_ReturnsValidInt","DisplayName":"DiapasonLibraryTest.DiapasonArrayTest.DiapasonArray_IndexatorGet_ReturnsValidInt","ExecutorUri":"executor://xunit/VsTestRunner2/netcoreapp","Source":"C:\\pryazha\\labs\\course_2\\semester_1\\oop\\lab_9\\DiapasonLibraryTest\\bin\\Debug\\net7.0\\fine-code-coverage\\build-output\\DiapasonLibraryTest.dll","CodeFilePath":null,"LineNumber":0,"Properties":[]},"Attachments":[],"Outcome":1,"ErrorMessage":null,"ErrorStackTrace":null,"DisplayName":"DiapasonLibraryTest.DiapasonArrayTest.DiapasonArray_IndexatorGet_ReturnsValidInt","Messages":[],"ComputerName":"WIN-9PJ6D3I9SIT","Duration":"00:00:00.0004924","StartTime":"2024-01-15T09:33:45.6526664+00:00","EndTime":"2024-01-15T09:33:45.6526666+00:00","Properties":[]}],"TestRunStatistics":{"ExecutedTests":33,"Stats":{"Passed":33}},"ActiveTests":[{"Id":"446ac1b8-9998-0705-1d52-b64279ea21c4","FullyQualifiedName":"DiapasonLibraryTest.DiapasonTest.Diapason_OperatorGreaterThan_ReturnsFalse","DisplayName":"DiapasonLibraryTest.DiapasonTest.Diapason_OperatorGreaterThan_ReturnsFalse(x: 1, y: 5, num: 5)","ExecutorUri":"executor://xunit/VsTestRunner2/netcoreapp","Source":"C:\\pryazha\\labs\\course_2\\semester_1\\oop\\lab_9\\DiapasonLibraryTest\\bin\\Debug\\net7.0\\fine-code-coverage\\build-output\\DiapasonLibraryTest.dll","CodeFilePath":null,"LineNumber":0,"Properties":[]},{"Id":"9765f5b7-1647-d6a2-e129-e61b9b339c3c","FullyQualifiedName":"DiapasonLibraryTest.DiapasonArrayTest.DiapasonArray_ConstructorWithSize_ReturnsInvalidSize","DisplayName":"DiapasonLibraryTest.DiapasonArrayTest.DiapasonArray_ConstructorWithSize_ReturnsInvalidSize","ExecutorUri":"executor://xunit/VsTestRunner2/netcoreapp","Source":"C:\\pryazha\\labs\\course_2\\semester_1\\oop\\lab_9\\DiapasonLibraryTest\\bin\\Debug\\net7.0\\fine-code-coverage\\build-output\\DiapasonLibraryTest.dll","CodeFilePath":null,"LineNumber":0,"Properties":[]}]}}
TpTrace Verbose: 0 : 6892, 7, 2024/01/15, 14:33:45.657, 78755756614, vstest.console.dll, TestRunRequest:SendTestRunStatsChange: Starting.
TpTrace Verbose: 0 : 6892, 7, 2024/01/15, 14:33:45.657, 78755757424, vstest.console.dll, InProgress is DiapasonLibraryTest.DiapasonTest.Diapason_OperatorGreaterThan_ReturnsFalse(x: 1, y: 5, num: 5)
TpTrace Verbose: 0 : 6892, 7, 2024/01/15, 14:33:45.657, 78755757813, vstest.console.dll, InProgress is DiapasonLibraryTest.DiapasonArrayTest.DiapasonArray_ConstructorWithSize_ReturnsInvalidSize
TpTrace Verbose: 0 : 6892, 7, 2024/01/15, 14:33:45.657, 78755758339, vstest.console.dll, MulticastDelegateUtilities.SafeInvoke: TestRun.RunStatsChanged: Invoking callbacks was skipped because there are no subscribers.
TpTrace Information: 0 : 6892, 7, 2024/01/15, 14:33:45.657, 78755758713, vstest.console.dll, TestRunRequest:SendTestRunStatsChange: Completed.
TpTrace Verbose: 0 : 6892, 7, 2024/01/15, 14:33:45.657, 78755759093, vstest.console.dll, MulticastDelegateUtilities.SafeInvoke: LengthPrefixCommunicationChannel: MessageReceived: Invoking callback 1/1 for Microsoft.VisualStudio.TestPlatform.CommunicationUtilities.TestRequestSender+<>c__DisplayClass34_0., took 1 ms.
TpTrace Verbose: 0 : 6892, 4, 2024/01/15, 14:33:45.657, 78755759157, vstest.console.dll, MulticastDelegateUtilities.SafeInvoke: InternalTestLoggerEvents.SendTestResult: Invoking callback 1/1 for Microsoft.VisualStudio.TestPlatform.CommandLine.Internal.ConsoleLogger., took 0 ms.
TpTrace Verbose: 0 : 6892, 7, 2024/01/15, 14:33:45.657, 78755759993, vstest.console.dll, TcpClientExtensions.MessageLoopAsync: Polling on remoteEndPoint: 127.0.0.1:51748 localEndPoint: 127.0.0.1:51747
TpTrace Verbose: 0 : 6892, 4, 2024/01/15, 14:33:45.657, 78755761227, vstest.console.dll, MulticastDelegateUtilities.SafeInvoke: InternalTestLoggerEvents.SendTestResult: Invoking callback 1/1 for Microsoft.VisualStudio.TestPlatform.CommandLine.Internal.ConsoleLogger., took 0 ms.
TpTrace Verbose: 0 : 6892, 4, 2024/01/15, 14:33:45.657, 78755761877, vstest.console.dll, MulticastDelegateUtilities.SafeInvoke: InternalTestLoggerEvents.SendTestResult: Invoking callback 1/1 for Microsoft.VisualStudio.TestPlatform.CommandLine.Internal.ConsoleLogger., took 0 ms.
TpTrace Verbose: 0 : 6892, 4, 2024/01/15, 14:33:45.657, 78755762441, vstest.console.dll, MulticastDelegateUtilities.SafeInvoke: InternalTestLoggerEvents.SendTestResult: Invoking callback 1/1 for Microsoft.VisualStudio.TestPlatform.CommandLine.Internal.ConsoleLogger., took 0 ms.
TpTrace Verbose: 0 : 6892, 4, 2024/01/15, 14:33:45.657, 78755762972, vstest.console.dll, MulticastDelegateUtilities.SafeInvoke: InternalTestLoggerEvents.SendTestResult: Invoking callback 1/1 for Microsoft.VisualStudio.TestPlatform.CommandLine.Internal.ConsoleLogger., took 0 ms.
TpTrace Verbose: 0 : 6892, 4, 2024/01/15, 14:33:45.657, 78755763541, vstest.console.dll, MulticastDelegateUtilities.SafeInvoke: InternalTestLoggerEvents.SendTestResult: Invoking callback 1/1 for Microsoft.VisualStudio.TestPlatform.CommandLine.Internal.ConsoleLogger., took 0 ms.
TpTrace Verbose: 0 : 6892, 4, 2024/01/15, 14:33:45.658, 78755764031, vstest.console.dll, MulticastDelegateUtilities.SafeInvoke: InternalTestLoggerEvents.SendTestResult: Invoking callback 1/1 for Microsoft.VisualStudio.TestPlatform.CommandLine.Internal.ConsoleLogger., took 0 ms.
TpTrace Verbose: 0 : 6892, 4, 2024/01/15, 14:33:45.658, 78755764490, vstest.console.dll, MulticastDelegateUtilities.SafeInvoke: InternalTestLoggerEvents.SendTestResult: Invoking callback 1/1 for Microsoft.VisualStudio.TestPlatform.CommandLine.Internal.ConsoleLogger., took 0 ms.
TpTrace Verbose: 0 : 6892, 7, 2024/01/15, 14:33:45.693, 78756115207, vstest.console.dll, TcpClientExtensions.MessageLoopAsync: NotifyDataAvailable remoteEndPoint: 127.0.0.1:51748 localEndPoint: 127.0.0.1:51747
TpTrace Verbose: 0 : 6892, 7, 2024/01/15, 14:33:45.693, 78756119068, vstest.console.dll, TestRequestSender.OnExecutionMessageReceived: Received message: {"Version":7,"MessageType":"TestExecution.StatsChange","Payload":{"NewTestResults":[{"TestCase":{"Id":"446ac1b8-9998-0705-1d52-b64279ea21c4","FullyQualifiedName":"DiapasonLibraryTest.DiapasonTest.Diapason_OperatorGreaterThan_ReturnsFalse","DisplayName":"DiapasonLibraryTest.DiapasonTest.Diapason_OperatorGreaterThan_ReturnsFalse(x: 1, y: 5, num: 5)","ExecutorUri":"executor://xunit/VsTestRunner2/netcoreapp","Source":"C:\\pryazha\\labs\\course_2\\semester_1\\oop\\lab_9\\DiapasonLibraryTest\\bin\\Debug\\net7.0\\fine-code-coverage\\build-output\\DiapasonLibraryTest.dll","CodeFilePath":null,"LineNumber":0,"Properties":[]},"Attachments":[],"Outcome":1,"ErrorMessage":null,"ErrorStackTrace":null,"DisplayName":"DiapasonLibraryTest.DiapasonTest.Diapason_OperatorGreaterThan_ReturnsFalse(x: 1, y: 5, num: 5)","Messages":[],"ComputerName":"WIN-9PJ6D3I9SIT","Duration":"00:00:00.0000099","StartTime":"2024-01-15T09:33:45.6577085+00:00","EndTime":"2024-01-15T09:33:45.6577086+00:00","Properties":[]},{"TestCase":{"Id":"9765f5b7-1647-d6a2-e129-e61b9b339c3c","FullyQualifiedName":"DiapasonLibraryTest.DiapasonArrayTest.DiapasonArray_ConstructorWithSize_ReturnsInvalidSize","DisplayName":"DiapasonLibraryTest.DiapasonArrayTest.DiapasonArray_ConstructorWithSize_ReturnsInvalidSize","ExecutorUri":"executor://xunit/VsTestRunner2/netcoreapp","Source":"C:\\pryazha\\labs\\course_2\\semester_1\\oop\\lab_9\\DiapasonLibraryTest\\bin\\Debug\\net7.0\\fine-code-coverage\\build-output\\DiapasonLibraryTest.dll","CodeFilePath":null,"LineNumber":0,"Properties":[]},"Attachments":[],"Outcome":1,"ErrorMessage":null,"ErrorStackTrace":null,"DisplayName":"DiapasonLibraryTest.DiapasonArrayTest.DiapasonArray_ConstructorWithSize_ReturnsInvalidSize","Messages":[],"ComputerName":"WIN-9PJ6D3I9SIT","Duration":"00:00:00.0002178","StartTime":"2024-01-15T09:33:45.6617474+00:00","EndTime":"2024-01-15T09:33:45.6617475+00:00","Properties":[]},{"TestCase":{"Id":"5617b81a-1eed-6820-a7d9-a9814889856e","FullyQualifiedName":"DiapasonLibraryTest.DiapasonTest.Diapason_ConstructorWithXY_ReturnsValidDiap","DisplayName":"DiapasonLibraryTest.DiapasonTest.Diapason_ConstructorWithXY_ReturnsValidDiap","ExecutorUri":"executor://xunit/VsTestRunner2/netcoreapp","Source":"C:\\pryazha\\labs\\course_2\\semester_1\\oop\\lab_9\\DiapasonLibraryTest\\bin\\Debug\\net7.0\\fine-code-coverage\\build-output\\DiapasonLibraryTest.dll","CodeFilePath":null,"LineNumber":0,"Properties":[]},"Attachments":[],"Outcome":1,"ErrorMessage":null,"ErrorStackTrace":null,"DisplayName":"DiapasonLibraryTest.DiapasonTest.Diapason_ConstructorWithXY_ReturnsValidDiap","Messages":[],"ComputerName":"WIN-9PJ6D3I9SIT","Duration":"00:00:00.0002551","StartTime":"2024-01-15T09:33:45.6669824+00:00","EndTime":"2024-01-15T09:33:45.6669825+00:00","Properties":[]},{"TestCase":{"Id":"8fe935bc-967e-3684-e45d-c9458123918d","FullyQualifiedName":"DiapasonLibraryTest.DiapasonArrayTest.DiapasonArray_LengthProperty_ReturnsValidLength","DisplayName":"DiapasonLibraryTest.DiapasonArrayTest.DiapasonArray_LengthProperty_ReturnsValidLength(size: 0)","ExecutorUri":"executor://xunit/VsTestRunner2/netcoreapp","Source":"C:\\pryazha\\labs\\course_2\\semester_1\\oop\\lab_9\\DiapasonLibraryTest\\bin\\Debug\\net7.0\\fine-code-coverage\\build-output\\DiapasonLibraryTest.dll","CodeFilePath":null,"LineNumber":0,"Properties":[]},"Attachments":[],"Outcome":1,"ErrorMessage":null,"ErrorStackTrace":null,"DisplayName":"DiapasonLibraryTest.DiapasonArrayTest.DiapasonArray_LengthProperty_ReturnsValidLength(size: 0)","Messages":[],"ComputerName":"WIN-9PJ6D3I9SIT","Duration":"00:00:00.0001577","StartTime":"2024-01-15T09:33:45.6706476+00:00","EndTime":"2024-01-15T09:33:45.6706477+00:00","Properties":[]},{"TestCase":{"Id":"afcde5c7-55fa-ac54-9ab5-f401ddf35292","FullyQualifiedName":"DiapasonLibraryTest.DiapasonTest.Diapason_ImplicitDoubleCasting_ReturnsValidDouble","DisplayName":"DiapasonLibraryTest.DiapasonTest.Diapason_ImplicitDoubleCasting_ReturnsValidDouble","ExecutorUri":"executor://xunit/VsTestRunner2/netcoreapp","Source":"C:\\pryazha\\labs\\course_2\\semester_1\\oop\\lab_9\\DiapasonLibraryTest\\bin\\Debug\\net7.0\\fine-code-coverage\\build-output\\DiapasonLibraryTest.dll","CodeFilePath":null,"LineNumber":0,"Properties":[]},"Attachments":[],"Outcome":1,"ErrorMessage":null,"ErrorStackTrace":null,"DisplayName":"DiapasonLibraryTest.DiapasonTest.Diapason_ImplicitDoubleCasting_ReturnsValidDouble","Messages":[],"ComputerName":"WIN-9PJ6D3I9SIT","Duration":"00:00:00.0002440","StartTime":"2024-01-15T09:33:45.6743264+00:00","EndTime":"2024-01-15T09:33:45.6743266+00:00","Properties":[]},{"TestCase":{"Id":"7a79ee53-e288-e099-ddc5-cd101716a49d","FullyQualifiedName":"DiapasonLibraryTest.DiapasonArrayTest.DiapasonArray_LengthProperty_ReturnsValidLength","DisplayName":"DiapasonLibraryTest.DiapasonArrayTest.DiapasonArray_LengthProperty_ReturnsValidLength(size: 5)","ExecutorUri":"executor://xunit/VsTestRunner2/netcoreapp","Source":"C:\\pryazha\\labs\\course_2\\semester_1\\oop\\lab_9\\DiapasonLibraryTest\\bin\\Debug\\net7.0\\fine-code-coverage\\build-output\\DiapasonLibraryTest.dll","CodeFilePath":null,"LineNumber":0,"Properties":[]},"Attachments":[],"Outcome":1,"ErrorMessage":null,"ErrorStackTrace":null,"DisplayName":"DiapasonLibraryTest.DiapasonArrayTest.DiapasonArray_LengthProperty_ReturnsValidLength(size: 5)","Messages":[],"ComputerName":"WIN-9PJ6D3I9SIT","Duration":"00:00:00.0002477","StartTime":"2024-01-15T09:33:45.6780662+00:00","EndTime":"2024-01-15T09:33:45.6780663+00:00","Properties":[]},{"TestCase":{"Id":"ae00dc82-5610-e739-3cc3-9e26d835dfce","FullyQualifiedName":"DiapasonLibraryTest.DiapasonTest.Diapason_InRange_ReturnsFalse","DisplayName":"DiapasonLibraryTest.DiapasonTest.Diapason_InRange_ReturnsFalse(num: 6, x: 1.3999999999999999, y: 5)","ExecutorUri":"executor://xunit/VsTestRunner2/netcoreapp","Source":"C:\\pryazha\\labs\\course_2\\semester_1\\oop\\lab_9\\DiapasonLibraryTest\\bin\\Debug\\net7.0\\fine-code-coverage\\build-output\\DiapasonLibraryTest.dll","CodeFilePath":null,"LineNumber":0,"Properties":[]},"Attachments":[],"Outcome":1,"ErrorMessage":null,"ErrorStackTrace":null,"DisplayName":"DiapasonLibraryTest.DiapasonTest.Diapason_InRange_ReturnsFalse(num: 6, x: 1.3999999999999999, y: 5)","Messages":[],"ComputerName":"WIN-9PJ6D3I9SIT","Duration":"00:00:00.0001884","StartTime":"2024-01-15T09:33:45.6828992+00:00","EndTime":"2024-01-15T09:33:45.6828993+00:00","Properties":[]},{"TestCase":{"Id":"6101bf60-d991-2035-a6c3-07fb7f92f05c","FullyQualifiedName":"DiapasonLibraryTest.DiapasonTest.Diapason_InRange_ReturnsFalse","DisplayName":"DiapasonLibraryTest.DiapasonTest.Diapason_InRange_ReturnsFalse(num: 0, x: 1.3999999999999999, y: 5)","ExecutorUri":"executor://xunit/VsTestRunner2/netcoreapp","Source":"C:\\pryazha\\labs\\course_2\\semester_1\\oop\\lab_9\\DiapasonLibraryTest\\bin\\Debug\\net7.0\\fine-code-coverage\\build-output\\DiapasonLibraryTest.dll","CodeFilePath":null,"LineNumber":0,"Properties":[]},"Attachments":[],"Outcome":1,"ErrorMessage":null,"ErrorStackTrace":null,"DisplayName":"DiapasonLibraryTest.DiapasonTest.Diapason_InRange_ReturnsFalse(num: 0, x: 1.3999999999999999, y: 5)","Messages":[],"ComputerName":"WIN-9PJ6D3I9SIT","Duration":"00:00:00.0002275","StartTime":"2024-01-15T09:33:45.6866142+00:00","EndTime":"2024-01-15T09:33:45.6866143+00:00","Properties":[]}],"TestRunStatistics":{"ExecutedTests":41,"Stats":{"Passed":41}},"ActiveTests":[{"Id":"4d6ff7f4-e6cf-183e-85cc-bba9bf530930","FullyQualifiedName":"DiapasonLibraryTest.DiapasonArrayTest.DiapasonArray_IndexatorSet_ReturnsError","DisplayName":"DiapasonLibraryTest.DiapasonArrayTest.DiapasonArray_IndexatorSet_ReturnsError","ExecutorUri":"executor://xunit/VsTestRunner2/netcoreapp","Source":"C:\\pryazha\\labs\\course_2\\semester_1\\oop\\lab_9\\DiapasonLibraryTest\\bin\\Debug\\net7.0\\fine-code-coverage\\build-output\\DiapasonLibraryTest.dll","CodeFilePath":null,"LineNumber":0,"Properties":[]},{"Id":"9913dbee-c984-a6a5-78c5-96e12276b203","FullyQualifiedName":"DiapasonLibraryTest.DiapasonTest.Diapason_ConstructorCopy_ReturnsValidDiap","DisplayName":"DiapasonLibraryTest.DiapasonTest.Diapason_ConstructorCopy_ReturnsValidDiap","ExecutorUri":"executor://xunit/VsTestRunner2/netcoreapp","Source":"C:\\pryazha\\labs\\course_2\\semester_1\\oop\\lab_9\\DiapasonLibraryTest\\bin\\Debug\\net7.0\\fine-code-coverage\\build-output\\DiapasonLibraryTest.dll","CodeFilePath":null,"LineNumber":0,"Properties":[]}]}}
TpTrace Verbose: 0 : 6892, 7, 2024/01/15, 14:33:45.694, 78756132934, vstest.console.dll, TestRunRequest:SendTestRunStatsChange: Starting.
TpTrace Verbose: 0 : 6892, 7, 2024/01/15, 14:33:45.694, 78756133743, vstest.console.dll, InProgress is DiapasonLibraryTest.DiapasonArrayTest.DiapasonArray_IndexatorSet_ReturnsError
TpTrace Verbose: 0 : 6892, 7, 2024/01/15, 14:33:45.695, 78756134178, vstest.console.dll, InProgress is DiapasonLibraryTest.DiapasonTest.Diapason_ConstructorCopy_ReturnsValidDiap
TpTrace Verbose: 0 : 6892, 7, 2024/01/15, 14:33:45.695, 78756134823, vstest.console.dll, MulticastDelegateUtilities.SafeInvoke: TestRun.RunStatsChanged: Invoking callbacks was skipped because there are no subscribers.
TpTrace Information: 0 : 6892, 7, 2024/01/15, 14:33:45.695, 78756135295, vstest.console.dll, TestRunRequest:SendTestRunStatsChange: Completed.
TpTrace Verbose: 0 : 6892, 7, 2024/01/15, 14:33:45.695, 78756135750, vstest.console.dll, MulticastDelegateUtilities.SafeInvoke: LengthPrefixCommunicationChannel: MessageReceived: Invoking callback 1/1 for Microsoft.VisualStudio.TestPlatform.CommunicationUtilities.TestRequestSender+<>c__DisplayClass34_0., took 1 ms.
TpTrace Verbose: 0 : 6892, 7, 2024/01/15, 14:33:45.695, 78756137082, vstest.console.dll, TcpClientExtensions.MessageLoopAsync: Polling on remoteEndPoint: 127.0.0.1:51748 localEndPoint: 127.0.0.1:51747
TpTrace Verbose: 0 : 6892, 4, 2024/01/15, 14:33:45.695, 78756135776, vstest.console.dll, MulticastDelegateUtilities.SafeInvoke: InternalTestLoggerEvents.SendTestResult: Invoking callback 1/1 for Microsoft.VisualStudio.TestPlatform.CommandLine.Internal.ConsoleLogger., took 0 ms.
TpTrace Verbose: 0 : 6892, 4, 2024/01/15, 14:33:45.695, 78756139131, vstest.console.dll, MulticastDelegateUtilities.SafeInvoke: InternalTestLoggerEvents.SendTestResult: Invoking callback 1/1 for Microsoft.VisualStudio.TestPlatform.CommandLine.Internal.ConsoleLogger., took 0 ms.
TpTrace Verbose: 0 : 6892, 4, 2024/01/15, 14:33:45.695, 78756139939, vstest.console.dll, MulticastDelegateUtilities.SafeInvoke: InternalTestLoggerEvents.SendTestResult: Invoking callback 1/1 for Microsoft.VisualStudio.TestPlatform.CommandLine.Internal.ConsoleLogger., took 0 ms.
TpTrace Verbose: 0 : 6892, 4, 2024/01/15, 14:33:45.695, 78756140601, vstest.console.dll, MulticastDelegateUtilities.SafeInvoke: InternalTestLoggerEvents.SendTestResult: Invoking callback 1/1 for Microsoft.VisualStudio.TestPlatform.CommandLine.Internal.ConsoleLogger., took 0 ms.
TpTrace Verbose: 0 : 6892, 4, 2024/01/15, 14:33:45.695, 78756141257, vstest.console.dll, MulticastDelegateUtilities.SafeInvoke: InternalTestLoggerEvents.SendTestResult: Invoking callback 1/1 for Microsoft.VisualStudio.TestPlatform.CommandLine.Internal.ConsoleLogger., took 0 ms.
TpTrace Verbose: 0 : 6892, 4, 2024/01/15, 14:33:45.695, 78756141911, vstest.console.dll, MulticastDelegateUtilities.SafeInvoke: InternalTestLoggerEvents.SendTestResult: Invoking callback 1/1 for Microsoft.VisualStudio.TestPlatform.CommandLine.Internal.ConsoleLogger., took 0 ms.
TpTrace Verbose: 0 : 6892, 4, 2024/01/15, 14:33:45.695, 78756142524, vstest.console.dll, MulticastDelegateUtilities.SafeInvoke: InternalTestLoggerEvents.SendTestResult: Invoking callback 1/1 for Microsoft.VisualStudio.TestPlatform.CommandLine.Internal.ConsoleLogger., took 0 ms.
TpTrace Verbose: 0 : 6892, 4, 2024/01/15, 14:33:45.695, 78756143145, vstest.console.dll, MulticastDelegateUtilities.SafeInvoke: InternalTestLoggerEvents.SendTestResult: Invoking callback 1/1 for Microsoft.VisualStudio.TestPlatform.CommandLine.Internal.ConsoleLogger., took 0 ms.
TpTrace Verbose: 0 : 6892, 7, 2024/01/15, 14:33:45.706, 78756244140, vstest.console.dll, TcpClientExtensions.MessageLoopAsync: NotifyDataAvailable remoteEndPoint: 127.0.0.1:51748 localEndPoint: 127.0.0.1:51747
TpTrace Verbose: 0 : 6892, 7, 2024/01/15, 14:33:45.706, 78756246545, vstest.console.dll, TestRequestSender.OnExecutionMessageReceived: Received message: {"Version":7,"MessageType":"TestSession.Message","Payload":{"MessageLevel":0,"Message":"[xUnit.net 00:00:01.26]   Finished:    DiapasonLibraryTest"}}
TpTrace Verbose: 0 : 6892, 7, 2024/01/15, 14:33:45.706, 78756248185, vstest.console.dll, TestRunRequest:SendTestRunMessage: Starting.
TpTrace Verbose: 0 : 6892, 7, 2024/01/15, 14:33:45.706, 78756249037, vstest.console.dll, MulticastDelegateUtilities.SafeInvoke: TestRun.LogMessages: Invoking callback 1/1 for Microsoft.VisualStudio.TestPlatform.CommandLine.TestRunResultAggregator., took 0 ms.
TpTrace Verbose: 0 : 6892, 4, 2024/01/15, 14:33:45.706, 78756249462, vstest.console.dll, MulticastDelegateUtilities.SafeInvoke: InternalTestLoggerEvents.SendTestRunMessage: Invoking callback 1/1 for Microsoft.VisualStudio.TestPlatform.CommandLine.Internal.ConsoleLogger., took 0 ms.
TpTrace Information: 0 : 6892, 7, 2024/01/15, 14:33:45.706, 78756249559, vstest.console.dll, TestRunRequest:SendTestRunMessage: Completed.
TpTrace Verbose: 0 : 6892, 7, 2024/01/15, 14:33:45.706, 78756251322, vstest.console.dll, MulticastDelegateUtilities.SafeInvoke: LengthPrefixCommunicationChannel: MessageReceived: Invoking callback 1/1 for Microsoft.VisualStudio.TestPlatform.CommunicationUtilities.TestRequestSender+<>c__DisplayClass34_0., took 0 ms.
TpTrace Verbose: 0 : 6892, 7, 2024/01/15, 14:33:45.706, 78756253466, vstest.console.dll, TcpClientExtensions.MessageLoopAsync: Polling on remoteEndPoint: 127.0.0.1:51748 localEndPoint: 127.0.0.1:51747
TpTrace Verbose: 0 : 6892, 7, 2024/01/15, 14:33:45.739, 78756578770, vstest.console.dll, TcpClientExtensions.MessageLoopAsync: NotifyDataAvailable remoteEndPoint: 127.0.0.1:51748 localEndPoint: 127.0.0.1:51747
TpTrace Verbose: 0 : 6892, 7, 2024/01/15, 14:33:45.743, 78756616319, vstest.console.dll, TestRequestSender.OnExecutionMessageReceived: Received message: {"Version":7,"MessageType":"TestExecution.Completed","Payload":{"TestRunCompleteArgs":{"TestRunStatistics":{"ExecutedTests":44,"Stats":{"Passed":44}},"IsCanceled":false,"IsAborted":false,"Error":null,"AttachmentSets":[],"InvokedDataCollectors":[],"ElapsedTimeInRunningTests":"00:00:01.2760000","Metrics":{},"DiscoveredExtensions":{"TestDiscoverers":["Xunit.Runner.VisualStudio.VsTestRunner, xunit.runner.visualstudio.dotnetcore.testadapter, Version=2.4.0.0, Culture=neutral, PublicKeyToken=8d05b1bb7a6fdb6c"],"TestExecutors":["executor://xunit/VsTestRunner2/netcoreapp"],"TestExecutors2":[],"TestSettingsProviders":[]}},"LastRunTests":{"NewTestResults":[{"TestCase":{"Id":"4d6ff7f4-e6cf-183e-85cc-bba9bf530930","FullyQualifiedName":"DiapasonLibraryTest.DiapasonArrayTest.DiapasonArray_IndexatorSet_ReturnsError","DisplayName":"DiapasonLibraryTest.DiapasonArrayTest.DiapasonArray_IndexatorSet_ReturnsError","ExecutorUri":"executor://xunit/VsTestRunner2/netcoreapp","Source":"C:\\pryazha\\labs\\course_2\\semester_1\\oop\\lab_9\\DiapasonLibraryTest\\bin\\Debug\\net7.0\\fine-code-coverage\\build-output\\DiapasonLibraryTest.dll","CodeFilePath":null,"LineNumber":0,"Properties":[]},"Attachments":[],"Outcome":1,"ErrorMessage":null,"ErrorStackTrace":null,"DisplayName":"DiapasonLibraryTest.DiapasonArrayTest.DiapasonArray_IndexatorSet_ReturnsError","Messages":[],"ComputerName":"WIN-9PJ6D3I9SIT","Duration":"00:00:00.0005917","StartTime":"2024-01-15T09:33:45.6947999+00:00","EndTime":"2024-01-15T09:33:45.6948001+00:00","Properties":[]},{"TestCase":{"Id":"9913dbee-c984-a6a5-78c5-96e12276b203","FullyQualifiedName":"DiapasonLibraryTest.DiapasonTest.Diapason_ConstructorCopy_ReturnsValidDiap","DisplayName":"DiapasonLibraryTest.DiapasonTest.Diapason_ConstructorCopy_ReturnsValidDiap","ExecutorUri":"executor://xunit/VsTestRunner2/netcoreapp","Source":"C:\\pryazha\\labs\\course_2\\semester_1\\oop\\lab_9\\DiapasonLibraryTest\\bin\\Debug\\net7.0\\fine-code-coverage\\build-output\\DiapasonLibraryTest.dll","CodeFilePath":null,"LineNumber":0,"Properties":[]},"Attachments":[],"Outcome":1,"ErrorMessage":null,"ErrorStackTrace":null,"DisplayName":"DiapasonLibraryTest.DiapasonTest.Diapason_ConstructorCopy_ReturnsValidDiap","Messages":[],"ComputerName":"WIN-9PJ6D3I9SIT","Duration":"00:00:00.0003853","StartTime":"2024-01-15T09:33:45.696854+00:00","EndTime":"2024-01-15T09:33:45.6968541+00:00","Properties":[]},{"TestCase":{"Id":"4e010eab-66ba-06b3-82ad-e3bb37bd9b9a","FullyQualifiedName":"DiapasonLibraryTest.DiapasonTest.Diapason_ExplicitIntCasting_ReturnsValidInt","DisplayName":"DiapasonLibraryTest.DiapasonTest.Diapason_ExplicitIntCasting_ReturnsValidInt","ExecutorUri":"executor://xunit/VsTestRunner2/netcoreapp","Source":"C:\\pryazha\\labs\\course_2\\semester_1\\oop\\lab_9\\DiapasonLibraryTest\\bin\\Debug\\net7.0\\fine-code-coverage\\build-output\\DiapasonLibraryTest.dll","CodeFilePath":null,"LineNumber":0,"Properties":[]},"Attachments":[],"Outcome":1,"ErrorMessage":null,"ErrorStackTrace":null,"DisplayName":"DiapasonLibraryTest.DiapasonTest.Diapason_ExplicitIntCasting_ReturnsValidInt","Messages":[],"ComputerName":"WIN-9PJ6D3I9SIT","Duration":"00:00:00.0002741","StartTime":"2024-01-15T09:33:45.7015228+00:00","EndTime":"2024-01-15T09:33:45.7015229+00:00","Properties":[]}],"TestRunStatistics":{"ExecutedTests":44,"Stats":{"Passed":44}},"ActiveTests":[]},"RunAttachments":[],"ExecutorUris":["executor://xunit/VsTestRunner2/netcoreapp"]}}
TpTrace Verbose: 0 : 6892, 7, 2024/01/15, 14:33:45.743, 78756618313, vstest.console.dll, TestRequestSender.EndSession: Sending end session.
TpTrace Verbose: 0 : 6892, 7, 2024/01/15, 14:33:45.743, 78756620797, vstest.console.dll, ProxyOperationManager.Close: waiting for test host to exit for 100 ms
TpTrace Verbose: 0 : 6892, 11, 2024/01/15, 14:33:45.775, 78756942501, vstest.console.dll, TestHostManagerCallbacks.ctor: Experimental forwarding output is disabled.
TpTrace Warning: 0 : 6892, 11, 2024/01/15, 14:33:45.776, 78756943859, vstest.console.dll, TestHostManagerCallbacks.ErrorReceivedCallback Test host standard error line: 
TpTrace Verbose: 0 : 6892, 11, 2024/01/15, 14:33:45.795, 78757135314, vstest.console.dll, TestHostProvider.ExitCallBack: Host exited starting callback.
TpTrace Information: 0 : 6892, 11, 2024/01/15, 14:33:45.795, 78757137659, vstest.console.dll, TestHostManagerCallbacks.ExitCallBack: Testhost processId: 9784 exited with exitcode: 0 error: ''
TpTrace Verbose: 0 : 6892, 11, 2024/01/15, 14:33:45.795, 78757138382, vstest.console.dll, DotnetTestHostManager.OnHostExited: invoking OnHostExited callback
TpTrace Verbose: 0 : 6892, 11, 2024/01/15, 14:33:45.795, 78757139252, vstest.console.dll, CrossPlatEngine.TestHostManagerHostExited: calling on client process exit callback.
TpTrace Information: 0 : 6892, 11, 2024/01/15, 14:33:45.795, 78757140045, vstest.console.dll, TestRequestSender.OnClientProcessExit: Test host process exited. Standard error: 
TpTrace Information: 0 : 6892, 11, 2024/01/15, 14:33:45.795, 78757140529, vstest.console.dll, SocketServer.Stop: Stop server endPoint: 127.0.0.1:51747
TpTrace Information: 0 : 6892, 11, 2024/01/15, 14:33:45.795, 78757140870, vstest.console.dll, SocketServer.Stop: Cancellation requested. Stopping message loop.
TpTrace Information: 0 : 6892, 7, 2024/01/15, 14:33:45.795, 78757141032, vstest.console.dll, SocketServer.Stop: Stop server endPoint: 127.0.0.1:51747
TpTrace Information: 0 : 6892, 7, 2024/01/15, 14:33:45.795, 78757142124, vstest.console.dll, SocketServer.Stop: Cancellation requested. Stopping message loop.
TpTrace Verbose: 0 : 6892, 11, 2024/01/15, 14:33:45.795, 78757142267, vstest.console.dll, MulticastDelegateUtilities.SafeInvoke: HostProviderEvents.OnHostExited: Invoking callback 1/1 for Microsoft.VisualStudio.TestPlatform.CrossPlatEngine.Client.ProxyOperationManager., took 0 ms.
TpTrace Information: 0 : 6892, 7, 2024/01/15, 14:33:45.795, 78757142857, vstest.console.dll, Closing the connection
TpTrace Verbose: 0 : 6892, 7, 2024/01/15, 14:33:45.796, 78757147215, vstest.console.dll, ProxyDataCollectionManager.InvokeDataCollectionServiceAction: Starting.
TpTrace Information: 0 : 6892, 7, 2024/01/15, 14:33:45.796, 78757148134, vstest.console.dll, ProxyDataCollectionManager.AfterTestRunEnd: Get attachment set and invoked data collectors processId: 9732 port: 51744
TpTrace Verbose: 0 : 6892, 7, 2024/01/15, 14:33:45.796, 78757149004, vstest.console.dll, DataCollectionRequestSender.SendAfterTestRunStartAndGetResult: Send AfterTestRunEnd message with isCancelled: False
TpTrace Verbose: 0 : 6892, 7, 2024/01/15, 14:33:45.806, 78757248852, vstest.console.dll, DataCollectionRequestSender.SendAfterTestRunStartAndGetResult: Received message: (DataCollection.AfterTestRunEndResult) -> {"MessageType":"DataCollection.AfterTestRunEndResult","Payload":{"AttachmentSets":[],"InvokedDataCollectors":[{"Uri":"datacollector://Microsoft/TestPlatform/Extensions/Blame/v1","FriendlyName":"Blame","AssemblyQualifiedName":"Microsoft.TestPlatform.Extensions.BlameDataCollector.BlameCollector, Microsoft.TestPlatform.Extensions.BlameDataCollector, Version=15.0.0.0, Culture=neutral, PublicKeyToken=b03f5f7f11d50a3a","FilePath":"C:\\Program Files\\dotnet\\sdk\\8.0.101\\Extensions\\Microsoft.TestPlatform.Extensions.BlameDataCollector.dll","HasAttachmentProcessor":false}],"Metrics":{}}}
TpTrace Information: 0 : 6892, 7, 2024/01/15, 14:33:45.814, 78757324452, vstest.console.dll, ProxyDataCollectionManager.InvokeDataCollectionServiceAction: Completed.
TpTrace Warning: 0 : 6892, 10, 2024/01/15, 14:33:45.827, 78757457284, vstest.console.dll, DataCollectionLauncher.ErrorReceivedCallback datacollector standard error line: 
TpTrace Information: 0 : 6892, 10, 2024/01/15, 14:33:45.836, 78757546301, vstest.console.dll, DataCollectionLauncher.ExitCallBack: Data collector exited with exitcode: 0 error: ''
TpTrace Verbose: 0 : 6892, 7, 2024/01/15, 14:33:45.863, 78757817477, vstest.console.dll, TestRunRequest:SendTestRunStatsChange: Starting.
TpTrace Verbose: 0 : 6892, 7, 2024/01/15, 14:33:45.863, 78757819368, vstest.console.dll, MulticastDelegateUtilities.SafeInvoke: TestRun.RunStatsChanged: Invoking callbacks was skipped because there are no subscribers.
TpTrace Information: 0 : 6892, 7, 2024/01/15, 14:33:45.863, 78757819794, vstest.console.dll, TestRunRequest:SendTestRunStatsChange: Completed.
TpTrace Verbose: 0 : 6892, 4, 2024/01/15, 14:33:45.863, 78757821781, vstest.console.dll, MulticastDelegateUtilities.SafeInvoke: InternalTestLoggerEvents.SendTestResult: Invoking callback 1/1 for Microsoft.VisualStudio.TestPlatform.CommandLine.Internal.ConsoleLogger., took 0 ms.
TpTrace Verbose: 0 : 6892, 4, 2024/01/15, 14:33:45.864, 78757823991, vstest.console.dll, MulticastDelegateUtilities.SafeInvoke: InternalTestLoggerEvents.SendTestResult: Invoking callback 1/1 for Microsoft.VisualStudio.TestPlatform.CommandLine.Internal.ConsoleLogger., took 0 ms.
TpTrace Verbose: 0 : 6892, 4, 2024/01/15, 14:33:45.864, 78757824748, vstest.console.dll, MulticastDelegateUtilities.SafeInvoke: InternalTestLoggerEvents.SendTestResult: Invoking callback 1/1 for Microsoft.VisualStudio.TestPlatform.CommandLine.Internal.ConsoleLogger., took 0 ms.
TpTrace Verbose: 0 : 6892, 7, 2024/01/15, 14:33:45.864, 78757825783, vstest.console.dll, ParallelProxyExecutionManager: HandlePartialRunComplete: Total workloads = 1, Total started clients = 1 Total completed clients = 1, Run complete = True, Run canceled: False.
TpTrace Verbose: 0 : 6892, 7, 2024/01/15, 14:33:45.864, 78757827691, vstest.console.dll, ParallelProxyExecutionManager: HandlePartialRunComplete: All runs completed stopping all managers.
TpTrace Verbose: 0 : 6892, 7, 2024/01/15, 14:33:45.864, 78757828668, vstest.console.dll, ParallelOperationManager.StopAllManagers: Stopping all managers.
TpTrace Verbose: 0 : 6892, 7, 2024/01/15, 14:33:45.864, 78757829316, vstest.console.dll, ParallelOperationManager.ClearSlots: Clearing all slots. Slots should accept more work: False
TpTrace Verbose: 0 : 6892, 7, 2024/01/15, 14:33:45.864, 78757830506, vstest.console.dll, ParallelOperationManager.SetOccupiedSlotCount: Setting slot counts AvailableSlotCount = 1, OccupiedSlotCount = 0.
TpTrace Verbose: 0 : 6892, 7, 2024/01/15, 14:33:45.864, 78757831593, vstest.console.dll, Occupied slots:

TpTrace Verbose: 0 : 6892, 4, 2024/01/15, 14:33:45.877, 78757961880, vstest.console.dll, MulticastDelegateUtilities.SafeInvoke: InternalTestLoggerEvents.SendTestRunComplete: Invoking callback 1/2 for Microsoft.TestPlatform.Extensions.BlameDataCollector.BlameLogger., took 0 ms.
TpTrace Verbose: 0 : 6892, 4, 2024/01/15, 14:33:45.887, 78758054022, vstest.console.dll, MulticastDelegateUtilities.SafeInvoke: InternalTestLoggerEvents.SendTestRunComplete: Invoking callback 2/2 for Microsoft.VisualStudio.TestPlatform.CommandLine.Internal.ConsoleLogger., took 9 ms.
TpTrace Verbose: 0 : 6892, 7, 2024/01/15, 14:33:45.887, 78758058575, vstest.console.dll, TestRunRequest:TestRunComplete: Starting. IsAborted:False IsCanceled:False.
TpTrace Verbose: 0 : 6892, 7, 2024/01/15, 14:33:45.887, 78758061285, vstest.console.dll, ParallelOperationManager.DoActionOnAllManagers: Calling an action on all managers.
TpTrace Verbose: 0 : 6892, 7, 2024/01/15, 14:33:45.888, 78758073531, vstest.console.dll, TestLoggerManager.HandleTestRunComplete: Ignoring as the object is disposed.
TpTrace Verbose: 0 : 6892, 7, 2024/01/15, 14:33:45.889, 78758076452, vstest.console.dll, MulticastDelegateUtilities.SafeInvoke: TestRun.TestRunComplete: Invoking callback 1/2 for Microsoft.VisualStudio.TestPlatform.CommandLine.TestRunResultAggregator., took 0 ms.
TpTrace Verbose: 0 : 6892, 7, 2024/01/15, 14:33:45.889, 78758077949, vstest.console.dll, MulticastDelegateUtilities.SafeInvoke: TestRun.TestRunComplete: Invoking callback 2/2 for Microsoft.VisualStudio.TestPlatform.CommandLine.Processors.RunTestsArgumentExecutor+TestRunRequestEventsRegistrar., took 0 ms.
TpTrace Information: 0 : 6892, 7, 2024/01/15, 14:33:45.889, 78758079212, vstest.console.dll, TestRunRequest:TestRunComplete: Completed.
TpTrace Verbose: 0 : 6892, 7, 2024/01/15, 14:33:45.889, 78758079693, vstest.console.dll, TestRequestSender.SetOperationComplete: Setting operation complete.
TpTrace Verbose: 0 : 6892, 1, 2024/01/15, 14:33:45.889, 78758079778, vstest.console.dll, TestRunRequest.Dispose: Starting.
TpTrace Information: 0 : 6892, 7, 2024/01/15, 14:33:45.889, 78758081142, vstest.console.dll, SocketServer.Stop: Stop server endPoint: 127.0.0.1:51747
TpTrace Information: 0 : 6892, 1, 2024/01/15, 14:33:45.889, 78758081180, vstest.console.dll, TestRunRequest.Dispose: Completed.
TpTrace Information: 0 : 6892, 7, 2024/01/15, 14:33:45.889, 78758081902, vstest.console.dll, SocketServer.Stop: Cancellation requested. Stopping message loop.
TpTrace Information: 0 : 6892, 1, 2024/01/15, 14:33:45.889, 78758083161, vstest.console.dll, TestRequestManager.RunTests: run tests completed.
TpTrace Verbose: 0 : 6892, 7, 2024/01/15, 14:33:45.890, 78758084135, vstest.console.dll, MulticastDelegateUtilities.SafeInvoke: LengthPrefixCommunicationChannel: MessageReceived: Invoking callback 1/1 for Microsoft.VisualStudio.TestPlatform.CommunicationUtilities.TestRequestSender+<>c__DisplayClass34_0., took 150 ms.
TpTrace Information: 0 : 6892, 1, 2024/01/15, 14:33:45.890, 78758084581, vstest.console.dll, RunTestsArgumentProcessor:Execute: Test run is completed.
TpTrace Information: 0 : 6892, 7, 2024/01/15, 14:33:45.890, 78758085231, vstest.console.dll, SocketServer.PrivateStop: Stopping server endPoint: 127.0.0.1:51747 error: 
TpTrace Verbose: 0 : 6892, 1, 2024/01/15, 14:33:45.890, 78758089014, vstest.console.dll, Executor.Execute: Exiting with exit code of 0
TpTrace Verbose: 0 : 6892, 7, 2024/01/15, 14:33:45.890, 78758091910, vstest.console.dll, LengthPrefixCommunicationChannel.Dispose: Dispose reader and writer.
TpTrace Information: 0 : 6892, 7, 2024/01/15, 14:33:45.890, 78758092950, vstest.console.dll, SocketServer.Stop: Raise disconnected event endPoint: 127.0.0.1:51747 error: 
TpTrace Verbose: 0 : 6892, 7, 2024/01/15, 14:33:45.891, 78758094187, vstest.console.dll, TestRequestSender: OnTestRunAbort: Operation is already complete. Skip error message.
TpTrace Verbose: 0 : 6892, 7, 2024/01/15, 14:33:45.891, 78758094727, vstest.console.dll, MulticastDelegateUtilities.SafeInvoke: SocketServer: ClientDisconnected: Invoking callback 1/1 for Microsoft.VisualStudio.TestPlatform.CommunicationUtilities.TestRequestSender., took 0 ms.
TpTrace Verbose: 0 : 6892, 7, 2024/01/15, 14:33:45.891, 78758095157, vstest.console.dll, TcpClientExtensions.MessageLoopAsync: exiting MessageLoopAsync remoteEndPoint: 127.0.0.1:51748 localEndPoint: 127.0.0.1:51747
